2023-04-05 22:12:50,217 - lr:0.001,weight_decay:0.01,batch_size:20
2023-04-05 22:12:50,217 - Multi_Scale_CNN(
  (conv1): Conv1d(20, 20, kernel_size=(1,), stride=(1,))
  (conv2): Conv1d(20, 20, kernel_size=(2,), stride=(1,))
  (conv3): Conv1d(20, 20, kernel_size=(3,), stride=(1,))
  (conv4): Conv1d(20, 20, kernel_size=(4,), stride=(1,))
  (fc1): Linear(in_features=150, out_features=1000, bias=True)
  (fc2): Linear(in_features=1000, out_features=2, bias=True)
)
2023-04-05 22:12:50,217 - This is for user7
2023-04-05 22:12:50,627 - Epoch:0/20,Train Accuracy:49.10447692871094%
2023-04-05 22:12:50,819 - Epoch:1/20,Train Accuracy:51.64179229736328%
2023-04-05 22:12:51,010 - Epoch:2/20,Train Accuracy:53.13432693481445%
2023-04-05 22:12:51,200 - Epoch:3/20,Train Accuracy:51.56716537475586%
2023-04-05 22:12:51,391 - Epoch:4/20,Train Accuracy:50.597015380859375%
2023-04-05 22:12:51,599 - Epoch:5/20,Train Accuracy:47.53731155395508%
2023-04-05 22:12:51,789 - Epoch:6/20,Train Accuracy:51.86567306518555%
2023-04-05 22:12:51,981 - Epoch:7/20,Train Accuracy:50.07462692260742%
2023-04-05 22:12:52,172 - Epoch:8/20,Train Accuracy:48.656715393066406%
2023-04-05 22:12:52,360 - Epoch:9/20,Train Accuracy:49.776119232177734%
2023-04-05 22:12:52,550 - Epoch:10/20,Train Accuracy:51.94029998779297%
2023-04-05 22:12:52,740 - Epoch:11/20,Train Accuracy:50.29850769042969%
2023-04-05 22:12:52,929 - Epoch:12/20,Train Accuracy:48.05970001220703%
2023-04-05 22:12:53,118 - Epoch:13/20,Train Accuracy:52.01492691040039%
2023-04-05 22:12:53,305 - Epoch:14/20,Train Accuracy:48.955223083496094%
2023-04-05 22:12:53,493 - Epoch:15/20,Train Accuracy:52.08955383300781%
2023-04-05 22:12:53,678 - Epoch:16/20,Train Accuracy:51.86567306518555%
2023-04-05 22:12:53,861 - Epoch:17/20,Train Accuracy:48.43283462524414%
2023-04-05 22:12:54,043 - Epoch:18/20,Train Accuracy:49.70149230957031%
2023-04-05 22:12:54,224 - Epoch:19/20,Train Accuracy:51.343284606933594%
2023-04-05 22:12:54,458 - 
Test set: Avg. loss: 341.7562, Accuracy: 345/660 (52.27%)

2023-04-05 22:12:54,461 - fpr:[0.         0.43887147 1.        ],tpr:[0.         0.48680352 1.        ],threshold:[2 1 0],auc:0.5239660228536758
2023-04-05 22:12:54,461 - This is for user9
2023-04-05 22:12:54,851 - Epoch:0/20,Train Accuracy:51.19403076171875%
2023-04-05 22:12:55,029 - Epoch:1/20,Train Accuracy:52.53731155395508%
2023-04-05 22:12:55,207 - Epoch:2/20,Train Accuracy:50.82089614868164%
2023-04-05 22:12:55,388 - Epoch:3/20,Train Accuracy:51.86567306518555%
2023-04-05 22:12:55,571 - Epoch:4/20,Train Accuracy:53.50746154785156%
2023-04-05 22:12:55,759 - Epoch:5/20,Train Accuracy:51.56716537475586%
2023-04-05 22:12:55,942 - Epoch:6/20,Train Accuracy:51.86567306518555%
2023-04-05 22:12:56,125 - Epoch:7/20,Train Accuracy:50.149253845214844%
2023-04-05 22:12:56,303 - Epoch:8/20,Train Accuracy:51.7164192199707%
2023-04-05 22:12:56,481 - Epoch:9/20,Train Accuracy:52.01492691040039%
2023-04-05 22:12:56,662 - Epoch:10/20,Train Accuracy:53.2835807800293%
2023-04-05 22:12:56,841 - Epoch:11/20,Train Accuracy:48.05970001220703%
2023-04-05 22:12:57,039 - Epoch:12/20,Train Accuracy:50.52238845825195%
2023-04-05 22:12:57,219 - Epoch:13/20,Train Accuracy:54.3283576965332%
2023-04-05 22:12:57,402 - Epoch:14/20,Train Accuracy:51.56716537475586%
2023-04-05 22:12:57,585 - Epoch:15/20,Train Accuracy:46.56716537475586%
2023-04-05 22:12:57,766 - Epoch:16/20,Train Accuracy:50.37313461303711%
2023-04-05 22:12:57,947 - Epoch:17/20,Train Accuracy:48.656715393066406%
2023-04-05 22:12:58,129 - Epoch:18/20,Train Accuracy:49.776119232177734%
2023-04-05 22:12:58,312 - Epoch:19/20,Train Accuracy:55.223880767822266%
2023-04-05 22:12:58,544 - 
Test set: Avg. loss: 38.7384, Accuracy: 351/660 (53.18%)

2023-04-05 22:12:58,546 - fpr:[0.         0.66144201 1.        ],tpr:[0.         0.71260997 1.        ],threshold:[2 1 0],auc:0.5255839822024472
2023-04-05 22:12:58,547 - This is for user12
2023-04-05 22:12:58,932 - Epoch:0/20,Train Accuracy:51.343284606933594%
2023-04-05 22:12:59,114 - Epoch:1/20,Train Accuracy:47.98507308959961%
2023-04-05 22:12:59,296 - Epoch:2/20,Train Accuracy:50.149253845214844%
2023-04-05 22:12:59,476 - Epoch:3/20,Train Accuracy:48.80596923828125%
2023-04-05 22:12:59,658 - Epoch:4/20,Train Accuracy:50.74626922607422%
2023-04-05 22:12:59,839 - Epoch:5/20,Train Accuracy:49.3283576965332%
2023-04-05 22:13:00,018 - Epoch:6/20,Train Accuracy:49.850746154785156%
2023-04-05 22:13:00,199 - Epoch:7/20,Train Accuracy:51.343284606933594%
2023-04-05 22:13:00,379 - Epoch:8/20,Train Accuracy:50.82089614868164%
2023-04-05 22:13:00,568 - Epoch:9/20,Train Accuracy:51.56716537475586%
2023-04-05 22:13:00,757 - Epoch:10/20,Train Accuracy:51.64179229736328%
2023-04-05 22:13:00,946 - Epoch:11/20,Train Accuracy:50.6716423034668%
2023-04-05 22:13:01,125 - Epoch:12/20,Train Accuracy:50.52238845825195%
2023-04-05 22:13:01,316 - Epoch:13/20,Train Accuracy:50.970149993896484%
2023-04-05 22:13:01,512 - Epoch:14/20,Train Accuracy:51.044776916503906%
2023-04-05 22:13:01,723 - Epoch:15/20,Train Accuracy:50.89552307128906%
2023-04-05 22:13:01,947 - Epoch:16/20,Train Accuracy:50.52238845825195%
2023-04-05 22:13:02,179 - Epoch:17/20,Train Accuracy:50.89552307128906%
2023-04-05 22:13:02,425 - Epoch:18/20,Train Accuracy:50.149253845214844%
2023-04-05 22:13:02,677 - Epoch:19/20,Train Accuracy:50.970149993896484%
2023-04-05 22:13:02,911 - 
Test set: Avg. loss: 0.0361, Accuracy: 319/660 (48.33%)

2023-04-05 22:13:02,914 - fpr:[0.         0.00626959 1.        ],tpr:[0.        0.0058651 1.       ],threshold:[2 1 0],auc:0.49979775508140356
2023-04-05 22:13:02,914 - This is for user15
2023-04-05 22:13:03,365 - Epoch:0/20,Train Accuracy:51.044776916503906%
2023-04-05 22:13:03,605 - Epoch:1/20,Train Accuracy:50.970149993896484%
2023-04-05 22:13:03,851 - Epoch:2/20,Train Accuracy:51.19403076171875%
2023-04-05 22:13:04,110 - Epoch:3/20,Train Accuracy:50.74626922607422%
2023-04-05 22:13:04,368 - Epoch:4/20,Train Accuracy:50.52238845825195%
2023-04-05 22:13:04,623 - Epoch:5/20,Train Accuracy:50.6716423034668%
2023-04-05 22:13:04,877 - Epoch:6/20,Train Accuracy:50.970149993896484%
2023-04-05 22:13:05,135 - Epoch:7/20,Train Accuracy:51.11940383911133%
2023-04-05 22:13:05,391 - Epoch:8/20,Train Accuracy:50.970149993896484%
2023-04-05 22:13:05,649 - Epoch:9/20,Train Accuracy:50.6716423034668%
2023-04-05 22:13:05,905 - Epoch:10/20,Train Accuracy:50.82089614868164%
2023-04-05 22:13:06,164 - Epoch:11/20,Train Accuracy:50.82089614868164%
2023-04-05 22:13:06,419 - Epoch:12/20,Train Accuracy:50.74626922607422%
2023-04-05 22:13:06,691 - Epoch:13/20,Train Accuracy:50.6716423034668%
2023-04-05 22:13:06,961 - Epoch:14/20,Train Accuracy:50.82089614868164%
2023-04-05 22:13:07,227 - Epoch:15/20,Train Accuracy:50.970149993896484%
2023-04-05 22:13:07,497 - Epoch:16/20,Train Accuracy:50.82089614868164%
2023-04-05 22:13:07,766 - Epoch:17/20,Train Accuracy:50.82089614868164%
2023-04-05 22:13:08,031 - Epoch:18/20,Train Accuracy:50.89552307128906%
2023-04-05 22:13:08,295 - Epoch:19/20,Train Accuracy:50.74626922607422%
2023-04-05 22:13:08,536 - 
Test set: Avg. loss: 0.2512, Accuracy: 318/660 (48.18%)

2023-04-05 22:13:08,539 - fpr:[0.         0.00940439 1.        ],tpr:[0.        0.0058651 1.       ],threshold:[2 1 0],auc:0.49823035696228124
2023-04-05 22:13:08,539 - This is for user16
2023-04-05 22:13:09,011 - Epoch:0/20,Train Accuracy:50.82089614868164%
2023-04-05 22:13:09,261 - Epoch:1/20,Train Accuracy:50.82089614868164%
2023-04-05 22:13:09,520 - Epoch:2/20,Train Accuracy:50.82089614868164%
2023-04-05 22:13:09,785 - Epoch:3/20,Train Accuracy:50.82089614868164%
2023-04-05 22:13:10,044 - Epoch:4/20,Train Accuracy:50.89552307128906%
2023-04-05 22:13:10,305 - Epoch:5/20,Train Accuracy:50.82089614868164%
2023-04-05 22:13:10,561 - Epoch:6/20,Train Accuracy:50.82089614868164%
2023-04-05 22:13:10,824 - Epoch:7/20,Train Accuracy:50.74626922607422%
2023-04-05 22:13:11,087 - Epoch:8/20,Train Accuracy:50.82089614868164%
2023-04-05 22:13:11,348 - Epoch:9/20,Train Accuracy:50.82089614868164%
2023-04-05 22:13:11,612 - Epoch:10/20,Train Accuracy:50.82089614868164%
2023-04-05 22:13:11,874 - Epoch:11/20,Train Accuracy:50.82089614868164%
2023-04-05 22:13:12,138 - Epoch:12/20,Train Accuracy:50.82089614868164%
2023-04-05 22:13:12,399 - Epoch:13/20,Train Accuracy:50.82089614868164%
2023-04-05 22:13:12,662 - Epoch:14/20,Train Accuracy:50.82089614868164%
2023-04-05 22:13:12,925 - Epoch:15/20,Train Accuracy:50.6716423034668%
2023-04-05 22:13:13,189 - Epoch:16/20,Train Accuracy:50.82089614868164%
2023-04-05 22:13:13,453 - Epoch:17/20,Train Accuracy:50.82089614868164%
2023-04-05 22:13:13,714 - Epoch:18/20,Train Accuracy:50.82089614868164%
2023-04-05 22:13:13,973 - Epoch:19/20,Train Accuracy:50.89552307128906%
2023-04-05 22:13:14,209 - 
Test set: Avg. loss: 0.1514, Accuracy: 321/660 (48.64%)

2023-04-05 22:13:14,212 - fpr:[0. 0. 1.],tpr:[0.        0.0058651 1.       ],threshold:[2 1 0],auc:0.5029325513196481
2023-04-05 22:13:14,212 - This is for user20
2023-04-05 22:13:14,682 - Epoch:0/20,Train Accuracy:50.82089614868164%
2023-04-05 22:13:14,942 - Epoch:1/20,Train Accuracy:50.82089614868164%
2023-04-05 22:13:15,221 - Epoch:2/20,Train Accuracy:50.82089614868164%
2023-04-05 22:13:15,482 - Epoch:3/20,Train Accuracy:50.82089614868164%
2023-04-05 22:13:15,746 - Epoch:4/20,Train Accuracy:50.82089614868164%
2023-04-05 22:13:16,012 - Epoch:5/20,Train Accuracy:50.82089614868164%
2023-04-05 22:13:16,281 - Epoch:6/20,Train Accuracy:50.82089614868164%
2023-04-05 22:13:16,543 - Epoch:7/20,Train Accuracy:50.82089614868164%
2023-04-05 22:13:16,812 - Epoch:8/20,Train Accuracy:50.82089614868164%
2023-04-05 22:13:17,080 - Epoch:9/20,Train Accuracy:50.82089614868164%
2023-04-05 22:13:17,346 - Epoch:10/20,Train Accuracy:50.82089614868164%
2023-04-05 22:13:17,611 - Epoch:11/20,Train Accuracy:50.82089614868164%
2023-04-05 22:13:17,877 - Epoch:12/20,Train Accuracy:50.82089614868164%
2023-04-05 22:13:18,143 - Epoch:13/20,Train Accuracy:50.82089614868164%
2023-04-05 22:13:18,417 - Epoch:14/20,Train Accuracy:50.82089614868164%
2023-04-05 22:13:18,688 - Epoch:15/20,Train Accuracy:50.82089614868164%
2023-04-05 22:13:18,955 - Epoch:16/20,Train Accuracy:50.82089614868164%
2023-04-05 22:13:19,223 - Epoch:17/20,Train Accuracy:50.82089614868164%
2023-04-05 22:13:19,486 - Epoch:18/20,Train Accuracy:50.82089614868164%
2023-04-05 22:13:19,743 - Epoch:19/20,Train Accuracy:50.89552307128906%
2023-04-05 22:13:19,971 - 
Test set: Avg. loss: 0.1720, Accuracy: 319/660 (48.33%)

2023-04-05 22:13:19,974 - fpr:[0.        0.0031348 1.       ],tpr:[0.         0.00293255 1.        ],threshold:[2 1 0],auc:0.4998988775407018
2023-04-05 22:13:19,974 - This is for user21
2023-04-05 22:13:20,430 - Epoch:0/20,Train Accuracy:50.82089614868164%
2023-04-05 22:13:20,685 - Epoch:1/20,Train Accuracy:50.82089614868164%
2023-04-05 22:13:20,938 - Epoch:2/20,Train Accuracy:50.970149993896484%
2023-04-05 22:13:21,190 - Epoch:3/20,Train Accuracy:50.74626922607422%
2023-04-05 22:13:21,444 - Epoch:4/20,Train Accuracy:50.89552307128906%
2023-04-05 22:13:21,698 - Epoch:5/20,Train Accuracy:50.89552307128906%
2023-04-05 22:13:21,954 - Epoch:6/20,Train Accuracy:50.82089614868164%
2023-04-05 22:13:22,209 - Epoch:7/20,Train Accuracy:50.82089614868164%
2023-04-05 22:13:22,467 - Epoch:8/20,Train Accuracy:50.52238845825195%
2023-04-05 22:13:22,720 - Epoch:9/20,Train Accuracy:50.74626922607422%
2023-04-05 22:13:22,970 - Epoch:10/20,Train Accuracy:50.82089614868164%
2023-04-05 22:13:23,221 - Epoch:11/20,Train Accuracy:50.89552307128906%
2023-04-05 22:13:23,478 - Epoch:12/20,Train Accuracy:50.89552307128906%
2023-04-05 22:13:23,735 - Epoch:13/20,Train Accuracy:50.89552307128906%
2023-04-05 22:13:23,994 - Epoch:14/20,Train Accuracy:50.82089614868164%
2023-04-05 22:13:24,256 - Epoch:15/20,Train Accuracy:50.82089614868164%
2023-04-05 22:13:24,516 - Epoch:16/20,Train Accuracy:50.82089614868164%
2023-04-05 22:13:24,779 - Epoch:17/20,Train Accuracy:50.74626922607422%
2023-04-05 22:13:25,046 - Epoch:18/20,Train Accuracy:50.82089614868164%
2023-04-05 22:13:25,307 - Epoch:19/20,Train Accuracy:50.82089614868164%
2023-04-05 22:13:25,545 - 
Test set: Avg. loss: 0.0347, Accuracy: 319/660 (48.33%)

2023-04-05 22:13:25,548 - fpr:[0. 1.],tpr:[0. 1.],threshold:[1 0],auc:0.5
2023-04-05 22:13:25,548 - This is for user23
2023-04-05 22:13:26,018 - Epoch:0/20,Train Accuracy:50.82089614868164%
2023-04-05 22:13:26,278 - Epoch:1/20,Train Accuracy:50.82089614868164%
2023-04-05 22:13:26,539 - Epoch:2/20,Train Accuracy:50.6716423034668%
2023-04-05 22:13:26,802 - Epoch:3/20,Train Accuracy:50.82089614868164%
2023-04-05 22:13:27,059 - Epoch:4/20,Train Accuracy:50.82089614868164%
2023-04-05 22:13:27,313 - Epoch:5/20,Train Accuracy:50.82089614868164%
2023-04-05 22:13:27,566 - Epoch:6/20,Train Accuracy:50.82089614868164%
2023-04-05 22:13:27,816 - Epoch:7/20,Train Accuracy:50.82089614868164%
2023-04-05 22:13:28,071 - Epoch:8/20,Train Accuracy:50.82089614868164%
2023-04-05 22:13:28,330 - Epoch:9/20,Train Accuracy:50.82089614868164%
2023-04-05 22:13:28,592 - Epoch:10/20,Train Accuracy:50.82089614868164%
2023-04-05 22:13:28,854 - Epoch:11/20,Train Accuracy:50.82089614868164%
2023-04-05 22:13:29,118 - Epoch:12/20,Train Accuracy:51.044776916503906%
2023-04-05 22:13:29,379 - Epoch:13/20,Train Accuracy:50.82089614868164%
2023-04-05 22:13:29,640 - Epoch:14/20,Train Accuracy:50.82089614868164%
2023-04-05 22:13:29,904 - Epoch:15/20,Train Accuracy:50.82089614868164%
2023-04-05 22:13:30,166 - Epoch:16/20,Train Accuracy:50.82089614868164%
2023-04-05 22:13:30,428 - Epoch:17/20,Train Accuracy:50.82089614868164%
2023-04-05 22:13:30,694 - Epoch:18/20,Train Accuracy:50.82089614868164%
2023-04-05 22:13:30,963 - Epoch:19/20,Train Accuracy:50.82089614868164%
2023-04-05 22:13:31,202 - 
Test set: Avg. loss: 0.0347, Accuracy: 319/660 (48.33%)

2023-04-05 22:13:31,205 - fpr:[0. 1.],tpr:[0. 1.],threshold:[1 0],auc:0.5
2023-04-05 22:13:31,206 - This is for user29
2023-04-05 22:13:31,674 - Epoch:0/20,Train Accuracy:50.82089614868164%
2023-04-05 22:13:31,937 - Epoch:1/20,Train Accuracy:50.82089614868164%
2023-04-05 22:13:32,196 - Epoch:2/20,Train Accuracy:50.82089614868164%
2023-04-05 22:13:32,451 - Epoch:3/20,Train Accuracy:50.82089614868164%
2023-04-05 22:13:32,714 - Epoch:4/20,Train Accuracy:50.82089614868164%
2023-04-05 22:13:32,980 - Epoch:5/20,Train Accuracy:50.82089614868164%
2023-04-05 22:13:33,245 - Epoch:6/20,Train Accuracy:50.82089614868164%
2023-04-05 22:13:33,503 - Epoch:7/20,Train Accuracy:50.82089614868164%
2023-04-05 22:13:33,764 - Epoch:8/20,Train Accuracy:50.82089614868164%
2023-04-05 22:13:34,039 - Epoch:9/20,Train Accuracy:50.82089614868164%
2023-04-05 22:13:34,303 - Epoch:10/20,Train Accuracy:50.82089614868164%
2023-04-05 22:13:34,572 - Epoch:11/20,Train Accuracy:50.82089614868164%
2023-04-05 22:13:34,829 - Epoch:12/20,Train Accuracy:50.82089614868164%
2023-04-05 22:13:35,103 - Epoch:13/20,Train Accuracy:50.82089614868164%
2023-04-05 22:13:35,362 - Epoch:14/20,Train Accuracy:50.82089614868164%
2023-04-05 22:13:35,621 - Epoch:15/20,Train Accuracy:50.82089614868164%
2023-04-05 22:13:35,882 - Epoch:16/20,Train Accuracy:50.82089614868164%
2023-04-05 22:13:36,146 - Epoch:17/20,Train Accuracy:50.82089614868164%
2023-04-05 22:13:36,400 - Epoch:18/20,Train Accuracy:50.82089614868164%
2023-04-05 22:13:36,665 - Epoch:19/20,Train Accuracy:50.82089614868164%
2023-04-05 22:13:36,905 - 
Test set: Avg. loss: 0.0347, Accuracy: 319/660 (48.33%)

2023-04-05 22:13:36,908 - fpr:[0. 1.],tpr:[0. 1.],threshold:[1 0],auc:0.5
2023-04-05 22:13:36,908 - This is for user35
2023-04-05 22:13:37,366 - Epoch:0/20,Train Accuracy:50.82089614868164%
2023-04-05 22:13:37,619 - Epoch:1/20,Train Accuracy:50.82089614868164%
2023-04-05 22:13:37,882 - Epoch:2/20,Train Accuracy:50.82089614868164%
2023-04-05 22:13:38,147 - Epoch:3/20,Train Accuracy:50.82089614868164%
2023-04-05 22:13:38,409 - Epoch:4/20,Train Accuracy:50.82089614868164%
2023-04-05 22:13:38,672 - Epoch:5/20,Train Accuracy:50.82089614868164%
2023-04-05 22:13:38,935 - Epoch:6/20,Train Accuracy:50.82089614868164%
2023-04-05 22:13:39,198 - Epoch:7/20,Train Accuracy:50.82089614868164%
2023-04-05 22:13:39,476 - Epoch:8/20,Train Accuracy:50.82089614868164%
2023-04-05 22:13:39,742 - Epoch:9/20,Train Accuracy:50.82089614868164%
2023-04-05 22:13:40,013 - Epoch:10/20,Train Accuracy:50.82089614868164%
2023-04-05 22:13:40,272 - Epoch:11/20,Train Accuracy:50.82089614868164%
2023-04-05 22:13:40,529 - Epoch:12/20,Train Accuracy:50.82089614868164%
2023-04-05 22:13:40,783 - Epoch:13/20,Train Accuracy:50.82089614868164%
2023-04-05 22:13:41,038 - Epoch:14/20,Train Accuracy:50.82089614868164%
2023-04-05 22:13:41,291 - Epoch:15/20,Train Accuracy:50.82089614868164%
2023-04-05 22:13:41,542 - Epoch:16/20,Train Accuracy:50.82089614868164%
2023-04-05 22:13:41,800 - Epoch:17/20,Train Accuracy:50.82089614868164%
2023-04-05 22:13:42,057 - Epoch:18/20,Train Accuracy:50.82089614868164%
2023-04-05 22:13:42,318 - Epoch:19/20,Train Accuracy:50.82089614868164%
2023-04-05 22:13:42,553 - 
Test set: Avg. loss: 0.0347, Accuracy: 319/660 (48.33%)

2023-04-05 22:13:42,556 - fpr:[0. 1.],tpr:[0. 1.],threshold:[1 0],auc:0.5
