2023-04-05 22:05:47,183 - lr:1e-05,weight_decay:0.01,batch_size:20
2023-04-05 22:05:47,183 - Multi_Scale_CNN(
  (conv1): Conv1d(20, 20, kernel_size=(1,), stride=(1,))
  (conv2): Conv1d(20, 20, kernel_size=(2,), stride=(1,))
  (conv3): Conv1d(20, 20, kernel_size=(3,), stride=(1,))
  (conv4): Conv1d(20, 20, kernel_size=(4,), stride=(1,))
  (fc1): Linear(in_features=150, out_features=1000, bias=True)
  (fc2): Linear(in_features=1000, out_features=2, bias=True)
)
2023-04-05 22:05:47,183 - This is for user7
2023-04-05 22:05:47,593 - Epoch:0/200,Train Accuracy:49.47761154174805%
2023-04-05 22:05:47,775 - Epoch:1/200,Train Accuracy:50.44776153564453%
2023-04-05 22:05:47,957 - Epoch:2/200,Train Accuracy:47.46268844604492%
2023-04-05 22:05:48,139 - Epoch:3/200,Train Accuracy:50.0%
2023-04-05 22:05:48,320 - Epoch:4/200,Train Accuracy:51.7164192199707%
2023-04-05 22:05:48,502 - Epoch:5/200,Train Accuracy:50.6716423034668%
2023-04-05 22:05:48,685 - Epoch:6/200,Train Accuracy:48.2835807800293%
2023-04-05 22:05:48,866 - Epoch:7/200,Train Accuracy:50.89552307128906%
2023-04-05 22:05:49,048 - Epoch:8/200,Train Accuracy:47.68656539916992%
2023-04-05 22:05:49,232 - Epoch:9/200,Train Accuracy:48.656715393066406%
2023-04-05 22:05:49,415 - Epoch:10/200,Train Accuracy:50.149253845214844%
2023-04-05 22:05:49,598 - Epoch:11/200,Train Accuracy:49.47761154174805%
2023-04-05 22:05:49,781 - Epoch:12/200,Train Accuracy:52.08955383300781%
2023-04-05 22:05:49,963 - Epoch:13/200,Train Accuracy:51.791046142578125%
2023-04-05 22:05:50,147 - Epoch:14/200,Train Accuracy:52.68656539916992%
2023-04-05 22:05:50,330 - Epoch:15/200,Train Accuracy:48.80596923828125%
2023-04-05 22:05:50,511 - Epoch:16/200,Train Accuracy:47.01492691040039%
2023-04-05 22:05:50,695 - Epoch:17/200,Train Accuracy:49.62686538696289%
2023-04-05 22:05:50,881 - Epoch:18/200,Train Accuracy:50.597015380859375%
2023-04-05 22:05:51,104 - Epoch:19/200,Train Accuracy:48.955223083496094%
2023-04-05 22:05:51,287 - Epoch:20/200,Train Accuracy:51.86567306518555%
2023-04-05 22:05:51,465 - Epoch:21/200,Train Accuracy:49.47761154174805%
2023-04-05 22:05:51,642 - Epoch:22/200,Train Accuracy:50.89552307128906%
2023-04-05 22:05:51,818 - Epoch:23/200,Train Accuracy:51.94029998779297%
2023-04-05 22:05:51,994 - Epoch:24/200,Train Accuracy:50.52238845825195%
2023-04-05 22:05:52,177 - Epoch:25/200,Train Accuracy:49.3283576965332%
2023-04-05 22:05:52,358 - Epoch:26/200,Train Accuracy:48.50746154785156%
2023-04-05 22:05:52,541 - Epoch:27/200,Train Accuracy:49.47761154174805%
2023-04-05 22:05:52,725 - Epoch:28/200,Train Accuracy:49.47761154174805%
2023-04-05 22:05:52,922 - Epoch:29/200,Train Accuracy:51.19403076171875%
2023-04-05 22:05:53,123 - Epoch:30/200,Train Accuracy:50.44776153564453%
2023-04-05 22:05:53,322 - Epoch:31/200,Train Accuracy:49.62686538696289%
2023-04-05 22:05:53,518 - Epoch:32/200,Train Accuracy:49.402984619140625%
2023-04-05 22:05:53,713 - Epoch:33/200,Train Accuracy:50.52238845825195%
2023-04-05 22:05:53,909 - Epoch:34/200,Train Accuracy:52.238807678222656%
2023-04-05 22:05:54,108 - Epoch:35/200,Train Accuracy:50.37313461303711%
2023-04-05 22:05:54,308 - Epoch:36/200,Train Accuracy:50.37313461303711%
2023-04-05 22:05:54,506 - Epoch:37/200,Train Accuracy:51.417911529541016%
2023-04-05 22:05:54,706 - Epoch:38/200,Train Accuracy:49.25373077392578%
2023-04-05 22:05:54,919 - Epoch:39/200,Train Accuracy:47.98507308959961%
2023-04-05 22:05:55,123 - Epoch:40/200,Train Accuracy:49.25373077392578%
2023-04-05 22:05:55,320 - Epoch:41/200,Train Accuracy:51.49253845214844%
2023-04-05 22:05:55,518 - Epoch:42/200,Train Accuracy:50.29850769042969%
2023-04-05 22:05:55,720 - Epoch:43/200,Train Accuracy:49.776119232177734%
2023-04-05 22:05:55,918 - Epoch:44/200,Train Accuracy:52.3880615234375%
2023-04-05 22:05:56,124 - Epoch:45/200,Train Accuracy:49.850746154785156%
2023-04-05 22:05:56,324 - Epoch:46/200,Train Accuracy:51.64179229736328%
2023-04-05 22:05:56,522 - Epoch:47/200,Train Accuracy:48.43283462524414%
2023-04-05 22:05:56,731 - Epoch:48/200,Train Accuracy:48.35820770263672%
2023-04-05 22:05:56,933 - Epoch:49/200,Train Accuracy:50.52238845825195%
2023-04-05 22:05:57,132 - Epoch:50/200,Train Accuracy:51.7164192199707%
2023-04-05 22:05:57,359 - Epoch:51/200,Train Accuracy:51.791046142578125%
2023-04-05 22:05:57,563 - Epoch:52/200,Train Accuracy:51.49253845214844%
2023-04-05 22:05:57,764 - Epoch:53/200,Train Accuracy:50.223880767822266%
2023-04-05 22:05:57,958 - Epoch:54/200,Train Accuracy:52.46268844604492%
2023-04-05 22:05:58,140 - Epoch:55/200,Train Accuracy:49.402984619140625%
2023-04-05 22:05:58,320 - Epoch:56/200,Train Accuracy:51.26865768432617%
2023-04-05 22:05:58,502 - Epoch:57/200,Train Accuracy:49.776119232177734%
2023-04-05 22:05:58,683 - Epoch:58/200,Train Accuracy:49.776119232177734%
2023-04-05 22:05:58,863 - Epoch:59/200,Train Accuracy:51.26865768432617%
2023-04-05 22:05:59,044 - Epoch:60/200,Train Accuracy:51.86567306518555%
2023-04-05 22:05:59,224 - Epoch:61/200,Train Accuracy:49.25373077392578%
2023-04-05 22:05:59,405 - Epoch:62/200,Train Accuracy:50.29850769042969%
2023-04-05 22:05:59,587 - Epoch:63/200,Train Accuracy:50.970149993896484%
2023-04-05 22:05:59,769 - Epoch:64/200,Train Accuracy:49.47761154174805%
2023-04-05 22:05:59,951 - Epoch:65/200,Train Accuracy:51.791046142578125%
2023-04-05 22:06:00,136 - Epoch:66/200,Train Accuracy:51.417911529541016%
2023-04-05 22:06:00,323 - Epoch:67/200,Train Accuracy:49.402984619140625%
2023-04-05 22:06:00,506 - Epoch:68/200,Train Accuracy:48.05970001220703%
2023-04-05 22:06:00,689 - Epoch:69/200,Train Accuracy:50.82089614868164%
2023-04-05 22:06:00,870 - Epoch:70/200,Train Accuracy:51.044776916503906%
2023-04-05 22:06:01,052 - Epoch:71/200,Train Accuracy:51.26865768432617%
2023-04-05 22:06:01,233 - Epoch:72/200,Train Accuracy:51.343284606933594%
2023-04-05 22:06:01,417 - Epoch:73/200,Train Accuracy:54.47761154174805%
2023-04-05 22:06:01,602 - Epoch:74/200,Train Accuracy:52.3880615234375%
2023-04-05 22:06:01,786 - Epoch:75/200,Train Accuracy:49.3283576965332%
2023-04-05 22:06:01,971 - Epoch:76/200,Train Accuracy:46.64179229736328%
2023-04-05 22:06:02,158 - Epoch:77/200,Train Accuracy:50.07462692260742%
2023-04-05 22:06:02,343 - Epoch:78/200,Train Accuracy:49.3283576965332%
2023-04-05 22:06:02,527 - Epoch:79/200,Train Accuracy:48.13432693481445%
2023-04-05 22:06:02,713 - Epoch:80/200,Train Accuracy:52.08955383300781%
2023-04-05 22:06:02,896 - Epoch:81/200,Train Accuracy:49.92537307739258%
2023-04-05 22:06:03,080 - Epoch:82/200,Train Accuracy:49.55223846435547%
2023-04-05 22:06:03,255 - Epoch:83/200,Train Accuracy:51.56716537475586%
2023-04-05 22:06:03,430 - Epoch:84/200,Train Accuracy:50.149253845214844%
2023-04-05 22:06:03,605 - Epoch:85/200,Train Accuracy:47.98507308959961%
2023-04-05 22:06:03,780 - Epoch:86/200,Train Accuracy:48.35820770263672%
2023-04-05 22:06:03,954 - Epoch:87/200,Train Accuracy:51.56716537475586%
2023-04-05 22:06:04,138 - Epoch:88/200,Train Accuracy:50.0%
2023-04-05 22:06:04,324 - Epoch:89/200,Train Accuracy:48.208953857421875%
2023-04-05 22:06:04,507 - Epoch:90/200,Train Accuracy:53.13432693481445%
2023-04-05 22:06:04,694 - Epoch:91/200,Train Accuracy:49.029850006103516%
2023-04-05 22:06:04,877 - Epoch:92/200,Train Accuracy:49.17910385131836%
2023-04-05 22:06:05,058 - Epoch:93/200,Train Accuracy:51.64179229736328%
2023-04-05 22:06:05,235 - Epoch:94/200,Train Accuracy:50.74626922607422%
2023-04-05 22:06:05,414 - Epoch:95/200,Train Accuracy:50.74626922607422%
2023-04-05 22:06:05,594 - Epoch:96/200,Train Accuracy:49.850746154785156%
2023-04-05 22:06:05,772 - Epoch:97/200,Train Accuracy:50.597015380859375%
2023-04-05 22:06:05,950 - Epoch:98/200,Train Accuracy:53.13432693481445%
2023-04-05 22:06:06,127 - Epoch:99/200,Train Accuracy:47.91044616699219%
2023-04-05 22:06:06,308 - Epoch:100/200,Train Accuracy:49.70149230957031%
2023-04-05 22:06:06,489 - Epoch:101/200,Train Accuracy:50.970149993896484%
2023-04-05 22:06:06,668 - Epoch:102/200,Train Accuracy:50.149253845214844%
2023-04-05 22:06:06,845 - Epoch:103/200,Train Accuracy:48.80596923828125%
2023-04-05 22:06:07,022 - Epoch:104/200,Train Accuracy:52.91044616699219%
2023-04-05 22:06:07,202 - Epoch:105/200,Train Accuracy:51.417911529541016%
2023-04-05 22:06:07,387 - Epoch:106/200,Train Accuracy:48.955223083496094%
2023-04-05 22:06:07,569 - Epoch:107/200,Train Accuracy:51.64179229736328%
2023-04-05 22:06:07,753 - Epoch:108/200,Train Accuracy:50.07462692260742%
2023-04-05 22:06:07,935 - Epoch:109/200,Train Accuracy:51.7164192199707%
2023-04-05 22:06:08,120 - Epoch:110/200,Train Accuracy:51.417911529541016%
2023-04-05 22:06:08,302 - Epoch:111/200,Train Accuracy:52.6119384765625%
2023-04-05 22:06:08,483 - Epoch:112/200,Train Accuracy:49.029850006103516%
2023-04-05 22:06:08,665 - Epoch:113/200,Train Accuracy:51.044776916503906%
2023-04-05 22:06:08,848 - Epoch:114/200,Train Accuracy:47.46268844604492%
2023-04-05 22:06:09,029 - Epoch:115/200,Train Accuracy:50.52238845825195%
2023-04-05 22:06:09,210 - Epoch:116/200,Train Accuracy:50.149253845214844%
2023-04-05 22:06:09,390 - Epoch:117/200,Train Accuracy:50.52238845825195%
2023-04-05 22:06:09,571 - Epoch:118/200,Train Accuracy:49.92537307739258%
2023-04-05 22:06:09,754 - Epoch:119/200,Train Accuracy:50.223880767822266%
2023-04-05 22:06:09,935 - Epoch:120/200,Train Accuracy:51.26865768432617%
2023-04-05 22:06:10,118 - Epoch:121/200,Train Accuracy:48.35820770263672%
2023-04-05 22:06:10,298 - Epoch:122/200,Train Accuracy:50.44776153564453%
2023-04-05 22:06:10,479 - Epoch:123/200,Train Accuracy:52.835819244384766%
2023-04-05 22:06:10,660 - Epoch:124/200,Train Accuracy:49.776119232177734%
2023-04-05 22:06:10,841 - Epoch:125/200,Train Accuracy:51.044776916503906%
2023-04-05 22:06:11,022 - Epoch:126/200,Train Accuracy:49.776119232177734%
2023-04-05 22:06:11,218 - Epoch:127/200,Train Accuracy:48.88059616088867%
2023-04-05 22:06:11,399 - Epoch:128/200,Train Accuracy:49.62686538696289%
2023-04-05 22:06:11,579 - Epoch:129/200,Train Accuracy:51.7164192199707%
2023-04-05 22:06:11,761 - Epoch:130/200,Train Accuracy:49.47761154174805%
2023-04-05 22:06:11,943 - Epoch:131/200,Train Accuracy:47.835819244384766%
2023-04-05 22:06:12,125 - Epoch:132/200,Train Accuracy:48.656715393066406%
2023-04-05 22:06:12,306 - Epoch:133/200,Train Accuracy:50.74626922607422%
2023-04-05 22:06:12,487 - Epoch:134/200,Train Accuracy:49.850746154785156%
2023-04-05 22:06:12,668 - Epoch:135/200,Train Accuracy:50.52238845825195%
2023-04-05 22:06:12,848 - Epoch:136/200,Train Accuracy:50.597015380859375%
2023-04-05 22:06:13,032 - Epoch:137/200,Train Accuracy:49.70149230957031%
2023-04-05 22:06:13,212 - Epoch:138/200,Train Accuracy:49.3283576965332%
2023-04-05 22:06:13,388 - Epoch:139/200,Train Accuracy:52.761192321777344%
2023-04-05 22:06:13,569 - Epoch:140/200,Train Accuracy:51.044776916503906%
2023-04-05 22:06:13,751 - Epoch:141/200,Train Accuracy:51.417911529541016%
2023-04-05 22:06:13,932 - Epoch:142/200,Train Accuracy:48.13432693481445%
2023-04-05 22:06:14,115 - Epoch:143/200,Train Accuracy:50.29850769042969%
2023-04-05 22:06:14,297 - Epoch:144/200,Train Accuracy:50.223880767822266%
2023-04-05 22:06:14,479 - Epoch:145/200,Train Accuracy:50.29850769042969%
2023-04-05 22:06:14,661 - Epoch:146/200,Train Accuracy:47.68656539916992%
2023-04-05 22:06:14,844 - Epoch:147/200,Train Accuracy:50.82089614868164%
2023-04-05 22:06:15,025 - Epoch:148/200,Train Accuracy:52.238807678222656%
2023-04-05 22:06:15,206 - Epoch:149/200,Train Accuracy:52.91044616699219%
2023-04-05 22:06:15,387 - Epoch:150/200,Train Accuracy:50.0%
2023-04-05 22:06:15,569 - Epoch:151/200,Train Accuracy:49.70149230957031%
2023-04-05 22:06:15,752 - Epoch:152/200,Train Accuracy:51.343284606933594%
2023-04-05 22:06:15,933 - Epoch:153/200,Train Accuracy:50.0%
2023-04-05 22:06:16,115 - Epoch:154/200,Train Accuracy:51.791046142578125%
2023-04-05 22:06:16,296 - Epoch:155/200,Train Accuracy:50.52238845825195%
2023-04-05 22:06:16,477 - Epoch:156/200,Train Accuracy:51.19403076171875%
2023-04-05 22:06:16,659 - Epoch:157/200,Train Accuracy:49.55223846435547%
2023-04-05 22:06:16,840 - Epoch:158/200,Train Accuracy:49.70149230957031%
2023-04-05 22:06:17,022 - Epoch:159/200,Train Accuracy:48.88059616088867%
2023-04-05 22:06:17,205 - Epoch:160/200,Train Accuracy:51.26865768432617%
2023-04-05 22:06:17,389 - Epoch:161/200,Train Accuracy:50.37313461303711%
2023-04-05 22:06:17,571 - Epoch:162/200,Train Accuracy:50.74626922607422%
2023-04-05 22:06:17,753 - Epoch:163/200,Train Accuracy:50.29850769042969%
2023-04-05 22:06:17,934 - Epoch:164/200,Train Accuracy:52.164180755615234%
2023-04-05 22:06:18,126 - Epoch:165/200,Train Accuracy:51.19403076171875%
2023-04-05 22:06:18,325 - Epoch:166/200,Train Accuracy:49.776119232177734%
2023-04-05 22:06:18,527 - Epoch:167/200,Train Accuracy:50.597015380859375%
2023-04-05 22:06:18,734 - Epoch:168/200,Train Accuracy:49.55223846435547%
2023-04-05 22:06:18,943 - Epoch:169/200,Train Accuracy:48.88059616088867%
2023-04-05 22:06:19,151 - Epoch:170/200,Train Accuracy:52.08955383300781%
2023-04-05 22:06:19,332 - Epoch:171/200,Train Accuracy:47.46268844604492%
2023-04-05 22:06:19,514 - Epoch:172/200,Train Accuracy:48.88059616088867%
2023-04-05 22:06:19,697 - Epoch:173/200,Train Accuracy:50.82089614868164%
2023-04-05 22:06:19,880 - Epoch:174/200,Train Accuracy:49.850746154785156%
2023-04-05 22:06:20,065 - Epoch:175/200,Train Accuracy:51.26865768432617%
2023-04-05 22:06:20,249 - Epoch:176/200,Train Accuracy:51.64179229736328%
2023-04-05 22:06:20,433 - Epoch:177/200,Train Accuracy:49.850746154785156%
2023-04-05 22:06:20,619 - Epoch:178/200,Train Accuracy:47.835819244384766%
2023-04-05 22:06:20,810 - Epoch:179/200,Train Accuracy:48.208953857421875%
2023-04-05 22:06:20,994 - Epoch:180/200,Train Accuracy:51.94029998779297%
2023-04-05 22:06:21,176 - Epoch:181/200,Train Accuracy:50.597015380859375%
2023-04-05 22:06:21,351 - Epoch:182/200,Train Accuracy:48.582088470458984%
2023-04-05 22:06:21,529 - Epoch:183/200,Train Accuracy:47.31343460083008%
2023-04-05 22:06:21,707 - Epoch:184/200,Train Accuracy:48.05970001220703%
2023-04-05 22:06:21,885 - Epoch:185/200,Train Accuracy:48.80596923828125%
2023-04-05 22:06:22,065 - Epoch:186/200,Train Accuracy:50.223880767822266%
2023-04-05 22:06:22,240 - Epoch:187/200,Train Accuracy:50.0%
2023-04-05 22:06:22,416 - Epoch:188/200,Train Accuracy:47.68656539916992%
2023-04-05 22:06:22,592 - Epoch:189/200,Train Accuracy:52.3880615234375%
2023-04-05 22:06:22,769 - Epoch:190/200,Train Accuracy:48.2835807800293%
2023-04-05 22:06:22,947 - Epoch:191/200,Train Accuracy:48.73134231567383%
2023-04-05 22:06:23,123 - Epoch:192/200,Train Accuracy:50.37313461303711%
2023-04-05 22:06:23,299 - Epoch:193/200,Train Accuracy:49.92537307739258%
2023-04-05 22:06:23,491 - Epoch:194/200,Train Accuracy:50.89552307128906%
2023-04-05 22:06:23,665 - Epoch:195/200,Train Accuracy:50.149253845214844%
2023-04-05 22:06:23,840 - Epoch:196/200,Train Accuracy:48.88059616088867%
2023-04-05 22:06:24,017 - Epoch:197/200,Train Accuracy:50.597015380859375%
2023-04-05 22:06:24,194 - Epoch:198/200,Train Accuracy:53.05970001220703%
2023-04-05 22:06:24,375 - Epoch:199/200,Train Accuracy:51.56716537475586%
2023-04-05 22:06:24,612 - 
Test set: Avg. loss: 956.9734, Accuracy: 352/660 (53.33%)

2023-04-05 22:06:24,615 - fpr:[0.         0.45454545 1.        ],tpr:[0.         0.52199413 1.        ],threshold:[2 1 0],auc:0.533724340175953
2023-04-05 22:06:24,615 - This is for user9
2023-04-05 22:06:25,007 - Epoch:0/200,Train Accuracy:49.776119232177734%
2023-04-05 22:06:25,183 - Epoch:1/200,Train Accuracy:51.64179229736328%
2023-04-05 22:06:25,361 - Epoch:2/200,Train Accuracy:49.3283576965332%
2023-04-05 22:06:25,536 - Epoch:3/200,Train Accuracy:47.761192321777344%
2023-04-05 22:06:25,716 - Epoch:4/200,Train Accuracy:51.343284606933594%
2023-04-05 22:06:25,890 - Epoch:5/200,Train Accuracy:49.402984619140625%
2023-04-05 22:06:26,066 - Epoch:6/200,Train Accuracy:51.11940383911133%
2023-04-05 22:06:26,241 - Epoch:7/200,Train Accuracy:52.238807678222656%
2023-04-05 22:06:26,417 - Epoch:8/200,Train Accuracy:52.3880615234375%
2023-04-05 22:06:26,594 - Epoch:9/200,Train Accuracy:49.92537307739258%
2023-04-05 22:06:26,770 - Epoch:10/200,Train Accuracy:49.92537307739258%
2023-04-05 22:06:26,945 - Epoch:11/200,Train Accuracy:50.597015380859375%
2023-04-05 22:06:27,120 - Epoch:12/200,Train Accuracy:51.64179229736328%
2023-04-05 22:06:27,300 - Epoch:13/200,Train Accuracy:49.70149230957031%
2023-04-05 22:06:27,477 - Epoch:14/200,Train Accuracy:52.238807678222656%
2023-04-05 22:06:27,654 - Epoch:15/200,Train Accuracy:49.17910385131836%
2023-04-05 22:06:27,831 - Epoch:16/200,Train Accuracy:48.88059616088867%
2023-04-05 22:06:28,028 - Epoch:17/200,Train Accuracy:50.89552307128906%
2023-04-05 22:06:28,209 - Epoch:18/200,Train Accuracy:51.49253845214844%
2023-04-05 22:06:28,388 - Epoch:19/200,Train Accuracy:51.044776916503906%
2023-04-05 22:06:28,562 - Epoch:20/200,Train Accuracy:51.417911529541016%
2023-04-05 22:06:28,736 - Epoch:21/200,Train Accuracy:52.08955383300781%
2023-04-05 22:06:28,910 - Epoch:22/200,Train Accuracy:50.149253845214844%
2023-04-05 22:06:29,094 - Epoch:23/200,Train Accuracy:49.776119232177734%
2023-04-05 22:06:29,275 - Epoch:24/200,Train Accuracy:51.49253845214844%
2023-04-05 22:06:29,457 - Epoch:25/200,Train Accuracy:51.56716537475586%
2023-04-05 22:06:29,644 - Epoch:26/200,Train Accuracy:53.208953857421875%
2023-04-05 22:06:29,829 - Epoch:27/200,Train Accuracy:51.56716537475586%
2023-04-05 22:06:30,010 - Epoch:28/200,Train Accuracy:50.52238845825195%
2023-04-05 22:06:30,196 - Epoch:29/200,Train Accuracy:52.6119384765625%
2023-04-05 22:06:30,380 - Epoch:30/200,Train Accuracy:52.31343460083008%
2023-04-05 22:06:30,572 - Epoch:31/200,Train Accuracy:51.49253845214844%
2023-04-05 22:06:30,756 - Epoch:32/200,Train Accuracy:47.53731155395508%
2023-04-05 22:06:30,944 - Epoch:33/200,Train Accuracy:50.82089614868164%
2023-04-05 22:06:31,129 - Epoch:34/200,Train Accuracy:49.70149230957031%
2023-04-05 22:06:31,308 - Epoch:35/200,Train Accuracy:49.70149230957031%
2023-04-05 22:06:31,489 - Epoch:36/200,Train Accuracy:52.238807678222656%
2023-04-05 22:06:31,666 - Epoch:37/200,Train Accuracy:49.70149230957031%
2023-04-05 22:06:31,860 - Epoch:38/200,Train Accuracy:49.402984619140625%
2023-04-05 22:06:32,045 - Epoch:39/200,Train Accuracy:50.74626922607422%
2023-04-05 22:06:32,233 - Epoch:40/200,Train Accuracy:48.35820770263672%
2023-04-05 22:06:32,430 - Epoch:41/200,Train Accuracy:50.74626922607422%
2023-04-05 22:06:32,610 - Epoch:42/200,Train Accuracy:51.94029998779297%
2023-04-05 22:06:32,791 - Epoch:43/200,Train Accuracy:50.37313461303711%
2023-04-05 22:06:32,974 - Epoch:44/200,Train Accuracy:49.62686538696289%
2023-04-05 22:06:33,156 - Epoch:45/200,Train Accuracy:48.582088470458984%
2023-04-05 22:06:33,337 - Epoch:46/200,Train Accuracy:50.597015380859375%
2023-04-05 22:06:33,516 - Epoch:47/200,Train Accuracy:50.597015380859375%
2023-04-05 22:06:33,699 - Epoch:48/200,Train Accuracy:49.850746154785156%
2023-04-05 22:06:33,879 - Epoch:49/200,Train Accuracy:50.29850769042969%
2023-04-05 22:06:34,061 - Epoch:50/200,Train Accuracy:52.08955383300781%
2023-04-05 22:06:34,244 - Epoch:51/200,Train Accuracy:50.6716423034668%
2023-04-05 22:06:34,428 - Epoch:52/200,Train Accuracy:49.3283576965332%
2023-04-05 22:06:34,611 - Epoch:53/200,Train Accuracy:52.238807678222656%
2023-04-05 22:06:34,793 - Epoch:54/200,Train Accuracy:49.850746154785156%
2023-04-05 22:06:34,976 - Epoch:55/200,Train Accuracy:50.597015380859375%
2023-04-05 22:06:35,159 - Epoch:56/200,Train Accuracy:49.029850006103516%
2023-04-05 22:06:35,342 - Epoch:57/200,Train Accuracy:51.86567306518555%
2023-04-05 22:06:35,524 - Epoch:58/200,Train Accuracy:50.74626922607422%
2023-04-05 22:06:35,707 - Epoch:59/200,Train Accuracy:51.343284606933594%
2023-04-05 22:06:35,890 - Epoch:60/200,Train Accuracy:50.149253845214844%
2023-04-05 22:06:36,075 - Epoch:61/200,Train Accuracy:52.835819244384766%
2023-04-05 22:06:36,258 - Epoch:62/200,Train Accuracy:52.238807678222656%
2023-04-05 22:06:36,440 - Epoch:63/200,Train Accuracy:51.94029998779297%
2023-04-05 22:06:36,625 - Epoch:64/200,Train Accuracy:52.835819244384766%
2023-04-05 22:06:36,807 - Epoch:65/200,Train Accuracy:52.08955383300781%
2023-04-05 22:06:36,989 - Epoch:66/200,Train Accuracy:52.98507308959961%
2023-04-05 22:06:37,171 - Epoch:67/200,Train Accuracy:52.31343460083008%
2023-04-05 22:06:37,356 - Epoch:68/200,Train Accuracy:50.0%
2023-04-05 22:06:37,540 - Epoch:69/200,Train Accuracy:50.74626922607422%
2023-04-05 22:06:37,722 - Epoch:70/200,Train Accuracy:50.44776153564453%
2023-04-05 22:06:37,904 - Epoch:71/200,Train Accuracy:52.761192321777344%
2023-04-05 22:06:38,094 - Epoch:72/200,Train Accuracy:51.343284606933594%
2023-04-05 22:06:38,284 - Epoch:73/200,Train Accuracy:50.82089614868164%
2023-04-05 22:06:38,488 - Epoch:74/200,Train Accuracy:51.19403076171875%
2023-04-05 22:06:38,671 - Epoch:75/200,Train Accuracy:50.74626922607422%
2023-04-05 22:06:38,852 - Epoch:76/200,Train Accuracy:49.10447692871094%
2023-04-05 22:06:39,032 - Epoch:77/200,Train Accuracy:51.49253845214844%
2023-04-05 22:06:39,221 - Epoch:78/200,Train Accuracy:53.2835807800293%
2023-04-05 22:06:39,421 - Epoch:79/200,Train Accuracy:48.50746154785156%
2023-04-05 22:06:39,620 - Epoch:80/200,Train Accuracy:49.92537307739258%
2023-04-05 22:06:39,812 - Epoch:81/200,Train Accuracy:50.07462692260742%
2023-04-05 22:06:40,017 - Epoch:82/200,Train Accuracy:50.149253845214844%
2023-04-05 22:06:40,221 - Epoch:83/200,Train Accuracy:48.955223083496094%
2023-04-05 22:06:40,448 - Epoch:84/200,Train Accuracy:49.55223846435547%
2023-04-05 22:06:40,655 - Epoch:85/200,Train Accuracy:50.6716423034668%
2023-04-05 22:06:40,834 - Epoch:86/200,Train Accuracy:48.656715393066406%
2023-04-05 22:06:41,015 - Epoch:87/200,Train Accuracy:49.47761154174805%
2023-04-05 22:06:41,196 - Epoch:88/200,Train Accuracy:50.6716423034668%
2023-04-05 22:06:41,377 - Epoch:89/200,Train Accuracy:52.238807678222656%
2023-04-05 22:06:41,559 - Epoch:90/200,Train Accuracy:51.49253845214844%
2023-04-05 22:06:41,740 - Epoch:91/200,Train Accuracy:51.11940383911133%
2023-04-05 22:06:41,923 - Epoch:92/200,Train Accuracy:49.776119232177734%
2023-04-05 22:06:42,104 - Epoch:93/200,Train Accuracy:51.56716537475586%
2023-04-05 22:06:42,286 - Epoch:94/200,Train Accuracy:49.10447692871094%
2023-04-05 22:06:42,467 - Epoch:95/200,Train Accuracy:50.82089614868164%
2023-04-05 22:06:42,648 - Epoch:96/200,Train Accuracy:51.11940383911133%
2023-04-05 22:06:42,829 - Epoch:97/200,Train Accuracy:51.11940383911133%
2023-04-05 22:06:43,015 - Epoch:98/200,Train Accuracy:50.970149993896484%
2023-04-05 22:06:43,211 - Epoch:99/200,Train Accuracy:50.37313461303711%
2023-04-05 22:06:43,404 - Epoch:100/200,Train Accuracy:50.82089614868164%
2023-04-05 22:06:43,601 - Epoch:101/200,Train Accuracy:51.56716537475586%
2023-04-05 22:06:43,794 - Epoch:102/200,Train Accuracy:49.850746154785156%
2023-04-05 22:06:43,988 - Epoch:103/200,Train Accuracy:49.47761154174805%
2023-04-05 22:06:44,187 - Epoch:104/200,Train Accuracy:48.88059616088867%
2023-04-05 22:06:44,390 - Epoch:105/200,Train Accuracy:51.343284606933594%
2023-04-05 22:06:44,588 - Epoch:106/200,Train Accuracy:53.05970001220703%
2023-04-05 22:06:44,786 - Epoch:107/200,Train Accuracy:52.6119384765625%
2023-04-05 22:06:44,979 - Epoch:108/200,Train Accuracy:50.37313461303711%
2023-04-05 22:06:45,169 - Epoch:109/200,Train Accuracy:52.08955383300781%
2023-04-05 22:06:45,349 - Epoch:110/200,Train Accuracy:49.776119232177734%
2023-04-05 22:06:45,531 - Epoch:111/200,Train Accuracy:50.74626922607422%
2023-04-05 22:06:45,713 - Epoch:112/200,Train Accuracy:51.343284606933594%
2023-04-05 22:06:45,894 - Epoch:113/200,Train Accuracy:50.597015380859375%
2023-04-05 22:06:46,076 - Epoch:114/200,Train Accuracy:49.17910385131836%
2023-04-05 22:06:46,257 - Epoch:115/200,Train Accuracy:50.0%
2023-04-05 22:06:46,439 - Epoch:116/200,Train Accuracy:48.43283462524414%
2023-04-05 22:06:46,623 - Epoch:117/200,Train Accuracy:50.82089614868164%
2023-04-05 22:06:46,804 - Epoch:118/200,Train Accuracy:51.49253845214844%
2023-04-05 22:06:46,984 - Epoch:119/200,Train Accuracy:49.776119232177734%
2023-04-05 22:06:47,162 - Epoch:120/200,Train Accuracy:50.07462692260742%
2023-04-05 22:06:47,340 - Epoch:121/200,Train Accuracy:48.656715393066406%
2023-04-05 22:06:47,518 - Epoch:122/200,Train Accuracy:51.19403076171875%
2023-04-05 22:06:47,695 - Epoch:123/200,Train Accuracy:48.88059616088867%
2023-04-05 22:06:47,872 - Epoch:124/200,Train Accuracy:47.6119384765625%
2023-04-05 22:06:48,049 - Epoch:125/200,Train Accuracy:50.74626922607422%
2023-04-05 22:06:48,226 - Epoch:126/200,Train Accuracy:51.94029998779297%
2023-04-05 22:06:48,404 - Epoch:127/200,Train Accuracy:49.17910385131836%
2023-04-05 22:06:48,585 - Epoch:128/200,Train Accuracy:48.35820770263672%
2023-04-05 22:06:48,767 - Epoch:129/200,Train Accuracy:49.029850006103516%
2023-04-05 22:06:48,951 - Epoch:130/200,Train Accuracy:50.6716423034668%
2023-04-05 22:06:49,134 - Epoch:131/200,Train Accuracy:51.86567306518555%
2023-04-05 22:06:49,315 - Epoch:132/200,Train Accuracy:51.11940383911133%
2023-04-05 22:06:49,496 - Epoch:133/200,Train Accuracy:51.49253845214844%
2023-04-05 22:06:49,679 - Epoch:134/200,Train Accuracy:52.08955383300781%
2023-04-05 22:06:49,860 - Epoch:135/200,Train Accuracy:49.3283576965332%
2023-04-05 22:06:50,044 - Epoch:136/200,Train Accuracy:50.6716423034668%
2023-04-05 22:06:50,226 - Epoch:137/200,Train Accuracy:50.37313461303711%
2023-04-05 22:06:50,408 - Epoch:138/200,Train Accuracy:52.31343460083008%
2023-04-05 22:06:50,591 - Epoch:139/200,Train Accuracy:51.791046142578125%
2023-04-05 22:06:50,773 - Epoch:140/200,Train Accuracy:51.11940383911133%
2023-04-05 22:06:50,954 - Epoch:141/200,Train Accuracy:50.89552307128906%
2023-04-05 22:06:51,136 - Epoch:142/200,Train Accuracy:50.223880767822266%
2023-04-05 22:06:51,315 - Epoch:143/200,Train Accuracy:53.13432693481445%
2023-04-05 22:06:51,494 - Epoch:144/200,Train Accuracy:51.044776916503906%
2023-04-05 22:06:51,673 - Epoch:145/200,Train Accuracy:51.94029998779297%
2023-04-05 22:06:51,852 - Epoch:146/200,Train Accuracy:49.55223846435547%
2023-04-05 22:06:52,032 - Epoch:147/200,Train Accuracy:52.98507308959961%
2023-04-05 22:06:52,211 - Epoch:148/200,Train Accuracy:50.6716423034668%
2023-04-05 22:06:52,389 - Epoch:149/200,Train Accuracy:52.68656539916992%
2023-04-05 22:06:52,568 - Epoch:150/200,Train Accuracy:49.25373077392578%
2023-04-05 22:06:52,745 - Epoch:151/200,Train Accuracy:50.6716423034668%
2023-04-05 22:06:52,924 - Epoch:152/200,Train Accuracy:49.55223846435547%
2023-04-05 22:06:53,103 - Epoch:153/200,Train Accuracy:50.223880767822266%
2023-04-05 22:06:53,281 - Epoch:154/200,Train Accuracy:50.6716423034668%
2023-04-05 22:06:53,459 - Epoch:155/200,Train Accuracy:52.98507308959961%
2023-04-05 22:06:53,637 - Epoch:156/200,Train Accuracy:52.31343460083008%
2023-04-05 22:06:53,821 - Epoch:157/200,Train Accuracy:49.029850006103516%
2023-04-05 22:06:54,085 - Epoch:158/200,Train Accuracy:50.52238845825195%
2023-04-05 22:06:54,269 - Epoch:159/200,Train Accuracy:50.74626922607422%
2023-04-05 22:06:54,447 - Epoch:160/200,Train Accuracy:49.776119232177734%
2023-04-05 22:06:54,626 - Epoch:161/200,Train Accuracy:49.850746154785156%
2023-04-05 22:06:54,805 - Epoch:162/200,Train Accuracy:49.92537307739258%
2023-04-05 22:06:54,984 - Epoch:163/200,Train Accuracy:50.52238845825195%
2023-04-05 22:06:55,164 - Epoch:164/200,Train Accuracy:50.149253845214844%
2023-04-05 22:06:55,341 - Epoch:165/200,Train Accuracy:48.73134231567383%
2023-04-05 22:06:55,520 - Epoch:166/200,Train Accuracy:52.46268844604492%
2023-04-05 22:06:55,697 - Epoch:167/200,Train Accuracy:51.49253845214844%
2023-04-05 22:06:55,875 - Epoch:168/200,Train Accuracy:52.08955383300781%
2023-04-05 22:06:56,052 - Epoch:169/200,Train Accuracy:50.970149993896484%
2023-04-05 22:06:56,229 - Epoch:170/200,Train Accuracy:49.402984619140625%
2023-04-05 22:06:56,406 - Epoch:171/200,Train Accuracy:51.7164192199707%
2023-04-05 22:06:56,584 - Epoch:172/200,Train Accuracy:49.92537307739258%
2023-04-05 22:06:56,762 - Epoch:173/200,Train Accuracy:51.64179229736328%
2023-04-05 22:06:56,939 - Epoch:174/200,Train Accuracy:52.98507308959961%
2023-04-05 22:06:57,120 - Epoch:175/200,Train Accuracy:51.19403076171875%
2023-04-05 22:06:57,297 - Epoch:176/200,Train Accuracy:47.01492691040039%
2023-04-05 22:06:57,476 - Epoch:177/200,Train Accuracy:50.89552307128906%
2023-04-05 22:06:57,653 - Epoch:178/200,Train Accuracy:47.3880615234375%
2023-04-05 22:06:57,830 - Epoch:179/200,Train Accuracy:50.29850769042969%
2023-04-05 22:06:58,007 - Epoch:180/200,Train Accuracy:50.29850769042969%
2023-04-05 22:06:58,184 - Epoch:181/200,Train Accuracy:50.82089614868164%
2023-04-05 22:06:58,361 - Epoch:182/200,Train Accuracy:49.25373077392578%
2023-04-05 22:06:58,539 - Epoch:183/200,Train Accuracy:50.07462692260742%
2023-04-05 22:06:58,716 - Epoch:184/200,Train Accuracy:49.70149230957031%
2023-04-05 22:06:58,893 - Epoch:185/200,Train Accuracy:50.970149993896484%
2023-04-05 22:06:59,072 - Epoch:186/200,Train Accuracy:51.7164192199707%
2023-04-05 22:06:59,252 - Epoch:187/200,Train Accuracy:49.850746154785156%
2023-04-05 22:06:59,431 - Epoch:188/200,Train Accuracy:50.52238845825195%
2023-04-05 22:06:59,609 - Epoch:189/200,Train Accuracy:50.6716423034668%
2023-04-05 22:06:59,787 - Epoch:190/200,Train Accuracy:48.582088470458984%
2023-04-05 22:06:59,964 - Epoch:191/200,Train Accuracy:52.46268844604492%
2023-04-05 22:07:00,145 - Epoch:192/200,Train Accuracy:51.417911529541016%
2023-04-05 22:07:00,332 - Epoch:193/200,Train Accuracy:51.19403076171875%
2023-04-05 22:07:00,555 - Epoch:194/200,Train Accuracy:54.029850006103516%
2023-04-05 22:07:00,788 - Epoch:195/200,Train Accuracy:52.3880615234375%
2023-04-05 22:07:00,965 - Epoch:196/200,Train Accuracy:48.208953857421875%
2023-04-05 22:07:01,142 - Epoch:197/200,Train Accuracy:50.6716423034668%
2023-04-05 22:07:01,320 - Epoch:198/200,Train Accuracy:50.44776153564453%
2023-04-05 22:07:01,498 - Epoch:199/200,Train Accuracy:51.86567306518555%
2023-04-05 22:07:01,737 - 
Test set: Avg. loss: 658.1231, Accuracy: 324/660 (49.09%)

2023-04-05 22:07:01,740 - fpr:[0.         0.54858934 1.        ],tpr:[0.         0.52785924 1.        ],threshold:[2 1 0],auc:0.48963494792193346
2023-04-05 22:07:01,741 - This is for user12
2023-04-05 22:07:02,137 - Epoch:0/200,Train Accuracy:48.88059616088867%
2023-04-05 22:07:02,322 - Epoch:1/200,Train Accuracy:50.44776153564453%
2023-04-05 22:07:02,508 - Epoch:2/200,Train Accuracy:50.07462692260742%
2023-04-05 22:07:02,692 - Epoch:3/200,Train Accuracy:49.92537307739258%
2023-04-05 22:07:02,876 - Epoch:4/200,Train Accuracy:50.74626922607422%
2023-04-05 22:07:03,058 - Epoch:5/200,Train Accuracy:50.29850769042969%
2023-04-05 22:07:03,241 - Epoch:6/200,Train Accuracy:50.223880767822266%
2023-04-05 22:07:03,422 - Epoch:7/200,Train Accuracy:48.80596923828125%
2023-04-05 22:07:03,606 - Epoch:8/200,Train Accuracy:51.49253845214844%
2023-04-05 22:07:03,792 - Epoch:9/200,Train Accuracy:48.43283462524414%
2023-04-05 22:07:03,978 - Epoch:10/200,Train Accuracy:52.31343460083008%
2023-04-05 22:07:04,165 - Epoch:11/200,Train Accuracy:50.29850769042969%
2023-04-05 22:07:04,352 - Epoch:12/200,Train Accuracy:47.08955383300781%
2023-04-05 22:07:04,537 - Epoch:13/200,Train Accuracy:49.17910385131836%
2023-04-05 22:07:04,723 - Epoch:14/200,Train Accuracy:51.26865768432617%
2023-04-05 22:07:04,907 - Epoch:15/200,Train Accuracy:50.44776153564453%
2023-04-05 22:07:05,093 - Epoch:16/200,Train Accuracy:49.402984619140625%
2023-04-05 22:07:05,279 - Epoch:17/200,Train Accuracy:48.582088470458984%
2023-04-05 22:07:05,464 - Epoch:18/200,Train Accuracy:49.47761154174805%
2023-04-05 22:07:05,651 - Epoch:19/200,Train Accuracy:50.970149993896484%
2023-04-05 22:07:05,836 - Epoch:20/200,Train Accuracy:51.49253845214844%
2023-04-05 22:07:06,022 - Epoch:21/200,Train Accuracy:51.044776916503906%
2023-04-05 22:07:06,208 - Epoch:22/200,Train Accuracy:48.2835807800293%
2023-04-05 22:07:06,393 - Epoch:23/200,Train Accuracy:50.07462692260742%
2023-04-05 22:07:06,579 - Epoch:24/200,Train Accuracy:52.68656539916992%
2023-04-05 22:07:06,757 - Epoch:25/200,Train Accuracy:50.6716423034668%
2023-04-05 22:07:06,938 - Epoch:26/200,Train Accuracy:52.31343460083008%
2023-04-05 22:07:07,119 - Epoch:27/200,Train Accuracy:51.11940383911133%
2023-04-05 22:07:07,300 - Epoch:28/200,Train Accuracy:48.05970001220703%
2023-04-05 22:07:07,480 - Epoch:29/200,Train Accuracy:48.13432693481445%
2023-04-05 22:07:07,658 - Epoch:30/200,Train Accuracy:50.44776153564453%
2023-04-05 22:07:07,856 - Epoch:31/200,Train Accuracy:51.11940383911133%
2023-04-05 22:07:08,035 - Epoch:32/200,Train Accuracy:52.46268844604492%
2023-04-05 22:07:08,213 - Epoch:33/200,Train Accuracy:50.07462692260742%
2023-04-05 22:07:08,391 - Epoch:34/200,Train Accuracy:50.07462692260742%
2023-04-05 22:07:08,568 - Epoch:35/200,Train Accuracy:50.37313461303711%
2023-04-05 22:07:08,745 - Epoch:36/200,Train Accuracy:50.89552307128906%
2023-04-05 22:07:08,922 - Epoch:37/200,Train Accuracy:51.417911529541016%
2023-04-05 22:07:09,099 - Epoch:38/200,Train Accuracy:49.3283576965332%
2023-04-05 22:07:09,275 - Epoch:39/200,Train Accuracy:49.402984619140625%
2023-04-05 22:07:09,450 - Epoch:40/200,Train Accuracy:48.13432693481445%
2023-04-05 22:07:09,627 - Epoch:41/200,Train Accuracy:51.56716537475586%
2023-04-05 22:07:09,804 - Epoch:42/200,Train Accuracy:48.656715393066406%
2023-04-05 22:07:09,982 - Epoch:43/200,Train Accuracy:50.52238845825195%
2023-04-05 22:07:10,159 - Epoch:44/200,Train Accuracy:51.64179229736328%
2023-04-05 22:07:10,335 - Epoch:45/200,Train Accuracy:49.92537307739258%
2023-04-05 22:07:10,513 - Epoch:46/200,Train Accuracy:51.49253845214844%
2023-04-05 22:07:10,690 - Epoch:47/200,Train Accuracy:48.35820770263672%
2023-04-05 22:07:10,866 - Epoch:48/200,Train Accuracy:51.49253845214844%
2023-04-05 22:07:11,043 - Epoch:49/200,Train Accuracy:49.029850006103516%
2023-04-05 22:07:11,238 - Epoch:50/200,Train Accuracy:51.343284606933594%
2023-04-05 22:07:11,412 - Epoch:51/200,Train Accuracy:49.25373077392578%
2023-04-05 22:07:11,586 - Epoch:52/200,Train Accuracy:48.50746154785156%
2023-04-05 22:07:11,760 - Epoch:53/200,Train Accuracy:49.62686538696289%
2023-04-05 22:07:11,937 - Epoch:54/200,Train Accuracy:50.37313461303711%
2023-04-05 22:07:12,113 - Epoch:55/200,Train Accuracy:47.46268844604492%
2023-04-05 22:07:12,288 - Epoch:56/200,Train Accuracy:51.49253845214844%
2023-04-05 22:07:12,464 - Epoch:57/200,Train Accuracy:51.94029998779297%
2023-04-05 22:07:12,642 - Epoch:58/200,Train Accuracy:50.74626922607422%
2023-04-05 22:07:12,817 - Epoch:59/200,Train Accuracy:48.582088470458984%
2023-04-05 22:07:12,994 - Epoch:60/200,Train Accuracy:48.73134231567383%
2023-04-05 22:07:13,167 - Epoch:61/200,Train Accuracy:49.10447692871094%
2023-04-05 22:07:13,340 - Epoch:62/200,Train Accuracy:50.07462692260742%
2023-04-05 22:07:13,515 - Epoch:63/200,Train Accuracy:47.08955383300781%
2023-04-05 22:07:13,688 - Epoch:64/200,Train Accuracy:47.01492691040039%
2023-04-05 22:07:13,864 - Epoch:65/200,Train Accuracy:48.73134231567383%
2023-04-05 22:07:14,038 - Epoch:66/200,Train Accuracy:50.223880767822266%
2023-04-05 22:07:14,213 - Epoch:67/200,Train Accuracy:50.29850769042969%
2023-04-05 22:07:14,390 - Epoch:68/200,Train Accuracy:50.52238845825195%
2023-04-05 22:07:14,566 - Epoch:69/200,Train Accuracy:49.55223846435547%
2023-04-05 22:07:14,742 - Epoch:70/200,Train Accuracy:50.74626922607422%
2023-04-05 22:07:14,918 - Epoch:71/200,Train Accuracy:50.29850769042969%
2023-04-05 22:07:15,110 - Epoch:72/200,Train Accuracy:51.343284606933594%
2023-04-05 22:07:15,287 - Epoch:73/200,Train Accuracy:48.73134231567383%
2023-04-05 22:07:15,464 - Epoch:74/200,Train Accuracy:48.582088470458984%
2023-04-05 22:07:15,639 - Epoch:75/200,Train Accuracy:48.88059616088867%
2023-04-05 22:07:15,815 - Epoch:76/200,Train Accuracy:49.55223846435547%
2023-04-05 22:07:15,990 - Epoch:77/200,Train Accuracy:47.91044616699219%
2023-04-05 22:07:16,167 - Epoch:78/200,Train Accuracy:50.07462692260742%
2023-04-05 22:07:16,343 - Epoch:79/200,Train Accuracy:48.73134231567383%
2023-04-05 22:07:16,519 - Epoch:80/200,Train Accuracy:47.3880615234375%
2023-04-05 22:07:16,696 - Epoch:81/200,Train Accuracy:48.50746154785156%
2023-04-05 22:07:16,875 - Epoch:82/200,Train Accuracy:46.26865768432617%
2023-04-05 22:07:17,100 - Epoch:83/200,Train Accuracy:49.92537307739258%
2023-04-05 22:07:17,276 - Epoch:84/200,Train Accuracy:47.3880615234375%
2023-04-05 22:07:17,451 - Epoch:85/200,Train Accuracy:50.0%
2023-04-05 22:07:17,627 - Epoch:86/200,Train Accuracy:49.17910385131836%
2023-04-05 22:07:17,861 - Epoch:87/200,Train Accuracy:51.64179229736328%
2023-04-05 22:07:18,066 - Epoch:88/200,Train Accuracy:48.88059616088867%
2023-04-05 22:07:18,249 - Epoch:89/200,Train Accuracy:49.402984619140625%
2023-04-05 22:07:18,431 - Epoch:90/200,Train Accuracy:50.07462692260742%
2023-04-05 22:07:18,613 - Epoch:91/200,Train Accuracy:49.10447692871094%
2023-04-05 22:07:18,795 - Epoch:92/200,Train Accuracy:51.26865768432617%
2023-04-05 22:07:18,979 - Epoch:93/200,Train Accuracy:48.955223083496094%
2023-04-05 22:07:19,166 - Epoch:94/200,Train Accuracy:52.835819244384766%
2023-04-05 22:07:19,349 - Epoch:95/200,Train Accuracy:52.164180755615234%
2023-04-05 22:07:19,532 - Epoch:96/200,Train Accuracy:47.31343460083008%
2023-04-05 22:07:19,715 - Epoch:97/200,Train Accuracy:47.835819244384766%
2023-04-05 22:07:19,898 - Epoch:98/200,Train Accuracy:46.94029998779297%
2023-04-05 22:07:20,082 - Epoch:99/200,Train Accuracy:48.2835807800293%
2023-04-05 22:07:20,265 - Epoch:100/200,Train Accuracy:49.402984619140625%
2023-04-05 22:07:20,448 - Epoch:101/200,Train Accuracy:48.73134231567383%
2023-04-05 22:07:20,633 - Epoch:102/200,Train Accuracy:49.62686538696289%
2023-04-05 22:07:20,817 - Epoch:103/200,Train Accuracy:51.64179229736328%
2023-04-05 22:07:21,000 - Epoch:104/200,Train Accuracy:48.2835807800293%
2023-04-05 22:07:21,184 - Epoch:105/200,Train Accuracy:48.73134231567383%
2023-04-05 22:07:21,368 - Epoch:106/200,Train Accuracy:50.07462692260742%
2023-04-05 22:07:21,580 - Epoch:107/200,Train Accuracy:50.07462692260742%
2023-04-05 22:07:21,834 - Epoch:108/200,Train Accuracy:52.6119384765625%
2023-04-05 22:07:22,018 - Epoch:109/200,Train Accuracy:50.6716423034668%
2023-04-05 22:07:22,200 - Epoch:110/200,Train Accuracy:50.29850769042969%
2023-04-05 22:07:22,383 - Epoch:111/200,Train Accuracy:50.29850769042969%
2023-04-05 22:07:22,566 - Epoch:112/200,Train Accuracy:50.37313461303711%
2023-04-05 22:07:22,748 - Epoch:113/200,Train Accuracy:50.29850769042969%
2023-04-05 22:07:22,928 - Epoch:114/200,Train Accuracy:48.2835807800293%
2023-04-05 22:07:23,105 - Epoch:115/200,Train Accuracy:51.7164192199707%
2023-04-05 22:07:23,283 - Epoch:116/200,Train Accuracy:50.44776153564453%
2023-04-05 22:07:23,461 - Epoch:117/200,Train Accuracy:49.850746154785156%
2023-04-05 22:07:23,637 - Epoch:118/200,Train Accuracy:48.582088470458984%
2023-04-05 22:07:23,815 - Epoch:119/200,Train Accuracy:51.7164192199707%
2023-04-05 22:07:23,991 - Epoch:120/200,Train Accuracy:49.47761154174805%
2023-04-05 22:07:24,167 - Epoch:121/200,Train Accuracy:50.0%
2023-04-05 22:07:24,343 - Epoch:122/200,Train Accuracy:49.92537307739258%
2023-04-05 22:07:24,521 - Epoch:123/200,Train Accuracy:49.029850006103516%
2023-04-05 22:07:24,698 - Epoch:124/200,Train Accuracy:49.029850006103516%
2023-04-05 22:07:24,874 - Epoch:125/200,Train Accuracy:49.776119232177734%
2023-04-05 22:07:25,051 - Epoch:126/200,Train Accuracy:51.64179229736328%
2023-04-05 22:07:25,228 - Epoch:127/200,Train Accuracy:50.44776153564453%
2023-04-05 22:07:25,405 - Epoch:128/200,Train Accuracy:50.44776153564453%
2023-04-05 22:07:25,581 - Epoch:129/200,Train Accuracy:49.92537307739258%
2023-04-05 22:07:25,758 - Epoch:130/200,Train Accuracy:49.029850006103516%
2023-04-05 22:07:25,934 - Epoch:131/200,Train Accuracy:47.835819244384766%
2023-04-05 22:07:26,110 - Epoch:132/200,Train Accuracy:50.52238845825195%
2023-04-05 22:07:26,286 - Epoch:133/200,Train Accuracy:47.761192321777344%
2023-04-05 22:07:26,464 - Epoch:134/200,Train Accuracy:47.31343460083008%
2023-04-05 22:07:26,642 - Epoch:135/200,Train Accuracy:50.223880767822266%
2023-04-05 22:07:26,820 - Epoch:136/200,Train Accuracy:50.07462692260742%
2023-04-05 22:07:26,995 - Epoch:137/200,Train Accuracy:49.850746154785156%
2023-04-05 22:07:27,172 - Epoch:138/200,Train Accuracy:47.835819244384766%
2023-04-05 22:07:27,352 - Epoch:139/200,Train Accuracy:50.970149993896484%
2023-04-05 22:07:27,530 - Epoch:140/200,Train Accuracy:49.3283576965332%
2023-04-05 22:07:27,706 - Epoch:141/200,Train Accuracy:49.55223846435547%
2023-04-05 22:07:27,882 - Epoch:142/200,Train Accuracy:50.82089614868164%
2023-04-05 22:07:28,059 - Epoch:143/200,Train Accuracy:49.776119232177734%
2023-04-05 22:07:28,236 - Epoch:144/200,Train Accuracy:48.955223083496094%
2023-04-05 22:07:28,413 - Epoch:145/200,Train Accuracy:49.3283576965332%
2023-04-05 22:07:28,589 - Epoch:146/200,Train Accuracy:49.25373077392578%
2023-04-05 22:07:28,765 - Epoch:147/200,Train Accuracy:47.91044616699219%
2023-04-05 22:07:28,940 - Epoch:148/200,Train Accuracy:52.6119384765625%
2023-04-05 22:07:29,117 - Epoch:149/200,Train Accuracy:50.6716423034668%
2023-04-05 22:07:29,293 - Epoch:150/200,Train Accuracy:51.86567306518555%
2023-04-05 22:07:29,470 - Epoch:151/200,Train Accuracy:48.35820770263672%
2023-04-05 22:07:29,646 - Epoch:152/200,Train Accuracy:52.01492691040039%
2023-04-05 22:07:29,823 - Epoch:153/200,Train Accuracy:49.776119232177734%
2023-04-05 22:07:30,000 - Epoch:154/200,Train Accuracy:49.92537307739258%
2023-04-05 22:07:30,177 - Epoch:155/200,Train Accuracy:48.955223083496094%
2023-04-05 22:07:30,355 - Epoch:156/200,Train Accuracy:50.223880767822266%
2023-04-05 22:07:30,533 - Epoch:157/200,Train Accuracy:52.6119384765625%
2023-04-05 22:07:30,712 - Epoch:158/200,Train Accuracy:49.92537307739258%
2023-04-05 22:07:30,887 - Epoch:159/200,Train Accuracy:49.850746154785156%
2023-04-05 22:07:31,062 - Epoch:160/200,Train Accuracy:48.13432693481445%
2023-04-05 22:07:31,240 - Epoch:161/200,Train Accuracy:51.791046142578125%
2023-04-05 22:07:31,413 - Epoch:162/200,Train Accuracy:49.92537307739258%
2023-04-05 22:07:31,588 - Epoch:163/200,Train Accuracy:51.791046142578125%
2023-04-05 22:07:31,767 - Epoch:164/200,Train Accuracy:47.761192321777344%
2023-04-05 22:07:31,943 - Epoch:165/200,Train Accuracy:51.7164192199707%
2023-04-05 22:07:32,119 - Epoch:166/200,Train Accuracy:50.52238845825195%
2023-04-05 22:07:32,294 - Epoch:167/200,Train Accuracy:50.29850769042969%
2023-04-05 22:07:32,470 - Epoch:168/200,Train Accuracy:49.55223846435547%
2023-04-05 22:07:32,646 - Epoch:169/200,Train Accuracy:48.656715393066406%
2023-04-05 22:07:32,834 - Epoch:170/200,Train Accuracy:49.47761154174805%
2023-04-05 22:07:33,009 - Epoch:171/200,Train Accuracy:51.86567306518555%
2023-04-05 22:07:33,185 - Epoch:172/200,Train Accuracy:49.029850006103516%
2023-04-05 22:07:33,361 - Epoch:173/200,Train Accuracy:47.238807678222656%
2023-04-05 22:07:33,537 - Epoch:174/200,Train Accuracy:47.238807678222656%
2023-04-05 22:07:33,713 - Epoch:175/200,Train Accuracy:52.01492691040039%
2023-04-05 22:07:33,889 - Epoch:176/200,Train Accuracy:51.49253845214844%
2023-04-05 22:07:34,067 - Epoch:177/200,Train Accuracy:52.01492691040039%
2023-04-05 22:07:34,244 - Epoch:178/200,Train Accuracy:50.29850769042969%
2023-04-05 22:07:34,422 - Epoch:179/200,Train Accuracy:50.970149993896484%
2023-04-05 22:07:34,599 - Epoch:180/200,Train Accuracy:49.402984619140625%
2023-04-05 22:07:34,778 - Epoch:181/200,Train Accuracy:48.2835807800293%
2023-04-05 22:07:35,010 - Epoch:182/200,Train Accuracy:50.970149993896484%
2023-04-05 22:07:35,189 - Epoch:183/200,Train Accuracy:49.25373077392578%
2023-04-05 22:07:35,367 - Epoch:184/200,Train Accuracy:50.89552307128906%
2023-04-05 22:07:35,546 - Epoch:185/200,Train Accuracy:47.91044616699219%
2023-04-05 22:07:35,724 - Epoch:186/200,Train Accuracy:51.791046142578125%
2023-04-05 22:07:35,902 - Epoch:187/200,Train Accuracy:48.80596923828125%
2023-04-05 22:07:36,080 - Epoch:188/200,Train Accuracy:48.05970001220703%
2023-04-05 22:07:36,260 - Epoch:189/200,Train Accuracy:51.343284606933594%
2023-04-05 22:07:36,437 - Epoch:190/200,Train Accuracy:49.55223846435547%
2023-04-05 22:07:36,616 - Epoch:191/200,Train Accuracy:49.25373077392578%
2023-04-05 22:07:36,793 - Epoch:192/200,Train Accuracy:50.82089614868164%
2023-04-05 22:07:36,970 - Epoch:193/200,Train Accuracy:50.970149993896484%
2023-04-05 22:07:37,148 - Epoch:194/200,Train Accuracy:47.68656539916992%
2023-04-05 22:07:37,328 - Epoch:195/200,Train Accuracy:48.208953857421875%
2023-04-05 22:07:37,505 - Epoch:196/200,Train Accuracy:50.223880767822266%
2023-04-05 22:07:37,681 - Epoch:197/200,Train Accuracy:52.3880615234375%
2023-04-05 22:07:37,857 - Epoch:198/200,Train Accuracy:51.19403076171875%
2023-04-05 22:07:38,032 - Epoch:199/200,Train Accuracy:51.94029998779297%
2023-04-05 22:07:38,268 - 
Test set: Avg. loss: 851.7624, Accuracy: 339/660 (51.36%)

2023-04-05 22:07:38,271 - fpr:[0.         0.56112853 1.        ],tpr:[0.         0.58357771 1.        ],threshold:[2 1 0],auc:0.5112245929821013
2023-04-05 22:07:38,272 - This is for user15
2023-04-05 22:07:38,655 - Epoch:0/200,Train Accuracy:51.417911529541016%
2023-04-05 22:07:38,833 - Epoch:1/200,Train Accuracy:51.64179229736328%
2023-04-05 22:07:39,006 - Epoch:2/200,Train Accuracy:48.43283462524414%
2023-04-05 22:07:39,182 - Epoch:3/200,Train Accuracy:50.07462692260742%
2023-04-05 22:07:39,359 - Epoch:4/200,Train Accuracy:50.0%
2023-04-05 22:07:39,535 - Epoch:5/200,Train Accuracy:49.3283576965332%
2023-04-05 22:07:39,712 - Epoch:6/200,Train Accuracy:46.11940383911133%
2023-04-05 22:07:39,888 - Epoch:7/200,Train Accuracy:48.80596923828125%
2023-04-05 22:07:40,063 - Epoch:8/200,Train Accuracy:49.029850006103516%
2023-04-05 22:07:40,235 - Epoch:9/200,Train Accuracy:51.044776916503906%
2023-04-05 22:07:40,413 - Epoch:10/200,Train Accuracy:48.88059616088867%
2023-04-05 22:07:40,589 - Epoch:11/200,Train Accuracy:50.89552307128906%
2023-04-05 22:07:40,762 - Epoch:12/200,Train Accuracy:47.31343460083008%
2023-04-05 22:07:40,939 - Epoch:13/200,Train Accuracy:51.19403076171875%
2023-04-05 22:07:41,114 - Epoch:14/200,Train Accuracy:49.92537307739258%
2023-04-05 22:07:41,289 - Epoch:15/200,Train Accuracy:49.776119232177734%
2023-04-05 22:07:41,464 - Epoch:16/200,Train Accuracy:50.29850769042969%
2023-04-05 22:07:41,638 - Epoch:17/200,Train Accuracy:50.29850769042969%
2023-04-05 22:07:41,813 - Epoch:18/200,Train Accuracy:47.98507308959961%
2023-04-05 22:07:41,987 - Epoch:19/200,Train Accuracy:49.17910385131836%
2023-04-05 22:07:42,161 - Epoch:20/200,Train Accuracy:48.73134231567383%
2023-04-05 22:07:42,335 - Epoch:21/200,Train Accuracy:48.2835807800293%
2023-04-05 22:07:42,513 - Epoch:22/200,Train Accuracy:50.149253845214844%
2023-04-05 22:07:42,689 - Epoch:23/200,Train Accuracy:51.56716537475586%
2023-04-05 22:07:42,864 - Epoch:24/200,Train Accuracy:52.3880615234375%
2023-04-05 22:07:43,041 - Epoch:25/200,Train Accuracy:49.62686538696289%
2023-04-05 22:07:43,215 - Epoch:26/200,Train Accuracy:50.149253845214844%
2023-04-05 22:07:43,390 - Epoch:27/200,Train Accuracy:49.850746154785156%
2023-04-05 22:07:43,566 - Epoch:28/200,Train Accuracy:52.761192321777344%
2023-04-05 22:07:43,741 - Epoch:29/200,Train Accuracy:50.0%
2023-04-05 22:07:43,916 - Epoch:30/200,Train Accuracy:47.68656539916992%
2023-04-05 22:07:44,093 - Epoch:31/200,Train Accuracy:48.656715393066406%
2023-04-05 22:07:44,266 - Epoch:32/200,Train Accuracy:50.74626922607422%
2023-04-05 22:07:44,443 - Epoch:33/200,Train Accuracy:50.149253845214844%
2023-04-05 22:07:44,619 - Epoch:34/200,Train Accuracy:51.49253845214844%
2023-04-05 22:07:44,793 - Epoch:35/200,Train Accuracy:48.582088470458984%
2023-04-05 22:07:44,968 - Epoch:36/200,Train Accuracy:49.3283576965332%
2023-04-05 22:07:45,144 - Epoch:37/200,Train Accuracy:47.238807678222656%
2023-04-05 22:07:45,318 - Epoch:38/200,Train Accuracy:53.05970001220703%
2023-04-05 22:07:45,495 - Epoch:39/200,Train Accuracy:47.31343460083008%
2023-04-05 22:07:45,674 - Epoch:40/200,Train Accuracy:51.56716537475586%
2023-04-05 22:07:45,848 - Epoch:41/200,Train Accuracy:48.955223083496094%
2023-04-05 22:07:46,022 - Epoch:42/200,Train Accuracy:46.94029998779297%
2023-04-05 22:07:46,199 - Epoch:43/200,Train Accuracy:49.47761154174805%
2023-04-05 22:07:46,376 - Epoch:44/200,Train Accuracy:51.791046142578125%
2023-04-05 22:07:46,553 - Epoch:45/200,Train Accuracy:49.25373077392578%
2023-04-05 22:07:46,727 - Epoch:46/200,Train Accuracy:49.92537307739258%
2023-04-05 22:07:46,902 - Epoch:47/200,Train Accuracy:52.164180755615234%
2023-04-05 22:07:47,078 - Epoch:48/200,Train Accuracy:49.47761154174805%
2023-04-05 22:07:47,255 - Epoch:49/200,Train Accuracy:52.238807678222656%
2023-04-05 22:07:47,431 - Epoch:50/200,Train Accuracy:47.31343460083008%
2023-04-05 22:07:47,606 - Epoch:51/200,Train Accuracy:51.343284606933594%
2023-04-05 22:07:47,781 - Epoch:52/200,Train Accuracy:50.07462692260742%
2023-04-05 22:07:47,956 - Epoch:53/200,Train Accuracy:49.55223846435547%
