2023-04-05 22:11:52,939 - lr:0.001,weight_decay:0.01,batch_size:20
2023-04-05 22:11:52,939 - Multi_Scale_CNN(
  (conv1): Conv1d(20, 20, kernel_size=(1,), stride=(1,))
  (conv2): Conv1d(20, 20, kernel_size=(2,), stride=(1,))
  (conv3): Conv1d(20, 20, kernel_size=(3,), stride=(1,))
  (conv4): Conv1d(20, 20, kernel_size=(4,), stride=(1,))
  (fc1): Linear(in_features=150, out_features=1000, bias=True)
  (fc2): Linear(in_features=1000, out_features=2, bias=True)
)
2023-04-05 22:11:52,939 - This is for user7
2023-04-05 22:11:57,393 - 
Test set: Avg. loss: 454.7001, Accuracy: 338/660 (51.21%)

2023-04-05 22:11:57,396 - fpr:[0.         0.71159875 1.        ],tpr:[0.         0.72140762 1.        ],threshold:[2 1 0],auc:0.5049044392759632
2023-04-05 22:11:57,397 - This is for user9
2023-04-05 22:12:01,926 - 
Test set: Avg. loss: 12.2292, Accuracy: 334/660 (50.61%)

2023-04-05 22:12:01,929 - fpr:[0.         0.47021944 1.        ],tpr:[0.         0.48387097 1.        ],threshold:[2 1 0],auc:0.5068257660026292
2023-04-05 22:12:01,930 - This is for user12
2023-04-05 22:12:06,715 - 
Test set: Avg. loss: 3.1898, Accuracy: 316/660 (47.88%)

2023-04-05 22:12:06,718 - fpr:[0.         0.00940439 1.        ],tpr:[0. 0. 1.],threshold:[2 1 0],auc:0.4952978056426332
2023-04-05 22:12:06,718 - This is for user15
2023-04-05 22:12:12,202 - 
Test set: Avg. loss: 0.0572, Accuracy: 320/660 (48.48%)

2023-04-05 22:12:12,205 - fpr:[0. 0. 1.],tpr:[0.         0.00293255 1.        ],threshold:[2 1 0],auc:0.501466275659824
2023-04-05 22:12:12,206 - This is for user16
2023-04-05 22:12:17,958 - 
Test set: Avg. loss: 0.0346, Accuracy: 320/660 (48.48%)

2023-04-05 22:12:17,961 - fpr:[0. 0. 1.],tpr:[0.         0.00293255 1.        ],threshold:[2 1 0],auc:0.501466275659824
2023-04-05 22:12:17,962 - This is for user20
2023-04-05 22:12:23,652 - 
Test set: Avg. loss: 0.0346, Accuracy: 320/660 (48.48%)

2023-04-05 22:12:23,655 - fpr:[0. 0. 1.],tpr:[0.         0.00293255 1.        ],threshold:[2 1 0],auc:0.501466275659824
2023-04-05 22:12:23,655 - This is for user21
