2023-04-05 22:34:36,675 - lr:0.01,weight_decay:0.01,batch_size:20
2023-04-05 22:34:36,675 - Multi_Scale_CNN(
  (conv1): Conv1d(20, 20, kernel_size=(1,), stride=(1,))
  (conv2): Conv1d(20, 20, kernel_size=(2,), stride=(1,))
  (conv3): Conv1d(20, 20, kernel_size=(3,), stride=(1,))
  (conv4): Conv1d(20, 20, kernel_size=(4,), stride=(1,))
  (fc1): Linear(in_features=150, out_features=1024, bias=True)
  (fc2): Linear(in_features=1024, out_features=512, bias=True)
  (fc3): Linear(in_features=512, out_features=128, bias=True)
  (fc4): Linear(in_features=128, out_features=64, bias=True)
  (fc5): Linear(in_features=64, out_features=2, bias=True)
  (batch_norm1): LazyBatchNorm1d(0, eps=1e-05, momentum=0.1, affine=True, track_running_stats=True)
  (batch_norm2): LazyBatchNorm1d(0, eps=1e-05, momentum=0.1, affine=True, track_running_stats=True)
  (batch_norm3): LazyBatchNorm1d(0, eps=1e-05, momentum=0.1, affine=True, track_running_stats=True)
  (batch_norm4): LazyBatchNorm1d(0, eps=1e-05, momentum=0.1, affine=True, track_running_stats=True)
  (batch_norm5): LazyBatchNorm1d(0, eps=1e-05, momentum=0.1, affine=True, track_running_stats=True)
)
2023-04-05 22:34:36,675 - This is for user7
2023-04-05 22:34:52,492 - Epoch:0/50,Train Accuracy:50.82089614868164%
2023-04-05 22:34:53,049 - Epoch:1/50,Train Accuracy:49.776119232177734%
2023-04-05 22:34:53,611 - Epoch:2/50,Train Accuracy:49.3283576965332%
2023-04-05 22:34:54,174 - Epoch:3/50,Train Accuracy:49.776119232177734%
2023-04-05 22:34:54,748 - Epoch:4/50,Train Accuracy:50.82089614868164%
2023-04-05 22:34:55,309 - Epoch:5/50,Train Accuracy:50.82089614868164%
2023-04-05 22:34:55,865 - Epoch:6/50,Train Accuracy:50.82089614868164%
2023-04-05 22:34:56,426 - Epoch:7/50,Train Accuracy:48.73134231567383%
2023-04-05 22:34:56,985 - Epoch:8/50,Train Accuracy:50.82089614868164%
2023-04-05 22:34:57,627 - Epoch:9/50,Train Accuracy:47.68656539916992%
2023-04-05 22:34:58,616 - Epoch:10/50,Train Accuracy:50.82089614868164%
2023-04-05 22:34:59,713 - Epoch:11/50,Train Accuracy:48.13432693481445%
2023-04-05 22:35:00,828 - Epoch:12/50,Train Accuracy:50.82089614868164%
2023-04-05 22:35:01,782 - Epoch:13/50,Train Accuracy:48.582088470458984%
2023-04-05 22:35:02,749 - Epoch:14/50,Train Accuracy:50.970149993896484%
2023-04-05 22:35:03,702 - Epoch:15/50,Train Accuracy:47.68656539916992%
2023-04-05 22:35:04,665 - Epoch:16/50,Train Accuracy:50.37313461303711%
2023-04-05 22:35:05,636 - Epoch:17/50,Train Accuracy:49.17910385131836%
2023-04-05 22:35:06,561 - Epoch:18/50,Train Accuracy:50.82089614868164%
2023-04-05 22:35:07,502 - Epoch:19/50,Train Accuracy:49.62686538696289%
2023-04-05 22:35:08,420 - Epoch:20/50,Train Accuracy:46.64179229736328%
2023-04-05 22:35:09,360 - Epoch:21/50,Train Accuracy:49.62686538696289%
2023-04-05 22:35:10,276 - Epoch:22/50,Train Accuracy:49.029850006103516%
2023-04-05 22:35:11,191 - Epoch:23/50,Train Accuracy:50.82089614868164%
2023-04-05 22:35:12,103 - Epoch:24/50,Train Accuracy:50.82089614868164%
2023-04-05 22:35:13,006 - Epoch:25/50,Train Accuracy:50.223880767822266%
2023-04-05 22:35:13,918 - Epoch:26/50,Train Accuracy:50.82089614868164%
2023-04-05 22:35:14,828 - Epoch:27/50,Train Accuracy:49.47761154174805%
2023-04-05 22:35:15,743 - Epoch:28/50,Train Accuracy:49.47761154174805%
2023-04-05 22:35:16,659 - Epoch:29/50,Train Accuracy:50.82089614868164%
2023-04-05 22:35:17,598 - Epoch:30/50,Train Accuracy:49.776119232177734%
2023-04-05 22:35:18,535 - Epoch:31/50,Train Accuracy:49.47761154174805%
2023-04-05 22:35:19,480 - Epoch:32/50,Train Accuracy:50.82089614868164%
2023-04-05 22:35:20,428 - Epoch:33/50,Train Accuracy:50.82089614868164%
2023-04-05 22:35:21,364 - Epoch:34/50,Train Accuracy:50.82089614868164%
2023-04-05 22:35:22,289 - Epoch:35/50,Train Accuracy:50.82089614868164%
2023-04-05 22:35:23,211 - Epoch:36/50,Train Accuracy:48.582088470458984%
2023-04-05 22:35:24,169 - Epoch:37/50,Train Accuracy:50.37313461303711%
2023-04-05 22:35:25,089 - Epoch:38/50,Train Accuracy:49.029850006103516%
2023-04-05 22:35:25,991 - Epoch:39/50,Train Accuracy:50.82089614868164%
2023-04-05 22:35:26,894 - Epoch:40/50,Train Accuracy:50.82089614868164%
2023-04-05 22:35:27,799 - Epoch:41/50,Train Accuracy:47.98507308959961%
2023-04-05 22:35:28,707 - Epoch:42/50,Train Accuracy:50.82089614868164%
2023-04-05 22:35:29,609 - Epoch:43/50,Train Accuracy:50.82089614868164%
2023-04-05 22:35:30,510 - Epoch:44/50,Train Accuracy:48.2835807800293%
2023-04-05 22:35:31,418 - Epoch:45/50,Train Accuracy:47.68656539916992%
2023-04-05 22:35:32,329 - Epoch:46/50,Train Accuracy:49.47761154174805%
2023-04-05 22:35:33,247 - Epoch:47/50,Train Accuracy:50.82089614868164%
2023-04-05 22:35:34,167 - Epoch:48/50,Train Accuracy:49.776119232177734%
2023-04-05 22:35:35,096 - Epoch:49/50,Train Accuracy:50.82089614868164%
2023-04-05 22:35:35,413 - 
Test set: Avg. loss: 0.0347, Accuracy: 341/660 (51.67%)

2023-04-05 22:35:35,420 - fpr:[0. 1.],tpr:[0. 1.],threshold:[2 1],auc:0.5
2023-04-05 22:35:35,421 - This is for user9
2023-04-05 22:35:36,560 - Epoch:0/50,Train Accuracy:49.3283576965332%
2023-04-05 22:35:37,475 - Epoch:1/50,Train Accuracy:49.776119232177734%
2023-04-05 22:35:38,361 - Epoch:2/50,Train Accuracy:48.88059616088867%
2023-04-05 22:35:39,257 - Epoch:3/50,Train Accuracy:49.62686538696289%
2023-04-05 22:35:40,218 - Epoch:4/50,Train Accuracy:50.82089614868164%
2023-04-05 22:35:41,183 - Epoch:5/50,Train Accuracy:50.82089614868164%
2023-04-05 22:35:42,083 - Epoch:6/50,Train Accuracy:50.223880767822266%
2023-04-05 22:35:42,993 - Epoch:7/50,Train Accuracy:48.73134231567383%
2023-04-05 22:35:43,982 - Epoch:8/50,Train Accuracy:50.82089614868164%
2023-04-05 22:35:44,880 - Epoch:9/50,Train Accuracy:47.53731155395508%
2023-04-05 22:35:45,774 - Epoch:10/50,Train Accuracy:50.82089614868164%
2023-04-05 22:35:46,665 - Epoch:11/50,Train Accuracy:48.13432693481445%
2023-04-05 22:35:47,558 - Epoch:12/50,Train Accuracy:50.82089614868164%
2023-04-05 22:35:48,453 - Epoch:13/50,Train Accuracy:48.43283462524414%
2023-04-05 22:35:49,371 - Epoch:14/50,Train Accuracy:50.970149993896484%
2023-04-05 22:35:50,300 - Epoch:15/50,Train Accuracy:47.68656539916992%
2023-04-05 22:35:51,289 - Epoch:16/50,Train Accuracy:50.37313461303711%
2023-04-05 22:35:52,280 - Epoch:17/50,Train Accuracy:49.17910385131836%
2023-04-05 22:35:53,258 - Epoch:18/50,Train Accuracy:50.82089614868164%
2023-04-05 22:35:54,212 - Epoch:19/50,Train Accuracy:49.776119232177734%
2023-04-05 22:35:55,172 - Epoch:20/50,Train Accuracy:46.64179229736328%
2023-04-05 22:35:56,100 - Epoch:21/50,Train Accuracy:50.07462692260742%
2023-04-05 22:35:57,054 - Epoch:22/50,Train Accuracy:49.029850006103516%
2023-04-05 22:35:58,017 - Epoch:23/50,Train Accuracy:50.82089614868164%
2023-04-05 22:35:58,929 - Epoch:24/50,Train Accuracy:50.82089614868164%
2023-04-05 22:35:59,928 - Epoch:25/50,Train Accuracy:50.223880767822266%
2023-04-05 22:36:00,866 - Epoch:26/50,Train Accuracy:50.82089614868164%
2023-04-05 22:36:01,776 - Epoch:27/50,Train Accuracy:49.47761154174805%
2023-04-05 22:36:02,688 - Epoch:28/50,Train Accuracy:49.47761154174805%
2023-04-05 22:36:03,631 - Epoch:29/50,Train Accuracy:50.82089614868164%
2023-04-05 22:36:04,557 - Epoch:30/50,Train Accuracy:49.776119232177734%
2023-04-05 22:36:05,491 - Epoch:31/50,Train Accuracy:49.47761154174805%
2023-04-05 22:36:06,418 - Epoch:32/50,Train Accuracy:50.82089614868164%
2023-04-05 22:36:07,349 - Epoch:33/50,Train Accuracy:50.82089614868164%
2023-04-05 22:36:08,269 - Epoch:34/50,Train Accuracy:50.82089614868164%
2023-04-05 22:36:09,191 - Epoch:35/50,Train Accuracy:50.82089614868164%
2023-04-05 22:36:10,118 - Epoch:36/50,Train Accuracy:48.582088470458984%
2023-04-05 22:36:11,005 - Epoch:37/50,Train Accuracy:50.37313461303711%
2023-04-05 22:36:11,894 - Epoch:38/50,Train Accuracy:49.029850006103516%
2023-04-05 22:36:12,787 - Epoch:39/50,Train Accuracy:50.82089614868164%
2023-04-05 22:36:13,690 - Epoch:40/50,Train Accuracy:50.82089614868164%
2023-04-05 22:36:14,584 - Epoch:41/50,Train Accuracy:47.98507308959961%
2023-04-05 22:36:15,499 - Epoch:42/50,Train Accuracy:50.82089614868164%
2023-04-05 22:36:16,390 - Epoch:43/50,Train Accuracy:50.82089614868164%
2023-04-05 22:36:17,313 - Epoch:44/50,Train Accuracy:48.2835807800293%
2023-04-05 22:36:18,218 - Epoch:45/50,Train Accuracy:47.68656539916992%
2023-04-05 22:36:19,144 - Epoch:46/50,Train Accuracy:49.47761154174805%
2023-04-05 22:36:20,052 - Epoch:47/50,Train Accuracy:50.82089614868164%
2023-04-05 22:36:20,971 - Epoch:48/50,Train Accuracy:49.776119232177734%
2023-04-05 22:41:14,676 - Epoch:49/50,Train Accuracy:50.82089614868164%
2023-04-05 22:41:14,959 - 
Test set: Avg. loss: 0.0347, Accuracy: 341/660 (51.67%)

2023-04-05 22:41:14,965 - fpr:[0. 1.],tpr:[0. 1.],threshold:[2 1],auc:0.5
2023-04-05 22:41:14,965 - This is for user12
2023-04-05 22:41:16,130 - Epoch:0/50,Train Accuracy:49.3283576965332%
2023-04-05 22:41:17,064 - Epoch:1/50,Train Accuracy:49.776119232177734%
2023-04-05 22:41:17,953 - Epoch:2/50,Train Accuracy:48.88059616088867%
2023-04-05 22:41:18,841 - Epoch:3/50,Train Accuracy:49.62686538696289%
2023-04-05 22:41:19,764 - Epoch:4/50,Train Accuracy:50.82089614868164%
2023-04-05 22:41:20,663 - Epoch:5/50,Train Accuracy:50.82089614868164%
2023-04-05 22:41:21,588 - Epoch:6/50,Train Accuracy:50.223880767822266%
2023-04-05 22:41:22,507 - Epoch:7/50,Train Accuracy:48.73134231567383%
2023-04-05 22:41:23,410 - Epoch:8/50,Train Accuracy:50.82089614868164%
2023-04-05 22:41:24,310 - Epoch:9/50,Train Accuracy:47.53731155395508%
2023-04-05 22:41:25,216 - Epoch:10/50,Train Accuracy:50.82089614868164%
2023-04-05 22:41:26,125 - Epoch:11/50,Train Accuracy:48.13432693481445%
2023-04-05 22:41:27,018 - Epoch:12/50,Train Accuracy:50.82089614868164%
2023-04-05 22:41:27,912 - Epoch:13/50,Train Accuracy:48.43283462524414%
