2023-04-17 17:13:44,625 - lr:0.01,weight_decay:0.01,batch_size:20
2023-04-17 17:13:44,625 - CNN(
  (conv1): Conv1d(20, 20, kernel_size=(2,), stride=(1,))
  (relu): ReLU(inplace=True)
  (conv2): Conv1d(20, 20, kernel_size=(2,), stride=(1,))
  (conv3): Conv1d(20, 20, kernel_size=(2,), stride=(1,))
  (gmp): MaxPool1d(kernel_size=1, stride=1, padding=0, dilation=1, ceil_mode=False)
  (flatten): Flatten(start_dim=1, end_dim=-1)
  (fc1): Linear(in_features=36, out_features=64, bias=True)
  (fc2): Linear(in_features=64, out_features=2, bias=True)
)
2023-04-17 17:13:44,625 - This is for user7
2023-04-17 17:13:44,937 - Epoch:0/100,Train Accuracy:49.776119232177734%
2023-04-17 17:13:45,065 - Epoch:1/100,Train Accuracy:49.55223846435547%
2023-04-17 17:13:45,176 - Epoch:2/100,Train Accuracy:48.656715393066406%
2023-04-17 17:13:45,286 - Epoch:3/100,Train Accuracy:49.25373077392578%
2023-04-17 17:13:45,398 - Epoch:4/100,Train Accuracy:50.37313461303711%
2023-04-17 17:13:45,507 - Epoch:5/100,Train Accuracy:49.029850006103516%
2023-04-17 17:13:45,616 - Epoch:6/100,Train Accuracy:49.70149230957031%
2023-04-17 17:13:45,725 - Epoch:7/100,Train Accuracy:48.955223083496094%
2023-04-17 17:13:45,834 - Epoch:8/100,Train Accuracy:51.044776916503906%
2023-04-17 17:13:45,944 - Epoch:9/100,Train Accuracy:49.62686538696289%
2023-04-17 17:13:46,055 - Epoch:10/100,Train Accuracy:50.970149993896484%
2023-04-17 17:13:46,164 - Epoch:11/100,Train Accuracy:50.29850769042969%
2023-04-17 17:13:46,273 - Epoch:12/100,Train Accuracy:50.970149993896484%
2023-04-17 17:13:46,385 - Epoch:13/100,Train Accuracy:50.07462692260742%
2023-04-17 17:13:46,495 - Epoch:14/100,Train Accuracy:49.17910385131836%
2023-04-17 17:13:46,605 - Epoch:15/100,Train Accuracy:51.417911529541016%
2023-04-17 17:13:46,714 - Epoch:16/100,Train Accuracy:48.955223083496094%
2023-04-17 17:13:46,824 - Epoch:17/100,Train Accuracy:48.73134231567383%
2023-04-17 17:13:46,936 - Epoch:18/100,Train Accuracy:50.82089614868164%
2023-04-17 17:13:47,048 - Epoch:19/100,Train Accuracy:52.3880615234375%
2023-04-17 17:13:47,160 - Epoch:20/100,Train Accuracy:47.91044616699219%
2023-04-17 17:13:47,269 - Epoch:21/100,Train Accuracy:48.50746154785156%
2023-04-17 17:13:47,380 - Epoch:22/100,Train Accuracy:49.850746154785156%
2023-04-17 17:13:47,490 - Epoch:23/100,Train Accuracy:50.970149993896484%
2023-04-17 17:13:47,600 - Epoch:24/100,Train Accuracy:50.52238845825195%
2023-04-17 17:13:47,709 - Epoch:25/100,Train Accuracy:49.47761154174805%
2023-04-17 17:13:47,819 - Epoch:26/100,Train Accuracy:50.0%
2023-04-17 17:13:47,929 - Epoch:27/100,Train Accuracy:53.35820770263672%
2023-04-17 17:13:48,039 - Epoch:28/100,Train Accuracy:52.46268844604492%
2023-04-17 17:13:48,148 - Epoch:29/100,Train Accuracy:48.80596923828125%
2023-04-17 17:13:48,259 - Epoch:30/100,Train Accuracy:51.7164192199707%
2023-04-17 17:13:48,371 - Epoch:31/100,Train Accuracy:50.223880767822266%
2023-04-17 17:13:48,484 - Epoch:32/100,Train Accuracy:48.582088470458984%
2023-04-17 17:13:48,597 - Epoch:33/100,Train Accuracy:48.13432693481445%
2023-04-17 17:13:48,711 - Epoch:34/100,Train Accuracy:51.94029998779297%
2023-04-17 17:13:48,823 - Epoch:35/100,Train Accuracy:51.56716537475586%
2023-04-17 17:13:48,936 - Epoch:36/100,Train Accuracy:49.3283576965332%
2023-04-17 17:13:49,050 - Epoch:37/100,Train Accuracy:50.52238845825195%
2023-04-17 17:13:49,163 - Epoch:38/100,Train Accuracy:48.88059616088867%
2023-04-17 17:13:49,276 - Epoch:39/100,Train Accuracy:50.37313461303711%
2023-04-17 17:13:49,388 - Epoch:40/100,Train Accuracy:49.92537307739258%
2023-04-17 17:13:49,501 - Epoch:41/100,Train Accuracy:48.05970001220703%
2023-04-17 17:13:49,623 - Epoch:42/100,Train Accuracy:50.0%
2023-04-17 17:13:49,733 - Epoch:43/100,Train Accuracy:50.149253845214844%
2023-04-17 17:13:49,842 - Epoch:44/100,Train Accuracy:47.68656539916992%
2023-04-17 17:13:49,953 - Epoch:45/100,Train Accuracy:50.0%
2023-04-17 17:13:50,066 - Epoch:46/100,Train Accuracy:49.029850006103516%
2023-04-17 17:13:50,175 - Epoch:47/100,Train Accuracy:46.56716537475586%
2023-04-17 17:13:50,286 - Epoch:48/100,Train Accuracy:48.80596923828125%
2023-04-17 17:13:50,396 - Epoch:49/100,Train Accuracy:50.6716423034668%
2023-04-17 17:13:50,505 - Epoch:50/100,Train Accuracy:50.52238845825195%
2023-04-17 17:13:50,615 - Epoch:51/100,Train Accuracy:50.82089614868164%
2023-04-17 17:13:50,725 - Epoch:52/100,Train Accuracy:49.17910385131836%
2023-04-17 17:13:50,835 - Epoch:53/100,Train Accuracy:51.26865768432617%
2023-04-17 17:13:50,945 - Epoch:54/100,Train Accuracy:48.955223083496094%
2023-04-17 17:13:51,055 - Epoch:55/100,Train Accuracy:49.029850006103516%
2023-04-17 17:13:51,165 - Epoch:56/100,Train Accuracy:50.223880767822266%
2023-04-17 17:13:51,275 - Epoch:57/100,Train Accuracy:52.01492691040039%
2023-04-17 17:13:51,387 - Epoch:58/100,Train Accuracy:49.776119232177734%
2023-04-17 17:13:51,499 - Epoch:59/100,Train Accuracy:50.82089614868164%
2023-04-17 17:13:51,612 - Epoch:60/100,Train Accuracy:49.776119232177734%
2023-04-17 17:13:51,725 - Epoch:61/100,Train Accuracy:49.55223846435547%
2023-04-17 17:13:51,835 - Epoch:62/100,Train Accuracy:49.70149230957031%
2023-04-17 17:13:51,945 - Epoch:63/100,Train Accuracy:50.44776153564453%
2023-04-17 17:13:52,055 - Epoch:64/100,Train Accuracy:50.29850769042969%
2023-04-17 17:13:52,165 - Epoch:65/100,Train Accuracy:51.11940383911133%
2023-04-17 17:13:52,275 - Epoch:66/100,Train Accuracy:49.17910385131836%
2023-04-17 17:13:52,386 - Epoch:67/100,Train Accuracy:49.402984619140625%
2023-04-17 17:13:52,497 - Epoch:68/100,Train Accuracy:50.149253845214844%
2023-04-17 17:13:52,607 - Epoch:69/100,Train Accuracy:49.47761154174805%
2023-04-17 17:13:52,717 - Epoch:70/100,Train Accuracy:49.92537307739258%
2023-04-17 17:13:52,828 - Epoch:71/100,Train Accuracy:51.044776916503906%
2023-04-17 17:13:52,938 - Epoch:72/100,Train Accuracy:50.37313461303711%
2023-04-17 17:13:53,048 - Epoch:73/100,Train Accuracy:49.92537307739258%
2023-04-17 17:13:53,158 - Epoch:74/100,Train Accuracy:51.7164192199707%
2023-04-17 17:13:53,272 - Epoch:75/100,Train Accuracy:47.68656539916992%
2023-04-17 17:13:53,382 - Epoch:76/100,Train Accuracy:50.223880767822266%
2023-04-17 17:13:53,493 - Epoch:77/100,Train Accuracy:51.417911529541016%
2023-04-17 17:13:53,603 - Epoch:78/100,Train Accuracy:50.0%
2023-04-17 17:13:53,713 - Epoch:79/100,Train Accuracy:49.92537307739258%
2023-04-17 17:13:53,823 - Epoch:80/100,Train Accuracy:50.223880767822266%
2023-04-17 17:13:53,933 - Epoch:81/100,Train Accuracy:50.82089614868164%
2023-04-17 17:13:54,043 - Epoch:82/100,Train Accuracy:50.37313461303711%
2023-04-17 17:13:54,153 - Epoch:83/100,Train Accuracy:50.44776153564453%
2023-04-17 17:13:54,263 - Epoch:84/100,Train Accuracy:51.11940383911133%
2023-04-17 17:13:54,374 - Epoch:85/100,Train Accuracy:49.62686538696289%
2023-04-17 17:13:54,493 - Epoch:86/100,Train Accuracy:47.01492691040039%
2023-04-17 17:13:54,606 - Epoch:87/100,Train Accuracy:50.74626922607422%
2023-04-17 17:13:54,716 - Epoch:88/100,Train Accuracy:48.656715393066406%
2023-04-17 17:13:54,826 - Epoch:89/100,Train Accuracy:49.402984619140625%
2023-04-17 17:13:54,936 - Epoch:90/100,Train Accuracy:49.402984619140625%
2023-04-17 17:13:55,048 - Epoch:91/100,Train Accuracy:51.044776916503906%
2023-04-17 17:13:55,158 - Epoch:92/100,Train Accuracy:48.208953857421875%
2023-04-17 17:13:55,269 - Epoch:93/100,Train Accuracy:50.44776153564453%
2023-04-17 17:13:55,381 - Epoch:94/100,Train Accuracy:49.402984619140625%
2023-04-17 17:13:55,492 - Epoch:95/100,Train Accuracy:50.29850769042969%
2023-04-17 17:13:55,604 - Epoch:96/100,Train Accuracy:49.55223846435547%
2023-04-17 17:13:55,718 - Epoch:97/100,Train Accuracy:50.29850769042969%
2023-04-17 17:13:55,829 - Epoch:98/100,Train Accuracy:50.82089614868164%
2023-04-17 17:13:55,940 - Epoch:99/100,Train Accuracy:50.149253845214844%
2023-04-17 17:13:56,153 - 
Test set: Avg. loss: 0.0347, Accuracy: 339/660 (51.36%)

2023-04-17 17:13:56,156 - fpr:[0.         0.98119122 1.        ],tpr:[0.         0.97653959 1.        ],threshold:[2 1 0],auc:0.49767418343614117
2023-04-17 17:13:56,156 - This is for user9
2023-04-17 17:13:56,467 - Epoch:0/100,Train Accuracy:50.37313461303711%
2023-04-17 17:13:56,580 - Epoch:1/100,Train Accuracy:50.07462692260742%
2023-04-17 17:13:56,695 - Epoch:2/100,Train Accuracy:47.68656539916992%
2023-04-17 17:13:56,809 - Epoch:3/100,Train Accuracy:50.37313461303711%
2023-04-17 17:13:56,922 - Epoch:4/100,Train Accuracy:51.26865768432617%
2023-04-17 17:13:57,035 - Epoch:5/100,Train Accuracy:51.56716537475586%
2023-04-17 17:13:57,148 - Epoch:6/100,Train Accuracy:50.07462692260742%
2023-04-17 17:13:57,260 - Epoch:7/100,Train Accuracy:48.73134231567383%
2023-04-17 17:13:57,372 - Epoch:8/100,Train Accuracy:50.82089614868164%
2023-04-17 17:13:57,484 - Epoch:9/100,Train Accuracy:47.835819244384766%
2023-04-17 17:13:57,595 - Epoch:10/100,Train Accuracy:50.82089614868164%
2023-04-17 17:13:57,709 - Epoch:11/100,Train Accuracy:48.208953857421875%
2023-04-17 17:13:57,820 - Epoch:12/100,Train Accuracy:50.82089614868164%
2023-04-17 17:13:57,930 - Epoch:13/100,Train Accuracy:48.50746154785156%
2023-04-17 17:13:58,042 - Epoch:14/100,Train Accuracy:50.970149993896484%
2023-04-17 17:13:58,156 - Epoch:15/100,Train Accuracy:47.91044616699219%
2023-04-17 17:13:58,269 - Epoch:16/100,Train Accuracy:50.52238845825195%
2023-04-17 17:13:58,382 - Epoch:17/100,Train Accuracy:48.13432693481445%
2023-04-17 17:13:58,493 - Epoch:18/100,Train Accuracy:50.82089614868164%
2023-04-17 17:13:58,606 - Epoch:19/100,Train Accuracy:49.850746154785156%
2023-04-17 17:13:58,719 - Epoch:20/100,Train Accuracy:46.94029998779297%
2023-04-17 17:13:58,832 - Epoch:21/100,Train Accuracy:50.223880767822266%
2023-04-17 17:13:58,945 - Epoch:22/100,Train Accuracy:48.955223083496094%
2023-04-17 17:13:59,058 - Epoch:23/100,Train Accuracy:50.44776153564453%
2023-04-17 17:13:59,171 - Epoch:24/100,Train Accuracy:50.44776153564453%
2023-04-17 17:13:59,285 - Epoch:25/100,Train Accuracy:50.74626922607422%
2023-04-17 17:13:59,400 - Epoch:26/100,Train Accuracy:50.37313461303711%
2023-04-17 17:13:59,514 - Epoch:27/100,Train Accuracy:49.70149230957031%
2023-04-17 17:13:59,626 - Epoch:28/100,Train Accuracy:49.62686538696289%
2023-04-17 17:13:59,738 - Epoch:29/100,Train Accuracy:49.776119232177734%
2023-04-17 17:13:59,852 - Epoch:30/100,Train Accuracy:50.597015380859375%
2023-04-17 17:13:59,964 - Epoch:31/100,Train Accuracy:49.850746154785156%
2023-04-17 17:14:00,078 - Epoch:32/100,Train Accuracy:50.149253845214844%
2023-04-17 17:14:00,191 - Epoch:33/100,Train Accuracy:50.89552307128906%
2023-04-17 17:14:00,305 - Epoch:34/100,Train Accuracy:50.597015380859375%
2023-04-17 17:14:00,418 - Epoch:35/100,Train Accuracy:50.6716423034668%
2023-04-17 17:14:00,532 - Epoch:36/100,Train Accuracy:48.88059616088867%
2023-04-17 17:14:00,646 - Epoch:37/100,Train Accuracy:51.26865768432617%
2023-04-17 17:14:00,759 - Epoch:38/100,Train Accuracy:49.402984619140625%
2023-04-17 17:14:00,874 - Epoch:39/100,Train Accuracy:51.49253845214844%
2023-04-17 17:14:01,000 - Epoch:40/100,Train Accuracy:51.49253845214844%
2023-04-17 17:14:01,111 - Epoch:41/100,Train Accuracy:50.223880767822266%
2023-04-17 17:14:01,224 - Epoch:42/100,Train Accuracy:49.70149230957031%
2023-04-17 17:14:01,338 - Epoch:43/100,Train Accuracy:50.44776153564453%
2023-04-17 17:14:01,450 - Epoch:44/100,Train Accuracy:50.29850769042969%
2023-04-17 17:14:01,563 - Epoch:45/100,Train Accuracy:47.46268844604492%
2023-04-17 17:14:01,675 - Epoch:46/100,Train Accuracy:48.73134231567383%
2023-04-17 17:14:01,787 - Epoch:47/100,Train Accuracy:50.0%
2023-04-17 17:14:01,899 - Epoch:48/100,Train Accuracy:48.2835807800293%
2023-04-17 17:14:02,011 - Epoch:49/100,Train Accuracy:50.74626922607422%
2023-04-17 17:14:02,122 - Epoch:50/100,Train Accuracy:47.761192321777344%
2023-04-17 17:14:02,235 - Epoch:51/100,Train Accuracy:50.970149993896484%
2023-04-17 17:14:02,349 - Epoch:52/100,Train Accuracy:48.50746154785156%
2023-04-17 17:14:02,461 - Epoch:53/100,Train Accuracy:49.47761154174805%
2023-04-17 17:14:02,574 - Epoch:54/100,Train Accuracy:48.656715393066406%
2023-04-17 17:14:02,685 - Epoch:55/100,Train Accuracy:48.73134231567383%
2023-04-17 17:14:02,797 - Epoch:56/100,Train Accuracy:48.955223083496094%
2023-04-17 17:14:02,909 - Epoch:57/100,Train Accuracy:51.7164192199707%
2023-04-17 17:14:03,021 - Epoch:58/100,Train Accuracy:51.26865768432617%
2023-04-17 17:14:03,133 - Epoch:59/100,Train Accuracy:50.149253845214844%
2023-04-17 17:14:03,246 - Epoch:60/100,Train Accuracy:50.6716423034668%
2023-04-17 17:14:03,359 - Epoch:61/100,Train Accuracy:50.82089614868164%
2023-04-17 17:14:03,472 - Epoch:62/100,Train Accuracy:49.55223846435547%
2023-04-17 17:14:03,584 - Epoch:63/100,Train Accuracy:50.52238845825195%
2023-04-17 17:14:03,696 - Epoch:64/100,Train Accuracy:50.6716423034668%
2023-04-17 17:14:03,807 - Epoch:65/100,Train Accuracy:51.7164192199707%
2023-04-17 17:14:03,919 - Epoch:66/100,Train Accuracy:50.52238845825195%
2023-04-17 17:14:04,031 - Epoch:67/100,Train Accuracy:50.970149993896484%
2023-04-17 17:14:04,143 - Epoch:68/100,Train Accuracy:52.164180755615234%
2023-04-17 17:14:04,255 - Epoch:69/100,Train Accuracy:50.74626922607422%
2023-04-17 17:14:04,369 - Epoch:70/100,Train Accuracy:51.56716537475586%
2023-04-17 17:14:04,482 - Epoch:71/100,Train Accuracy:50.223880767822266%
2023-04-17 17:14:04,594 - Epoch:72/100,Train Accuracy:50.597015380859375%
2023-04-17 17:14:04,705 - Epoch:73/100,Train Accuracy:49.62686538696289%
2023-04-17 17:14:04,817 - Epoch:74/100,Train Accuracy:50.223880767822266%
2023-04-17 17:14:04,929 - Epoch:75/100,Train Accuracy:48.43283462524414%
2023-04-17 17:14:05,043 - Epoch:76/100,Train Accuracy:49.402984619140625%
2023-04-17 17:14:05,158 - Epoch:77/100,Train Accuracy:50.52238845825195%
2023-04-17 17:14:05,274 - Epoch:78/100,Train Accuracy:50.223880767822266%
2023-04-17 17:14:05,388 - Epoch:79/100,Train Accuracy:50.07462692260742%
2023-04-17 17:14:05,500 - Epoch:80/100,Train Accuracy:50.29850769042969%
2023-04-17 17:14:05,614 - Epoch:81/100,Train Accuracy:49.92537307739258%
2023-04-17 17:14:05,729 - Epoch:82/100,Train Accuracy:50.149253845214844%
2023-04-17 17:14:05,844 - Epoch:83/100,Train Accuracy:50.52238845825195%
2023-04-17 17:14:05,960 - Epoch:84/100,Train Accuracy:51.26865768432617%
2023-04-17 17:14:06,075 - Epoch:85/100,Train Accuracy:50.07462692260742%
2023-04-17 17:14:06,191 - Epoch:86/100,Train Accuracy:49.776119232177734%
2023-04-17 17:14:06,303 - Epoch:87/100,Train Accuracy:51.11940383911133%
2023-04-17 17:14:06,419 - Epoch:88/100,Train Accuracy:50.37313461303711%
2023-04-17 17:14:06,535 - Epoch:89/100,Train Accuracy:49.25373077392578%
2023-04-17 17:14:06,651 - Epoch:90/100,Train Accuracy:51.94029998779297%
2023-04-17 17:14:06,766 - Epoch:91/100,Train Accuracy:49.62686538696289%
2023-04-17 17:14:06,882 - Epoch:92/100,Train Accuracy:51.044776916503906%
2023-04-17 17:14:06,998 - Epoch:93/100,Train Accuracy:51.11940383911133%
2023-04-17 17:14:07,115 - Epoch:94/100,Train Accuracy:49.55223846435547%
2023-04-17 17:14:07,241 - Epoch:95/100,Train Accuracy:49.776119232177734%
2023-04-17 17:14:07,354 - Epoch:96/100,Train Accuracy:50.07462692260742%
2023-04-17 17:14:07,467 - Epoch:97/100,Train Accuracy:50.223880767822266%
2023-04-17 17:14:07,578 - Epoch:98/100,Train Accuracy:50.74626922607422%
2023-04-17 17:14:07,706 - Epoch:99/100,Train Accuracy:50.44776153564453%
2023-04-17 17:14:07,937 - 
Test set: Avg. loss: 0.0346, Accuracy: 339/660 (51.36%)

2023-04-17 17:14:07,940 - fpr:[0.         0.99059561 1.        ],tpr:[0.         0.98533724 1.        ],threshold:[2 1 0],auc:0.49737081605824657
2023-04-17 17:14:07,940 - This is for user12
