2023-04-05 22:14:10,524 - lr:0.001,weight_decay:0.01,batch_size:20
2023-04-05 22:14:10,524 - Multi_Scale_CNN(
  (conv1): Conv1d(20, 20, kernel_size=(1,), stride=(1,))
  (conv2): Conv1d(20, 20, kernel_size=(2,), stride=(1,))
  (conv3): Conv1d(20, 20, kernel_size=(3,), stride=(1,))
  (conv4): Conv1d(20, 20, kernel_size=(4,), stride=(1,))
  (fc1): Linear(in_features=150, out_features=1000, bias=True)
  (fc2): Linear(in_features=1000, out_features=2, bias=True)
)
2023-04-05 22:14:10,525 - This is for user7
2023-04-05 22:14:10,912 - Epoch:0/50,Train Accuracy:49.3283576965332%
2023-04-05 22:14:11,098 - Epoch:1/50,Train Accuracy:47.91044616699219%
2023-04-05 22:14:11,281 - Epoch:2/50,Train Accuracy:49.17910385131836%
2023-04-05 22:14:11,463 - Epoch:3/50,Train Accuracy:47.91044616699219%
2023-04-05 22:14:11,646 - Epoch:4/50,Train Accuracy:51.7164192199707%
2023-04-05 22:14:11,831 - Epoch:5/50,Train Accuracy:53.13432693481445%
2023-04-05 22:14:12,021 - Epoch:6/50,Train Accuracy:53.582088470458984%
2023-04-05 22:14:12,218 - Epoch:7/50,Train Accuracy:48.208953857421875%
2023-04-05 22:14:12,409 - Epoch:8/50,Train Accuracy:48.80596923828125%
2023-04-05 22:14:12,588 - Epoch:9/50,Train Accuracy:52.3880615234375%
2023-04-05 22:14:12,768 - Epoch:10/50,Train Accuracy:50.29850769042969%
2023-04-05 22:14:12,950 - Epoch:11/50,Train Accuracy:50.07462692260742%
2023-04-05 22:14:13,149 - Epoch:12/50,Train Accuracy:48.582088470458984%
2023-04-05 22:14:13,346 - Epoch:13/50,Train Accuracy:51.417911529541016%
2023-04-05 22:14:13,539 - Epoch:14/50,Train Accuracy:50.223880767822266%
2023-04-05 22:14:13,726 - Epoch:15/50,Train Accuracy:47.164180755615234%
2023-04-05 22:14:13,916 - Epoch:16/50,Train Accuracy:52.46268844604492%
2023-04-05 22:14:14,104 - Epoch:17/50,Train Accuracy:51.26865768432617%
2023-04-05 22:14:14,285 - Epoch:18/50,Train Accuracy:50.44776153564453%
2023-04-05 22:14:14,465 - Epoch:19/50,Train Accuracy:48.73134231567383%
2023-04-05 22:14:14,646 - Epoch:20/50,Train Accuracy:49.402984619140625%
2023-04-05 22:14:14,829 - Epoch:21/50,Train Accuracy:51.11940383911133%
2023-04-05 22:14:15,010 - Epoch:22/50,Train Accuracy:48.955223083496094%
2023-04-05 22:14:15,211 - Epoch:23/50,Train Accuracy:50.970149993896484%
2023-04-05 22:14:15,394 - Epoch:24/50,Train Accuracy:51.791046142578125%
2023-04-05 22:14:15,580 - Epoch:25/50,Train Accuracy:50.37313461303711%
2023-04-05 22:14:15,761 - Epoch:26/50,Train Accuracy:51.417911529541016%
2023-04-05 22:14:15,944 - Epoch:27/50,Train Accuracy:51.044776916503906%
2023-04-05 22:14:16,130 - Epoch:28/50,Train Accuracy:49.402984619140625%
2023-04-05 22:14:16,315 - Epoch:29/50,Train Accuracy:49.70149230957031%
2023-04-05 22:14:16,500 - Epoch:30/50,Train Accuracy:49.850746154785156%
2023-04-05 22:14:16,688 - Epoch:31/50,Train Accuracy:50.6716423034668%
2023-04-05 22:14:16,874 - Epoch:32/50,Train Accuracy:49.70149230957031%
2023-04-05 22:14:17,066 - Epoch:33/50,Train Accuracy:51.044776916503906%
2023-04-05 22:14:17,262 - Epoch:34/50,Train Accuracy:51.343284606933594%
2023-04-05 22:14:17,465 - Epoch:35/50,Train Accuracy:51.19403076171875%
2023-04-05 22:14:17,674 - Epoch:36/50,Train Accuracy:50.52238845825195%
2023-04-05 22:14:17,882 - Epoch:37/50,Train Accuracy:50.223880767822266%
2023-04-05 22:14:18,091 - Epoch:38/50,Train Accuracy:51.26865768432617%
2023-04-05 22:14:18,303 - Epoch:39/50,Train Accuracy:50.74626922607422%
2023-04-05 22:14:18,519 - Epoch:40/50,Train Accuracy:50.597015380859375%
2023-04-05 22:14:18,743 - Epoch:41/50,Train Accuracy:49.92537307739258%
2023-04-05 22:14:18,969 - Epoch:42/50,Train Accuracy:50.597015380859375%
2023-04-05 22:14:19,194 - Epoch:43/50,Train Accuracy:51.417911529541016%
2023-04-05 22:14:19,413 - Epoch:44/50,Train Accuracy:50.6716423034668%
2023-04-05 22:14:19,636 - Epoch:45/50,Train Accuracy:50.37313461303711%
2023-04-05 22:14:19,860 - Epoch:46/50,Train Accuracy:51.11940383911133%
2023-04-05 22:14:20,086 - Epoch:47/50,Train Accuracy:51.11940383911133%
2023-04-05 22:14:20,318 - Epoch:48/50,Train Accuracy:50.37313461303711%
2023-04-05 22:14:20,543 - Epoch:49/50,Train Accuracy:50.970149993896484%
2023-04-05 22:14:20,778 - 
Test set: Avg. loss: 0.1550, Accuracy: 326/660 (49.39%)

2023-04-05 22:14:20,781 - fpr:[0.         0.02194357 1.        ],tpr:[0.         0.04105572 1.        ],threshold:[2 1 0],auc:0.5095560724036808
2023-04-05 22:14:20,781 - This is for user9
2023-04-05 22:14:21,223 - Epoch:0/50,Train Accuracy:50.74626922607422%
2023-04-05 22:14:21,469 - Epoch:1/50,Train Accuracy:50.6716423034668%
2023-04-05 22:14:21,718 - Epoch:2/50,Train Accuracy:50.82089614868164%
2023-04-05 22:14:21,977 - Epoch:3/50,Train Accuracy:50.970149993896484%
2023-04-05 22:14:22,232 - Epoch:4/50,Train Accuracy:50.29850769042969%
2023-04-05 22:14:22,478 - Epoch:5/50,Train Accuracy:50.29850769042969%
2023-04-05 22:14:22,719 - Epoch:6/50,Train Accuracy:50.970149993896484%
2023-04-05 22:14:22,958 - Epoch:7/50,Train Accuracy:50.74626922607422%
2023-04-05 22:14:23,215 - Epoch:8/50,Train Accuracy:50.6716423034668%
2023-04-05 22:14:23,453 - Epoch:9/50,Train Accuracy:50.89552307128906%
2023-04-05 22:14:23,691 - Epoch:10/50,Train Accuracy:50.970149993896484%
2023-04-05 22:14:23,932 - Epoch:11/50,Train Accuracy:50.82089614868164%
2023-04-05 22:14:24,170 - Epoch:12/50,Train Accuracy:50.74626922607422%
2023-04-05 22:14:24,409 - Epoch:13/50,Train Accuracy:50.74626922607422%
2023-04-05 22:14:24,729 - Epoch:14/50,Train Accuracy:51.044776916503906%
2023-04-05 22:14:24,970 - Epoch:15/50,Train Accuracy:51.19403076171875%
2023-04-05 22:14:25,219 - Epoch:16/50,Train Accuracy:51.19403076171875%
2023-04-05 22:14:25,507 - Epoch:17/50,Train Accuracy:50.74626922607422%
2023-04-05 22:14:25,754 - Epoch:18/50,Train Accuracy:50.82089614868164%
2023-04-05 22:14:25,998 - Epoch:19/50,Train Accuracy:50.52238845825195%
2023-04-05 22:14:26,247 - Epoch:20/50,Train Accuracy:50.37313461303711%
2023-04-05 22:14:26,489 - Epoch:21/50,Train Accuracy:50.6716423034668%
2023-04-05 22:14:26,735 - Epoch:22/50,Train Accuracy:50.74626922607422%
2023-04-05 22:14:26,981 - Epoch:23/50,Train Accuracy:50.74626922607422%
2023-04-05 22:14:27,235 - Epoch:24/50,Train Accuracy:50.89552307128906%
2023-04-05 22:14:27,481 - Epoch:25/50,Train Accuracy:50.74626922607422%
2023-04-05 22:14:27,728 - Epoch:26/50,Train Accuracy:50.89552307128906%
2023-04-05 22:14:27,974 - Epoch:27/50,Train Accuracy:50.6716423034668%
2023-04-05 22:14:28,224 - Epoch:28/50,Train Accuracy:50.82089614868164%
2023-04-05 22:14:28,475 - Epoch:29/50,Train Accuracy:50.82089614868164%
2023-04-05 22:14:28,730 - Epoch:30/50,Train Accuracy:50.6716423034668%
2023-04-05 22:14:28,983 - Epoch:31/50,Train Accuracy:50.82089614868164%
2023-04-05 22:14:29,238 - Epoch:32/50,Train Accuracy:50.82089614868164%
2023-04-05 22:14:29,489 - Epoch:33/50,Train Accuracy:50.82089614868164%
2023-04-05 22:14:29,745 - Epoch:34/50,Train Accuracy:50.6716423034668%
2023-04-05 22:14:30,001 - Epoch:35/50,Train Accuracy:50.74626922607422%
2023-04-05 22:14:30,258 - Epoch:36/50,Train Accuracy:50.52238845825195%
2023-04-05 22:14:30,511 - Epoch:37/50,Train Accuracy:50.82089614868164%
2023-04-05 22:14:30,766 - Epoch:38/50,Train Accuracy:50.82089614868164%
2023-04-05 22:14:31,027 - Epoch:39/50,Train Accuracy:50.89552307128906%
2023-04-05 22:14:31,287 - Epoch:40/50,Train Accuracy:50.89552307128906%
2023-04-05 22:14:31,551 - Epoch:41/50,Train Accuracy:50.970149993896484%
2023-04-05 22:14:31,814 - Epoch:42/50,Train Accuracy:50.82089614868164%
2023-04-05 22:14:32,074 - Epoch:43/50,Train Accuracy:50.82089614868164%
2023-04-05 22:14:32,336 - Epoch:44/50,Train Accuracy:50.82089614868164%
2023-04-05 22:14:32,596 - Epoch:45/50,Train Accuracy:50.74626922607422%
2023-04-05 22:14:32,862 - Epoch:46/50,Train Accuracy:50.82089614868164%
2023-04-05 22:14:33,126 - Epoch:47/50,Train Accuracy:50.82089614868164%
2023-04-05 22:14:33,388 - Epoch:48/50,Train Accuracy:50.82089614868164%
2023-04-05 22:14:33,652 - Epoch:49/50,Train Accuracy:50.6716423034668%
2023-04-05 22:14:33,892 - 
Test set: Avg. loss: 0.0346, Accuracy: 320/660 (48.48%)

2023-04-05 22:14:33,896 - fpr:[0. 0. 1.],tpr:[0.         0.00293255 1.        ],threshold:[2 1 0],auc:0.501466275659824
2023-04-05 22:14:33,896 - This is for user12
2023-04-05 22:14:34,377 - Epoch:0/50,Train Accuracy:50.970149993896484%
2023-04-05 22:14:34,636 - Epoch:1/50,Train Accuracy:50.597015380859375%
2023-04-05 22:14:34,890 - Epoch:2/50,Train Accuracy:49.10447692871094%
2023-04-05 22:14:35,133 - Epoch:3/50,Train Accuracy:50.597015380859375%
2023-04-05 22:14:35,378 - Epoch:4/50,Train Accuracy:50.6716423034668%
2023-04-05 22:14:35,622 - Epoch:5/50,Train Accuracy:50.0%
2023-04-05 22:14:35,866 - Epoch:6/50,Train Accuracy:50.74626922607422%
2023-04-05 22:14:36,111 - Epoch:7/50,Train Accuracy:50.89552307128906%
2023-04-05 22:14:36,354 - Epoch:8/50,Train Accuracy:50.74626922607422%
2023-04-05 22:14:36,595 - Epoch:9/50,Train Accuracy:50.597015380859375%
2023-04-05 22:14:36,839 - Epoch:10/50,Train Accuracy:50.44776153564453%
2023-04-05 22:14:37,073 - Epoch:11/50,Train Accuracy:51.343284606933594%
2023-04-05 22:14:37,315 - Epoch:12/50,Train Accuracy:50.74626922607422%
2023-04-05 22:14:37,555 - Epoch:13/50,Train Accuracy:50.970149993896484%
2023-04-05 22:14:37,799 - Epoch:14/50,Train Accuracy:50.52238845825195%
2023-04-05 22:14:38,048 - Epoch:15/50,Train Accuracy:50.89552307128906%
2023-04-05 22:14:38,298 - Epoch:16/50,Train Accuracy:50.970149993896484%
2023-04-05 22:14:38,540 - Epoch:17/50,Train Accuracy:50.6716423034668%
2023-04-05 22:14:38,788 - Epoch:18/50,Train Accuracy:50.597015380859375%
2023-04-05 22:14:39,031 - Epoch:19/50,Train Accuracy:50.970149993896484%
2023-04-05 22:14:39,273 - Epoch:20/50,Train Accuracy:50.970149993896484%
2023-04-05 22:14:39,532 - Epoch:21/50,Train Accuracy:50.6716423034668%
2023-04-05 22:14:39,770 - Epoch:22/50,Train Accuracy:51.49253845214844%
2023-04-05 22:14:40,012 - Epoch:23/50,Train Accuracy:50.89552307128906%
2023-04-05 22:14:40,254 - Epoch:24/50,Train Accuracy:50.223880767822266%
2023-04-05 22:14:40,492 - Epoch:25/50,Train Accuracy:51.044776916503906%
2023-04-05 22:14:40,730 - Epoch:26/50,Train Accuracy:50.74626922607422%
2023-04-05 22:14:40,969 - Epoch:27/50,Train Accuracy:50.82089614868164%
2023-04-05 22:14:41,205 - Epoch:28/50,Train Accuracy:50.82089614868164%
2023-04-05 22:14:41,442 - Epoch:29/50,Train Accuracy:50.6716423034668%
2023-04-05 22:14:41,680 - Epoch:30/50,Train Accuracy:50.74626922607422%
2023-04-05 22:14:41,918 - Epoch:31/50,Train Accuracy:50.82089614868164%
2023-04-05 22:14:42,157 - Epoch:32/50,Train Accuracy:50.82089614868164%
2023-04-05 22:14:42,404 - Epoch:33/50,Train Accuracy:50.89552307128906%
2023-04-05 22:14:42,654 - Epoch:34/50,Train Accuracy:50.82089614868164%
2023-04-05 22:14:42,903 - Epoch:35/50,Train Accuracy:50.597015380859375%
2023-04-05 22:14:43,159 - Epoch:36/50,Train Accuracy:50.82089614868164%
2023-04-05 22:14:43,414 - Epoch:37/50,Train Accuracy:50.82089614868164%
2023-04-05 22:14:43,668 - Epoch:38/50,Train Accuracy:50.82089614868164%
2023-04-05 22:14:43,918 - Epoch:39/50,Train Accuracy:50.82089614868164%
2023-04-05 22:14:44,168 - Epoch:40/50,Train Accuracy:50.82089614868164%
2023-04-05 22:14:44,418 - Epoch:41/50,Train Accuracy:50.82089614868164%
2023-04-05 22:14:44,667 - Epoch:42/50,Train Accuracy:50.89552307128906%
2023-04-05 22:14:44,915 - Epoch:43/50,Train Accuracy:50.82089614868164%
2023-04-05 22:14:45,163 - Epoch:44/50,Train Accuracy:50.74626922607422%
2023-04-05 22:14:45,412 - Epoch:45/50,Train Accuracy:50.82089614868164%
2023-04-05 22:14:45,689 - Epoch:46/50,Train Accuracy:50.82089614868164%
2023-04-05 22:14:45,943 - Epoch:47/50,Train Accuracy:50.74626922607422%
2023-04-05 22:14:46,198 - Epoch:48/50,Train Accuracy:50.82089614868164%
2023-04-05 22:14:46,448 - Epoch:49/50,Train Accuracy:50.82089614868164%
2023-04-05 22:14:46,679 - 
Test set: Avg. loss: 0.3356, Accuracy: 319/660 (48.33%)

2023-04-05 22:14:46,682 - fpr:[0. 1.],tpr:[0. 1.],threshold:[1 0],auc:0.5
2023-04-05 22:14:46,682 - This is for user15
2023-04-05 22:14:47,138 - Epoch:0/50,Train Accuracy:50.89552307128906%
2023-04-05 22:14:47,387 - Epoch:1/50,Train Accuracy:50.82089614868164%
2023-04-05 22:14:47,636 - Epoch:2/50,Train Accuracy:50.82089614868164%
2023-04-05 22:14:47,884 - Epoch:3/50,Train Accuracy:50.82089614868164%
2023-04-05 22:14:48,139 - Epoch:4/50,Train Accuracy:50.74626922607422%
2023-04-05 22:14:48,390 - Epoch:5/50,Train Accuracy:50.82089614868164%
2023-04-05 22:14:48,643 - Epoch:6/50,Train Accuracy:50.82089614868164%
2023-04-05 22:14:48,894 - Epoch:7/50,Train Accuracy:50.82089614868164%
2023-04-05 22:14:49,150 - Epoch:8/50,Train Accuracy:50.82089614868164%
2023-04-05 22:14:49,404 - Epoch:9/50,Train Accuracy:50.82089614868164%
2023-04-05 22:14:49,658 - Epoch:10/50,Train Accuracy:50.82089614868164%
2023-04-05 22:14:49,919 - Epoch:11/50,Train Accuracy:50.82089614868164%
2023-04-05 22:14:50,184 - Epoch:12/50,Train Accuracy:50.82089614868164%
2023-04-05 22:14:50,451 - Epoch:13/50,Train Accuracy:50.82089614868164%
2023-04-05 22:14:50,715 - Epoch:14/50,Train Accuracy:50.82089614868164%
2023-04-05 22:14:50,980 - Epoch:15/50,Train Accuracy:50.82089614868164%
2023-04-05 22:14:51,239 - Epoch:16/50,Train Accuracy:50.82089614868164%
2023-04-05 22:14:51,494 - Epoch:17/50,Train Accuracy:50.82089614868164%
2023-04-05 22:14:51,768 - Epoch:18/50,Train Accuracy:50.82089614868164%
2023-04-05 22:14:52,027 - Epoch:19/50,Train Accuracy:50.82089614868164%
2023-04-05 22:14:52,285 - Epoch:20/50,Train Accuracy:50.82089614868164%
2023-04-05 22:14:52,539 - Epoch:21/50,Train Accuracy:50.82089614868164%
2023-04-05 22:14:52,791 - Epoch:22/50,Train Accuracy:50.82089614868164%
2023-04-05 22:14:53,053 - Epoch:23/50,Train Accuracy:50.82089614868164%
2023-04-05 22:14:53,305 - Epoch:24/50,Train Accuracy:50.82089614868164%
2023-04-05 22:14:53,557 - Epoch:25/50,Train Accuracy:50.82089614868164%
2023-04-05 22:14:53,807 - Epoch:26/50,Train Accuracy:50.82089614868164%
2023-04-05 22:14:54,068 - Epoch:27/50,Train Accuracy:50.82089614868164%
2023-04-05 22:14:54,341 - Epoch:28/50,Train Accuracy:50.82089614868164%
2023-04-05 22:14:54,618 - Epoch:29/50,Train Accuracy:50.82089614868164%
2023-04-05 22:14:54,887 - Epoch:30/50,Train Accuracy:50.82089614868164%
2023-04-05 22:14:55,150 - Epoch:31/50,Train Accuracy:50.82089614868164%
2023-04-05 22:14:55,426 - Epoch:32/50,Train Accuracy:50.82089614868164%
2023-04-05 22:14:55,697 - Epoch:33/50,Train Accuracy:50.82089614868164%
2023-04-05 22:14:55,958 - Epoch:34/50,Train Accuracy:50.82089614868164%
2023-04-05 22:14:56,220 - Epoch:35/50,Train Accuracy:50.82089614868164%
2023-04-05 22:14:56,484 - Epoch:36/50,Train Accuracy:50.89552307128906%
2023-04-05 22:14:56,763 - Epoch:37/50,Train Accuracy:50.82089614868164%
2023-04-05 22:14:57,021 - Epoch:38/50,Train Accuracy:50.82089614868164%
2023-04-05 22:14:57,300 - Epoch:39/50,Train Accuracy:50.82089614868164%
2023-04-05 22:14:57,559 - Epoch:40/50,Train Accuracy:50.82089614868164%
2023-04-05 22:14:57,815 - Epoch:41/50,Train Accuracy:50.82089614868164%
2023-04-05 22:14:58,069 - Epoch:42/50,Train Accuracy:50.82089614868164%
2023-04-05 22:14:58,318 - Epoch:43/50,Train Accuracy:50.82089614868164%
2023-04-05 22:14:58,570 - Epoch:44/50,Train Accuracy:50.82089614868164%
2023-04-05 22:14:58,827 - Epoch:45/50,Train Accuracy:50.82089614868164%
2023-04-05 22:14:59,088 - Epoch:46/50,Train Accuracy:50.82089614868164%
2023-04-05 22:14:59,348 - Epoch:47/50,Train Accuracy:50.82089614868164%
2023-04-05 22:14:59,607 - Epoch:48/50,Train Accuracy:50.82089614868164%
2023-04-05 22:14:59,867 - Epoch:49/50,Train Accuracy:50.82089614868164%
2023-04-05 22:15:00,105 - 
Test set: Avg. loss: 0.1005, Accuracy: 319/660 (48.33%)

2023-04-05 22:15:00,108 - fpr:[0. 1.],tpr:[0. 1.],threshold:[1 0],auc:0.5
2023-04-05 22:15:00,108 - This is for user16
2023-04-05 22:15:00,569 - Epoch:0/50,Train Accuracy:50.82089614868164%
2023-04-05 22:15:00,822 - Epoch:1/50,Train Accuracy:50.82089614868164%
2023-04-05 22:15:01,075 - Epoch:2/50,Train Accuracy:50.82089614868164%
2023-04-05 22:15:01,328 - Epoch:3/50,Train Accuracy:50.82089614868164%
2023-04-05 22:15:01,585 - Epoch:4/50,Train Accuracy:50.82089614868164%
2023-04-05 22:15:01,844 - Epoch:5/50,Train Accuracy:50.82089614868164%
2023-04-05 22:15:02,104 - Epoch:6/50,Train Accuracy:50.82089614868164%
2023-04-05 22:15:02,361 - Epoch:7/50,Train Accuracy:50.82089614868164%
2023-04-05 22:15:02,616 - Epoch:8/50,Train Accuracy:50.82089614868164%
2023-04-05 22:15:02,872 - Epoch:9/50,Train Accuracy:50.82089614868164%
2023-04-05 22:15:03,130 - Epoch:10/50,Train Accuracy:50.82089614868164%
2023-04-05 22:15:03,382 - Epoch:11/50,Train Accuracy:50.82089614868164%
2023-04-05 22:15:03,636 - Epoch:12/50,Train Accuracy:50.82089614868164%
2023-04-05 22:15:03,894 - Epoch:13/50,Train Accuracy:50.82089614868164%
2023-04-05 22:15:04,155 - Epoch:14/50,Train Accuracy:50.82089614868164%
2023-04-05 22:15:04,413 - Epoch:15/50,Train Accuracy:50.82089614868164%
2023-04-05 22:15:04,671 - Epoch:16/50,Train Accuracy:50.82089614868164%
2023-04-05 22:15:04,929 - Epoch:17/50,Train Accuracy:50.82089614868164%
2023-04-05 22:15:05,187 - Epoch:18/50,Train Accuracy:50.82089614868164%
2023-04-05 22:15:05,443 - Epoch:19/50,Train Accuracy:50.82089614868164%
2023-04-05 22:15:05,707 - Epoch:20/50,Train Accuracy:50.82089614868164%
2023-04-05 22:15:05,974 - Epoch:21/50,Train Accuracy:50.82089614868164%
2023-04-05 22:15:06,243 - Epoch:22/50,Train Accuracy:50.82089614868164%
2023-04-05 22:15:06,508 - Epoch:23/50,Train Accuracy:50.82089614868164%
2023-04-05 22:15:06,777 - Epoch:24/50,Train Accuracy:50.82089614868164%
2023-04-05 22:15:07,044 - Epoch:25/50,Train Accuracy:50.82089614868164%
2023-04-05 22:15:07,310 - Epoch:26/50,Train Accuracy:50.82089614868164%
2023-04-05 22:15:07,576 - Epoch:27/50,Train Accuracy:50.82089614868164%
2023-04-05 22:15:07,841 - Epoch:28/50,Train Accuracy:50.82089614868164%
2023-04-05 22:15:08,102 - Epoch:29/50,Train Accuracy:50.82089614868164%
2023-04-05 22:15:08,362 - Epoch:30/50,Train Accuracy:50.82089614868164%
2023-04-05 22:15:08,616 - Epoch:31/50,Train Accuracy:50.82089614868164%
2023-04-05 22:15:08,870 - Epoch:32/50,Train Accuracy:50.82089614868164%
2023-04-05 22:15:09,123 - Epoch:33/50,Train Accuracy:50.82089614868164%
2023-04-05 22:15:09,376 - Epoch:34/50,Train Accuracy:50.82089614868164%
2023-04-05 22:15:09,639 - Epoch:35/50,Train Accuracy:50.82089614868164%
2023-04-05 22:15:09,901 - Epoch:36/50,Train Accuracy:50.82089614868164%
2023-04-05 22:15:10,164 - Epoch:37/50,Train Accuracy:50.82089614868164%
2023-04-05 22:15:10,424 - Epoch:38/50,Train Accuracy:50.82089614868164%
2023-04-05 22:15:10,686 - Epoch:39/50,Train Accuracy:50.82089614868164%
2023-04-05 22:15:10,948 - Epoch:40/50,Train Accuracy:50.82089614868164%
2023-04-05 22:15:11,212 - Epoch:41/50,Train Accuracy:50.82089614868164%
2023-04-05 22:15:11,474 - Epoch:42/50,Train Accuracy:50.82089614868164%
2023-04-05 22:15:11,737 - Epoch:43/50,Train Accuracy:50.82089614868164%
2023-04-05 22:15:12,000 - Epoch:44/50,Train Accuracy:50.82089614868164%
2023-04-05 22:15:12,261 - Epoch:45/50,Train Accuracy:50.82089614868164%
2023-04-05 22:15:12,523 - Epoch:46/50,Train Accuracy:50.82089614868164%
2023-04-05 22:15:12,784 - Epoch:47/50,Train Accuracy:50.82089614868164%
2023-04-05 22:15:13,045 - Epoch:48/50,Train Accuracy:50.82089614868164%
2023-04-05 22:15:13,307 - Epoch:49/50,Train Accuracy:50.82089614868164%
2023-04-05 22:15:13,542 - 
Test set: Avg. loss: 0.0685, Accuracy: 319/660 (48.33%)

2023-04-05 22:15:13,545 - fpr:[0. 1.],tpr:[0. 1.],threshold:[1 0],auc:0.5
2023-04-05 22:15:13,545 - This is for user20
2023-04-05 22:15:14,018 - Epoch:0/50,Train Accuracy:50.82089614868164%
2023-04-05 22:15:14,278 - Epoch:1/50,Train Accuracy:50.82089614868164%
2023-04-05 22:15:14,534 - Epoch:2/50,Train Accuracy:50.82089614868164%
2023-04-05 22:15:14,792 - Epoch:3/50,Train Accuracy:50.82089614868164%
2023-04-05 22:15:15,050 - Epoch:4/50,Train Accuracy:50.82089614868164%
2023-04-05 22:15:15,324 - Epoch:5/50,Train Accuracy:50.82089614868164%
2023-04-05 22:15:15,579 - Epoch:6/50,Train Accuracy:50.82089614868164%
2023-04-05 22:15:15,842 - Epoch:7/50,Train Accuracy:50.82089614868164%
2023-04-05 22:15:16,100 - Epoch:8/50,Train Accuracy:50.82089614868164%
2023-04-05 22:15:16,365 - Epoch:9/50,Train Accuracy:50.82089614868164%
2023-04-05 22:15:16,626 - Epoch:10/50,Train Accuracy:50.82089614868164%
2023-04-05 22:15:16,881 - Epoch:11/50,Train Accuracy:50.82089614868164%
2023-04-05 22:15:17,151 - Epoch:12/50,Train Accuracy:50.82089614868164%
2023-04-05 22:15:17,418 - Epoch:13/50,Train Accuracy:50.82089614868164%
2023-04-05 22:15:17,677 - Epoch:14/50,Train Accuracy:50.82089614868164%
2023-04-05 22:15:17,933 - Epoch:15/50,Train Accuracy:50.82089614868164%
2023-04-05 22:15:18,195 - Epoch:16/50,Train Accuracy:50.82089614868164%
2023-04-05 22:15:18,456 - Epoch:17/50,Train Accuracy:50.82089614868164%
2023-04-05 22:15:18,720 - Epoch:18/50,Train Accuracy:50.82089614868164%
2023-04-05 22:15:18,981 - Epoch:19/50,Train Accuracy:50.82089614868164%
2023-04-05 22:15:19,261 - Epoch:20/50,Train Accuracy:50.82089614868164%
2023-04-05 22:15:19,522 - Epoch:21/50,Train Accuracy:50.82089614868164%
2023-04-05 22:15:19,786 - Epoch:22/50,Train Accuracy:50.82089614868164%
2023-04-05 22:15:20,044 - Epoch:23/50,Train Accuracy:50.82089614868164%
2023-04-05 22:15:20,303 - Epoch:24/50,Train Accuracy:50.82089614868164%
2023-04-05 22:15:20,568 - Epoch:25/50,Train Accuracy:50.82089614868164%
2023-04-05 22:15:20,834 - Epoch:26/50,Train Accuracy:50.82089614868164%
2023-04-05 22:15:21,098 - Epoch:27/50,Train Accuracy:50.82089614868164%
2023-04-05 22:15:21,359 - Epoch:28/50,Train Accuracy:50.82089614868164%
2023-04-05 22:15:21,615 - Epoch:29/50,Train Accuracy:50.82089614868164%
2023-04-05 22:15:21,875 - Epoch:30/50,Train Accuracy:50.82089614868164%
2023-04-05 22:15:22,137 - Epoch:31/50,Train Accuracy:50.82089614868164%
2023-04-05 22:15:22,396 - Epoch:32/50,Train Accuracy:50.82089614868164%
2023-04-05 22:15:22,653 - Epoch:33/50,Train Accuracy:50.82089614868164%
2023-04-05 22:15:22,910 - Epoch:34/50,Train Accuracy:50.82089614868164%
2023-04-05 22:15:23,167 - Epoch:35/50,Train Accuracy:50.82089614868164%
2023-04-05 22:15:23,420 - Epoch:36/50,Train Accuracy:50.82089614868164%
2023-04-05 22:15:23,672 - Epoch:37/50,Train Accuracy:50.82089614868164%
2023-04-05 22:15:23,924 - Epoch:38/50,Train Accuracy:50.82089614868164%
2023-04-05 22:15:24,177 - Epoch:39/50,Train Accuracy:50.82089614868164%
2023-04-05 22:15:24,430 - Epoch:40/50,Train Accuracy:50.82089614868164%
2023-04-05 22:15:24,684 - Epoch:41/50,Train Accuracy:50.82089614868164%
2023-04-05 22:15:24,938 - Epoch:42/50,Train Accuracy:50.82089614868164%
2023-04-05 22:15:25,189 - Epoch:43/50,Train Accuracy:50.82089614868164%
2023-04-05 22:15:25,447 - Epoch:44/50,Train Accuracy:50.82089614868164%
2023-04-05 22:15:25,705 - Epoch:45/50,Train Accuracy:50.82089614868164%
2023-04-05 22:15:25,962 - Epoch:46/50,Train Accuracy:50.82089614868164%
2023-04-05 22:15:26,218 - Epoch:47/50,Train Accuracy:50.82089614868164%
2023-04-05 22:15:26,474 - Epoch:48/50,Train Accuracy:50.82089614868164%
2023-04-05 22:15:26,732 - Epoch:49/50,Train Accuracy:50.82089614868164%
2023-04-05 22:15:26,963 - 
Test set: Avg. loss: 0.0814, Accuracy: 319/660 (48.33%)

2023-04-05 22:15:26,966 - fpr:[0. 1.],tpr:[0. 1.],threshold:[1 0],auc:0.5
2023-04-05 22:15:26,966 - This is for user21
2023-04-05 22:15:27,436 - Epoch:0/50,Train Accuracy:50.82089614868164%
2023-04-05 22:15:27,696 - Epoch:1/50,Train Accuracy:50.82089614868164%
2023-04-05 22:15:27,954 - Epoch:2/50,Train Accuracy:50.82089614868164%
2023-04-05 22:15:28,207 - Epoch:3/50,Train Accuracy:50.82089614868164%
2023-04-05 22:15:28,459 - Epoch:4/50,Train Accuracy:50.74626922607422%
2023-04-05 22:15:28,707 - Epoch:5/50,Train Accuracy:50.82089614868164%
2023-04-05 22:15:28,959 - Epoch:6/50,Train Accuracy:50.82089614868164%
2023-04-05 22:15:29,209 - Epoch:7/50,Train Accuracy:50.82089614868164%
2023-04-05 22:15:29,459 - Epoch:8/50,Train Accuracy:50.82089614868164%
2023-04-05 22:15:29,710 - Epoch:9/50,Train Accuracy:50.82089614868164%
2023-04-05 22:15:29,959 - Epoch:10/50,Train Accuracy:50.82089614868164%
2023-04-05 22:15:30,209 - Epoch:11/50,Train Accuracy:50.82089614868164%
2023-04-05 22:15:30,458 - Epoch:12/50,Train Accuracy:50.82089614868164%
2023-04-05 22:15:30,710 - Epoch:13/50,Train Accuracy:50.82089614868164%
2023-04-05 22:15:30,961 - Epoch:14/50,Train Accuracy:50.82089614868164%
2023-04-05 22:15:31,216 - Epoch:15/50,Train Accuracy:50.82089614868164%
2023-04-05 22:15:31,474 - Epoch:16/50,Train Accuracy:50.82089614868164%
2023-04-05 22:15:31,735 - Epoch:17/50,Train Accuracy:50.82089614868164%
2023-04-05 22:15:31,993 - Epoch:18/50,Train Accuracy:50.82089614868164%
2023-04-05 22:15:32,251 - Epoch:19/50,Train Accuracy:50.82089614868164%
2023-04-05 22:15:32,506 - Epoch:20/50,Train Accuracy:50.82089614868164%
2023-04-05 22:15:32,759 - Epoch:21/50,Train Accuracy:50.82089614868164%
2023-04-05 22:15:33,018 - Epoch:22/50,Train Accuracy:50.82089614868164%
2023-04-05 22:15:33,279 - Epoch:23/50,Train Accuracy:50.82089614868164%
2023-04-05 22:15:33,539 - Epoch:24/50,Train Accuracy:50.82089614868164%
2023-04-05 22:15:33,801 - Epoch:25/50,Train Accuracy:50.82089614868164%
2023-04-05 22:15:34,063 - Epoch:26/50,Train Accuracy:50.82089614868164%
2023-04-05 22:15:34,329 - Epoch:27/50,Train Accuracy:50.82089614868164%
2023-04-05 22:15:34,591 - Epoch:28/50,Train Accuracy:50.82089614868164%
2023-04-05 22:15:34,854 - Epoch:29/50,Train Accuracy:50.82089614868164%
2023-04-05 22:15:35,117 - Epoch:30/50,Train Accuracy:50.82089614868164%
2023-04-05 22:15:35,403 - Epoch:31/50,Train Accuracy:50.82089614868164%
2023-04-05 22:15:35,671 - Epoch:32/50,Train Accuracy:50.82089614868164%
2023-04-05 22:15:35,938 - Epoch:33/50,Train Accuracy:50.82089614868164%
2023-04-05 22:15:36,201 - Epoch:34/50,Train Accuracy:50.82089614868164%
2023-04-05 22:15:36,472 - Epoch:35/50,Train Accuracy:50.82089614868164%
2023-04-05 22:15:36,737 - Epoch:36/50,Train Accuracy:50.82089614868164%
2023-04-05 22:15:37,002 - Epoch:37/50,Train Accuracy:50.82089614868164%
2023-04-05 22:15:37,305 - Epoch:38/50,Train Accuracy:50.82089614868164%
2023-04-05 22:15:37,605 - Epoch:39/50,Train Accuracy:50.82089614868164%
2023-04-05 22:15:37,896 - Epoch:40/50,Train Accuracy:50.82089614868164%
2023-04-05 22:15:38,152 - Epoch:41/50,Train Accuracy:50.82089614868164%
2023-04-05 22:15:38,409 - Epoch:42/50,Train Accuracy:50.82089614868164%
2023-04-05 22:15:38,668 - Epoch:43/50,Train Accuracy:50.82089614868164%
2023-04-05 22:15:38,928 - Epoch:44/50,Train Accuracy:50.82089614868164%
2023-04-05 22:15:39,190 - Epoch:45/50,Train Accuracy:50.82089614868164%
2023-04-05 22:15:39,465 - Epoch:46/50,Train Accuracy:50.82089614868164%
2023-04-05 22:15:39,722 - Epoch:47/50,Train Accuracy:50.82089614868164%
2023-04-05 22:15:39,981 - Epoch:48/50,Train Accuracy:50.82089614868164%
2023-04-05 22:15:40,241 - Epoch:49/50,Train Accuracy:50.82089614868164%
2023-04-05 22:15:40,472 - 
Test set: Avg. loss: 0.0347, Accuracy: 319/660 (48.33%)

2023-04-05 22:15:40,475 - fpr:[0. 1.],tpr:[0. 1.],threshold:[1 0],auc:0.5
2023-04-05 22:15:40,475 - This is for user23
2023-04-05 22:15:41,090 - Epoch:0/50,Train Accuracy:50.82089614868164%
2023-04-05 22:15:41,376 - Epoch:1/50,Train Accuracy:50.82089614868164%
2023-04-05 22:15:41,664 - Epoch:2/50,Train Accuracy:50.82089614868164%
2023-04-05 22:15:41,940 - Epoch:3/50,Train Accuracy:50.82089614868164%
2023-04-05 22:15:42,195 - Epoch:4/50,Train Accuracy:50.82089614868164%
2023-04-05 22:15:42,451 - Epoch:5/50,Train Accuracy:50.82089614868164%
2023-04-05 22:15:42,710 - Epoch:6/50,Train Accuracy:50.82089614868164%
2023-04-05 22:15:42,983 - Epoch:7/50,Train Accuracy:50.82089614868164%
2023-04-05 22:15:43,242 - Epoch:8/50,Train Accuracy:50.82089614868164%
2023-04-05 22:15:43,506 - Epoch:9/50,Train Accuracy:50.82089614868164%
2023-04-05 22:15:43,772 - Epoch:10/50,Train Accuracy:50.82089614868164%
2023-04-05 22:15:44,036 - Epoch:11/50,Train Accuracy:50.82089614868164%
2023-04-05 22:15:44,318 - Epoch:12/50,Train Accuracy:50.82089614868164%
2023-04-05 22:15:44,614 - Epoch:13/50,Train Accuracy:50.82089614868164%
2023-04-05 22:15:44,914 - Epoch:14/50,Train Accuracy:50.82089614868164%
2023-04-05 22:15:45,217 - Epoch:15/50,Train Accuracy:50.82089614868164%
2023-04-05 22:15:45,513 - Epoch:16/50,Train Accuracy:50.82089614868164%
2023-04-05 22:15:45,789 - Epoch:17/50,Train Accuracy:50.82089614868164%
2023-04-05 22:15:46,045 - Epoch:18/50,Train Accuracy:50.82089614868164%
2023-04-05 22:15:46,302 - Epoch:19/50,Train Accuracy:50.82089614868164%
2023-04-05 22:15:46,672 - Epoch:20/50,Train Accuracy:50.82089614868164%
2023-04-05 22:15:46,935 - Epoch:21/50,Train Accuracy:50.82089614868164%
2023-04-05 22:15:47,198 - Epoch:22/50,Train Accuracy:50.82089614868164%
2023-04-05 22:15:47,459 - Epoch:23/50,Train Accuracy:50.82089614868164%
2023-04-05 22:15:47,723 - Epoch:24/50,Train Accuracy:50.82089614868164%
2023-04-05 22:15:47,987 - Epoch:25/50,Train Accuracy:50.82089614868164%
2023-04-05 22:15:48,249 - Epoch:26/50,Train Accuracy:50.82089614868164%
2023-04-05 22:15:48,509 - Epoch:27/50,Train Accuracy:50.82089614868164%
2023-04-05 22:15:48,769 - Epoch:28/50,Train Accuracy:50.82089614868164%
2023-04-05 22:15:49,032 - Epoch:29/50,Train Accuracy:50.82089614868164%
2023-04-05 22:15:49,295 - Epoch:30/50,Train Accuracy:50.82089614868164%
2023-04-05 22:15:49,558 - Epoch:31/50,Train Accuracy:50.82089614868164%
2023-04-05 22:15:49,821 - Epoch:32/50,Train Accuracy:50.82089614868164%
2023-04-05 22:15:50,084 - Epoch:33/50,Train Accuracy:50.82089614868164%
