2023-04-06 16:23:32,717 - lr:1e-05,weight_decay:0.01,batch_size:20
2023-04-06 16:23:32,717 - FullConnect(
  (linear1): Linear(in_features=39, out_features=64, bias=True)
  (linear2): Linear(in_features=64, out_features=128, bias=True)
  (linear3): Linear(in_features=128, out_features=256, bias=True)
  (linear4): Linear(in_features=256, out_features=128, bias=True)
  (linear5): Linear(in_features=128, out_features=64, bias=True)
  (linear11): Linear(in_features=64, out_features=2, bias=True)
  (relu): ReLU()
)
2023-04-06 16:23:32,717 - This is for user7
2023-04-06 16:23:33,095 - Epoch:0/300,Train Accuracy:50.82089614868164%
2023-04-06 16:23:33,263 - Epoch:1/300,Train Accuracy:50.82089614868164%
2023-04-06 16:23:33,432 - Epoch:2/300,Train Accuracy:50.82089614868164%
2023-04-06 16:23:33,602 - Epoch:3/300,Train Accuracy:50.82089614868164%
2023-04-06 16:23:33,774 - Epoch:4/300,Train Accuracy:50.82089614868164%
2023-04-06 16:23:34,019 - Epoch:5/300,Train Accuracy:50.82089614868164%
2023-04-06 16:23:34,190 - Epoch:6/300,Train Accuracy:50.89552307128906%
2023-04-06 16:23:34,361 - Epoch:7/300,Train Accuracy:51.044776916503906%
2023-04-06 16:23:34,532 - Epoch:8/300,Train Accuracy:50.82089614868164%
2023-04-06 16:23:34,701 - Epoch:9/300,Train Accuracy:51.417911529541016%
2023-04-06 16:23:34,872 - Epoch:10/300,Train Accuracy:52.238807678222656%
2023-04-06 16:23:35,039 - Epoch:11/300,Train Accuracy:53.05970001220703%
2023-04-06 16:23:35,208 - Epoch:12/300,Train Accuracy:55.07462692260742%
2023-04-06 16:23:35,375 - Epoch:13/300,Train Accuracy:57.46268844604492%
2023-04-06 16:23:35,544 - Epoch:14/300,Train Accuracy:59.850746154785156%
2023-04-06 16:23:35,710 - Epoch:15/300,Train Accuracy:61.11940383911133%
2023-04-06 16:23:35,874 - Epoch:16/300,Train Accuracy:63.656715393066406%
2023-04-06 16:23:36,038 - Epoch:17/300,Train Accuracy:65.29850769042969%
2023-04-06 16:23:36,207 - Epoch:18/300,Train Accuracy:66.19403076171875%
2023-04-06 16:23:36,372 - Epoch:19/300,Train Accuracy:67.46268463134766%
2023-04-06 16:23:36,554 - Epoch:20/300,Train Accuracy:67.68656921386719%
2023-04-06 16:23:36,720 - Epoch:21/300,Train Accuracy:68.7313461303711%
2023-04-06 16:23:36,882 - Epoch:22/300,Train Accuracy:68.6567153930664%
2023-04-06 16:23:37,045 - Epoch:23/300,Train Accuracy:70.37313079833984%
2023-04-06 16:23:37,209 - Epoch:24/300,Train Accuracy:70.44776153564453%
2023-04-06 16:23:37,371 - Epoch:25/300,Train Accuracy:70.82089233398438%
2023-04-06 16:23:37,534 - Epoch:26/300,Train Accuracy:71.19403076171875%
2023-04-06 16:23:37,698 - Epoch:27/300,Train Accuracy:73.13433074951172%
2023-04-06 16:23:37,859 - Epoch:28/300,Train Accuracy:72.16417694091797%
2023-04-06 16:23:38,020 - Epoch:29/300,Train Accuracy:73.13433074951172%
2023-04-06 16:23:38,181 - Epoch:30/300,Train Accuracy:72.98507690429688%
2023-04-06 16:23:38,345 - Epoch:31/300,Train Accuracy:73.28358459472656%
2023-04-06 16:23:38,508 - Epoch:32/300,Train Accuracy:74.32836151123047%
2023-04-06 16:23:38,669 - Epoch:33/300,Train Accuracy:73.7313461303711%
2023-04-06 16:23:38,830 - Epoch:34/300,Train Accuracy:74.17910766601562%
2023-04-06 16:23:38,990 - Epoch:35/300,Train Accuracy:74.62686920166016%
2023-04-06 16:23:39,150 - Epoch:36/300,Train Accuracy:74.62686920166016%
2023-04-06 16:23:39,310 - Epoch:37/300,Train Accuracy:75.67163848876953%
2023-04-06 16:23:39,470 - Epoch:38/300,Train Accuracy:75.74626922607422%
2023-04-06 16:23:39,630 - Epoch:39/300,Train Accuracy:75.44776153564453%
2023-04-06 16:23:39,791 - Epoch:40/300,Train Accuracy:76.11940002441406%
2023-04-06 16:23:39,953 - Epoch:41/300,Train Accuracy:75.59701538085938%
2023-04-06 16:23:40,116 - Epoch:42/300,Train Accuracy:75.82089233398438%
2023-04-06 16:23:40,278 - Epoch:43/300,Train Accuracy:75.89552307128906%
2023-04-06 16:23:40,473 - Epoch:44/300,Train Accuracy:76.5671615600586%
2023-04-06 16:23:40,673 - Epoch:45/300,Train Accuracy:77.16417694091797%
2023-04-06 16:23:40,834 - Epoch:46/300,Train Accuracy:77.53731536865234%
2023-04-06 16:23:40,998 - Epoch:47/300,Train Accuracy:78.58209228515625%
2023-04-06 16:23:41,174 - Epoch:48/300,Train Accuracy:77.16417694091797%
2023-04-06 16:23:41,342 - Epoch:49/300,Train Accuracy:77.6119384765625%
2023-04-06 16:23:41,508 - Epoch:50/300,Train Accuracy:77.01492309570312%
2023-04-06 16:23:41,668 - Epoch:51/300,Train Accuracy:77.83582305908203%
2023-04-06 16:23:41,828 - Epoch:52/300,Train Accuracy:77.98507690429688%
2023-04-06 16:23:41,989 - Epoch:53/300,Train Accuracy:77.91044616699219%
2023-04-06 16:23:42,149 - Epoch:54/300,Train Accuracy:78.50746154785156%
2023-04-06 16:23:42,308 - Epoch:55/300,Train Accuracy:77.91044616699219%
2023-04-06 16:23:42,468 - Epoch:56/300,Train Accuracy:77.76119232177734%
2023-04-06 16:23:42,628 - Epoch:57/300,Train Accuracy:78.35820770263672%
2023-04-06 16:23:42,858 - Epoch:58/300,Train Accuracy:79.40298461914062%
2023-04-06 16:23:43,020 - Epoch:59/300,Train Accuracy:79.55223846435547%
2023-04-06 16:23:43,180 - Epoch:60/300,Train Accuracy:78.6567153930664%
2023-04-06 16:23:43,340 - Epoch:61/300,Train Accuracy:78.9552230834961%
2023-04-06 16:23:43,500 - Epoch:62/300,Train Accuracy:78.6567153930664%
2023-04-06 16:23:43,659 - Epoch:63/300,Train Accuracy:78.80596923828125%
2023-04-06 16:23:43,820 - Epoch:64/300,Train Accuracy:78.6567153930664%
2023-04-06 16:23:43,979 - Epoch:65/300,Train Accuracy:79.25373077392578%
2023-04-06 16:23:44,139 - Epoch:66/300,Train Accuracy:79.10447692871094%
2023-04-06 16:23:44,299 - Epoch:67/300,Train Accuracy:78.9552230834961%
2023-04-06 16:23:44,458 - Epoch:68/300,Train Accuracy:80.37313079833984%
2023-04-06 16:23:44,618 - Epoch:69/300,Train Accuracy:79.40298461914062%
2023-04-06 16:23:44,777 - Epoch:70/300,Train Accuracy:79.40298461914062%
2023-04-06 16:23:44,941 - Epoch:71/300,Train Accuracy:79.62686920166016%
2023-04-06 16:23:45,102 - Epoch:72/300,Train Accuracy:78.58209228515625%
2023-04-06 16:23:45,263 - Epoch:73/300,Train Accuracy:78.9552230834961%
2023-04-06 16:23:45,436 - Epoch:74/300,Train Accuracy:80.44776153564453%
2023-04-06 16:23:45,599 - Epoch:75/300,Train Accuracy:79.55223846435547%
2023-04-06 16:23:45,761 - Epoch:76/300,Train Accuracy:81.19403076171875%
2023-04-06 16:23:45,923 - Epoch:77/300,Train Accuracy:80.29850769042969%
2023-04-06 16:23:46,096 - Epoch:78/300,Train Accuracy:79.47761535644531%
2023-04-06 16:23:46,256 - Epoch:79/300,Train Accuracy:80.37313079833984%
2023-04-06 16:23:46,415 - Epoch:80/300,Train Accuracy:79.92537689208984%
2023-04-06 16:23:46,575 - Epoch:81/300,Train Accuracy:81.19403076171875%
2023-04-06 16:23:46,736 - Epoch:82/300,Train Accuracy:80.82089233398438%
2023-04-06 16:23:46,897 - Epoch:83/300,Train Accuracy:80.97014617919922%
2023-04-06 16:23:47,060 - Epoch:84/300,Train Accuracy:80.74626922607422%
2023-04-06 16:23:47,226 - Epoch:85/300,Train Accuracy:80.82089233398438%
2023-04-06 16:23:47,389 - Epoch:86/300,Train Accuracy:81.49253845214844%
2023-04-06 16:23:47,549 - Epoch:87/300,Train Accuracy:80.44776153564453%
2023-04-06 16:23:47,709 - Epoch:88/300,Train Accuracy:81.49253845214844%
2023-04-06 16:23:47,868 - Epoch:89/300,Train Accuracy:81.5671615600586%
2023-04-06 16:23:48,028 - Epoch:90/300,Train Accuracy:82.08955383300781%
2023-04-06 16:23:48,188 - Epoch:91/300,Train Accuracy:82.3880615234375%
2023-04-06 16:23:48,348 - Epoch:92/300,Train Accuracy:82.6119384765625%
2023-04-06 16:23:48,508 - Epoch:93/300,Train Accuracy:82.31343078613281%
2023-04-06 16:23:48,667 - Epoch:94/300,Train Accuracy:81.86566925048828%
2023-04-06 16:23:48,826 - Epoch:95/300,Train Accuracy:82.83582305908203%
2023-04-06 16:23:48,987 - Epoch:96/300,Train Accuracy:82.23880767822266%
2023-04-06 16:23:49,147 - Epoch:97/300,Train Accuracy:82.46268463134766%
2023-04-06 16:23:49,312 - Epoch:98/300,Train Accuracy:82.83582305908203%
2023-04-06 16:23:49,476 - Epoch:99/300,Train Accuracy:82.3880615234375%
2023-04-06 16:23:49,637 - Epoch:100/300,Train Accuracy:81.94029998779297%
2023-04-06 16:23:49,800 - Epoch:101/300,Train Accuracy:83.05970001220703%
2023-04-06 16:23:49,964 - Epoch:102/300,Train Accuracy:83.4328384399414%
2023-04-06 16:23:50,128 - Epoch:103/300,Train Accuracy:83.50746154785156%
2023-04-06 16:23:50,291 - Epoch:104/300,Train Accuracy:83.50746154785156%
2023-04-06 16:23:50,455 - Epoch:105/300,Train Accuracy:82.83582305908203%
2023-04-06 16:23:50,619 - Epoch:106/300,Train Accuracy:83.35820770263672%
2023-04-06 16:23:50,783 - Epoch:107/300,Train Accuracy:83.7313461303711%
2023-04-06 16:23:50,947 - Epoch:108/300,Train Accuracy:83.58209228515625%
2023-04-06 16:23:51,111 - Epoch:109/300,Train Accuracy:83.20895385742188%
2023-04-06 16:23:51,283 - Epoch:110/300,Train Accuracy:84.25373077392578%
2023-04-06 16:23:51,481 - Epoch:111/300,Train Accuracy:83.35820770263672%
2023-04-06 16:23:51,689 - Epoch:112/300,Train Accuracy:84.02985382080078%
2023-04-06 16:23:51,854 - Epoch:113/300,Train Accuracy:84.70149230957031%
2023-04-06 16:23:52,018 - Epoch:114/300,Train Accuracy:84.25373077392578%
2023-04-06 16:23:52,183 - Epoch:115/300,Train Accuracy:84.25373077392578%
2023-04-06 16:23:52,348 - Epoch:116/300,Train Accuracy:83.88059997558594%
2023-04-06 16:23:52,532 - Epoch:117/300,Train Accuracy:85.223876953125%
2023-04-06 16:23:52,698 - Epoch:118/300,Train Accuracy:84.55223846435547%
2023-04-06 16:23:52,865 - Epoch:119/300,Train Accuracy:84.25373077392578%
2023-04-06 16:23:53,034 - Epoch:120/300,Train Accuracy:84.40298461914062%
2023-04-06 16:23:53,201 - Epoch:121/300,Train Accuracy:85.07462310791016%
2023-04-06 16:23:53,374 - Epoch:122/300,Train Accuracy:85.29850769042969%
2023-04-06 16:23:53,543 - Epoch:123/300,Train Accuracy:85.52238464355469%
2023-04-06 16:23:53,721 - Epoch:124/300,Train Accuracy:85.44776153564453%
2023-04-06 16:23:53,950 - Epoch:125/300,Train Accuracy:85.223876953125%
2023-04-06 16:23:54,119 - Epoch:126/300,Train Accuracy:84.776123046875%
2023-04-06 16:23:54,289 - Epoch:127/300,Train Accuracy:86.2686538696289%
2023-04-06 16:23:54,459 - Epoch:128/300,Train Accuracy:85.82089233398438%
2023-04-06 16:23:54,630 - Epoch:129/300,Train Accuracy:85.97014617919922%
2023-04-06 16:23:54,803 - Epoch:130/300,Train Accuracy:85.59701538085938%
2023-04-06 16:23:54,975 - Epoch:131/300,Train Accuracy:86.41790771484375%
2023-04-06 16:23:55,147 - Epoch:132/300,Train Accuracy:86.41790771484375%
2023-04-06 16:23:55,318 - Epoch:133/300,Train Accuracy:86.3432846069336%
2023-04-06 16:23:55,504 - Epoch:134/300,Train Accuracy:86.11940002441406%
2023-04-06 16:23:55,675 - Epoch:135/300,Train Accuracy:86.5671615600586%
2023-04-06 16:23:55,862 - Epoch:136/300,Train Accuracy:86.19403076171875%
2023-04-06 16:23:56,068 - Epoch:137/300,Train Accuracy:86.41790771484375%
2023-04-06 16:23:56,269 - Epoch:138/300,Train Accuracy:87.01492309570312%
2023-04-06 16:23:56,474 - Epoch:139/300,Train Accuracy:86.94029998779297%
2023-04-06 16:23:56,679 - Epoch:140/300,Train Accuracy:86.41790771484375%
2023-04-06 16:23:56,882 - Epoch:141/300,Train Accuracy:87.16417694091797%
2023-04-06 16:23:57,064 - Epoch:142/300,Train Accuracy:87.01492309570312%
2023-04-06 16:23:57,236 - Epoch:143/300,Train Accuracy:87.53731536865234%
2023-04-06 16:23:57,423 - Epoch:144/300,Train Accuracy:87.23880767822266%
2023-04-06 16:23:57,592 - Epoch:145/300,Train Accuracy:87.31343078613281%
2023-04-06 16:23:57,763 - Epoch:146/300,Train Accuracy:87.01492309570312%
2023-04-06 16:23:57,933 - Epoch:147/300,Train Accuracy:87.91044616699219%
2023-04-06 16:23:58,114 - Epoch:148/300,Train Accuracy:86.94029998779297%
2023-04-06 16:23:58,320 - Epoch:149/300,Train Accuracy:86.86566925048828%
2023-04-06 16:23:58,525 - Epoch:150/300,Train Accuracy:87.98507690429688%
2023-04-06 16:23:58,712 - Epoch:151/300,Train Accuracy:87.16417694091797%
2023-04-06 16:23:58,883 - Epoch:152/300,Train Accuracy:87.6119384765625%
2023-04-06 16:23:59,055 - Epoch:153/300,Train Accuracy:87.53731536865234%
2023-04-06 16:23:59,243 - Epoch:154/300,Train Accuracy:87.08955383300781%
2023-04-06 16:23:59,417 - Epoch:155/300,Train Accuracy:87.3880615234375%
2023-04-06 16:23:59,592 - Epoch:156/300,Train Accuracy:87.6119384765625%
2023-04-06 16:23:59,767 - Epoch:157/300,Train Accuracy:88.05970001220703%
2023-04-06 16:23:59,941 - Epoch:158/300,Train Accuracy:87.68656921386719%
2023-04-06 16:24:00,148 - Epoch:159/300,Train Accuracy:88.35820770263672%
2023-04-06 16:24:00,361 - Epoch:160/300,Train Accuracy:88.20895385742188%
2023-04-06 16:24:00,568 - Epoch:161/300,Train Accuracy:88.28358459472656%
2023-04-06 16:24:00,762 - Epoch:162/300,Train Accuracy:88.7313461303711%
2023-04-06 16:24:00,966 - Epoch:163/300,Train Accuracy:88.28358459472656%
2023-04-06 16:24:01,148 - Epoch:164/300,Train Accuracy:88.58209228515625%
2023-04-06 16:24:01,329 - Epoch:165/300,Train Accuracy:89.02985382080078%
2023-04-06 16:24:01,529 - Epoch:166/300,Train Accuracy:88.4328384399414%
2023-04-06 16:24:01,705 - Epoch:167/300,Train Accuracy:89.25373077392578%
2023-04-06 16:24:01,879 - Epoch:168/300,Train Accuracy:88.4328384399414%
2023-04-06 16:24:02,057 - Epoch:169/300,Train Accuracy:89.17910766601562%
2023-04-06 16:24:02,241 - Epoch:170/300,Train Accuracy:88.4328384399414%
2023-04-06 16:24:02,450 - Epoch:171/300,Train Accuracy:89.10447692871094%
2023-04-06 16:24:02,654 - Epoch:172/300,Train Accuracy:88.35820770263672%
2023-04-06 16:24:02,860 - Epoch:173/300,Train Accuracy:89.47761535644531%
2023-04-06 16:24:03,042 - Epoch:174/300,Train Accuracy:89.02985382080078%
2023-04-06 16:24:03,219 - Epoch:175/300,Train Accuracy:88.80596923828125%
2023-04-06 16:24:03,396 - Epoch:176/300,Train Accuracy:89.40298461914062%
2023-04-06 16:24:03,575 - Epoch:177/300,Train Accuracy:89.25373077392578%
2023-04-06 16:24:03,751 - Epoch:178/300,Train Accuracy:88.6567153930664%
2023-04-06 16:24:03,928 - Epoch:179/300,Train Accuracy:89.25373077392578%
2023-04-06 16:24:04,105 - Epoch:180/300,Train Accuracy:90.07462310791016%
2023-04-06 16:24:04,284 - Epoch:181/300,Train Accuracy:89.02985382080078%
2023-04-06 16:24:04,462 - Epoch:182/300,Train Accuracy:89.10447692871094%
2023-04-06 16:24:04,642 - Epoch:183/300,Train Accuracy:89.70149230957031%
2023-04-06 16:24:04,839 - Epoch:184/300,Train Accuracy:89.62686920166016%
2023-04-06 16:24:05,016 - Epoch:185/300,Train Accuracy:89.70149230957031%
2023-04-06 16:24:05,194 - Epoch:186/300,Train Accuracy:89.40298461914062%
2023-04-06 16:24:05,373 - Epoch:187/300,Train Accuracy:90.223876953125%
2023-04-06 16:24:05,567 - Epoch:188/300,Train Accuracy:90.14925384521484%
2023-04-06 16:24:05,749 - Epoch:189/300,Train Accuracy:89.776123046875%
2023-04-06 16:24:05,931 - Epoch:190/300,Train Accuracy:90.37313079833984%
2023-04-06 16:24:06,114 - Epoch:191/300,Train Accuracy:89.62686920166016%
2023-04-06 16:24:06,298 - Epoch:192/300,Train Accuracy:90.0%
2023-04-06 16:24:06,476 - Epoch:193/300,Train Accuracy:90.0%
2023-04-06 16:24:06,656 - Epoch:194/300,Train Accuracy:90.07462310791016%
2023-04-06 16:24:06,837 - Epoch:195/300,Train Accuracy:90.29850769042969%
2023-04-06 16:24:07,018 - Epoch:196/300,Train Accuracy:89.776123046875%
2023-04-06 16:24:07,203 - Epoch:197/300,Train Accuracy:90.223876953125%
2023-04-06 16:24:07,391 - Epoch:198/300,Train Accuracy:90.07462310791016%
2023-04-06 16:24:07,567 - Epoch:199/300,Train Accuracy:89.85074615478516%
2023-04-06 16:24:07,745 - Epoch:200/300,Train Accuracy:90.223876953125%
2023-04-06 16:24:07,921 - Epoch:201/300,Train Accuracy:90.52238464355469%
2023-04-06 16:24:08,102 - Epoch:202/300,Train Accuracy:90.223876953125%
2023-04-06 16:24:08,277 - Epoch:203/300,Train Accuracy:90.52238464355469%
2023-04-06 16:24:08,472 - Epoch:204/300,Train Accuracy:90.82089233398438%
2023-04-06 16:24:08,667 - Epoch:205/300,Train Accuracy:90.37313079833984%
2023-04-06 16:24:08,862 - Epoch:206/300,Train Accuracy:90.97014617919922%
2023-04-06 16:24:09,040 - Epoch:207/300,Train Accuracy:91.19403076171875%
2023-04-06 16:24:09,218 - Epoch:208/300,Train Accuracy:90.67163848876953%
2023-04-06 16:24:09,394 - Epoch:209/300,Train Accuracy:91.11940002441406%
2023-04-06 16:24:09,570 - Epoch:210/300,Train Accuracy:90.89552307128906%
2023-04-06 16:24:09,750 - Epoch:211/300,Train Accuracy:91.11940002441406%
2023-04-06 16:24:09,928 - Epoch:212/300,Train Accuracy:90.74626922607422%
2023-04-06 16:24:10,105 - Epoch:213/300,Train Accuracy:91.41790771484375%
2023-04-06 16:24:10,276 - Epoch:214/300,Train Accuracy:91.19403076171875%
2023-04-06 16:24:10,466 - Epoch:215/300,Train Accuracy:90.97014617919922%
2023-04-06 16:24:10,641 - Epoch:216/300,Train Accuracy:90.89552307128906%
2023-04-06 16:24:10,817 - Epoch:217/300,Train Accuracy:91.41790771484375%
2023-04-06 16:24:10,993 - Epoch:218/300,Train Accuracy:90.59701538085938%
2023-04-06 16:24:11,171 - Epoch:219/300,Train Accuracy:90.97014617919922%
2023-04-06 16:24:11,345 - Epoch:220/300,Train Accuracy:91.11940002441406%
2023-04-06 16:24:11,527 - Epoch:221/300,Train Accuracy:91.5671615600586%
2023-04-06 16:24:11,700 - Epoch:222/300,Train Accuracy:90.97014617919922%
2023-04-06 16:24:11,872 - Epoch:223/300,Train Accuracy:91.49253845214844%
2023-04-06 16:24:12,044 - Epoch:224/300,Train Accuracy:91.41790771484375%
2023-04-06 16:24:12,215 - Epoch:225/300,Train Accuracy:91.94029998779297%
2023-04-06 16:24:12,387 - Epoch:226/300,Train Accuracy:91.19403076171875%
2023-04-06 16:24:12,560 - Epoch:227/300,Train Accuracy:91.0447769165039%
2023-04-06 16:24:12,734 - Epoch:228/300,Train Accuracy:91.41790771484375%
2023-04-06 16:24:12,908 - Epoch:229/300,Train Accuracy:91.2686538696289%
2023-04-06 16:24:13,082 - Epoch:230/300,Train Accuracy:91.64179229736328%
2023-04-06 16:24:13,256 - Epoch:231/300,Train Accuracy:91.71641540527344%
2023-04-06 16:24:13,429 - Epoch:232/300,Train Accuracy:91.94029998779297%
2023-04-06 16:24:13,602 - Epoch:233/300,Train Accuracy:92.31343078613281%
2023-04-06 16:24:13,779 - Epoch:234/300,Train Accuracy:91.41790771484375%
2023-04-06 16:24:13,951 - Epoch:235/300,Train Accuracy:91.71641540527344%
2023-04-06 16:24:14,123 - Epoch:236/300,Train Accuracy:92.3880615234375%
2023-04-06 16:24:14,298 - Epoch:237/300,Train Accuracy:92.01492309570312%
2023-04-06 16:24:14,469 - Epoch:238/300,Train Accuracy:91.79104614257812%
2023-04-06 16:24:14,641 - Epoch:239/300,Train Accuracy:91.86566925048828%
2023-04-06 16:24:14,815 - Epoch:240/300,Train Accuracy:91.3432846069336%
2023-04-06 16:24:14,988 - Epoch:241/300,Train Accuracy:92.08955383300781%
2023-04-06 16:24:15,167 - Epoch:242/300,Train Accuracy:92.01492309570312%
2023-04-06 16:24:15,342 - Epoch:243/300,Train Accuracy:92.83582305908203%
2023-04-06 16:24:15,516 - Epoch:244/300,Train Accuracy:92.23880767822266%
2023-04-06 16:24:15,689 - Epoch:245/300,Train Accuracy:92.46268463134766%
2023-04-06 16:24:15,876 - Epoch:246/300,Train Accuracy:92.08955383300781%
2023-04-06 16:24:16,049 - Epoch:247/300,Train Accuracy:92.76119232177734%
2023-04-06 16:24:16,223 - Epoch:248/300,Train Accuracy:92.01492309570312%
2023-04-06 16:24:16,397 - Epoch:249/300,Train Accuracy:92.31343078613281%
2023-04-06 16:24:16,571 - Epoch:250/300,Train Accuracy:92.53731536865234%
2023-04-06 16:24:16,745 - Epoch:251/300,Train Accuracy:92.31343078613281%
2023-04-06 16:24:16,920 - Epoch:252/300,Train Accuracy:92.3880615234375%
2023-04-06 16:24:17,100 - Epoch:253/300,Train Accuracy:92.16417694091797%
2023-04-06 16:24:17,277 - Epoch:254/300,Train Accuracy:91.64179229736328%
2023-04-06 16:24:17,451 - Epoch:255/300,Train Accuracy:92.16417694091797%
2023-04-06 16:24:17,625 - Epoch:256/300,Train Accuracy:91.94029998779297%
2023-04-06 16:24:17,838 - Epoch:257/300,Train Accuracy:91.86566925048828%
2023-04-06 16:24:18,016 - Epoch:258/300,Train Accuracy:92.76119232177734%
2023-04-06 16:24:18,193 - Epoch:259/300,Train Accuracy:92.3880615234375%
2023-04-06 16:24:18,369 - Epoch:260/300,Train Accuracy:92.53731536865234%
2023-04-06 16:24:18,546 - Epoch:261/300,Train Accuracy:92.98507690429688%
2023-04-06 16:24:18,729 - Epoch:262/300,Train Accuracy:91.79104614257812%
2023-04-06 16:24:18,905 - Epoch:263/300,Train Accuracy:92.83582305908203%
2023-04-06 16:24:19,086 - Epoch:264/300,Train Accuracy:92.31343078613281%
2023-04-06 16:24:19,262 - Epoch:265/300,Train Accuracy:92.53731536865234%
2023-04-06 16:24:19,440 - Epoch:266/300,Train Accuracy:92.91044616699219%
2023-04-06 16:24:19,617 - Epoch:267/300,Train Accuracy:92.6119384765625%
2023-04-06 16:24:19,794 - Epoch:268/300,Train Accuracy:92.6119384765625%
2023-04-06 16:24:19,981 - Epoch:269/300,Train Accuracy:92.46268463134766%
2023-04-06 16:24:20,158 - Epoch:270/300,Train Accuracy:92.6119384765625%
2023-04-06 16:24:20,336 - Epoch:271/300,Train Accuracy:92.6119384765625%
2023-04-06 16:24:20,512 - Epoch:272/300,Train Accuracy:93.50746154785156%
2023-04-06 16:24:20,690 - Epoch:273/300,Train Accuracy:92.91044616699219%
2023-04-06 16:24:20,869 - Epoch:274/300,Train Accuracy:93.20895385742188%
2023-04-06 16:24:21,067 - Epoch:275/300,Train Accuracy:92.46268463134766%
2023-04-06 16:24:21,248 - Epoch:276/300,Train Accuracy:93.35820770263672%
2023-04-06 16:24:21,425 - Epoch:277/300,Train Accuracy:93.6567153930664%
2023-04-06 16:24:21,602 - Epoch:278/300,Train Accuracy:93.28358459472656%
2023-04-06 16:24:21,783 - Epoch:279/300,Train Accuracy:92.83582305908203%
2023-04-06 16:24:21,972 - Epoch:280/300,Train Accuracy:92.68656921386719%
2023-04-06 16:24:22,185 - Epoch:281/300,Train Accuracy:92.91044616699219%
2023-04-06 16:24:22,396 - Epoch:282/300,Train Accuracy:92.91044616699219%
2023-04-06 16:24:22,607 - Epoch:283/300,Train Accuracy:93.20895385742188%
2023-04-06 16:24:22,816 - Epoch:284/300,Train Accuracy:92.98507690429688%
2023-04-06 16:24:23,022 - Epoch:285/300,Train Accuracy:93.88059997558594%
2023-04-06 16:24:23,208 - Epoch:286/300,Train Accuracy:93.05970001220703%
2023-04-06 16:24:23,387 - Epoch:287/300,Train Accuracy:93.4328384399414%
2023-04-06 16:24:23,566 - Epoch:288/300,Train Accuracy:93.05970001220703%
2023-04-06 16:24:23,745 - Epoch:289/300,Train Accuracy:93.7313461303711%
2023-04-06 16:24:23,923 - Epoch:290/300,Train Accuracy:93.80596923828125%
2023-04-06 16:24:24,103 - Epoch:291/300,Train Accuracy:93.50746154785156%
2023-04-06 16:24:24,284 - Epoch:292/300,Train Accuracy:93.35820770263672%
2023-04-06 16:24:24,476 - Epoch:293/300,Train Accuracy:93.4328384399414%
2023-04-06 16:24:24,657 - Epoch:294/300,Train Accuracy:93.58209228515625%
2023-04-06 16:24:24,843 - Epoch:295/300,Train Accuracy:93.58209228515625%
2023-04-06 16:24:25,024 - Epoch:296/300,Train Accuracy:93.7313461303711%
2023-04-06 16:24:25,203 - Epoch:297/300,Train Accuracy:93.28358459472656%
2023-04-06 16:24:25,381 - Epoch:298/300,Train Accuracy:93.4328384399414%
2023-04-06 16:24:25,559 - Epoch:299/300,Train Accuracy:93.88059997558594%
2023-04-06 16:24:25,788 - 
Test set: Avg. loss: 0.0209, Accuracy: 562/660 (85.15%)

2023-04-06 16:24:25,791 - fpr:[0.         0.15047022 1.        ],tpr:[0.         0.85337243 1.        ],threshold:[2 1 0],auc:0.8514511072909294
2023-04-06 16:24:25,792 - This is for user9
2023-04-06 16:24:26,182 - Epoch:0/300,Train Accuracy:77.16417694091797%
2023-04-06 16:24:26,386 - Epoch:1/300,Train Accuracy:80.67163848876953%
2023-04-06 16:24:26,579 - Epoch:2/300,Train Accuracy:82.46268463134766%
2023-04-06 16:24:26,776 - Epoch:3/300,Train Accuracy:83.58209228515625%
2023-04-06 16:24:26,976 - Epoch:4/300,Train Accuracy:83.80596923828125%
2023-04-06 16:24:27,166 - Epoch:5/300,Train Accuracy:84.776123046875%
2023-04-06 16:24:27,350 - Epoch:6/300,Train Accuracy:85.59701538085938%
2023-04-06 16:24:27,532 - Epoch:7/300,Train Accuracy:85.29850769042969%
2023-04-06 16:24:27,711 - Epoch:8/300,Train Accuracy:86.0447769165039%
2023-04-06 16:24:27,891 - Epoch:9/300,Train Accuracy:86.19403076171875%
2023-04-06 16:24:28,071 - Epoch:10/300,Train Accuracy:86.5671615600586%
2023-04-06 16:24:28,253 - Epoch:11/300,Train Accuracy:87.08955383300781%
2023-04-06 16:24:28,435 - Epoch:12/300,Train Accuracy:86.64179229736328%
2023-04-06 16:24:28,615 - Epoch:13/300,Train Accuracy:86.94029998779297%
2023-04-06 16:24:28,798 - Epoch:14/300,Train Accuracy:87.3880615234375%
2023-04-06 16:24:28,986 - Epoch:15/300,Train Accuracy:87.68656921386719%
2023-04-06 16:24:29,169 - Epoch:16/300,Train Accuracy:87.83582305908203%
2023-04-06 16:24:29,352 - Epoch:17/300,Train Accuracy:87.6119384765625%
2023-04-06 16:24:29,532 - Epoch:18/300,Train Accuracy:87.98507690429688%
2023-04-06 16:24:29,714 - Epoch:19/300,Train Accuracy:88.13433074951172%
2023-04-06 16:24:29,894 - Epoch:20/300,Train Accuracy:88.13433074951172%
2023-04-06 16:24:30,075 - Epoch:21/300,Train Accuracy:88.4328384399414%
2023-04-06 16:24:30,255 - Epoch:22/300,Train Accuracy:88.28358459472656%
2023-04-06 16:24:30,434 - Epoch:23/300,Train Accuracy:88.4328384399414%
2023-04-06 16:24:30,617 - Epoch:24/300,Train Accuracy:88.50746154785156%
2023-04-06 16:24:30,797 - Epoch:25/300,Train Accuracy:88.50746154785156%
2023-04-06 16:24:30,977 - Epoch:26/300,Train Accuracy:88.20895385742188%
2023-04-06 16:24:31,157 - Epoch:27/300,Train Accuracy:88.7313461303711%
2023-04-06 16:24:31,338 - Epoch:28/300,Train Accuracy:88.80596923828125%
2023-04-06 16:24:31,518 - Epoch:29/300,Train Accuracy:88.9552230834961%
2023-04-06 16:24:31,698 - Epoch:30/300,Train Accuracy:88.9552230834961%
2023-04-06 16:24:31,877 - Epoch:31/300,Train Accuracy:89.02985382080078%
2023-04-06 16:24:32,058 - Epoch:32/300,Train Accuracy:89.40298461914062%
2023-04-06 16:24:32,241 - Epoch:33/300,Train Accuracy:89.10447692871094%
2023-04-06 16:24:32,420 - Epoch:34/300,Train Accuracy:89.17910766601562%
2023-04-06 16:24:32,598 - Epoch:35/300,Train Accuracy:89.17910766601562%
2023-04-06 16:24:32,778 - Epoch:36/300,Train Accuracy:89.32836151123047%
2023-04-06 16:24:32,958 - Epoch:37/300,Train Accuracy:89.62686920166016%
2023-04-06 16:24:33,138 - Epoch:38/300,Train Accuracy:89.40298461914062%
2023-04-06 16:24:33,320 - Epoch:39/300,Train Accuracy:89.17910766601562%
2023-04-06 16:24:33,500 - Epoch:40/300,Train Accuracy:89.40298461914062%
2023-04-06 16:24:33,682 - Epoch:41/300,Train Accuracy:89.32836151123047%
2023-04-06 16:24:33,863 - Epoch:42/300,Train Accuracy:89.02985382080078%
2023-04-06 16:24:34,044 - Epoch:43/300,Train Accuracy:89.47761535644531%
2023-04-06 16:24:34,226 - Epoch:44/300,Train Accuracy:89.70149230957031%
2023-04-06 16:24:34,406 - Epoch:45/300,Train Accuracy:90.0%
2023-04-06 16:24:34,586 - Epoch:46/300,Train Accuracy:90.0%
2023-04-06 16:24:34,767 - Epoch:47/300,Train Accuracy:90.0%
2023-04-06 16:24:34,952 - Epoch:48/300,Train Accuracy:90.0%
2023-04-06 16:24:35,132 - Epoch:49/300,Train Accuracy:90.37313079833984%
2023-04-06 16:24:35,314 - Epoch:50/300,Train Accuracy:89.85074615478516%
2023-04-06 16:24:35,496 - Epoch:51/300,Train Accuracy:90.14925384521484%
2023-04-06 16:24:35,677 - Epoch:52/300,Train Accuracy:90.14925384521484%
2023-04-06 16:24:35,854 - Epoch:53/300,Train Accuracy:90.37313079833984%
2023-04-06 16:24:36,042 - Epoch:54/300,Train Accuracy:90.29850769042969%
2023-04-06 16:24:36,223 - Epoch:55/300,Train Accuracy:90.74626922607422%
2023-04-06 16:24:36,402 - Epoch:56/300,Train Accuracy:90.37313079833984%
2023-04-06 16:24:36,599 - Epoch:57/300,Train Accuracy:90.44776153564453%
2023-04-06 16:24:36,788 - Epoch:58/300,Train Accuracy:90.52238464355469%
2023-04-06 16:24:36,976 - Epoch:59/300,Train Accuracy:90.89552307128906%
2023-04-06 16:24:37,161 - Epoch:60/300,Train Accuracy:90.97014617919922%
2023-04-06 16:24:37,348 - Epoch:61/300,Train Accuracy:90.89552307128906%
2023-04-06 16:24:37,529 - Epoch:62/300,Train Accuracy:90.82089233398438%
2023-04-06 16:24:37,707 - Epoch:63/300,Train Accuracy:90.97014617919922%
2023-04-06 16:24:37,886 - Epoch:64/300,Train Accuracy:90.97014617919922%
2023-04-06 16:24:38,067 - Epoch:65/300,Train Accuracy:91.19403076171875%
2023-04-06 16:24:38,246 - Epoch:66/300,Train Accuracy:91.3432846069336%
2023-04-06 16:24:38,423 - Epoch:67/300,Train Accuracy:91.11940002441406%
2023-04-06 16:24:38,602 - Epoch:68/300,Train Accuracy:91.41790771484375%
2023-04-06 16:24:38,779 - Epoch:69/300,Train Accuracy:91.49253845214844%
2023-04-06 16:24:38,957 - Epoch:70/300,Train Accuracy:91.79104614257812%
2023-04-06 16:24:39,136 - Epoch:71/300,Train Accuracy:91.94029998779297%
2023-04-06 16:24:39,319 - Epoch:72/300,Train Accuracy:91.86566925048828%
2023-04-06 16:24:39,498 - Epoch:73/300,Train Accuracy:92.16417694091797%
2023-04-06 16:24:39,676 - Epoch:74/300,Train Accuracy:91.71641540527344%
2023-04-06 16:24:39,856 - Epoch:75/300,Train Accuracy:92.23880767822266%
2023-04-06 16:24:40,044 - Epoch:76/300,Train Accuracy:92.16417694091797%
2023-04-06 16:24:40,243 - Epoch:77/300,Train Accuracy:92.01492309570312%
2023-04-06 16:24:40,415 - Epoch:78/300,Train Accuracy:92.3880615234375%
2023-04-06 16:24:40,588 - Epoch:79/300,Train Accuracy:92.23880767822266%
2023-04-06 16:24:40,776 - Epoch:80/300,Train Accuracy:92.68656921386719%
2023-04-06 16:24:40,975 - Epoch:81/300,Train Accuracy:92.46268463134766%
2023-04-06 16:24:41,179 - Epoch:82/300,Train Accuracy:92.53731536865234%
2023-04-06 16:24:41,361 - Epoch:83/300,Train Accuracy:92.68656921386719%
2023-04-06 16:24:41,540 - Epoch:84/300,Train Accuracy:92.98507690429688%
2023-04-06 16:24:41,719 - Epoch:85/300,Train Accuracy:92.98507690429688%
2023-04-06 16:24:41,898 - Epoch:86/300,Train Accuracy:93.28358459472656%
2023-04-06 16:24:42,082 - Epoch:87/300,Train Accuracy:93.20895385742188%
2023-04-06 16:24:42,264 - Epoch:88/300,Train Accuracy:93.20895385742188%
2023-04-06 16:24:42,444 - Epoch:89/300,Train Accuracy:93.6567153930664%
2023-04-06 16:24:42,627 - Epoch:90/300,Train Accuracy:93.6567153930664%
2023-04-06 16:24:42,804 - Epoch:91/300,Train Accuracy:93.88059997558594%
2023-04-06 16:24:42,979 - Epoch:92/300,Train Accuracy:93.7313461303711%
2023-04-06 16:24:43,155 - Epoch:93/300,Train Accuracy:93.6567153930664%
2023-04-06 16:24:43,330 - Epoch:94/300,Train Accuracy:93.9552230834961%
2023-04-06 16:24:43,507 - Epoch:95/300,Train Accuracy:94.02985382080078%
2023-04-06 16:24:43,681 - Epoch:96/300,Train Accuracy:94.02985382080078%
2023-04-06 16:24:43,855 - Epoch:97/300,Train Accuracy:93.80596923828125%
2023-04-06 16:24:44,031 - Epoch:98/300,Train Accuracy:93.80596923828125%
2023-04-06 16:24:44,208 - Epoch:99/300,Train Accuracy:94.25373077392578%
2023-04-06 16:24:44,388 - Epoch:100/300,Train Accuracy:93.7313461303711%
2023-04-06 16:24:44,563 - Epoch:101/300,Train Accuracy:94.32836151123047%
2023-04-06 16:24:44,739 - Epoch:102/300,Train Accuracy:94.17910766601562%
2023-04-06 16:24:44,922 - Epoch:103/300,Train Accuracy:94.40298461914062%
2023-04-06 16:24:45,107 - Epoch:104/300,Train Accuracy:94.40298461914062%
2023-04-06 16:24:45,292 - Epoch:105/300,Train Accuracy:94.17910766601562%
2023-04-06 16:24:45,476 - Epoch:106/300,Train Accuracy:93.9552230834961%
2023-04-06 16:24:45,658 - Epoch:107/300,Train Accuracy:94.55223846435547%
2023-04-06 16:24:45,839 - Epoch:108/300,Train Accuracy:94.776123046875%
2023-04-06 16:24:46,027 - Epoch:109/300,Train Accuracy:94.32836151123047%
2023-04-06 16:24:46,205 - Epoch:110/300,Train Accuracy:94.70149230957031%
2023-04-06 16:24:46,383 - Epoch:111/300,Train Accuracy:94.47761535644531%
2023-04-06 16:24:46,560 - Epoch:112/300,Train Accuracy:94.776123046875%
2023-04-06 16:24:46,736 - Epoch:113/300,Train Accuracy:94.92537689208984%
2023-04-06 16:24:46,910 - Epoch:114/300,Train Accuracy:95.0%
2023-04-06 16:24:47,088 - Epoch:115/300,Train Accuracy:94.85074615478516%
2023-04-06 16:24:47,264 - Epoch:116/300,Train Accuracy:94.92537689208984%
2023-04-06 16:24:47,437 - Epoch:117/300,Train Accuracy:95.0%
2023-04-06 16:24:47,611 - Epoch:118/300,Train Accuracy:94.85074615478516%
2023-04-06 16:24:47,787 - Epoch:119/300,Train Accuracy:94.92537689208984%
2023-04-06 16:24:47,960 - Epoch:120/300,Train Accuracy:94.85074615478516%
2023-04-06 16:24:48,145 - Epoch:121/300,Train Accuracy:95.29850769042969%
2023-04-06 16:24:48,318 - Epoch:122/300,Train Accuracy:95.44776153564453%
2023-04-06 16:24:48,494 - Epoch:123/300,Train Accuracy:95.59701538085938%
2023-04-06 16:24:48,670 - Epoch:124/300,Train Accuracy:95.52238464355469%
2023-04-06 16:24:48,847 - Epoch:125/300,Train Accuracy:95.52238464355469%
2023-04-06 16:24:49,025 - Epoch:126/300,Train Accuracy:95.52238464355469%
2023-04-06 16:24:49,203 - Epoch:127/300,Train Accuracy:95.59701538085938%
2023-04-06 16:24:49,380 - Epoch:128/300,Train Accuracy:95.67163848876953%
2023-04-06 16:24:49,557 - Epoch:129/300,Train Accuracy:95.52238464355469%
2023-04-06 16:24:49,734 - Epoch:130/300,Train Accuracy:96.0447769165039%
2023-04-06 16:24:49,911 - Epoch:131/300,Train Accuracy:95.97014617919922%
2023-04-06 16:24:50,090 - Epoch:132/300,Train Accuracy:96.19403076171875%
2023-04-06 16:24:50,268 - Epoch:133/300,Train Accuracy:95.97014617919922%
2023-04-06 16:24:50,443 - Epoch:134/300,Train Accuracy:95.82089233398438%
2023-04-06 16:24:50,621 - Epoch:135/300,Train Accuracy:96.11940002441406%
2023-04-06 16:24:50,797 - Epoch:136/300,Train Accuracy:96.2686538696289%
2023-04-06 16:24:50,972 - Epoch:137/300,Train Accuracy:96.41790771484375%
2023-04-06 16:24:51,151 - Epoch:138/300,Train Accuracy:96.2686538696289%
2023-04-06 16:24:51,330 - Epoch:139/300,Train Accuracy:96.19403076171875%
2023-04-06 16:24:51,508 - Epoch:140/300,Train Accuracy:96.5671615600586%
2023-04-06 16:24:51,687 - Epoch:141/300,Train Accuracy:95.82089233398438%
2023-04-06 16:24:51,867 - Epoch:142/300,Train Accuracy:95.97014617919922%
2023-04-06 16:24:52,047 - Epoch:143/300,Train Accuracy:97.08955383300781%
2023-04-06 16:24:52,226 - Epoch:144/300,Train Accuracy:96.49253845214844%
2023-04-06 16:24:52,404 - Epoch:145/300,Train Accuracy:96.3432846069336%
2023-04-06 16:24:52,584 - Epoch:146/300,Train Accuracy:96.71641540527344%
2023-04-06 16:24:52,761 - Epoch:147/300,Train Accuracy:96.94029998779297%
2023-04-06 16:24:52,937 - Epoch:148/300,Train Accuracy:96.86566925048828%
2023-04-06 16:24:53,114 - Epoch:149/300,Train Accuracy:97.01492309570312%
2023-04-06 16:24:53,291 - Epoch:150/300,Train Accuracy:96.94029998779297%
2023-04-06 16:24:53,468 - Epoch:151/300,Train Accuracy:96.86566925048828%
2023-04-06 16:24:53,646 - Epoch:152/300,Train Accuracy:96.94029998779297%
2023-04-06 16:24:53,822 - Epoch:153/300,Train Accuracy:96.64179229736328%
2023-04-06 16:24:54,001 - Epoch:154/300,Train Accuracy:96.71641540527344%
2023-04-06 16:24:54,194 - Epoch:155/300,Train Accuracy:96.94029998779297%
2023-04-06 16:24:54,374 - Epoch:156/300,Train Accuracy:97.01492309570312%
2023-04-06 16:24:54,553 - Epoch:157/300,Train Accuracy:96.94029998779297%
2023-04-06 16:24:54,733 - Epoch:158/300,Train Accuracy:97.08955383300781%
2023-04-06 16:24:54,916 - Epoch:159/300,Train Accuracy:97.53731536865234%
2023-04-06 16:24:55,096 - Epoch:160/300,Train Accuracy:97.23880767822266%
2023-04-06 16:24:55,275 - Epoch:161/300,Train Accuracy:97.23880767822266%
2023-04-06 16:24:55,453 - Epoch:162/300,Train Accuracy:97.31343078613281%
2023-04-06 16:24:55,630 - Epoch:163/300,Train Accuracy:96.94029998779297%
2023-04-06 16:24:55,807 - Epoch:164/300,Train Accuracy:97.16417694091797%
2023-04-06 16:24:55,984 - Epoch:165/300,Train Accuracy:97.46268463134766%
2023-04-06 16:24:56,162 - Epoch:166/300,Train Accuracy:97.3880615234375%
2023-04-06 16:24:56,343 - Epoch:167/300,Train Accuracy:97.23880767822266%
2023-04-06 16:24:56,527 - Epoch:168/300,Train Accuracy:97.31343078613281%
2023-04-06 16:24:56,719 - Epoch:169/300,Train Accuracy:97.31343078613281%
2023-04-06 16:24:56,903 - Epoch:170/300,Train Accuracy:97.6119384765625%
2023-04-06 16:24:57,107 - Epoch:171/300,Train Accuracy:97.83582305908203%
2023-04-06 16:24:57,283 - Epoch:172/300,Train Accuracy:97.23880767822266%
2023-04-06 16:24:57,459 - Epoch:173/300,Train Accuracy:97.83582305908203%
2023-04-06 16:24:57,635 - Epoch:174/300,Train Accuracy:98.13433074951172%
2023-04-06 16:24:57,810 - Epoch:175/300,Train Accuracy:97.6119384765625%
2023-04-06 16:24:57,986 - Epoch:176/300,Train Accuracy:97.76119232177734%
2023-04-06 16:24:58,163 - Epoch:177/300,Train Accuracy:97.76119232177734%
2023-04-06 16:24:58,353 - Epoch:178/300,Train Accuracy:97.76119232177734%
2023-04-06 16:24:58,536 - Epoch:179/300,Train Accuracy:97.83582305908203%
2023-04-06 16:24:58,729 - Epoch:180/300,Train Accuracy:97.68656921386719%
2023-04-06 16:24:58,907 - Epoch:181/300,Train Accuracy:97.83582305908203%
2023-04-06 16:24:59,087 - Epoch:182/300,Train Accuracy:97.98507690429688%
2023-04-06 16:24:59,264 - Epoch:183/300,Train Accuracy:98.13433074951172%
2023-04-06 16:24:59,443 - Epoch:184/300,Train Accuracy:97.91044616699219%
2023-04-06 16:24:59,622 - Epoch:185/300,Train Accuracy:97.83582305908203%
2023-04-06 16:24:59,799 - Epoch:186/300,Train Accuracy:98.13433074951172%
2023-04-06 16:24:59,978 - Epoch:187/300,Train Accuracy:97.98507690429688%
2023-04-06 16:25:00,176 - Epoch:188/300,Train Accuracy:97.98507690429688%
2023-04-06 16:25:00,442 - Epoch:189/300,Train Accuracy:97.91044616699219%
2023-04-06 16:25:00,635 - Epoch:190/300,Train Accuracy:98.20895385742188%
2023-04-06 16:25:00,820 - Epoch:191/300,Train Accuracy:98.05970001220703%
2023-04-06 16:25:01,003 - Epoch:192/300,Train Accuracy:98.05970001220703%
2023-04-06 16:25:01,182 - Epoch:193/300,Train Accuracy:98.20895385742188%
2023-04-06 16:25:01,361 - Epoch:194/300,Train Accuracy:97.98507690429688%
2023-04-06 16:25:01,542 - Epoch:195/300,Train Accuracy:98.28358459472656%
2023-04-06 16:25:01,723 - Epoch:196/300,Train Accuracy:98.35820770263672%
2023-04-06 16:25:01,904 - Epoch:197/300,Train Accuracy:98.20895385742188%
2023-04-06 16:25:02,090 - Epoch:198/300,Train Accuracy:98.28358459472656%
2023-04-06 16:25:02,271 - Epoch:199/300,Train Accuracy:98.58209228515625%
2023-04-06 16:25:02,448 - Epoch:200/300,Train Accuracy:98.28358459472656%
2023-04-06 16:25:02,624 - Epoch:201/300,Train Accuracy:98.35820770263672%
2023-04-06 16:25:02,804 - Epoch:202/300,Train Accuracy:98.13433074951172%
2023-04-06 16:25:02,982 - Epoch:203/300,Train Accuracy:98.50746154785156%
2023-04-06 16:25:03,161 - Epoch:204/300,Train Accuracy:98.50746154785156%
2023-04-06 16:25:03,338 - Epoch:205/300,Train Accuracy:98.6567153930664%
2023-04-06 16:25:03,516 - Epoch:206/300,Train Accuracy:98.58209228515625%
2023-04-06 16:25:03,696 - Epoch:207/300,Train Accuracy:98.80596923828125%
2023-04-06 16:25:03,876 - Epoch:208/300,Train Accuracy:98.6567153930664%
2023-04-06 16:25:04,055 - Epoch:209/300,Train Accuracy:98.50746154785156%
2023-04-06 16:25:04,233 - Epoch:210/300,Train Accuracy:98.6567153930664%
2023-04-06 16:25:04,412 - Epoch:211/300,Train Accuracy:98.80596923828125%
2023-04-06 16:25:04,606 - Epoch:212/300,Train Accuracy:98.80596923828125%
2023-04-06 16:25:04,821 - Epoch:213/300,Train Accuracy:98.4328384399414%
2023-04-06 16:25:05,005 - Epoch:214/300,Train Accuracy:98.7313461303711%
2023-04-06 16:25:05,189 - Epoch:215/300,Train Accuracy:98.58209228515625%
2023-04-06 16:25:05,367 - Epoch:216/300,Train Accuracy:98.7313461303711%
2023-04-06 16:25:05,546 - Epoch:217/300,Train Accuracy:98.80596923828125%
2023-04-06 16:25:05,723 - Epoch:218/300,Train Accuracy:98.7313461303711%
2023-04-06 16:25:05,903 - Epoch:219/300,Train Accuracy:98.9552230834961%
2023-04-06 16:25:06,086 - Epoch:220/300,Train Accuracy:98.35820770263672%
2023-04-06 16:25:06,266 - Epoch:221/300,Train Accuracy:98.80596923828125%
2023-04-06 16:25:06,446 - Epoch:222/300,Train Accuracy:98.50746154785156%
2023-04-06 16:25:06,627 - Epoch:223/300,Train Accuracy:98.6567153930664%
2023-04-06 16:25:06,806 - Epoch:224/300,Train Accuracy:98.6567153930664%
2023-04-06 16:25:06,987 - Epoch:225/300,Train Accuracy:98.9552230834961%
2023-04-06 16:25:07,166 - Epoch:226/300,Train Accuracy:98.9552230834961%
2023-04-06 16:25:07,346 - Epoch:227/300,Train Accuracy:98.9552230834961%
2023-04-06 16:25:07,524 - Epoch:228/300,Train Accuracy:98.7313461303711%
2023-04-06 16:25:07,702 - Epoch:229/300,Train Accuracy:98.88059997558594%
2023-04-06 16:25:07,879 - Epoch:230/300,Train Accuracy:99.02985382080078%
2023-04-06 16:25:08,057 - Epoch:231/300,Train Accuracy:98.88059997558594%
2023-04-06 16:25:08,236 - Epoch:232/300,Train Accuracy:98.9552230834961%
2023-04-06 16:25:08,416 - Epoch:233/300,Train Accuracy:98.9552230834961%
2023-04-06 16:25:08,597 - Epoch:234/300,Train Accuracy:98.9552230834961%
2023-04-06 16:25:08,777 - Epoch:235/300,Train Accuracy:99.10447692871094%
2023-04-06 16:25:08,957 - Epoch:236/300,Train Accuracy:99.10447692871094%
2023-04-06 16:25:09,136 - Epoch:237/300,Train Accuracy:99.02985382080078%
2023-04-06 16:25:09,318 - Epoch:238/300,Train Accuracy:98.80596923828125%
2023-04-06 16:25:09,499 - Epoch:239/300,Train Accuracy:99.02985382080078%
2023-04-06 16:25:09,684 - Epoch:240/300,Train Accuracy:98.9552230834961%
2023-04-06 16:25:09,870 - Epoch:241/300,Train Accuracy:99.17910766601562%
2023-04-06 16:25:10,050 - Epoch:242/300,Train Accuracy:98.9552230834961%
2023-04-06 16:25:10,234 - Epoch:243/300,Train Accuracy:99.10447692871094%
2023-04-06 16:25:10,425 - Epoch:244/300,Train Accuracy:99.25373077392578%
2023-04-06 16:25:10,608 - Epoch:245/300,Train Accuracy:98.9552230834961%
2023-04-06 16:25:10,791 - Epoch:246/300,Train Accuracy:98.80596923828125%
2023-04-06 16:25:10,978 - Epoch:247/300,Train Accuracy:99.25373077392578%
2023-04-06 16:25:11,162 - Epoch:248/300,Train Accuracy:98.9552230834961%
2023-04-06 16:25:11,342 - Epoch:249/300,Train Accuracy:98.88059997558594%
2023-04-06 16:25:11,521 - Epoch:250/300,Train Accuracy:99.10447692871094%
2023-04-06 16:25:11,701 - Epoch:251/300,Train Accuracy:99.25373077392578%
2023-04-06 16:25:11,881 - Epoch:252/300,Train Accuracy:99.17910766601562%
2023-04-06 16:25:12,062 - Epoch:253/300,Train Accuracy:99.10447692871094%
2023-04-06 16:25:12,245 - Epoch:254/300,Train Accuracy:99.17910766601562%
2023-04-06 16:25:12,421 - Epoch:255/300,Train Accuracy:99.02985382080078%
2023-04-06 16:25:12,599 - Epoch:256/300,Train Accuracy:99.17910766601562%
2023-04-06 16:25:12,778 - Epoch:257/300,Train Accuracy:99.25373077392578%
2023-04-06 16:25:12,959 - Epoch:258/300,Train Accuracy:99.25373077392578%
2023-04-06 16:25:13,150 - Epoch:259/300,Train Accuracy:99.25373077392578%
2023-04-06 16:25:13,331 - Epoch:260/300,Train Accuracy:99.17910766601562%
2023-04-06 16:25:13,511 - Epoch:261/300,Train Accuracy:99.32836151123047%
2023-04-06 16:25:13,691 - Epoch:262/300,Train Accuracy:99.32836151123047%
2023-04-06 16:25:13,869 - Epoch:263/300,Train Accuracy:99.25373077392578%
2023-04-06 16:25:14,050 - Epoch:264/300,Train Accuracy:99.32836151123047%
2023-04-06 16:25:14,228 - Epoch:265/300,Train Accuracy:99.32836151123047%
2023-04-06 16:25:14,408 - Epoch:266/300,Train Accuracy:99.25373077392578%
2023-04-06 16:25:14,588 - Epoch:267/300,Train Accuracy:99.40298461914062%
2023-04-06 16:25:14,766 - Epoch:268/300,Train Accuracy:99.32836151123047%
2023-04-06 16:25:14,943 - Epoch:269/300,Train Accuracy:99.32836151123047%
2023-04-06 16:25:15,125 - Epoch:270/300,Train Accuracy:99.40298461914062%
2023-04-06 16:25:15,305 - Epoch:271/300,Train Accuracy:99.17910766601562%
2023-04-06 16:25:15,486 - Epoch:272/300,Train Accuracy:99.40298461914062%
2023-04-06 16:25:15,674 - Epoch:273/300,Train Accuracy:99.32836151123047%
2023-04-06 16:25:15,873 - Epoch:274/300,Train Accuracy:99.25373077392578%
2023-04-06 16:25:16,051 - Epoch:275/300,Train Accuracy:99.40298461914062%
2023-04-06 16:25:16,228 - Epoch:276/300,Train Accuracy:99.40298461914062%
2023-04-06 16:25:16,404 - Epoch:277/300,Train Accuracy:99.40298461914062%
2023-04-06 16:25:16,581 - Epoch:278/300,Train Accuracy:99.40298461914062%
2023-04-06 16:25:16,757 - Epoch:279/300,Train Accuracy:99.25373077392578%
2023-04-06 16:25:16,933 - Epoch:280/300,Train Accuracy:99.25373077392578%
2023-04-06 16:25:17,110 - Epoch:281/300,Train Accuracy:99.25373077392578%
2023-04-06 16:25:17,288 - Epoch:282/300,Train Accuracy:99.40298461914062%
2023-04-06 16:25:17,465 - Epoch:283/300,Train Accuracy:99.32836151123047%
2023-04-06 16:25:17,641 - Epoch:284/300,Train Accuracy:99.47761535644531%
2023-04-06 16:25:17,817 - Epoch:285/300,Train Accuracy:99.47761535644531%
2023-04-06 16:25:17,994 - Epoch:286/300,Train Accuracy:99.47761535644531%
2023-04-06 16:25:18,172 - Epoch:287/300,Train Accuracy:99.47761535644531%
2023-04-06 16:25:18,348 - Epoch:288/300,Train Accuracy:99.47761535644531%
2023-04-06 16:25:18,524 - Epoch:289/300,Train Accuracy:99.47761535644531%
2023-04-06 16:25:18,700 - Epoch:290/300,Train Accuracy:99.55223846435547%
2023-04-06 16:25:18,877 - Epoch:291/300,Train Accuracy:99.47761535644531%
2023-04-06 16:25:19,054 - Epoch:292/300,Train Accuracy:99.47761535644531%
2023-04-06 16:25:19,232 - Epoch:293/300,Train Accuracy:99.55223846435547%
2023-04-06 16:25:19,410 - Epoch:294/300,Train Accuracy:99.55223846435547%
2023-04-06 16:25:19,588 - Epoch:295/300,Train Accuracy:99.47761535644531%
2023-04-06 16:25:19,765 - Epoch:296/300,Train Accuracy:99.47761535644531%
2023-04-06 16:25:19,943 - Epoch:297/300,Train Accuracy:99.47761535644531%
2023-04-06 16:25:20,128 - Epoch:298/300,Train Accuracy:99.47761535644531%
2023-04-06 16:25:20,313 - Epoch:299/300,Train Accuracy:99.55223846435547%
2023-04-06 16:25:20,541 - 
Test set: Avg. loss: 0.0123, Accuracy: 611/660 (92.58%)

2023-04-06 16:25:20,545 - fpr:[0.        0.0846395 1.       ],tpr:[0.         0.93548387 1.        ],threshold:[2 1 0],auc:0.92542218626757
2023-04-06 16:25:20,545 - This is for user12
2023-04-06 16:25:20,950 - Epoch:0/300,Train Accuracy:43.05970001220703%
2023-04-06 16:25:21,137 - Epoch:1/300,Train Accuracy:47.835819244384766%
2023-04-06 16:25:21,327 - Epoch:2/300,Train Accuracy:49.17910385131836%
2023-04-06 16:25:21,516 - Epoch:3/300,Train Accuracy:50.0%
2023-04-06 16:25:21,711 - Epoch:4/300,Train Accuracy:50.223880767822266%
2023-04-06 16:25:21,891 - Epoch:5/300,Train Accuracy:50.52238845825195%
2023-04-06 16:25:22,069 - Epoch:6/300,Train Accuracy:51.26865768432617%
2023-04-06 16:25:22,249 - Epoch:7/300,Train Accuracy:51.19403076171875%
2023-04-06 16:25:22,431 - Epoch:8/300,Train Accuracy:50.970149993896484%
2023-04-06 16:25:22,611 - Epoch:9/300,Train Accuracy:51.343284606933594%
2023-04-06 16:25:22,801 - Epoch:10/300,Train Accuracy:51.64179229736328%
2023-04-06 16:25:22,978 - Epoch:11/300,Train Accuracy:51.49253845214844%
2023-04-06 16:25:23,155 - Epoch:12/300,Train Accuracy:52.31343460083008%
2023-04-06 16:25:23,333 - Epoch:13/300,Train Accuracy:52.31343460083008%
2023-04-06 16:25:23,509 - Epoch:14/300,Train Accuracy:53.35820770263672%
2023-04-06 16:25:23,686 - Epoch:15/300,Train Accuracy:53.73134231567383%
2023-04-06 16:25:23,860 - Epoch:16/300,Train Accuracy:53.2835807800293%
2023-04-06 16:25:24,036 - Epoch:17/300,Train Accuracy:53.208953857421875%
2023-04-06 16:25:24,213 - Epoch:18/300,Train Accuracy:54.402984619140625%
2023-04-06 16:25:24,410 - Epoch:19/300,Train Accuracy:54.776119232177734%
2023-04-06 16:25:24,587 - Epoch:20/300,Train Accuracy:56.11940383911133%
2023-04-06 16:25:24,765 - Epoch:21/300,Train Accuracy:56.26865768432617%
2023-04-06 16:25:24,943 - Epoch:22/300,Train Accuracy:57.98507308959961%
2023-04-06 16:25:25,119 - Epoch:23/300,Train Accuracy:57.98507308959961%
2023-04-06 16:25:25,293 - Epoch:24/300,Train Accuracy:57.835819244384766%
2023-04-06 16:25:25,466 - Epoch:25/300,Train Accuracy:57.98507308959961%
2023-04-06 16:25:25,641 - Epoch:26/300,Train Accuracy:58.88059616088867%
2023-04-06 16:25:25,817 - Epoch:27/300,Train Accuracy:58.43283462524414%
2023-04-06 16:25:25,995 - Epoch:28/300,Train Accuracy:59.029850006103516%
2023-04-06 16:25:26,171 - Epoch:29/300,Train Accuracy:59.70149230957031%
2023-04-06 16:25:26,348 - Epoch:30/300,Train Accuracy:59.029850006103516%
2023-04-06 16:25:26,524 - Epoch:31/300,Train Accuracy:60.597015380859375%
2023-04-06 16:25:26,703 - Epoch:32/300,Train Accuracy:60.37313461303711%
2023-04-06 16:25:26,888 - Epoch:33/300,Train Accuracy:62.01492691040039%
2023-04-06 16:25:27,073 - Epoch:34/300,Train Accuracy:60.223880767822266%
2023-04-06 16:25:27,253 - Epoch:35/300,Train Accuracy:61.417911529541016%
2023-04-06 16:25:27,431 - Epoch:36/300,Train Accuracy:60.89552307128906%
2023-04-06 16:25:27,607 - Epoch:37/300,Train Accuracy:61.86567306518555%
2023-04-06 16:25:27,782 - Epoch:38/300,Train Accuracy:62.6119384765625%
2023-04-06 16:25:27,955 - Epoch:39/300,Train Accuracy:63.50746154785156%
2023-04-06 16:25:28,132 - Epoch:40/300,Train Accuracy:62.68656539916992%
2023-04-06 16:25:28,324 - Epoch:41/300,Train Accuracy:63.88059616088867%
2023-04-06 16:25:28,498 - Epoch:42/300,Train Accuracy:62.98507308959961%
2023-04-06 16:25:28,671 - Epoch:43/300,Train Accuracy:63.2835807800293%
2023-04-06 16:25:28,846 - Epoch:44/300,Train Accuracy:63.88059616088867%
2023-04-06 16:25:29,022 - Epoch:45/300,Train Accuracy:64.10447692871094%
2023-04-06 16:25:29,200 - Epoch:46/300,Train Accuracy:65.0%
2023-04-06 16:25:29,376 - Epoch:47/300,Train Accuracy:64.55223846435547%
2023-04-06 16:25:29,553 - Epoch:48/300,Train Accuracy:65.223876953125%
2023-04-06 16:25:29,728 - Epoch:49/300,Train Accuracy:65.67163848876953%
2023-04-06 16:25:29,904 - Epoch:50/300,Train Accuracy:65.14925384521484%
2023-04-06 16:25:30,080 - Epoch:51/300,Train Accuracy:66.3432846069336%
2023-04-06 16:25:30,257 - Epoch:52/300,Train Accuracy:65.223876953125%
2023-04-06 16:25:30,433 - Epoch:53/300,Train Accuracy:66.2686538696289%
2023-04-06 16:25:30,607 - Epoch:54/300,Train Accuracy:66.2686538696289%
2023-04-06 16:25:30,781 - Epoch:55/300,Train Accuracy:66.64179229736328%
2023-04-06 16:25:30,955 - Epoch:56/300,Train Accuracy:66.11940002441406%
2023-04-06 16:25:31,135 - Epoch:57/300,Train Accuracy:67.46268463134766%
2023-04-06 16:25:31,309 - Epoch:58/300,Train Accuracy:66.5671615600586%
2023-04-06 16:25:31,487 - Epoch:59/300,Train Accuracy:66.94029998779297%
2023-04-06 16:25:31,664 - Epoch:60/300,Train Accuracy:67.3880615234375%
2023-04-06 16:25:31,838 - Epoch:61/300,Train Accuracy:67.16417694091797%
2023-04-06 16:25:32,014 - Epoch:62/300,Train Accuracy:67.98507690429688%
2023-04-06 16:25:32,190 - Epoch:63/300,Train Accuracy:66.86566925048828%
2023-04-06 16:25:32,366 - Epoch:64/300,Train Accuracy:67.46268463134766%
2023-04-06 16:25:32,538 - Epoch:65/300,Train Accuracy:68.28358459472656%
2023-04-06 16:25:32,712 - Epoch:66/300,Train Accuracy:67.76119232177734%
2023-04-06 16:25:32,884 - Epoch:67/300,Train Accuracy:67.98507690429688%
2023-04-06 16:25:33,058 - Epoch:68/300,Train Accuracy:69.10447692871094%
2023-04-06 16:25:33,233 - Epoch:69/300,Train Accuracy:68.50746154785156%
2023-04-06 16:25:33,407 - Epoch:70/300,Train Accuracy:67.98507690429688%
2023-04-06 16:25:33,579 - Epoch:71/300,Train Accuracy:68.35820770263672%
2023-04-06 16:25:33,767 - Epoch:72/300,Train Accuracy:68.80596923828125%
2023-04-06 16:25:33,943 - Epoch:73/300,Train Accuracy:68.7313461303711%
2023-04-06 16:25:34,120 - Epoch:74/300,Train Accuracy:68.58209228515625%
2023-04-06 16:25:34,296 - Epoch:75/300,Train Accuracy:68.9552230834961%
2023-04-06 16:25:34,472 - Epoch:76/300,Train Accuracy:69.32836151123047%
2023-04-06 16:25:34,648 - Epoch:77/300,Train Accuracy:69.62686920166016%
2023-04-06 16:25:34,823 - Epoch:78/300,Train Accuracy:68.88059997558594%
2023-04-06 16:25:35,003 - Epoch:79/300,Train Accuracy:68.88059997558594%
2023-04-06 16:25:35,181 - Epoch:80/300,Train Accuracy:69.62686920166016%
2023-04-06 16:25:35,359 - Epoch:81/300,Train Accuracy:69.02985382080078%
2023-04-06 16:25:35,538 - Epoch:82/300,Train Accuracy:69.85074615478516%
2023-04-06 16:25:35,714 - Epoch:83/300,Train Accuracy:70.0%
2023-04-06 16:25:35,891 - Epoch:84/300,Train Accuracy:69.70149230957031%
2023-04-06 16:25:36,069 - Epoch:85/300,Train Accuracy:69.70149230957031%
2023-04-06 16:25:36,246 - Epoch:86/300,Train Accuracy:69.70149230957031%
2023-04-06 16:25:36,422 - Epoch:87/300,Train Accuracy:70.37313079833984%
2023-04-06 16:25:36,600 - Epoch:88/300,Train Accuracy:70.74626922607422%
2023-04-06 16:25:36,781 - Epoch:89/300,Train Accuracy:70.44776153564453%
2023-04-06 16:25:36,959 - Epoch:90/300,Train Accuracy:69.92537689208984%
2023-04-06 16:25:37,138 - Epoch:91/300,Train Accuracy:70.37313079833984%
2023-04-06 16:25:37,316 - Epoch:92/300,Train Accuracy:69.776123046875%
2023-04-06 16:25:37,489 - Epoch:93/300,Train Accuracy:70.67163848876953%
2023-04-06 16:25:37,664 - Epoch:94/300,Train Accuracy:70.59701538085938%
2023-04-06 16:25:37,838 - Epoch:95/300,Train Accuracy:70.14925384521484%
2023-04-06 16:25:38,014 - Epoch:96/300,Train Accuracy:70.74626922607422%
2023-04-06 16:25:38,191 - Epoch:97/300,Train Accuracy:70.44776153564453%
2023-04-06 16:25:38,368 - Epoch:98/300,Train Accuracy:70.67163848876953%
2023-04-06 16:25:38,544 - Epoch:99/300,Train Accuracy:70.74626922607422%
2023-04-06 16:25:38,720 - Epoch:100/300,Train Accuracy:71.11940002441406%
2023-04-06 16:25:38,898 - Epoch:101/300,Train Accuracy:70.97014617919922%
2023-04-06 16:25:39,076 - Epoch:102/300,Train Accuracy:71.64179229736328%
2023-04-06 16:25:39,254 - Epoch:103/300,Train Accuracy:71.5671615600586%
2023-04-06 16:25:39,428 - Epoch:104/300,Train Accuracy:71.2686538696289%
2023-04-06 16:25:39,604 - Epoch:105/300,Train Accuracy:71.71641540527344%
2023-04-06 16:25:39,783 - Epoch:106/300,Train Accuracy:71.71641540527344%
2023-04-06 16:25:39,960 - Epoch:107/300,Train Accuracy:72.01492309570312%
2023-04-06 16:25:40,140 - Epoch:108/300,Train Accuracy:71.41790771484375%
2023-04-06 16:25:40,316 - Epoch:109/300,Train Accuracy:72.16417694091797%
2023-04-06 16:25:40,494 - Epoch:110/300,Train Accuracy:72.08955383300781%
2023-04-06 16:25:40,670 - Epoch:111/300,Train Accuracy:72.01492309570312%
2023-04-06 16:25:40,847 - Epoch:112/300,Train Accuracy:72.91044616699219%
2023-04-06 16:25:41,023 - Epoch:113/300,Train Accuracy:72.3880615234375%
2023-04-06 16:25:41,202 - Epoch:114/300,Train Accuracy:72.83582305908203%
2023-04-06 16:25:41,381 - Epoch:115/300,Train Accuracy:72.76119232177734%
2023-04-06 16:25:41,558 - Epoch:116/300,Train Accuracy:72.83582305908203%
2023-04-06 16:25:41,732 - Epoch:117/300,Train Accuracy:73.13433074951172%
2023-04-06 16:25:41,910 - Epoch:118/300,Train Accuracy:72.83582305908203%
2023-04-06 16:25:42,088 - Epoch:119/300,Train Accuracy:73.05970001220703%
2023-04-06 16:25:42,264 - Epoch:120/300,Train Accuracy:72.98507690429688%
2023-04-06 16:25:42,439 - Epoch:121/300,Train Accuracy:73.7313461303711%
2023-04-06 16:25:42,613 - Epoch:122/300,Train Accuracy:73.9552230834961%
2023-04-06 16:25:42,788 - Epoch:123/300,Train Accuracy:73.50746154785156%
2023-04-06 16:25:42,965 - Epoch:124/300,Train Accuracy:73.6567153930664%
2023-04-06 16:25:43,141 - Epoch:125/300,Train Accuracy:73.6567153930664%
2023-04-06 16:25:43,316 - Epoch:126/300,Train Accuracy:73.7313461303711%
2023-04-06 16:25:43,490 - Epoch:127/300,Train Accuracy:74.02985382080078%
2023-04-06 16:25:43,665 - Epoch:128/300,Train Accuracy:73.7313461303711%
2023-04-06 16:25:43,839 - Epoch:129/300,Train Accuracy:74.40298461914062%
2023-04-06 16:25:44,013 - Epoch:130/300,Train Accuracy:74.32836151123047%
2023-04-06 16:25:44,186 - Epoch:131/300,Train Accuracy:74.10447692871094%
2023-04-06 16:25:44,361 - Epoch:132/300,Train Accuracy:74.55223846435547%
2023-04-06 16:25:44,534 - Epoch:133/300,Train Accuracy:74.70149230957031%
2023-04-06 16:25:44,707 - Epoch:134/300,Train Accuracy:74.92537689208984%
2023-04-06 16:25:44,879 - Epoch:135/300,Train Accuracy:74.55223846435547%
2023-04-06 16:25:45,052 - Epoch:136/300,Train Accuracy:74.85074615478516%
2023-04-06 16:25:45,224 - Epoch:137/300,Train Accuracy:75.29850769042969%
2023-04-06 16:25:45,397 - Epoch:138/300,Train Accuracy:75.52238464355469%
2023-04-06 16:25:45,569 - Epoch:139/300,Train Accuracy:75.07462310791016%
2023-04-06 16:25:45,740 - Epoch:140/300,Train Accuracy:75.67163848876953%
2023-04-06 16:25:45,910 - Epoch:141/300,Train Accuracy:75.52238464355469%
2023-04-06 16:25:46,082 - Epoch:142/300,Train Accuracy:75.67163848876953%
2023-04-06 16:25:46,253 - Epoch:143/300,Train Accuracy:75.59701538085938%
2023-04-06 16:25:46,423 - Epoch:144/300,Train Accuracy:75.89552307128906%
2023-04-06 16:25:46,594 - Epoch:145/300,Train Accuracy:75.67163848876953%
2023-04-06 16:25:46,765 - Epoch:146/300,Train Accuracy:76.11940002441406%
2023-04-06 16:25:46,935 - Epoch:147/300,Train Accuracy:76.3432846069336%
2023-04-06 16:25:47,115 - Epoch:148/300,Train Accuracy:76.3432846069336%
2023-04-06 16:25:47,288 - Epoch:149/300,Train Accuracy:76.49253845214844%
2023-04-06 16:25:47,458 - Epoch:150/300,Train Accuracy:76.2686538696289%
2023-04-06 16:25:47,628 - Epoch:151/300,Train Accuracy:76.64179229736328%
2023-04-06 16:25:47,799 - Epoch:152/300,Train Accuracy:76.49253845214844%
2023-04-06 16:25:47,968 - Epoch:153/300,Train Accuracy:76.19403076171875%
2023-04-06 16:25:48,138 - Epoch:154/300,Train Accuracy:76.71641540527344%
2023-04-06 16:25:48,307 - Epoch:155/300,Train Accuracy:76.86566925048828%
2023-04-06 16:25:48,477 - Epoch:156/300,Train Accuracy:76.3432846069336%
2023-04-06 16:25:48,648 - Epoch:157/300,Train Accuracy:76.94029998779297%
2023-04-06 16:25:48,819 - Epoch:158/300,Train Accuracy:77.23880767822266%
2023-04-06 16:25:48,991 - Epoch:159/300,Train Accuracy:77.46268463134766%
2023-04-06 16:25:49,161 - Epoch:160/300,Train Accuracy:76.86566925048828%
2023-04-06 16:25:49,332 - Epoch:161/300,Train Accuracy:76.71641540527344%
2023-04-06 16:25:49,503 - Epoch:162/300,Train Accuracy:77.46268463134766%
2023-04-06 16:25:49,675 - Epoch:163/300,Train Accuracy:77.01492309570312%
2023-04-06 16:25:49,846 - Epoch:164/300,Train Accuracy:77.3880615234375%
2023-04-06 16:25:50,019 - Epoch:165/300,Train Accuracy:77.83582305908203%
2023-04-06 16:25:50,191 - Epoch:166/300,Train Accuracy:77.76119232177734%
2023-04-06 16:25:50,363 - Epoch:167/300,Train Accuracy:77.91044616699219%
2023-04-06 16:25:50,537 - Epoch:168/300,Train Accuracy:77.23880767822266%
2023-04-06 16:25:50,710 - Epoch:169/300,Train Accuracy:77.46268463134766%
2023-04-06 16:25:50,882 - Epoch:170/300,Train Accuracy:77.91044616699219%
2023-04-06 16:25:51,056 - Epoch:171/300,Train Accuracy:77.83582305908203%
2023-04-06 16:25:51,228 - Epoch:172/300,Train Accuracy:78.13433074951172%
2023-04-06 16:25:51,399 - Epoch:173/300,Train Accuracy:77.68656921386719%
2023-04-06 16:25:51,572 - Epoch:174/300,Train Accuracy:78.28358459472656%
2023-04-06 16:25:51,744 - Epoch:175/300,Train Accuracy:78.35820770263672%
2023-04-06 16:25:51,917 - Epoch:176/300,Train Accuracy:78.35820770263672%
2023-04-06 16:25:52,095 - Epoch:177/300,Train Accuracy:78.6567153930664%
2023-04-06 16:25:52,266 - Epoch:178/300,Train Accuracy:78.4328384399414%
2023-04-06 16:25:52,437 - Epoch:179/300,Train Accuracy:78.35820770263672%
2023-04-06 16:25:52,608 - Epoch:180/300,Train Accuracy:78.05970001220703%
2023-04-06 16:25:52,777 - Epoch:181/300,Train Accuracy:78.9552230834961%
2023-04-06 16:25:52,945 - Epoch:182/300,Train Accuracy:78.7313461303711%
2023-04-06 16:25:53,115 - Epoch:183/300,Train Accuracy:78.58209228515625%
2023-04-06 16:25:53,285 - Epoch:184/300,Train Accuracy:78.9552230834961%
2023-04-06 16:25:53,454 - Epoch:185/300,Train Accuracy:78.50746154785156%
2023-04-06 16:25:53,624 - Epoch:186/300,Train Accuracy:78.50746154785156%
2023-04-06 16:25:53,793 - Epoch:187/300,Train Accuracy:79.02985382080078%
2023-04-06 16:25:53,963 - Epoch:188/300,Train Accuracy:79.55223846435547%
2023-04-06 16:25:54,132 - Epoch:189/300,Train Accuracy:79.40298461914062%
2023-04-06 16:25:54,303 - Epoch:190/300,Train Accuracy:79.17910766601562%
2023-04-06 16:25:54,473 - Epoch:191/300,Train Accuracy:79.776123046875%
2023-04-06 16:25:54,643 - Epoch:192/300,Train Accuracy:79.62686920166016%
2023-04-06 16:25:54,813 - Epoch:193/300,Train Accuracy:79.32836151123047%
2023-04-06 16:25:54,984 - Epoch:194/300,Train Accuracy:79.55223846435547%
2023-04-06 16:25:55,156 - Epoch:195/300,Train Accuracy:79.776123046875%
2023-04-06 16:25:55,327 - Epoch:196/300,Train Accuracy:79.85074615478516%
2023-04-06 16:25:55,498 - Epoch:197/300,Train Accuracy:80.14925384521484%
2023-04-06 16:25:55,670 - Epoch:198/300,Train Accuracy:80.0%
2023-04-06 16:25:55,839 - Epoch:199/300,Train Accuracy:79.776123046875%
2023-04-06 16:25:56,010 - Epoch:200/300,Train Accuracy:80.07462310791016%
2023-04-06 16:25:56,179 - Epoch:201/300,Train Accuracy:80.44776153564453%
2023-04-06 16:25:56,349 - Epoch:202/300,Train Accuracy:80.59701538085938%
2023-04-06 16:25:56,517 - Epoch:203/300,Train Accuracy:80.37313079833984%
2023-04-06 16:25:56,688 - Epoch:204/300,Train Accuracy:80.223876953125%
2023-04-06 16:25:56,858 - Epoch:205/300,Train Accuracy:80.14925384521484%
2023-04-06 16:25:57,028 - Epoch:206/300,Train Accuracy:80.29850769042969%
2023-04-06 16:25:57,199 - Epoch:207/300,Train Accuracy:80.44776153564453%
2023-04-06 16:25:57,369 - Epoch:208/300,Train Accuracy:81.0447769165039%
2023-04-06 16:25:57,538 - Epoch:209/300,Train Accuracy:80.52238464355469%
2023-04-06 16:25:57,707 - Epoch:210/300,Train Accuracy:81.0447769165039%
2023-04-06 16:25:57,876 - Epoch:211/300,Train Accuracy:80.52238464355469%
2023-04-06 16:25:58,046 - Epoch:212/300,Train Accuracy:80.67163848876953%
2023-04-06 16:25:58,215 - Epoch:213/300,Train Accuracy:81.11940002441406%
2023-04-06 16:25:58,385 - Epoch:214/300,Train Accuracy:81.0447769165039%
2023-04-06 16:25:58,555 - Epoch:215/300,Train Accuracy:81.19403076171875%
2023-04-06 16:25:58,726 - Epoch:216/300,Train Accuracy:80.89552307128906%
2023-04-06 16:25:58,896 - Epoch:217/300,Train Accuracy:82.01492309570312%
2023-04-06 16:25:59,066 - Epoch:218/300,Train Accuracy:81.49253845214844%
2023-04-06 16:25:59,236 - Epoch:219/300,Train Accuracy:81.41790771484375%
2023-04-06 16:25:59,406 - Epoch:220/300,Train Accuracy:82.16417694091797%
2023-04-06 16:25:59,576 - Epoch:221/300,Train Accuracy:81.41790771484375%
2023-04-06 16:25:59,745 - Epoch:222/300,Train Accuracy:81.64179229736328%
2023-04-06 16:25:59,915 - Epoch:223/300,Train Accuracy:81.2686538696289%
2023-04-06 16:26:00,093 - Epoch:224/300,Train Accuracy:82.46268463134766%
2023-04-06 16:26:00,281 - Epoch:225/300,Train Accuracy:82.01492309570312%
2023-04-06 16:26:00,454 - Epoch:226/300,Train Accuracy:82.6119384765625%
2023-04-06 16:26:00,624 - Epoch:227/300,Train Accuracy:82.6119384765625%
2023-04-06 16:26:00,793 - Epoch:228/300,Train Accuracy:82.6119384765625%
2023-04-06 16:26:00,963 - Epoch:229/300,Train Accuracy:82.01492309570312%
2023-04-06 16:26:01,133 - Epoch:230/300,Train Accuracy:82.83582305908203%
2023-04-06 16:26:01,306 - Epoch:231/300,Train Accuracy:82.91044616699219%
2023-04-06 16:26:01,492 - Epoch:232/300,Train Accuracy:82.98507690429688%
2023-04-06 16:26:01,663 - Epoch:233/300,Train Accuracy:82.31343078613281%
2023-04-06 16:26:01,837 - Epoch:234/300,Train Accuracy:82.83582305908203%
2023-04-06 16:26:02,010 - Epoch:235/300,Train Accuracy:83.05970001220703%
2023-04-06 16:26:02,183 - Epoch:236/300,Train Accuracy:83.13433074951172%
2023-04-06 16:26:02,355 - Epoch:237/300,Train Accuracy:82.68656921386719%
2023-04-06 16:26:02,525 - Epoch:238/300,Train Accuracy:82.98507690429688%
2023-04-06 16:26:02,694 - Epoch:239/300,Train Accuracy:83.13433074951172%
2023-04-06 16:26:02,864 - Epoch:240/300,Train Accuracy:83.20895385742188%
2023-04-06 16:26:03,036 - Epoch:241/300,Train Accuracy:83.58209228515625%
2023-04-06 16:26:03,208 - Epoch:242/300,Train Accuracy:83.58209228515625%
2023-04-06 16:26:03,379 - Epoch:243/300,Train Accuracy:83.20895385742188%
2023-04-06 16:26:03,551 - Epoch:244/300,Train Accuracy:83.6567153930664%
2023-04-06 16:26:03,723 - Epoch:245/300,Train Accuracy:83.05970001220703%
2023-04-06 16:26:03,896 - Epoch:246/300,Train Accuracy:83.13433074951172%
2023-04-06 16:26:04,073 - Epoch:247/300,Train Accuracy:84.10447692871094%
2023-04-06 16:26:04,248 - Epoch:248/300,Train Accuracy:83.4328384399414%
2023-04-06 16:26:04,421 - Epoch:249/300,Train Accuracy:83.28358459472656%
2023-04-06 16:26:04,593 - Epoch:250/300,Train Accuracy:83.80596923828125%
2023-04-06 16:26:04,769 - Epoch:251/300,Train Accuracy:84.17910766601562%
2023-04-06 16:26:04,944 - Epoch:252/300,Train Accuracy:83.7313461303711%
2023-04-06 16:26:05,117 - Epoch:253/300,Train Accuracy:84.17910766601562%
2023-04-06 16:26:05,292 - Epoch:254/300,Train Accuracy:84.25373077392578%
2023-04-06 16:26:05,480 - Epoch:255/300,Train Accuracy:83.88059997558594%
2023-04-06 16:26:05,668 - Epoch:256/300,Train Accuracy:84.25373077392578%
2023-04-06 16:26:05,855 - Epoch:257/300,Train Accuracy:84.17910766601562%
2023-04-06 16:26:06,040 - Epoch:258/300,Train Accuracy:84.70149230957031%
2023-04-06 16:26:06,222 - Epoch:259/300,Train Accuracy:84.02985382080078%
2023-04-06 16:26:06,401 - Epoch:260/300,Train Accuracy:84.85074615478516%
2023-04-06 16:26:06,583 - Epoch:261/300,Train Accuracy:84.25373077392578%
2023-04-06 16:26:06,765 - Epoch:262/300,Train Accuracy:84.47761535644531%
2023-04-06 16:26:06,954 - Epoch:263/300,Train Accuracy:85.07462310791016%
2023-04-06 16:26:07,141 - Epoch:264/300,Train Accuracy:84.92537689208984%
2023-04-06 16:26:07,325 - Epoch:265/300,Train Accuracy:84.92537689208984%
2023-04-06 16:26:07,504 - Epoch:266/300,Train Accuracy:84.776123046875%
2023-04-06 16:26:07,681 - Epoch:267/300,Train Accuracy:85.44776153564453%
2023-04-06 16:26:07,860 - Epoch:268/300,Train Accuracy:85.223876953125%
2023-04-06 16:26:08,039 - Epoch:269/300,Train Accuracy:85.29850769042969%
2023-04-06 16:26:08,219 - Epoch:270/300,Train Accuracy:85.14925384521484%
2023-04-06 16:26:08,397 - Epoch:271/300,Train Accuracy:85.14925384521484%
2023-04-06 16:26:08,574 - Epoch:272/300,Train Accuracy:85.29850769042969%
2023-04-06 16:26:08,750 - Epoch:273/300,Train Accuracy:85.29850769042969%
2023-04-06 16:26:08,926 - Epoch:274/300,Train Accuracy:85.223876953125%
2023-04-06 16:26:09,103 - Epoch:275/300,Train Accuracy:85.14925384521484%
2023-04-06 16:26:09,283 - Epoch:276/300,Train Accuracy:85.37313079833984%
2023-04-06 16:26:09,462 - Epoch:277/300,Train Accuracy:85.223876953125%
2023-04-06 16:26:09,638 - Epoch:278/300,Train Accuracy:85.67163848876953%
2023-04-06 16:26:09,815 - Epoch:279/300,Train Accuracy:85.74626922607422%
2023-04-06 16:26:09,993 - Epoch:280/300,Train Accuracy:85.37313079833984%
2023-04-06 16:26:10,171 - Epoch:281/300,Train Accuracy:86.0447769165039%
2023-04-06 16:26:10,346 - Epoch:282/300,Train Accuracy:86.19403076171875%
2023-04-06 16:26:10,521 - Epoch:283/300,Train Accuracy:85.44776153564453%
2023-04-06 16:26:10,696 - Epoch:284/300,Train Accuracy:85.52238464355469%
2023-04-06 16:26:10,871 - Epoch:285/300,Train Accuracy:85.82089233398438%
2023-04-06 16:26:11,046 - Epoch:286/300,Train Accuracy:86.41790771484375%
2023-04-06 16:26:11,223 - Epoch:287/300,Train Accuracy:86.2686538696289%
2023-04-06 16:26:11,434 - Epoch:288/300,Train Accuracy:85.82089233398438%
2023-04-06 16:26:11,605 - Epoch:289/300,Train Accuracy:86.11940002441406%
2023-04-06 16:26:11,774 - Epoch:290/300,Train Accuracy:85.89552307128906%
2023-04-06 16:26:11,941 - Epoch:291/300,Train Accuracy:86.41790771484375%
2023-04-06 16:26:12,110 - Epoch:292/300,Train Accuracy:85.74626922607422%
2023-04-06 16:26:12,278 - Epoch:293/300,Train Accuracy:87.01492309570312%
2023-04-06 16:26:12,446 - Epoch:294/300,Train Accuracy:86.2686538696289%
2023-04-06 16:26:12,618 - Epoch:295/300,Train Accuracy:86.3432846069336%
2023-04-06 16:26:12,788 - Epoch:296/300,Train Accuracy:86.19403076171875%
2023-04-06 16:26:12,960 - Epoch:297/300,Train Accuracy:86.49253845214844%
2023-04-06 16:26:13,133 - Epoch:298/300,Train Accuracy:85.97014617919922%
2023-04-06 16:26:13,301 - Epoch:299/300,Train Accuracy:86.5671615600586%
2023-04-06 16:26:13,539 - 
Test set: Avg. loss: 0.0435, Accuracy: 445/660 (67.42%)

2023-04-06 16:26:13,542 - fpr:[0.         0.36990596 1.        ],tpr:[0.         0.71554252 1.        ],threshold:[2 1 0],auc:0.6728182829406412
2023-04-06 16:26:13,543 - This is for user15
2023-04-06 16:26:13,940 - Epoch:0/300,Train Accuracy:66.41790771484375%
2023-04-06 16:26:14,118 - Epoch:1/300,Train Accuracy:66.19403076171875%
2023-04-06 16:26:14,301 - Epoch:2/300,Train Accuracy:66.94029998779297%
2023-04-06 16:26:14,479 - Epoch:3/300,Train Accuracy:67.46268463134766%
2023-04-06 16:26:14,651 - Epoch:4/300,Train Accuracy:68.05970001220703%
2023-04-06 16:26:14,825 - Epoch:5/300,Train Accuracy:67.91044616699219%
2023-04-06 16:26:15,000 - Epoch:6/300,Train Accuracy:69.02985382080078%
2023-04-06 16:26:15,171 - Epoch:7/300,Train Accuracy:69.25373077392578%
2023-04-06 16:26:15,343 - Epoch:8/300,Train Accuracy:68.7313461303711%
2023-04-06 16:26:15,515 - Epoch:9/300,Train Accuracy:68.88059997558594%
2023-04-06 16:26:15,682 - Epoch:10/300,Train Accuracy:68.58209228515625%
2023-04-06 16:26:15,869 - Epoch:11/300,Train Accuracy:69.62686920166016%
2023-04-06 16:26:16,042 - Epoch:12/300,Train Accuracy:69.47761535644531%
2023-04-06 16:26:16,209 - Epoch:13/300,Train Accuracy:70.82089233398438%
2023-04-06 16:26:16,376 - Epoch:14/300,Train Accuracy:70.44776153564453%
2023-04-06 16:26:16,544 - Epoch:15/300,Train Accuracy:70.67163848876953%
2023-04-06 16:26:16,711 - Epoch:16/300,Train Accuracy:70.82089233398438%
2023-04-06 16:26:16,877 - Epoch:17/300,Train Accuracy:71.11940002441406%
2023-04-06 16:26:17,048 - Epoch:18/300,Train Accuracy:71.2686538696289%
2023-04-06 16:26:17,215 - Epoch:19/300,Train Accuracy:70.97014617919922%
2023-04-06 16:26:17,384 - Epoch:20/300,Train Accuracy:71.11940002441406%
2023-04-06 16:26:17,551 - Epoch:21/300,Train Accuracy:70.89552307128906%
2023-04-06 16:26:17,718 - Epoch:22/300,Train Accuracy:71.5671615600586%
2023-04-06 16:26:17,885 - Epoch:23/300,Train Accuracy:71.64179229736328%
2023-04-06 16:26:18,053 - Epoch:24/300,Train Accuracy:71.2686538696289%
2023-04-06 16:26:18,221 - Epoch:25/300,Train Accuracy:72.01492309570312%
2023-04-06 16:26:18,388 - Epoch:26/300,Train Accuracy:71.86566925048828%
2023-04-06 16:26:18,557 - Epoch:27/300,Train Accuracy:71.71641540527344%
2023-04-06 16:26:18,729 - Epoch:28/300,Train Accuracy:72.23880767822266%
2023-04-06 16:26:18,905 - Epoch:29/300,Train Accuracy:72.3880615234375%
2023-04-06 16:26:19,082 - Epoch:30/300,Train Accuracy:71.86566925048828%
2023-04-06 16:26:19,264 - Epoch:31/300,Train Accuracy:72.91044616699219%
2023-04-06 16:26:19,438 - Epoch:32/300,Train Accuracy:72.53731536865234%
2023-04-06 16:26:19,609 - Epoch:33/300,Train Accuracy:72.68656921386719%
2023-04-06 16:26:19,780 - Epoch:34/300,Train Accuracy:72.68656921386719%
2023-04-06 16:26:19,952 - Epoch:35/300,Train Accuracy:72.98507690429688%
2023-04-06 16:26:20,131 - Epoch:36/300,Train Accuracy:73.13433074951172%
2023-04-06 16:26:20,301 - Epoch:37/300,Train Accuracy:73.20895385742188%
2023-04-06 16:26:20,471 - Epoch:38/300,Train Accuracy:72.46268463134766%
2023-04-06 16:26:20,643 - Epoch:39/300,Train Accuracy:72.98507690429688%
2023-04-06 16:26:20,813 - Epoch:40/300,Train Accuracy:73.28358459472656%
2023-04-06 16:26:20,986 - Epoch:41/300,Train Accuracy:73.28358459472656%
2023-04-06 16:26:21,157 - Epoch:42/300,Train Accuracy:72.91044616699219%
2023-04-06 16:26:21,331 - Epoch:43/300,Train Accuracy:73.35820770263672%
2023-04-06 16:26:21,499 - Epoch:44/300,Train Accuracy:73.4328384399414%
2023-04-06 16:26:21,670 - Epoch:45/300,Train Accuracy:73.13433074951172%
2023-04-06 16:26:21,839 - Epoch:46/300,Train Accuracy:73.50746154785156%
2023-04-06 16:26:22,009 - Epoch:47/300,Train Accuracy:73.58209228515625%
2023-04-06 16:26:22,180 - Epoch:48/300,Train Accuracy:73.88059997558594%
2023-04-06 16:26:22,351 - Epoch:49/300,Train Accuracy:73.9552230834961%
2023-04-06 16:26:22,523 - Epoch:50/300,Train Accuracy:73.80596923828125%
2023-04-06 16:26:22,689 - Epoch:51/300,Train Accuracy:74.40298461914062%
2023-04-06 16:26:22,857 - Epoch:52/300,Train Accuracy:74.47761535644531%
2023-04-06 16:26:23,028 - Epoch:53/300,Train Accuracy:74.55223846435547%
2023-04-06 16:26:23,195 - Epoch:54/300,Train Accuracy:74.55223846435547%
2023-04-06 16:26:23,365 - Epoch:55/300,Train Accuracy:74.70149230957031%
2023-04-06 16:26:23,534 - Epoch:56/300,Train Accuracy:74.55223846435547%
2023-04-06 16:26:23,705 - Epoch:57/300,Train Accuracy:74.85074615478516%
2023-04-06 16:26:23,879 - Epoch:58/300,Train Accuracy:74.92537689208984%
2023-04-06 16:26:24,050 - Epoch:59/300,Train Accuracy:75.0%
2023-04-06 16:26:24,218 - Epoch:60/300,Train Accuracy:75.74626922607422%
2023-04-06 16:26:24,392 - Epoch:61/300,Train Accuracy:75.82089233398438%
2023-04-06 16:26:24,572 - Epoch:62/300,Train Accuracy:75.37313079833984%
2023-04-06 16:26:24,752 - Epoch:63/300,Train Accuracy:76.0447769165039%
2023-04-06 16:26:24,935 - Epoch:64/300,Train Accuracy:75.89552307128906%
2023-04-06 16:26:25,108 - Epoch:65/300,Train Accuracy:75.97014617919922%
2023-04-06 16:26:25,291 - Epoch:66/300,Train Accuracy:76.2686538696289%
2023-04-06 16:26:25,461 - Epoch:67/300,Train Accuracy:76.64179229736328%
2023-04-06 16:26:25,632 - Epoch:68/300,Train Accuracy:76.71641540527344%
2023-04-06 16:26:25,803 - Epoch:69/300,Train Accuracy:76.86566925048828%
2023-04-06 16:26:25,976 - Epoch:70/300,Train Accuracy:76.5671615600586%
2023-04-06 16:26:26,148 - Epoch:71/300,Train Accuracy:76.49253845214844%
2023-04-06 16:26:26,325 - Epoch:72/300,Train Accuracy:76.5671615600586%
2023-04-06 16:26:26,498 - Epoch:73/300,Train Accuracy:77.01492309570312%
2023-04-06 16:26:26,671 - Epoch:74/300,Train Accuracy:77.08955383300781%
2023-04-06 16:26:26,846 - Epoch:75/300,Train Accuracy:76.86566925048828%
2023-04-06 16:26:27,018 - Epoch:76/300,Train Accuracy:77.16417694091797%
2023-04-06 16:26:27,189 - Epoch:77/300,Train Accuracy:77.08955383300781%
2023-04-06 16:26:27,362 - Epoch:78/300,Train Accuracy:77.98507690429688%
2023-04-06 16:26:27,534 - Epoch:79/300,Train Accuracy:77.3880615234375%
2023-04-06 16:26:27,705 - Epoch:80/300,Train Accuracy:77.6119384765625%
2023-04-06 16:26:27,877 - Epoch:81/300,Train Accuracy:77.76119232177734%
2023-04-06 16:26:28,050 - Epoch:82/300,Train Accuracy:77.31343078613281%
2023-04-06 16:26:28,223 - Epoch:83/300,Train Accuracy:78.4328384399414%
2023-04-06 16:26:28,396 - Epoch:84/300,Train Accuracy:77.46268463134766%
2023-04-06 16:26:28,566 - Epoch:85/300,Train Accuracy:78.13433074951172%
2023-04-06 16:26:28,739 - Epoch:86/300,Train Accuracy:77.98507690429688%
2023-04-06 16:26:28,912 - Epoch:87/300,Train Accuracy:77.98507690429688%
2023-04-06 16:26:29,085 - Epoch:88/300,Train Accuracy:78.05970001220703%
2023-04-06 16:26:29,257 - Epoch:89/300,Train Accuracy:77.91044616699219%
2023-04-06 16:26:29,430 - Epoch:90/300,Train Accuracy:78.20895385742188%
2023-04-06 16:26:29,602 - Epoch:91/300,Train Accuracy:78.20895385742188%
2023-04-06 16:26:29,774 - Epoch:92/300,Train Accuracy:78.50746154785156%
2023-04-06 16:26:29,946 - Epoch:93/300,Train Accuracy:78.88059997558594%
2023-04-06 16:26:30,120 - Epoch:94/300,Train Accuracy:79.47761535644531%
2023-04-06 16:26:30,295 - Epoch:95/300,Train Accuracy:78.7313461303711%
2023-04-06 16:26:30,467 - Epoch:96/300,Train Accuracy:79.10447692871094%
2023-04-06 16:26:30,640 - Epoch:97/300,Train Accuracy:78.7313461303711%
2023-04-06 16:26:30,817 - Epoch:98/300,Train Accuracy:79.25373077392578%
2023-04-06 16:26:30,991 - Epoch:99/300,Train Accuracy:79.62686920166016%
2023-04-06 16:26:31,166 - Epoch:100/300,Train Accuracy:79.776123046875%
2023-04-06 16:26:31,341 - Epoch:101/300,Train Accuracy:79.70149230957031%
2023-04-06 16:26:31,515 - Epoch:102/300,Train Accuracy:80.07462310791016%
2023-04-06 16:26:31,688 - Epoch:103/300,Train Accuracy:79.776123046875%
2023-04-06 16:26:31,862 - Epoch:104/300,Train Accuracy:80.0%
2023-04-06 16:26:32,037 - Epoch:105/300,Train Accuracy:80.223876953125%
2023-04-06 16:26:32,213 - Epoch:106/300,Train Accuracy:80.0%
2023-04-06 16:26:32,388 - Epoch:107/300,Train Accuracy:80.07462310791016%
2023-04-06 16:26:32,560 - Epoch:108/300,Train Accuracy:80.07462310791016%
2023-04-06 16:26:32,734 - Epoch:109/300,Train Accuracy:80.223876953125%
2023-04-06 16:26:32,909 - Epoch:110/300,Train Accuracy:80.07462310791016%
2023-04-06 16:26:33,084 - Epoch:111/300,Train Accuracy:80.29850769042969%
2023-04-06 16:26:33,259 - Epoch:112/300,Train Accuracy:80.74626922607422%
2023-04-06 16:26:33,434 - Epoch:113/300,Train Accuracy:80.59701538085938%
2023-04-06 16:26:33,611 - Epoch:114/300,Train Accuracy:81.19403076171875%
2023-04-06 16:26:33,787 - Epoch:115/300,Train Accuracy:80.67163848876953%
2023-04-06 16:26:33,966 - Epoch:116/300,Train Accuracy:80.74626922607422%
2023-04-06 16:26:34,140 - Epoch:117/300,Train Accuracy:80.82089233398438%
2023-04-06 16:26:34,315 - Epoch:118/300,Train Accuracy:80.97014617919922%
2023-04-06 16:26:34,491 - Epoch:119/300,Train Accuracy:81.3432846069336%
2023-04-06 16:26:34,667 - Epoch:120/300,Train Accuracy:81.2686538696289%
2023-04-06 16:26:34,843 - Epoch:121/300,Train Accuracy:81.19403076171875%
2023-04-06 16:26:35,019 - Epoch:122/300,Train Accuracy:81.71641540527344%
2023-04-06 16:26:35,197 - Epoch:123/300,Train Accuracy:81.41790771484375%
2023-04-06 16:26:35,375 - Epoch:124/300,Train Accuracy:81.64179229736328%
2023-04-06 16:26:35,552 - Epoch:125/300,Train Accuracy:81.79104614257812%
2023-04-06 16:26:35,728 - Epoch:126/300,Train Accuracy:81.5671615600586%
2023-04-06 16:26:35,905 - Epoch:127/300,Train Accuracy:81.86566925048828%
2023-04-06 16:26:36,080 - Epoch:128/300,Train Accuracy:82.01492309570312%
2023-04-06 16:26:36,263 - Epoch:129/300,Train Accuracy:81.64179229736328%
2023-04-06 16:26:36,439 - Epoch:130/300,Train Accuracy:82.3880615234375%
2023-04-06 16:26:36,618 - Epoch:131/300,Train Accuracy:82.6119384765625%
2023-04-06 16:26:36,799 - Epoch:132/300,Train Accuracy:82.46268463134766%
2023-04-06 16:26:36,970 - Epoch:133/300,Train Accuracy:82.53731536865234%
2023-04-06 16:26:37,151 - Epoch:134/300,Train Accuracy:82.31343078613281%
2023-04-06 16:26:37,340 - Epoch:135/300,Train Accuracy:82.6119384765625%
2023-04-06 16:26:37,517 - Epoch:136/300,Train Accuracy:82.68656921386719%
2023-04-06 16:26:37,692 - Epoch:137/300,Train Accuracy:82.16417694091797%
2023-04-06 16:26:37,866 - Epoch:138/300,Train Accuracy:82.46268463134766%
2023-04-06 16:26:38,042 - Epoch:139/300,Train Accuracy:82.53731536865234%
2023-04-06 16:26:38,216 - Epoch:140/300,Train Accuracy:82.83582305908203%
2023-04-06 16:26:38,391 - Epoch:141/300,Train Accuracy:83.13433074951172%
2023-04-06 16:26:38,567 - Epoch:142/300,Train Accuracy:83.13433074951172%
2023-04-06 16:26:38,742 - Epoch:143/300,Train Accuracy:83.05970001220703%
2023-04-06 16:26:38,916 - Epoch:144/300,Train Accuracy:82.91044616699219%
2023-04-06 16:26:39,092 - Epoch:145/300,Train Accuracy:82.3880615234375%
2023-04-06 16:26:39,265 - Epoch:146/300,Train Accuracy:83.05970001220703%
2023-04-06 16:26:39,443 - Epoch:147/300,Train Accuracy:83.05970001220703%
2023-04-06 16:26:39,616 - Epoch:148/300,Train Accuracy:83.7313461303711%
2023-04-06 16:26:39,790 - Epoch:149/300,Train Accuracy:82.91044616699219%
2023-04-06 16:26:39,967 - Epoch:150/300,Train Accuracy:83.13433074951172%
2023-04-06 16:26:40,147 - Epoch:151/300,Train Accuracy:83.13433074951172%
2023-04-06 16:26:40,322 - Epoch:152/300,Train Accuracy:83.20895385742188%
2023-04-06 16:26:40,496 - Epoch:153/300,Train Accuracy:83.6567153930664%
2023-04-06 16:26:40,670 - Epoch:154/300,Train Accuracy:83.35820770263672%
2023-04-06 16:26:40,843 - Epoch:155/300,Train Accuracy:83.58209228515625%
2023-04-06 16:26:41,017 - Epoch:156/300,Train Accuracy:83.9552230834961%
2023-04-06 16:26:41,194 - Epoch:157/300,Train Accuracy:83.88059997558594%
2023-04-06 16:26:41,368 - Epoch:158/300,Train Accuracy:83.28358459472656%
2023-04-06 16:26:41,541 - Epoch:159/300,Train Accuracy:83.4328384399414%
2023-04-06 16:26:41,715 - Epoch:160/300,Train Accuracy:83.35820770263672%
2023-04-06 16:26:41,890 - Epoch:161/300,Train Accuracy:84.25373077392578%
2023-04-06 16:26:42,065 - Epoch:162/300,Train Accuracy:83.7313461303711%
2023-04-06 16:26:42,248 - Epoch:163/300,Train Accuracy:83.9552230834961%
2023-04-06 16:26:42,426 - Epoch:164/300,Train Accuracy:83.58209228515625%
2023-04-06 16:26:42,600 - Epoch:165/300,Train Accuracy:84.17910766601562%
2023-04-06 16:26:42,774 - Epoch:166/300,Train Accuracy:84.10447692871094%
2023-04-06 16:26:42,949 - Epoch:167/300,Train Accuracy:84.10447692871094%
2023-04-06 16:26:43,124 - Epoch:168/300,Train Accuracy:83.88059997558594%
2023-04-06 16:26:43,301 - Epoch:169/300,Train Accuracy:84.55223846435547%
2023-04-06 16:26:43,479 - Epoch:170/300,Train Accuracy:84.62686920166016%
2023-04-06 16:26:43,654 - Epoch:171/300,Train Accuracy:84.47761535644531%
2023-04-06 16:26:43,830 - Epoch:172/300,Train Accuracy:84.62686920166016%
2023-04-06 16:26:44,008 - Epoch:173/300,Train Accuracy:84.62686920166016%
2023-04-06 16:26:44,183 - Epoch:174/300,Train Accuracy:84.55223846435547%
2023-04-06 16:26:44,359 - Epoch:175/300,Train Accuracy:85.07462310791016%
2023-04-06 16:26:44,536 - Epoch:176/300,Train Accuracy:84.70149230957031%
2023-04-06 16:26:44,711 - Epoch:177/300,Train Accuracy:85.0%
2023-04-06 16:26:44,886 - Epoch:178/300,Train Accuracy:84.85074615478516%
2023-04-06 16:26:45,063 - Epoch:179/300,Train Accuracy:85.0%
2023-04-06 16:26:45,237 - Epoch:180/300,Train Accuracy:85.07462310791016%
2023-04-06 16:26:45,414 - Epoch:181/300,Train Accuracy:84.70149230957031%
2023-04-06 16:26:45,587 - Epoch:182/300,Train Accuracy:85.07462310791016%
2023-04-06 16:26:45,762 - Epoch:183/300,Train Accuracy:85.0%
2023-04-06 16:26:45,936 - Epoch:184/300,Train Accuracy:85.07462310791016%
2023-04-06 16:26:46,112 - Epoch:185/300,Train Accuracy:85.29850769042969%
2023-04-06 16:26:46,286 - Epoch:186/300,Train Accuracy:85.29850769042969%
2023-04-06 16:26:46,460 - Epoch:187/300,Train Accuracy:85.29850769042969%
2023-04-06 16:26:46,637 - Epoch:188/300,Train Accuracy:85.97014617919922%
2023-04-06 16:26:46,809 - Epoch:189/300,Train Accuracy:85.29850769042969%
2023-04-06 16:26:46,992 - Epoch:190/300,Train Accuracy:85.44776153564453%
2023-04-06 16:26:47,169 - Epoch:191/300,Train Accuracy:85.89552307128906%
2023-04-06 16:26:47,353 - Epoch:192/300,Train Accuracy:85.223876953125%
2023-04-06 16:26:47,530 - Epoch:193/300,Train Accuracy:85.97014617919922%
2023-04-06 16:26:47,706 - Epoch:194/300,Train Accuracy:85.82089233398438%
2023-04-06 16:26:47,881 - Epoch:195/300,Train Accuracy:85.74626922607422%
2023-04-06 16:26:48,057 - Epoch:196/300,Train Accuracy:85.97014617919922%
2023-04-06 16:26:48,232 - Epoch:197/300,Train Accuracy:86.2686538696289%
2023-04-06 16:26:48,407 - Epoch:198/300,Train Accuracy:86.5671615600586%
2023-04-06 16:26:48,584 - Epoch:199/300,Train Accuracy:86.0447769165039%
2023-04-06 16:26:48,764 - Epoch:200/300,Train Accuracy:86.5671615600586%
2023-04-06 16:26:48,944 - Epoch:201/300,Train Accuracy:86.0447769165039%
2023-04-06 16:26:49,123 - Epoch:202/300,Train Accuracy:86.5671615600586%
2023-04-06 16:26:49,302 - Epoch:203/300,Train Accuracy:86.5671615600586%
2023-04-06 16:26:49,480 - Epoch:204/300,Train Accuracy:86.49253845214844%
2023-04-06 16:26:49,659 - Epoch:205/300,Train Accuracy:86.86566925048828%
2023-04-06 16:26:49,837 - Epoch:206/300,Train Accuracy:86.49253845214844%
2023-04-06 16:26:50,016 - Epoch:207/300,Train Accuracy:86.71641540527344%
2023-04-06 16:26:50,197 - Epoch:208/300,Train Accuracy:86.86566925048828%
2023-04-06 16:26:50,376 - Epoch:209/300,Train Accuracy:86.94029998779297%
2023-04-06 16:26:50,555 - Epoch:210/300,Train Accuracy:86.5671615600586%
2023-04-06 16:26:50,734 - Epoch:211/300,Train Accuracy:86.79104614257812%
2023-04-06 16:26:50,911 - Epoch:212/300,Train Accuracy:86.79104614257812%
2023-04-06 16:26:51,091 - Epoch:213/300,Train Accuracy:87.01492309570312%
2023-04-06 16:26:51,269 - Epoch:214/300,Train Accuracy:87.31343078613281%
2023-04-06 16:26:51,445 - Epoch:215/300,Train Accuracy:86.86566925048828%
2023-04-06 16:26:51,622 - Epoch:216/300,Train Accuracy:87.31343078613281%
2023-04-06 16:26:51,799 - Epoch:217/300,Train Accuracy:87.08955383300781%
2023-04-06 16:26:51,975 - Epoch:218/300,Train Accuracy:87.31343078613281%
2023-04-06 16:26:52,154 - Epoch:219/300,Train Accuracy:87.16417694091797%
2023-04-06 16:26:52,330 - Epoch:220/300,Train Accuracy:87.53731536865234%
2023-04-06 16:26:52,506 - Epoch:221/300,Train Accuracy:87.6119384765625%
2023-04-06 16:26:52,678 - Epoch:222/300,Train Accuracy:87.6119384765625%
2023-04-06 16:26:52,853 - Epoch:223/300,Train Accuracy:87.53731536865234%
2023-04-06 16:26:53,029 - Epoch:224/300,Train Accuracy:87.53731536865234%
2023-04-06 16:26:53,205 - Epoch:225/300,Train Accuracy:87.53731536865234%
2023-04-06 16:26:53,381 - Epoch:226/300,Train Accuracy:87.76119232177734%
2023-04-06 16:26:53,554 - Epoch:227/300,Train Accuracy:87.83582305908203%
2023-04-06 16:26:53,729 - Epoch:228/300,Train Accuracy:87.83582305908203%
2023-04-06 16:26:53,905 - Epoch:229/300,Train Accuracy:88.05970001220703%
2023-04-06 16:26:54,082 - Epoch:230/300,Train Accuracy:87.68656921386719%
2023-04-06 16:26:54,257 - Epoch:231/300,Train Accuracy:88.58209228515625%
2023-04-06 16:26:54,432 - Epoch:232/300,Train Accuracy:88.20895385742188%
2023-04-06 16:26:54,611 - Epoch:233/300,Train Accuracy:87.98507690429688%
2023-04-06 16:26:54,788 - Epoch:234/300,Train Accuracy:88.4328384399414%
2023-04-06 16:26:54,966 - Epoch:235/300,Train Accuracy:88.05970001220703%
2023-04-06 16:26:55,145 - Epoch:236/300,Train Accuracy:88.13433074951172%
2023-04-06 16:26:55,327 - Epoch:237/300,Train Accuracy:88.35820770263672%
2023-04-06 16:26:55,502 - Epoch:238/300,Train Accuracy:88.35820770263672%
2023-04-06 16:26:55,677 - Epoch:239/300,Train Accuracy:88.6567153930664%
2023-04-06 16:26:55,853 - Epoch:240/300,Train Accuracy:88.6567153930664%
2023-04-06 16:26:56,029 - Epoch:241/300,Train Accuracy:88.7313461303711%
2023-04-06 16:26:56,203 - Epoch:242/300,Train Accuracy:88.88059997558594%
2023-04-06 16:26:56,379 - Epoch:243/300,Train Accuracy:88.9552230834961%
2023-04-06 16:26:56,556 - Epoch:244/300,Train Accuracy:89.02985382080078%
2023-04-06 16:26:56,732 - Epoch:245/300,Train Accuracy:88.80596923828125%
2023-04-06 16:26:56,909 - Epoch:246/300,Train Accuracy:89.10447692871094%
2023-04-06 16:26:57,091 - Epoch:247/300,Train Accuracy:89.17910766601562%
2023-04-06 16:26:57,274 - Epoch:248/300,Train Accuracy:88.9552230834961%
2023-04-06 16:26:57,453 - Epoch:249/300,Train Accuracy:89.62686920166016%
2023-04-06 16:26:57,630 - Epoch:250/300,Train Accuracy:89.25373077392578%
2023-04-06 16:26:57,805 - Epoch:251/300,Train Accuracy:89.47761535644531%
2023-04-06 16:26:57,980 - Epoch:252/300,Train Accuracy:89.17910766601562%
2023-04-06 16:26:58,155 - Epoch:253/300,Train Accuracy:89.62686920166016%
2023-04-06 16:26:58,330 - Epoch:254/300,Train Accuracy:89.62686920166016%
2023-04-06 16:26:58,504 - Epoch:255/300,Train Accuracy:89.40298461914062%
2023-04-06 16:26:58,679 - Epoch:256/300,Train Accuracy:89.10447692871094%
2023-04-06 16:26:58,856 - Epoch:257/300,Train Accuracy:89.92537689208984%
2023-04-06 16:26:59,031 - Epoch:258/300,Train Accuracy:89.32836151123047%
2023-04-06 16:26:59,207 - Epoch:259/300,Train Accuracy:89.776123046875%
2023-04-06 16:26:59,384 - Epoch:260/300,Train Accuracy:89.62686920166016%
2023-04-06 16:26:59,576 - Epoch:261/300,Train Accuracy:90.07462310791016%
2023-04-06 16:26:59,750 - Epoch:262/300,Train Accuracy:89.85074615478516%
2023-04-06 16:26:59,924 - Epoch:263/300,Train Accuracy:89.92537689208984%
2023-04-06 16:27:00,102 - Epoch:264/300,Train Accuracy:89.776123046875%
2023-04-06 16:27:00,282 - Epoch:265/300,Train Accuracy:89.92537689208984%
2023-04-06 16:27:00,459 - Epoch:266/300,Train Accuracy:90.223876953125%
2023-04-06 16:27:00,636 - Epoch:267/300,Train Accuracy:89.92537689208984%
2023-04-06 16:27:00,809 - Epoch:268/300,Train Accuracy:90.14925384521484%
2023-04-06 16:27:00,984 - Epoch:269/300,Train Accuracy:90.07462310791016%
2023-04-06 16:27:01,161 - Epoch:270/300,Train Accuracy:90.14925384521484%
2023-04-06 16:27:01,336 - Epoch:271/300,Train Accuracy:90.29850769042969%
2023-04-06 16:27:01,509 - Epoch:272/300,Train Accuracy:90.37313079833984%
2023-04-06 16:27:01,684 - Epoch:273/300,Train Accuracy:90.14925384521484%
2023-04-06 16:27:01,860 - Epoch:274/300,Train Accuracy:90.52238464355469%
2023-04-06 16:27:02,037 - Epoch:275/300,Train Accuracy:90.67163848876953%
2023-04-06 16:27:02,214 - Epoch:276/300,Train Accuracy:90.59701538085938%
2023-04-06 16:27:02,396 - Epoch:277/300,Train Accuracy:90.59701538085938%
2023-04-06 16:27:02,570 - Epoch:278/300,Train Accuracy:90.52238464355469%
2023-04-06 16:27:02,750 - Epoch:279/300,Train Accuracy:90.59701538085938%
2023-04-06 16:27:02,927 - Epoch:280/300,Train Accuracy:90.89552307128906%
2023-04-06 16:27:03,106 - Epoch:281/300,Train Accuracy:90.59701538085938%
2023-04-06 16:27:03,284 - Epoch:282/300,Train Accuracy:90.74626922607422%
2023-04-06 16:27:03,461 - Epoch:283/300,Train Accuracy:90.82089233398438%
2023-04-06 16:27:03,637 - Epoch:284/300,Train Accuracy:91.0447769165039%
2023-04-06 16:27:03,816 - Epoch:285/300,Train Accuracy:90.67163848876953%
2023-04-06 16:27:03,993 - Epoch:286/300,Train Accuracy:90.97014617919922%
2023-04-06 16:27:04,174 - Epoch:287/300,Train Accuracy:90.82089233398438%
2023-04-06 16:27:04,354 - Epoch:288/300,Train Accuracy:91.0447769165039%
2023-04-06 16:27:04,532 - Epoch:289/300,Train Accuracy:91.11940002441406%
2023-04-06 16:27:04,722 - Epoch:290/300,Train Accuracy:91.2686538696289%
2023-04-06 16:27:04,903 - Epoch:291/300,Train Accuracy:91.19403076171875%
2023-04-06 16:27:05,083 - Epoch:292/300,Train Accuracy:90.97014617919922%
2023-04-06 16:27:05,263 - Epoch:293/300,Train Accuracy:90.89552307128906%
2023-04-06 16:27:05,441 - Epoch:294/300,Train Accuracy:91.19403076171875%
2023-04-06 16:27:05,621 - Epoch:295/300,Train Accuracy:91.2686538696289%
2023-04-06 16:27:05,801 - Epoch:296/300,Train Accuracy:90.89552307128906%
2023-04-06 16:27:05,981 - Epoch:297/300,Train Accuracy:91.0447769165039%
2023-04-06 16:27:06,163 - Epoch:298/300,Train Accuracy:91.3432846069336%
2023-04-06 16:27:06,341 - Epoch:299/300,Train Accuracy:91.2686538696289%
2023-04-06 16:27:06,575 - 
Test set: Avg. loss: 0.0663, Accuracy: 419/660 (63.48%)

2023-04-06 16:27:06,578 - fpr:[0.         0.43887147 1.        ],tpr:[0.         0.70381232 1.        ],threshold:[2 1 0],auc:0.6324704216806553
2023-04-06 16:27:06,579 - This is for user16
2023-04-06 16:27:06,970 - Epoch:0/300,Train Accuracy:63.208953857421875%
2023-04-06 16:27:07,152 - Epoch:1/300,Train Accuracy:62.53731155395508%
2023-04-06 16:27:07,333 - Epoch:2/300,Train Accuracy:65.14925384521484%
2023-04-06 16:27:07,512 - Epoch:3/300,Train Accuracy:67.23880767822266%
2023-04-06 16:27:07,691 - Epoch:4/300,Train Accuracy:67.91044616699219%
2023-04-06 16:27:07,868 - Epoch:5/300,Train Accuracy:68.50746154785156%
2023-04-06 16:27:08,049 - Epoch:6/300,Train Accuracy:68.6567153930664%
2023-04-06 16:27:08,235 - Epoch:7/300,Train Accuracy:69.25373077392578%
2023-04-06 16:27:08,412 - Epoch:8/300,Train Accuracy:69.47761535644531%
2023-04-06 16:27:08,588 - Epoch:9/300,Train Accuracy:70.223876953125%
2023-04-06 16:27:08,766 - Epoch:10/300,Train Accuracy:70.07462310791016%
2023-04-06 16:27:08,941 - Epoch:11/300,Train Accuracy:69.776123046875%
2023-04-06 16:27:09,120 - Epoch:12/300,Train Accuracy:70.37313079833984%
2023-04-06 16:27:09,303 - Epoch:13/300,Train Accuracy:70.89552307128906%
2023-04-06 16:27:09,477 - Epoch:14/300,Train Accuracy:70.67163848876953%
2023-04-06 16:27:09,656 - Epoch:15/300,Train Accuracy:71.41790771484375%
2023-04-06 16:27:09,833 - Epoch:16/300,Train Accuracy:71.3432846069336%
2023-04-06 16:27:10,012 - Epoch:17/300,Train Accuracy:71.49253845214844%
2023-04-06 16:27:10,193 - Epoch:18/300,Train Accuracy:71.64179229736328%
2023-04-06 16:27:10,376 - Epoch:19/300,Train Accuracy:71.2686538696289%
2023-04-06 16:27:10,576 - Epoch:20/300,Train Accuracy:71.71641540527344%
2023-04-06 16:27:10,759 - Epoch:21/300,Train Accuracy:71.64179229736328%
2023-04-06 16:27:10,932 - Epoch:22/300,Train Accuracy:72.3880615234375%
2023-04-06 16:27:11,113 - Epoch:23/300,Train Accuracy:72.3880615234375%
2023-04-06 16:27:11,292 - Epoch:24/300,Train Accuracy:72.3880615234375%
2023-04-06 16:27:11,467 - Epoch:25/300,Train Accuracy:72.98507690429688%
2023-04-06 16:27:11,640 - Epoch:26/300,Train Accuracy:72.6119384765625%
2023-04-06 16:27:11,832 - Epoch:27/300,Train Accuracy:72.53731536865234%
