2023-03-07 22:38:48,298 - lr:1e-05,weight_decay:0.01,batch_size:20
2023-03-07 22:38:48,298 - FullConnect(
  (linear1): Linear(in_features=39, out_features=256, bias=True)
  (linear2): Linear(in_features=256, out_features=256, bias=True)
  (linear3): Linear(in_features=256, out_features=128, bias=True)
  (linear4): Linear(in_features=128, out_features=128, bias=True)
  (linear5): Linear(in_features=128, out_features=64, bias=True)
  (linear6): Linear(in_features=64, out_features=64, bias=True)
  (linear7): Linear(in_features=64, out_features=40, bias=True)
  (linear9): Linear(in_features=40, out_features=40, bias=True)
  (linear8): Linear(in_features=40, out_features=2, bias=True)
  (relu): ReLU()
)
2023-03-07 22:38:48,298 - This is for user7
2023-03-07 22:38:48,733 - Epoch:0/10,Train Accuracy:57.46268844604492%
2023-03-07 22:38:48,960 - Epoch:1/10,Train Accuracy:58.05970001220703%
2023-03-07 22:38:49,194 - Epoch:2/10,Train Accuracy:62.98507308959961%
2023-03-07 22:38:49,424 - Epoch:3/10,Train Accuracy:62.98507308959961%
2023-03-07 22:38:49,653 - Epoch:4/10,Train Accuracy:64.55223846435547%
2023-03-07 22:38:49,880 - Epoch:5/10,Train Accuracy:62.53731155395508%
2023-03-07 22:38:50,109 - Epoch:6/10,Train Accuracy:64.70149230957031%
2023-03-07 22:38:50,331 - Epoch:7/10,Train Accuracy:62.91044616699219%
2023-03-07 22:38:50,562 - Epoch:8/10,Train Accuracy:63.80596923828125%
2023-03-07 22:38:50,786 - Epoch:9/10,Train Accuracy:62.6119384765625%
2023-03-07 22:38:51,013 - 
Test set: Avg. loss: 0.5105, Accuracy: 452/660 (68.48%)

2023-03-07 22:38:51,016 - fpr:[0.         0.60501567 1.        ],tpr:[0.         0.95601173 1.        ],threshold:[2 1 0],auc:0.6754980281120437
2023-03-07 22:38:51,017 - This is for user9
2023-03-07 22:38:51,443 - Epoch:0/10,Train Accuracy:67.01492309570312%
2023-03-07 22:38:51,673 - Epoch:1/10,Train Accuracy:70.07462310791016%
2023-03-07 22:38:51,901 - Epoch:2/10,Train Accuracy:72.91044616699219%
2023-03-07 22:38:52,132 - Epoch:3/10,Train Accuracy:71.71641540527344%
2023-03-07 22:38:52,364 - Epoch:4/10,Train Accuracy:74.40298461914062%
2023-03-07 22:38:52,603 - Epoch:5/10,Train Accuracy:73.6567153930664%
2023-03-07 22:38:52,835 - Epoch:6/10,Train Accuracy:75.74626922607422%
2023-03-07 22:38:53,076 - Epoch:7/10,Train Accuracy:77.08955383300781%
2023-03-07 22:38:53,308 - Epoch:8/10,Train Accuracy:79.40298461914062%
2023-03-07 22:38:53,542 - Epoch:9/10,Train Accuracy:76.79104614257812%
2023-03-07 22:38:53,768 - 
Test set: Avg. loss: 0.2684, Accuracy: 527/660 (79.85%)

2023-03-07 22:38:53,771 - fpr:[0.         0.33855799 1.        ],tpr:[0.         0.92668622 1.        ],threshold:[2 1 0],auc:0.7940641116391951
2023-03-07 22:38:53,772 - This is for user12
2023-03-07 22:38:54,210 - Epoch:0/10,Train Accuracy:53.2835807800293%
2023-03-07 22:38:54,442 - Epoch:1/10,Train Accuracy:56.7164192199707%
2023-03-07 22:38:54,669 - Epoch:2/10,Train Accuracy:59.70149230957031%
2023-03-07 22:38:54,892 - Epoch:3/10,Train Accuracy:57.08955383300781%
2023-03-07 22:38:55,169 - Epoch:4/10,Train Accuracy:60.89552307128906%
2023-03-07 22:38:55,453 - Epoch:5/10,Train Accuracy:57.08955383300781%
2023-03-07 22:38:55,736 - Epoch:6/10,Train Accuracy:58.35820770263672%
2023-03-07 22:38:56,017 - Epoch:7/10,Train Accuracy:56.94029998779297%
2023-03-07 22:38:56,302 - Epoch:8/10,Train Accuracy:61.86567306518555%
2023-03-07 22:38:56,566 - Epoch:9/10,Train Accuracy:58.35820770263672%
2023-03-07 22:38:56,792 - 
Test set: Avg. loss: 1.2099, Accuracy: 319/660 (48.33%)

2023-03-07 22:38:56,795 - fpr:[0.         0.13479624 1.        ],tpr:[0.         0.12609971 1.        ],threshold:[2 1 0],auc:0.4956517342501769
2023-03-07 22:38:56,796 - This is for user15
2023-03-07 22:38:57,260 - Epoch:0/10,Train Accuracy:51.343284606933594%
2023-03-07 22:38:57,525 - Epoch:1/10,Train Accuracy:48.73134231567383%
2023-03-07 22:38:57,777 - Epoch:2/10,Train Accuracy:55.0%
2023-03-07 22:38:58,039 - Epoch:3/10,Train Accuracy:53.955223083496094%
2023-03-07 22:38:58,291 - Epoch:4/10,Train Accuracy:55.149253845214844%
2023-03-07 22:38:58,550 - Epoch:5/10,Train Accuracy:54.3283576965332%
2023-03-07 22:38:58,806 - Epoch:6/10,Train Accuracy:57.6119384765625%
2023-03-07 22:38:59,063 - Epoch:7/10,Train Accuracy:54.3283576965332%
2023-03-07 22:38:59,325 - Epoch:8/10,Train Accuracy:58.13432693481445%
2023-03-07 22:38:59,587 - Epoch:9/10,Train Accuracy:52.835819244384766%
2023-03-07 22:38:59,820 - 
Test set: Avg. loss: 2.6615, Accuracy: 374/660 (56.67%)

2023-03-07 22:38:59,823 - fpr:[0.         0.57053292 1.        ],tpr:[0.         0.69501466 1.        ],threshold:[2 1 0],auc:0.5622408736980483
2023-03-07 22:38:59,823 - This is for user16
2023-03-07 22:39:00,298 - Epoch:0/10,Train Accuracy:56.343284606933594%
2023-03-07 22:39:00,569 - Epoch:1/10,Train Accuracy:55.970149993896484%
2023-03-07 22:39:00,833 - Epoch:2/10,Train Accuracy:57.53731155395508%
2023-03-07 22:39:01,094 - Epoch:3/10,Train Accuracy:56.791046142578125%
2023-03-07 22:39:01,358 - Epoch:4/10,Train Accuracy:56.791046142578125%
2023-03-07 22:39:01,618 - Epoch:5/10,Train Accuracy:59.850746154785156%
2023-03-07 22:39:01,876 - Epoch:6/10,Train Accuracy:59.55223846435547%
2023-03-07 22:39:02,136 - Epoch:7/10,Train Accuracy:57.98507308959961%
2023-03-07 22:39:02,417 - Epoch:8/10,Train Accuracy:58.43283462524414%
2023-03-07 22:39:02,700 - Epoch:9/10,Train Accuracy:58.955223083496094%
2023-03-07 22:39:02,947 - 
Test set: Avg. loss: 0.2677, Accuracy: 350/660 (53.03%)

2023-03-07 22:39:02,950 - fpr:[0.        0.1661442 1.       ],tpr:[0.         0.24633431 1.        ],threshold:[2 1 0],auc:0.5400950551117403
2023-03-07 22:39:02,951 - This is for user20
2023-03-07 22:39:03,440 - Epoch:0/10,Train Accuracy:54.850746154785156%
2023-03-07 22:39:03,737 - Epoch:1/10,Train Accuracy:63.35820770263672%
2023-03-07 22:39:04,032 - Epoch:2/10,Train Accuracy:64.776123046875%
2023-03-07 22:39:04,314 - Epoch:3/10,Train Accuracy:62.31343460083008%
2023-03-07 22:39:04,597 - Epoch:4/10,Train Accuracy:63.88059616088867%
2023-03-07 22:39:04,874 - Epoch:5/10,Train Accuracy:65.14925384521484%
2023-03-07 22:39:05,177 - Epoch:6/10,Train Accuracy:64.85074615478516%
2023-03-07 22:39:05,456 - Epoch:7/10,Train Accuracy:64.70149230957031%
2023-03-07 22:39:05,726 - Epoch:8/10,Train Accuracy:66.71641540527344%
2023-03-07 22:39:06,003 - Epoch:9/10,Train Accuracy:66.0447769165039%
2023-03-07 22:39:06,235 - 
Test set: Avg. loss: 0.2918, Accuracy: 378/660 (57.27%)

2023-03-07 22:39:06,238 - fpr:[0.        0.3354232 1.       ],tpr:[0.         0.48680352 1.        ],threshold:[2 1 0],auc:0.5756901607847102
2023-03-07 22:39:06,239 - This is for user21
2023-03-07 22:39:06,719 - Epoch:0/10,Train Accuracy:55.0%
2023-03-07 22:39:06,975 - Epoch:1/10,Train Accuracy:51.49253845214844%
2023-03-07 22:39:07,226 - Epoch:2/10,Train Accuracy:51.11940383911133%
2023-03-07 22:39:07,477 - Epoch:3/10,Train Accuracy:56.343284606933594%
2023-03-07 22:39:07,731 - Epoch:4/10,Train Accuracy:51.7164192199707%
2023-03-07 22:39:07,987 - Epoch:5/10,Train Accuracy:54.62686538696289%
2023-03-07 22:39:08,241 - Epoch:6/10,Train Accuracy:53.43283462524414%
2023-03-07 22:39:08,490 - Epoch:7/10,Train Accuracy:55.52238845825195%
2023-03-07 22:39:08,738 - Epoch:8/10,Train Accuracy:54.3283576965332%
2023-03-07 22:39:08,991 - Epoch:9/10,Train Accuracy:53.2835807800293%
2023-03-07 22:39:09,219 - 
Test set: Avg. loss: 0.3308, Accuracy: 332/660 (50.30%)

2023-03-07 22:39:09,222 - fpr:[0.         0.47648903 1.        ],tpr:[0.         0.48387097 1.        ],threshold:[2 1 0],auc:0.5036909697643847
2023-03-07 22:39:09,223 - This is for user23
2023-03-07 22:39:09,674 - Epoch:0/10,Train Accuracy:49.70149230957031%
2023-03-07 22:39:09,922 - Epoch:1/10,Train Accuracy:51.791046142578125%
2023-03-07 22:39:10,175 - Epoch:2/10,Train Accuracy:50.970149993896484%
2023-03-07 22:39:10,427 - Epoch:3/10,Train Accuracy:53.2835807800293%
2023-03-07 22:39:10,673 - Epoch:4/10,Train Accuracy:52.08955383300781%
2023-03-07 22:39:10,918 - Epoch:5/10,Train Accuracy:48.656715393066406%
2023-03-07 22:39:11,167 - Epoch:6/10,Train Accuracy:50.07462692260742%
2023-03-07 22:39:11,416 - Epoch:7/10,Train Accuracy:51.49253845214844%
2023-03-07 22:39:11,670 - Epoch:8/10,Train Accuracy:53.80596923828125%
2023-03-07 22:39:11,934 - Epoch:9/10,Train Accuracy:52.238807678222656%
2023-03-07 22:39:12,166 - 
Test set: Avg. loss: 1.2304, Accuracy: 368/660 (55.76%)

2023-03-07 22:39:12,169 - fpr:[0.         0.25705329 1.        ],tpr:[0.         0.38416422 1.        ],threshold:[2 1 0],auc:0.5635554656689251
2023-03-07 22:39:12,170 - This is for user29
2023-03-07 22:39:12,680 - Epoch:0/10,Train Accuracy:51.56716537475586%
2023-03-07 22:39:12,957 - Epoch:1/10,Train Accuracy:52.835819244384766%
2023-03-07 22:39:13,234 - Epoch:2/10,Train Accuracy:53.35820770263672%
2023-03-07 22:39:13,498 - Epoch:3/10,Train Accuracy:61.64179229736328%
2023-03-07 22:39:13,752 - Epoch:4/10,Train Accuracy:63.955223083496094%
2023-03-07 22:39:14,006 - Epoch:5/10,Train Accuracy:63.88059616088867%
2023-03-07 22:39:14,264 - Epoch:6/10,Train Accuracy:64.40298461914062%
2023-03-07 22:39:14,521 - Epoch:7/10,Train Accuracy:61.7164192199707%
2023-03-07 22:39:14,778 - Epoch:8/10,Train Accuracy:61.56716537475586%
2023-03-07 22:39:15,039 - Epoch:9/10,Train Accuracy:60.0%
2023-03-07 22:39:15,276 - 
Test set: Avg. loss: 0.4781, Accuracy: 412/660 (62.42%)

2023-03-07 22:39:15,279 - fpr:[0.        0.2539185 1.       ],tpr:[0.         0.51026393 1.        ],threshold:[2 1 0],auc:0.6281727171604813
2023-03-07 22:39:15,280 - This is for user35
2023-03-07 22:39:15,746 - Epoch:0/10,Train Accuracy:57.46268844604492%
2023-03-07 22:39:16,010 - Epoch:1/10,Train Accuracy:55.149253845214844%
2023-03-07 22:39:16,283 - Epoch:2/10,Train Accuracy:52.46268844604492%
2023-03-07 22:39:16,539 - Epoch:3/10,Train Accuracy:56.044776916503906%
2023-03-07 22:39:16,801 - Epoch:4/10,Train Accuracy:57.46268844604492%
2023-03-07 22:39:17,057 - Epoch:5/10,Train Accuracy:57.761192321777344%
2023-03-07 22:39:17,316 - Epoch:6/10,Train Accuracy:56.64179229736328%
2023-03-07 22:39:17,582 - Epoch:7/10,Train Accuracy:52.6119384765625%
2023-03-07 22:39:17,839 - Epoch:8/10,Train Accuracy:55.149253845214844%
2023-03-07 22:39:18,101 - Epoch:9/10,Train Accuracy:57.238807678222656%
2023-03-07 22:39:18,329 - 
Test set: Avg. loss: 0.2323, Accuracy: 386/660 (58.48%)

2023-03-07 22:39:18,333 - fpr:[0.         0.26645768 1.        ],tpr:[0.        0.4457478 1.       ],threshold:[2 1 0],auc:0.5896450601678633
