2023-04-19 12:05:56,357 - lr:0.0001,weight_decay:0.1,batch_size:20
2023-04-19 12:05:56,358 - FNN(
  (input): Linear(in_features=39, out_features=64, bias=True)
  (hidden): Linear(in_features=64, out_features=64, bias=True)
  (output): Linear(in_features=64, out_features=2, bias=True)
  (relu): ReLU()
)
2023-04-19 12:05:56,358 - This is for user7
2023-04-19 12:05:56,664 - Epoch:0/300,Train Accuracy:56.791046142578125%
2023-04-19 12:05:56,750 - Epoch:1/300,Train Accuracy:65.74626922607422%
2023-04-19 12:05:56,837 - Epoch:2/300,Train Accuracy:69.25373077392578%
2023-04-19 12:05:56,923 - Epoch:3/300,Train Accuracy:70.97014617919922%
2023-04-19 12:05:57,011 - Epoch:4/300,Train Accuracy:71.71641540527344%
2023-04-19 12:05:57,099 - Epoch:5/300,Train Accuracy:72.23880767822266%
2023-04-19 12:05:57,188 - Epoch:6/300,Train Accuracy:73.05970001220703%
2023-04-19 12:05:57,274 - Epoch:7/300,Train Accuracy:73.7313461303711%
2023-04-19 12:05:57,362 - Epoch:8/300,Train Accuracy:74.70149230957031%
2023-04-19 12:05:57,449 - Epoch:9/300,Train Accuracy:77.16417694091797%
2023-04-19 12:05:57,536 - Epoch:10/300,Train Accuracy:77.76119232177734%
2023-04-19 12:05:57,624 - Epoch:11/300,Train Accuracy:78.9552230834961%
2023-04-19 12:05:57,711 - Epoch:12/300,Train Accuracy:79.02985382080078%
2023-04-19 12:05:57,796 - Epoch:13/300,Train Accuracy:79.85074615478516%
2023-04-19 12:05:57,881 - Epoch:14/300,Train Accuracy:80.14925384521484%
2023-04-19 12:05:57,966 - Epoch:15/300,Train Accuracy:80.74626922607422%
2023-04-19 12:05:58,053 - Epoch:16/300,Train Accuracy:81.11940002441406%
2023-04-19 12:05:58,147 - Epoch:17/300,Train Accuracy:81.41790771484375%
2023-04-19 12:05:58,233 - Epoch:18/300,Train Accuracy:81.71641540527344%
2023-04-19 12:05:58,319 - Epoch:19/300,Train Accuracy:81.86566925048828%
2023-04-19 12:05:58,407 - Epoch:20/300,Train Accuracy:82.3880615234375%
2023-04-19 12:05:58,497 - Epoch:21/300,Train Accuracy:82.6119384765625%
2023-04-19 12:05:58,591 - Epoch:22/300,Train Accuracy:83.05970001220703%
2023-04-19 12:05:58,678 - Epoch:23/300,Train Accuracy:83.6567153930664%
2023-04-19 12:05:58,765 - Epoch:24/300,Train Accuracy:83.58209228515625%
2023-04-19 12:05:58,851 - Epoch:25/300,Train Accuracy:83.80596923828125%
2023-04-19 12:05:58,938 - Epoch:26/300,Train Accuracy:84.10447692871094%
2023-04-19 12:05:59,024 - Epoch:27/300,Train Accuracy:84.17910766601562%
2023-04-19 12:05:59,110 - Epoch:28/300,Train Accuracy:84.55223846435547%
2023-04-19 12:05:59,197 - Epoch:29/300,Train Accuracy:84.776123046875%
2023-04-19 12:05:59,283 - Epoch:30/300,Train Accuracy:85.223876953125%
2023-04-19 12:05:59,370 - Epoch:31/300,Train Accuracy:85.37313079833984%
2023-04-19 12:05:59,457 - Epoch:32/300,Train Accuracy:85.37313079833984%
2023-04-19 12:05:59,544 - Epoch:33/300,Train Accuracy:86.2686538696289%
2023-04-19 12:05:59,631 - Epoch:34/300,Train Accuracy:86.11940002441406%
2023-04-19 12:05:59,735 - Epoch:35/300,Train Accuracy:86.71641540527344%
2023-04-19 12:05:59,827 - Epoch:36/300,Train Accuracy:86.64179229736328%
2023-04-19 12:05:59,916 - Epoch:37/300,Train Accuracy:86.94029998779297%
2023-04-19 12:06:00,010 - Epoch:38/300,Train Accuracy:87.3880615234375%
2023-04-19 12:06:00,120 - Epoch:39/300,Train Accuracy:87.08955383300781%
2023-04-19 12:06:00,255 - Epoch:40/300,Train Accuracy:87.6119384765625%
2023-04-19 12:06:00,393 - Epoch:41/300,Train Accuracy:88.05970001220703%
2023-04-19 12:06:00,482 - Epoch:42/300,Train Accuracy:88.05970001220703%
2023-04-19 12:06:00,569 - Epoch:43/300,Train Accuracy:88.35820770263672%
2023-04-19 12:06:00,659 - Epoch:44/300,Train Accuracy:88.7313461303711%
2023-04-19 12:06:00,752 - Epoch:45/300,Train Accuracy:88.7313461303711%
2023-04-19 12:06:00,886 - Epoch:46/300,Train Accuracy:88.88059997558594%
2023-04-19 12:06:01,021 - Epoch:47/300,Train Accuracy:88.7313461303711%
2023-04-19 12:06:01,111 - Epoch:48/300,Train Accuracy:89.55223846435547%
2023-04-19 12:06:01,199 - Epoch:49/300,Train Accuracy:89.40298461914062%
2023-04-19 12:06:01,289 - Epoch:50/300,Train Accuracy:90.07462310791016%
2023-04-19 12:06:01,378 - Epoch:51/300,Train Accuracy:89.62686920166016%
2023-04-19 12:06:01,466 - Epoch:52/300,Train Accuracy:89.776123046875%
2023-04-19 12:06:01,555 - Epoch:53/300,Train Accuracy:89.70149230957031%
2023-04-19 12:06:01,644 - Epoch:54/300,Train Accuracy:90.29850769042969%
2023-04-19 12:06:01,733 - Epoch:55/300,Train Accuracy:90.07462310791016%
2023-04-19 12:06:01,822 - Epoch:56/300,Train Accuracy:90.52238464355469%
2023-04-19 12:06:01,910 - Epoch:57/300,Train Accuracy:90.29850769042969%
2023-04-19 12:06:01,999 - Epoch:58/300,Train Accuracy:90.74626922607422%
2023-04-19 12:06:02,086 - Epoch:59/300,Train Accuracy:90.67163848876953%
2023-04-19 12:06:02,178 - Epoch:60/300,Train Accuracy:90.37313079833984%
2023-04-19 12:06:02,267 - Epoch:61/300,Train Accuracy:91.0447769165039%
2023-04-19 12:06:02,359 - Epoch:62/300,Train Accuracy:90.89552307128906%
2023-04-19 12:06:02,452 - Epoch:63/300,Train Accuracy:91.19403076171875%
2023-04-19 12:06:02,545 - Epoch:64/300,Train Accuracy:90.97014617919922%
2023-04-19 12:06:02,648 - Epoch:65/300,Train Accuracy:90.89552307128906%
2023-04-19 12:06:02,752 - Epoch:66/300,Train Accuracy:90.97014617919922%
2023-04-19 12:06:02,862 - Epoch:67/300,Train Accuracy:91.11940002441406%
2023-04-19 12:06:02,969 - Epoch:68/300,Train Accuracy:91.19403076171875%
2023-04-19 12:06:03,061 - Epoch:69/300,Train Accuracy:91.19403076171875%
2023-04-19 12:06:03,150 - Epoch:70/300,Train Accuracy:91.0447769165039%
2023-04-19 12:06:03,240 - Epoch:71/300,Train Accuracy:91.49253845214844%
2023-04-19 12:06:03,331 - Epoch:72/300,Train Accuracy:91.5671615600586%
2023-04-19 12:06:03,421 - Epoch:73/300,Train Accuracy:91.79104614257812%
2023-04-19 12:06:03,514 - Epoch:74/300,Train Accuracy:91.64179229736328%
2023-04-19 12:06:03,604 - Epoch:75/300,Train Accuracy:91.94029998779297%
2023-04-19 12:06:03,696 - Epoch:76/300,Train Accuracy:91.94029998779297%
2023-04-19 12:06:03,789 - Epoch:77/300,Train Accuracy:91.86566925048828%
2023-04-19 12:06:03,879 - Epoch:78/300,Train Accuracy:92.31343078613281%
2023-04-19 12:06:03,968 - Epoch:79/300,Train Accuracy:92.08955383300781%
2023-04-19 12:06:04,060 - Epoch:80/300,Train Accuracy:92.23880767822266%
2023-04-19 12:06:04,150 - Epoch:81/300,Train Accuracy:92.46268463134766%
2023-04-19 12:06:04,241 - Epoch:82/300,Train Accuracy:92.46268463134766%
2023-04-19 12:06:04,331 - Epoch:83/300,Train Accuracy:92.76119232177734%
2023-04-19 12:06:04,422 - Epoch:84/300,Train Accuracy:92.53731536865234%
2023-04-19 12:06:04,513 - Epoch:85/300,Train Accuracy:92.6119384765625%
2023-04-19 12:06:04,602 - Epoch:86/300,Train Accuracy:92.91044616699219%
2023-04-19 12:06:04,691 - Epoch:87/300,Train Accuracy:92.3880615234375%
2023-04-19 12:06:04,781 - Epoch:88/300,Train Accuracy:92.91044616699219%
2023-04-19 12:06:04,872 - Epoch:89/300,Train Accuracy:92.98507690429688%
2023-04-19 12:06:04,960 - Epoch:90/300,Train Accuracy:92.91044616699219%
2023-04-19 12:06:05,051 - Epoch:91/300,Train Accuracy:93.13433074951172%
2023-04-19 12:06:05,141 - Epoch:92/300,Train Accuracy:93.05970001220703%
2023-04-19 12:06:05,230 - Epoch:93/300,Train Accuracy:93.20895385742188%
2023-04-19 12:06:05,319 - Epoch:94/300,Train Accuracy:93.13433074951172%
2023-04-19 12:06:05,411 - Epoch:95/300,Train Accuracy:93.05970001220703%
2023-04-19 12:06:05,502 - Epoch:96/300,Train Accuracy:93.50746154785156%
2023-04-19 12:06:05,592 - Epoch:97/300,Train Accuracy:93.50746154785156%
2023-04-19 12:06:05,682 - Epoch:98/300,Train Accuracy:93.58209228515625%
2023-04-19 12:06:05,771 - Epoch:99/300,Train Accuracy:93.20895385742188%
2023-04-19 12:06:05,860 - Epoch:100/300,Train Accuracy:93.80596923828125%
2023-04-19 12:06:05,950 - Epoch:101/300,Train Accuracy:93.7313461303711%
2023-04-19 12:06:06,039 - Epoch:102/300,Train Accuracy:93.6567153930664%
2023-04-19 12:06:06,128 - Epoch:103/300,Train Accuracy:93.7313461303711%
2023-04-19 12:06:06,217 - Epoch:104/300,Train Accuracy:93.7313461303711%
2023-04-19 12:06:06,306 - Epoch:105/300,Train Accuracy:93.7313461303711%
2023-04-19 12:06:06,397 - Epoch:106/300,Train Accuracy:94.02985382080078%
2023-04-19 12:06:06,502 - Epoch:107/300,Train Accuracy:94.02985382080078%
2023-04-19 12:06:06,595 - Epoch:108/300,Train Accuracy:94.17910766601562%
2023-04-19 12:06:06,902 - Epoch:109/300,Train Accuracy:93.6567153930664%
2023-04-19 12:06:07,036 - Epoch:110/300,Train Accuracy:94.25373077392578%
2023-04-19 12:06:07,136 - Epoch:111/300,Train Accuracy:94.25373077392578%
2023-04-19 12:06:07,238 - Epoch:112/300,Train Accuracy:94.32836151123047%
2023-04-19 12:06:07,339 - Epoch:113/300,Train Accuracy:94.32836151123047%
2023-04-19 12:06:07,429 - Epoch:114/300,Train Accuracy:93.9552230834961%
2023-04-19 12:06:07,538 - Epoch:115/300,Train Accuracy:94.40298461914062%
2023-04-19 12:06:07,628 - Epoch:116/300,Train Accuracy:94.17910766601562%
2023-04-19 12:06:07,719 - Epoch:117/300,Train Accuracy:94.25373077392578%
2023-04-19 12:06:07,812 - Epoch:118/300,Train Accuracy:94.02985382080078%
2023-04-19 12:06:07,901 - Epoch:119/300,Train Accuracy:94.776123046875%
2023-04-19 12:06:07,989 - Epoch:120/300,Train Accuracy:94.17910766601562%
2023-04-19 12:06:08,081 - Epoch:121/300,Train Accuracy:94.25373077392578%
2023-04-19 12:06:08,170 - Epoch:122/300,Train Accuracy:94.70149230957031%
2023-04-19 12:06:08,258 - Epoch:123/300,Train Accuracy:94.55223846435547%
2023-04-19 12:06:08,352 - Epoch:124/300,Train Accuracy:94.776123046875%
2023-04-19 12:06:08,444 - Epoch:125/300,Train Accuracy:94.40298461914062%
2023-04-19 12:06:08,535 - Epoch:126/300,Train Accuracy:94.776123046875%
2023-04-19 12:06:08,625 - Epoch:127/300,Train Accuracy:94.92537689208984%
2023-04-19 12:06:08,714 - Epoch:128/300,Train Accuracy:95.07462310791016%
2023-04-19 12:06:08,805 - Epoch:129/300,Train Accuracy:94.776123046875%
2023-04-19 12:06:08,896 - Epoch:130/300,Train Accuracy:94.776123046875%
2023-04-19 12:06:08,985 - Epoch:131/300,Train Accuracy:94.776123046875%
2023-04-19 12:06:09,076 - Epoch:132/300,Train Accuracy:95.0%
2023-04-19 12:06:09,165 - Epoch:133/300,Train Accuracy:94.85074615478516%
2023-04-19 12:06:09,255 - Epoch:134/300,Train Accuracy:95.0%
2023-04-19 12:06:09,355 - Epoch:135/300,Train Accuracy:95.07462310791016%
2023-04-19 12:06:09,448 - Epoch:136/300,Train Accuracy:94.70149230957031%
2023-04-19 12:06:09,539 - Epoch:137/300,Train Accuracy:95.37313079833984%
2023-04-19 12:06:09,628 - Epoch:138/300,Train Accuracy:95.223876953125%
2023-04-19 12:06:09,717 - Epoch:139/300,Train Accuracy:94.92537689208984%
2023-04-19 12:06:09,807 - Epoch:140/300,Train Accuracy:95.0%
2023-04-19 12:06:09,897 - Epoch:141/300,Train Accuracy:94.85074615478516%
2023-04-19 12:06:09,988 - Epoch:142/300,Train Accuracy:95.0%
2023-04-19 12:06:10,078 - Epoch:143/300,Train Accuracy:95.223876953125%
2023-04-19 12:06:10,174 - Epoch:144/300,Train Accuracy:95.07462310791016%
2023-04-19 12:06:10,265 - Epoch:145/300,Train Accuracy:95.44776153564453%
2023-04-19 12:06:10,359 - Epoch:146/300,Train Accuracy:95.14925384521484%
2023-04-19 12:06:10,451 - Epoch:147/300,Train Accuracy:95.29850769042969%
2023-04-19 12:06:10,541 - Epoch:148/300,Train Accuracy:95.29850769042969%
2023-04-19 12:06:10,632 - Epoch:149/300,Train Accuracy:95.07462310791016%
2023-04-19 12:06:10,722 - Epoch:150/300,Train Accuracy:95.07462310791016%
2023-04-19 12:06:10,813 - Epoch:151/300,Train Accuracy:95.52238464355469%
2023-04-19 12:06:10,903 - Epoch:152/300,Train Accuracy:95.52238464355469%
2023-04-19 12:06:10,993 - Epoch:153/300,Train Accuracy:95.44776153564453%
2023-04-19 12:06:11,094 - Epoch:154/300,Train Accuracy:95.37313079833984%
2023-04-19 12:06:11,184 - Epoch:155/300,Train Accuracy:95.52238464355469%
2023-04-19 12:06:11,274 - Epoch:156/300,Train Accuracy:95.82089233398438%
2023-04-19 12:06:11,365 - Epoch:157/300,Train Accuracy:95.29850769042969%
2023-04-19 12:06:11,456 - Epoch:158/300,Train Accuracy:95.97014617919922%
2023-04-19 12:06:11,550 - Epoch:159/300,Train Accuracy:95.67163848876953%
2023-04-19 12:06:11,673 - Epoch:160/300,Train Accuracy:95.44776153564453%
2023-04-19 12:06:11,770 - Epoch:161/300,Train Accuracy:95.59701538085938%
2023-04-19 12:06:11,861 - Epoch:162/300,Train Accuracy:95.74626922607422%
2023-04-19 12:06:11,952 - Epoch:163/300,Train Accuracy:95.59701538085938%
2023-04-19 12:06:12,043 - Epoch:164/300,Train Accuracy:95.59701538085938%
2023-04-19 12:06:12,133 - Epoch:165/300,Train Accuracy:95.89552307128906%
2023-04-19 12:06:12,224 - Epoch:166/300,Train Accuracy:95.52238464355469%
2023-04-19 12:06:12,313 - Epoch:167/300,Train Accuracy:95.74626922607422%
2023-04-19 12:06:12,406 - Epoch:168/300,Train Accuracy:95.89552307128906%
2023-04-19 12:06:12,496 - Epoch:169/300,Train Accuracy:95.74626922607422%
2023-04-19 12:06:12,586 - Epoch:170/300,Train Accuracy:95.82089233398438%
2023-04-19 12:06:12,676 - Epoch:171/300,Train Accuracy:96.0447769165039%
2023-04-19 12:06:12,766 - Epoch:172/300,Train Accuracy:95.74626922607422%
2023-04-19 12:06:12,857 - Epoch:173/300,Train Accuracy:95.97014617919922%
2023-04-19 12:06:12,946 - Epoch:174/300,Train Accuracy:95.89552307128906%
2023-04-19 12:06:13,036 - Epoch:175/300,Train Accuracy:96.0447769165039%
2023-04-19 12:06:13,125 - Epoch:176/300,Train Accuracy:96.0447769165039%
2023-04-19 12:06:13,214 - Epoch:177/300,Train Accuracy:96.0447769165039%
2023-04-19 12:06:13,304 - Epoch:178/300,Train Accuracy:96.2686538696289%
2023-04-19 12:06:13,396 - Epoch:179/300,Train Accuracy:96.11940002441406%
2023-04-19 12:06:13,491 - Epoch:180/300,Train Accuracy:96.0447769165039%
2023-04-19 12:06:13,581 - Epoch:181/300,Train Accuracy:96.19403076171875%
2023-04-19 12:06:13,672 - Epoch:182/300,Train Accuracy:95.89552307128906%
2023-04-19 12:06:13,761 - Epoch:183/300,Train Accuracy:96.0447769165039%
2023-04-19 12:06:13,852 - Epoch:184/300,Train Accuracy:96.11940002441406%
2023-04-19 12:06:13,940 - Epoch:185/300,Train Accuracy:96.19403076171875%
2023-04-19 12:06:14,031 - Epoch:186/300,Train Accuracy:96.11940002441406%
2023-04-19 12:06:14,120 - Epoch:187/300,Train Accuracy:96.0447769165039%
2023-04-19 12:06:14,210 - Epoch:188/300,Train Accuracy:96.5671615600586%
2023-04-19 12:06:14,300 - Epoch:189/300,Train Accuracy:95.97014617919922%
2023-04-19 12:06:14,390 - Epoch:190/300,Train Accuracy:96.41790771484375%
2023-04-19 12:06:14,480 - Epoch:191/300,Train Accuracy:96.2686538696289%
2023-04-19 12:06:14,569 - Epoch:192/300,Train Accuracy:96.3432846069336%
2023-04-19 12:06:14,658 - Epoch:193/300,Train Accuracy:96.49253845214844%
2023-04-19 12:06:14,747 - Epoch:194/300,Train Accuracy:96.41790771484375%
2023-04-19 12:06:14,836 - Epoch:195/300,Train Accuracy:96.71641540527344%
2023-04-19 12:06:14,928 - Epoch:196/300,Train Accuracy:96.64179229736328%
2023-04-19 12:06:15,017 - Epoch:197/300,Train Accuracy:96.3432846069336%
2023-04-19 12:06:15,106 - Epoch:198/300,Train Accuracy:96.3432846069336%
2023-04-19 12:06:15,195 - Epoch:199/300,Train Accuracy:96.3432846069336%
2023-04-19 12:06:15,283 - Epoch:200/300,Train Accuracy:96.3432846069336%
2023-04-19 12:06:15,373 - Epoch:201/300,Train Accuracy:96.41790771484375%
2023-04-19 12:06:15,466 - Epoch:202/300,Train Accuracy:96.5671615600586%
2023-04-19 12:06:15,556 - Epoch:203/300,Train Accuracy:96.64179229736328%
2023-04-19 12:06:15,644 - Epoch:204/300,Train Accuracy:96.86566925048828%
2023-04-19 12:06:15,732 - Epoch:205/300,Train Accuracy:96.5671615600586%
2023-04-19 12:06:15,837 - Epoch:206/300,Train Accuracy:96.49253845214844%
2023-04-19 12:06:15,938 - Epoch:207/300,Train Accuracy:96.71641540527344%
2023-04-19 12:06:16,026 - Epoch:208/300,Train Accuracy:96.71641540527344%
2023-04-19 12:06:16,115 - Epoch:209/300,Train Accuracy:96.5671615600586%
2023-04-19 12:06:16,203 - Epoch:210/300,Train Accuracy:97.01492309570312%
2023-04-19 12:06:16,291 - Epoch:211/300,Train Accuracy:96.71641540527344%
2023-04-19 12:06:16,380 - Epoch:212/300,Train Accuracy:96.94029998779297%
2023-04-19 12:06:16,472 - Epoch:213/300,Train Accuracy:96.71641540527344%
2023-04-19 12:06:16,563 - Epoch:214/300,Train Accuracy:96.71641540527344%
2023-04-19 12:06:16,658 - Epoch:215/300,Train Accuracy:96.79104614257812%
2023-04-19 12:06:16,747 - Epoch:216/300,Train Accuracy:97.08955383300781%
2023-04-19 12:06:16,837 - Epoch:217/300,Train Accuracy:97.08955383300781%
2023-04-19 12:06:16,926 - Epoch:218/300,Train Accuracy:96.86566925048828%
2023-04-19 12:06:17,014 - Epoch:219/300,Train Accuracy:97.31343078613281%
2023-04-19 12:06:17,103 - Epoch:220/300,Train Accuracy:97.01492309570312%
2023-04-19 12:06:17,192 - Epoch:221/300,Train Accuracy:96.94029998779297%
2023-04-19 12:06:17,280 - Epoch:222/300,Train Accuracy:97.23880767822266%
2023-04-19 12:06:17,369 - Epoch:223/300,Train Accuracy:97.01492309570312%
2023-04-19 12:06:17,458 - Epoch:224/300,Train Accuracy:97.23880767822266%
2023-04-19 12:06:17,547 - Epoch:225/300,Train Accuracy:97.3880615234375%
2023-04-19 12:06:17,636 - Epoch:226/300,Train Accuracy:97.16417694091797%
2023-04-19 12:06:17,725 - Epoch:227/300,Train Accuracy:97.31343078613281%
2023-04-19 12:06:17,815 - Epoch:228/300,Train Accuracy:96.94029998779297%
2023-04-19 12:06:17,905 - Epoch:229/300,Train Accuracy:97.31343078613281%
2023-04-19 12:06:17,995 - Epoch:230/300,Train Accuracy:97.3880615234375%
2023-04-19 12:06:18,084 - Epoch:231/300,Train Accuracy:97.3880615234375%
2023-04-19 12:06:18,174 - Epoch:232/300,Train Accuracy:97.3880615234375%
2023-04-19 12:06:18,264 - Epoch:233/300,Train Accuracy:97.08955383300781%
2023-04-19 12:06:18,354 - Epoch:234/300,Train Accuracy:97.53731536865234%
2023-04-19 12:06:18,443 - Epoch:235/300,Train Accuracy:97.83582305908203%
2023-04-19 12:06:18,532 - Epoch:236/300,Train Accuracy:97.53731536865234%
2023-04-19 12:06:18,625 - Epoch:237/300,Train Accuracy:97.23880767822266%
2023-04-19 12:06:18,716 - Epoch:238/300,Train Accuracy:97.6119384765625%
2023-04-19 12:06:18,806 - Epoch:239/300,Train Accuracy:97.01492309570312%
2023-04-19 12:06:18,897 - Epoch:240/300,Train Accuracy:97.6119384765625%
2023-04-19 12:06:18,986 - Epoch:241/300,Train Accuracy:97.53731536865234%
2023-04-19 12:06:19,076 - Epoch:242/300,Train Accuracy:97.3880615234375%
2023-04-19 12:06:19,165 - Epoch:243/300,Train Accuracy:97.68656921386719%
2023-04-19 12:06:19,256 - Epoch:244/300,Train Accuracy:97.6119384765625%
2023-04-19 12:06:19,345 - Epoch:245/300,Train Accuracy:97.46268463134766%
2023-04-19 12:06:19,434 - Epoch:246/300,Train Accuracy:97.68656921386719%
2023-04-19 12:06:19,523 - Epoch:247/300,Train Accuracy:97.68656921386719%
2023-04-19 12:06:19,614 - Epoch:248/300,Train Accuracy:97.46268463134766%
2023-04-19 12:06:19,703 - Epoch:249/300,Train Accuracy:97.53731536865234%
2023-04-19 12:06:19,792 - Epoch:250/300,Train Accuracy:97.6119384765625%
2023-04-19 12:06:19,882 - Epoch:251/300,Train Accuracy:97.46268463134766%
2023-04-19 12:06:19,973 - Epoch:252/300,Train Accuracy:97.68656921386719%
2023-04-19 12:06:20,063 - Epoch:253/300,Train Accuracy:97.68656921386719%
2023-04-19 12:06:20,153 - Epoch:254/300,Train Accuracy:97.68656921386719%
2023-04-19 12:06:20,242 - Epoch:255/300,Train Accuracy:97.68656921386719%
2023-04-19 12:06:20,332 - Epoch:256/300,Train Accuracy:97.6119384765625%
2023-04-19 12:06:20,422 - Epoch:257/300,Train Accuracy:97.76119232177734%
2023-04-19 12:06:20,523 - Epoch:258/300,Train Accuracy:97.68656921386719%
2023-04-19 12:06:20,613 - Epoch:259/300,Train Accuracy:98.05970001220703%
2023-04-19 12:06:20,702 - Epoch:260/300,Train Accuracy:97.76119232177734%
2023-04-19 12:06:20,792 - Epoch:261/300,Train Accuracy:97.76119232177734%
2023-04-19 12:06:20,881 - Epoch:262/300,Train Accuracy:97.46268463134766%
2023-04-19 12:06:20,970 - Epoch:263/300,Train Accuracy:97.83582305908203%
2023-04-19 12:06:21,059 - Epoch:264/300,Train Accuracy:97.6119384765625%
2023-04-19 12:06:21,148 - Epoch:265/300,Train Accuracy:97.6119384765625%
2023-04-19 12:06:21,236 - Epoch:266/300,Train Accuracy:97.91044616699219%
2023-04-19 12:06:21,325 - Epoch:267/300,Train Accuracy:97.76119232177734%
2023-04-19 12:06:21,416 - Epoch:268/300,Train Accuracy:97.6119384765625%
2023-04-19 12:06:21,509 - Epoch:269/300,Train Accuracy:98.28358459472656%
2023-04-19 12:06:21,598 - Epoch:270/300,Train Accuracy:98.05970001220703%
2023-04-19 12:06:21,693 - Epoch:271/300,Train Accuracy:98.05970001220703%
2023-04-19 12:06:21,785 - Epoch:272/300,Train Accuracy:97.76119232177734%
2023-04-19 12:06:21,875 - Epoch:273/300,Train Accuracy:98.05970001220703%
2023-04-19 12:06:21,964 - Epoch:274/300,Train Accuracy:97.98507690429688%
2023-04-19 12:06:22,053 - Epoch:275/300,Train Accuracy:97.98507690429688%
2023-04-19 12:06:22,143 - Epoch:276/300,Train Accuracy:97.98507690429688%
2023-04-19 12:06:22,234 - Epoch:277/300,Train Accuracy:98.13433074951172%
2023-04-19 12:06:22,324 - Epoch:278/300,Train Accuracy:98.05970001220703%
2023-04-19 12:06:22,413 - Epoch:279/300,Train Accuracy:97.91044616699219%
2023-04-19 12:06:22,502 - Epoch:280/300,Train Accuracy:98.05970001220703%
2023-04-19 12:06:22,592 - Epoch:281/300,Train Accuracy:98.28358459472656%
2023-04-19 12:06:22,682 - Epoch:282/300,Train Accuracy:98.28358459472656%
2023-04-19 12:06:22,771 - Epoch:283/300,Train Accuracy:98.05970001220703%
2023-04-19 12:06:22,861 - Epoch:284/300,Train Accuracy:98.20895385742188%
2023-04-19 12:06:22,950 - Epoch:285/300,Train Accuracy:98.05970001220703%
2023-04-19 12:06:23,039 - Epoch:286/300,Train Accuracy:98.4328384399414%
2023-04-19 12:06:23,129 - Epoch:287/300,Train Accuracy:98.28358459472656%
2023-04-19 12:06:23,218 - Epoch:288/300,Train Accuracy:98.4328384399414%
2023-04-19 12:06:23,308 - Epoch:289/300,Train Accuracy:98.35820770263672%
2023-04-19 12:06:23,404 - Epoch:290/300,Train Accuracy:98.50746154785156%
2023-04-19 12:06:23,499 - Epoch:291/300,Train Accuracy:98.20895385742188%
2023-04-19 12:06:23,587 - Epoch:292/300,Train Accuracy:98.35820770263672%
2023-04-19 12:06:23,681 - Epoch:293/300,Train Accuracy:98.80596923828125%
2023-04-19 12:06:23,773 - Epoch:294/300,Train Accuracy:98.28358459472656%
2023-04-19 12:06:23,863 - Epoch:295/300,Train Accuracy:98.6567153930664%
2023-04-19 12:06:23,952 - Epoch:296/300,Train Accuracy:98.35820770263672%
2023-04-19 12:06:24,041 - Epoch:297/300,Train Accuracy:98.50746154785156%
2023-04-19 12:06:24,130 - Epoch:298/300,Train Accuracy:98.4328384399414%
2023-04-19 12:06:24,220 - Epoch:299/300,Train Accuracy:98.35820770263672%
2023-04-19 12:06:24,460 - 
Test set: Avg. loss: 0.0209, Accuracy: 574/660 (86.97%)

2023-04-19 12:06:24,465 - fpr:[0.         0.14106583 1.        ],tpr:[0.        0.8797654 1.       ],threshold:[2 1 0],auc:0.8693497825867126
2023-04-19 12:06:24,465 - This is for user9
2023-04-19 12:06:24,756 - Epoch:0/300,Train Accuracy:81.94029998779297%
2023-04-19 12:06:24,843 - Epoch:1/300,Train Accuracy:86.86566925048828%
2023-04-19 12:06:24,929 - Epoch:2/300,Train Accuracy:88.05970001220703%
2023-04-19 12:06:25,017 - Epoch:3/300,Train Accuracy:89.10447692871094%
2023-04-19 12:06:25,103 - Epoch:4/300,Train Accuracy:89.62686920166016%
2023-04-19 12:06:25,189 - Epoch:5/300,Train Accuracy:89.92537689208984%
2023-04-19 12:06:25,276 - Epoch:6/300,Train Accuracy:90.52238464355469%
2023-04-19 12:06:25,374 - Epoch:7/300,Train Accuracy:90.82089233398438%
2023-04-19 12:06:25,462 - Epoch:8/300,Train Accuracy:91.19403076171875%
2023-04-19 12:06:25,594 - Epoch:9/300,Train Accuracy:91.71641540527344%
2023-04-19 12:06:25,707 - Epoch:10/300,Train Accuracy:91.64179229736328%
2023-04-19 12:06:25,822 - Epoch:11/300,Train Accuracy:92.01492309570312%
2023-04-19 12:06:25,935 - Epoch:12/300,Train Accuracy:92.08955383300781%
2023-04-19 12:06:26,030 - Epoch:13/300,Train Accuracy:92.31343078613281%
2023-04-19 12:06:26,118 - Epoch:14/300,Train Accuracy:92.6119384765625%
2023-04-19 12:06:26,206 - Epoch:15/300,Train Accuracy:93.20895385742188%
2023-04-19 12:06:26,292 - Epoch:16/300,Train Accuracy:93.20895385742188%
2023-04-19 12:06:26,380 - Epoch:17/300,Train Accuracy:93.50746154785156%
2023-04-19 12:06:26,467 - Epoch:18/300,Train Accuracy:93.6567153930664%
2023-04-19 12:06:26,557 - Epoch:19/300,Train Accuracy:93.6567153930664%
2023-04-19 12:06:26,646 - Epoch:20/300,Train Accuracy:94.25373077392578%
2023-04-19 12:06:26,733 - Epoch:21/300,Train Accuracy:94.40298461914062%
2023-04-19 12:06:26,820 - Epoch:22/300,Train Accuracy:94.25373077392578%
2023-04-19 12:06:26,906 - Epoch:23/300,Train Accuracy:94.55223846435547%
2023-04-19 12:06:26,993 - Epoch:24/300,Train Accuracy:94.62686920166016%
2023-04-19 12:06:27,079 - Epoch:25/300,Train Accuracy:94.92537689208984%
2023-04-19 12:06:27,168 - Epoch:26/300,Train Accuracy:95.29850769042969%
2023-04-19 12:06:27,257 - Epoch:27/300,Train Accuracy:95.29850769042969%
2023-04-19 12:06:27,347 - Epoch:28/300,Train Accuracy:95.89552307128906%
2023-04-19 12:06:27,433 - Epoch:29/300,Train Accuracy:95.52238464355469%
2023-04-19 12:06:27,520 - Epoch:30/300,Train Accuracy:95.59701538085938%
2023-04-19 12:06:27,608 - Epoch:31/300,Train Accuracy:95.74626922607422%
2023-04-19 12:06:27,697 - Epoch:32/300,Train Accuracy:95.74626922607422%
2023-04-19 12:06:27,786 - Epoch:33/300,Train Accuracy:95.97014617919922%
2023-04-19 12:06:27,873 - Epoch:34/300,Train Accuracy:95.97014617919922%
2023-04-19 12:06:27,962 - Epoch:35/300,Train Accuracy:96.2686538696289%
2023-04-19 12:06:28,049 - Epoch:36/300,Train Accuracy:96.2686538696289%
2023-04-19 12:06:28,135 - Epoch:37/300,Train Accuracy:96.3432846069336%
2023-04-19 12:06:28,224 - Epoch:38/300,Train Accuracy:96.41790771484375%
2023-04-19 12:06:28,311 - Epoch:39/300,Train Accuracy:96.5671615600586%
2023-04-19 12:06:28,400 - Epoch:40/300,Train Accuracy:96.3432846069336%
2023-04-19 12:06:28,489 - Epoch:41/300,Train Accuracy:96.5671615600586%
2023-04-19 12:06:28,578 - Epoch:42/300,Train Accuracy:96.79104614257812%
2023-04-19 12:06:28,666 - Epoch:43/300,Train Accuracy:96.94029998779297%
2023-04-19 12:06:28,752 - Epoch:44/300,Train Accuracy:96.71641540527344%
2023-04-19 12:06:28,839 - Epoch:45/300,Train Accuracy:96.94029998779297%
2023-04-19 12:06:28,927 - Epoch:46/300,Train Accuracy:96.94029998779297%
2023-04-19 12:06:29,016 - Epoch:47/300,Train Accuracy:97.01492309570312%
2023-04-19 12:06:29,104 - Epoch:48/300,Train Accuracy:96.94029998779297%
2023-04-19 12:06:29,194 - Epoch:49/300,Train Accuracy:97.23880767822266%
2023-04-19 12:06:29,281 - Epoch:50/300,Train Accuracy:97.08955383300781%
2023-04-19 12:06:29,369 - Epoch:51/300,Train Accuracy:97.16417694091797%
2023-04-19 12:06:29,458 - Epoch:52/300,Train Accuracy:97.23880767822266%
2023-04-19 12:06:29,547 - Epoch:53/300,Train Accuracy:97.3880615234375%
2023-04-19 12:06:29,635 - Epoch:54/300,Train Accuracy:97.3880615234375%
2023-04-19 12:06:29,721 - Epoch:55/300,Train Accuracy:97.53731536865234%
2023-04-19 12:06:29,809 - Epoch:56/300,Train Accuracy:97.68656921386719%
2023-04-19 12:06:29,895 - Epoch:57/300,Train Accuracy:97.53731536865234%
2023-04-19 12:06:29,982 - Epoch:58/300,Train Accuracy:97.6119384765625%
2023-04-19 12:06:30,069 - Epoch:59/300,Train Accuracy:97.6119384765625%
2023-04-19 12:06:30,157 - Epoch:60/300,Train Accuracy:97.91044616699219%
2023-04-19 12:06:30,245 - Epoch:61/300,Train Accuracy:97.68656921386719%
2023-04-19 12:06:30,333 - Epoch:62/300,Train Accuracy:97.98507690429688%
2023-04-19 12:06:30,420 - Epoch:63/300,Train Accuracy:97.83582305908203%
2023-04-19 12:06:30,529 - Epoch:64/300,Train Accuracy:98.13433074951172%
2023-04-19 12:06:30,617 - Epoch:65/300,Train Accuracy:97.98507690429688%
2023-04-19 12:06:30,705 - Epoch:66/300,Train Accuracy:98.05970001220703%
2023-04-19 12:06:30,795 - Epoch:67/300,Train Accuracy:98.28358459472656%
2023-04-19 12:06:30,885 - Epoch:68/300,Train Accuracy:98.4328384399414%
2023-04-19 12:06:30,983 - Epoch:69/300,Train Accuracy:98.35820770263672%
2023-04-19 12:06:31,072 - Epoch:70/300,Train Accuracy:98.35820770263672%
2023-04-19 12:06:31,162 - Epoch:71/300,Train Accuracy:98.13433074951172%
2023-04-19 12:06:31,254 - Epoch:72/300,Train Accuracy:98.4328384399414%
2023-04-19 12:06:31,344 - Epoch:73/300,Train Accuracy:98.50746154785156%
2023-04-19 12:06:31,455 - Epoch:74/300,Train Accuracy:98.28358459472656%
2023-04-19 12:06:31,571 - Epoch:75/300,Train Accuracy:98.58209228515625%
2023-04-19 12:06:31,662 - Epoch:76/300,Train Accuracy:98.4328384399414%
2023-04-19 12:06:31,749 - Epoch:77/300,Train Accuracy:98.6567153930664%
2023-04-19 12:06:31,848 - Epoch:78/300,Train Accuracy:98.80596923828125%
2023-04-19 12:06:31,937 - Epoch:79/300,Train Accuracy:98.7313461303711%
2023-04-19 12:06:32,024 - Epoch:80/300,Train Accuracy:98.7313461303711%
2023-04-19 12:06:32,112 - Epoch:81/300,Train Accuracy:98.58209228515625%
2023-04-19 12:06:32,202 - Epoch:82/300,Train Accuracy:98.6567153930664%
2023-04-19 12:06:32,290 - Epoch:83/300,Train Accuracy:98.80596923828125%
2023-04-19 12:06:32,379 - Epoch:84/300,Train Accuracy:99.02985382080078%
2023-04-19 12:06:32,468 - Epoch:85/300,Train Accuracy:98.7313461303711%
2023-04-19 12:06:32,556 - Epoch:86/300,Train Accuracy:99.10447692871094%
2023-04-19 12:06:32,644 - Epoch:87/300,Train Accuracy:98.7313461303711%
2023-04-19 12:06:32,734 - Epoch:88/300,Train Accuracy:99.10447692871094%
2023-04-19 12:06:32,823 - Epoch:89/300,Train Accuracy:98.7313461303711%
2023-04-19 12:06:32,912 - Epoch:90/300,Train Accuracy:99.10447692871094%
2023-04-19 12:06:33,004 - Epoch:91/300,Train Accuracy:99.02985382080078%
2023-04-19 12:06:33,095 - Epoch:92/300,Train Accuracy:99.10447692871094%
2023-04-19 12:06:33,184 - Epoch:93/300,Train Accuracy:99.02985382080078%
2023-04-19 12:06:33,274 - Epoch:94/300,Train Accuracy:99.32836151123047%
2023-04-19 12:06:33,365 - Epoch:95/300,Train Accuracy:99.32836151123047%
2023-04-19 12:06:33,455 - Epoch:96/300,Train Accuracy:99.17910766601562%
2023-04-19 12:06:33,544 - Epoch:97/300,Train Accuracy:99.32836151123047%
2023-04-19 12:06:33,632 - Epoch:98/300,Train Accuracy:99.17910766601562%
2023-04-19 12:06:33,719 - Epoch:99/300,Train Accuracy:98.88059997558594%
2023-04-19 12:06:33,808 - Epoch:100/300,Train Accuracy:99.40298461914062%
2023-04-19 12:06:33,896 - Epoch:101/300,Train Accuracy:99.32836151123047%
2023-04-19 12:06:33,989 - Epoch:102/300,Train Accuracy:99.32836151123047%
2023-04-19 12:06:34,077 - Epoch:103/300,Train Accuracy:99.17910766601562%
2023-04-19 12:06:34,165 - Epoch:104/300,Train Accuracy:99.55223846435547%
2023-04-19 12:06:34,251 - Epoch:105/300,Train Accuracy:99.32836151123047%
2023-04-19 12:06:34,368 - Epoch:106/300,Train Accuracy:99.32836151123047%
2023-04-19 12:06:34,486 - Epoch:107/300,Train Accuracy:99.32836151123047%
2023-04-19 12:06:34,600 - Epoch:108/300,Train Accuracy:99.10447692871094%
2023-04-19 12:06:34,713 - Epoch:109/300,Train Accuracy:99.47761535644531%
2023-04-19 12:06:34,827 - Epoch:110/300,Train Accuracy:99.32836151123047%
2023-04-19 12:06:34,940 - Epoch:111/300,Train Accuracy:99.40298461914062%
2023-04-19 12:06:35,052 - Epoch:112/300,Train Accuracy:99.55223846435547%
2023-04-19 12:06:35,166 - Epoch:113/300,Train Accuracy:99.55223846435547%
2023-04-19 12:06:35,278 - Epoch:114/300,Train Accuracy:99.62686920166016%
2023-04-19 12:06:35,389 - Epoch:115/300,Train Accuracy:99.47761535644531%
2023-04-19 12:06:35,507 - Epoch:116/300,Train Accuracy:99.70149230957031%
2023-04-19 12:06:35,620 - Epoch:117/300,Train Accuracy:99.55223846435547%
2023-04-19 12:06:35,735 - Epoch:118/300,Train Accuracy:99.55223846435547%
2023-04-19 12:06:35,847 - Epoch:119/300,Train Accuracy:99.70149230957031%
2023-04-19 12:06:35,962 - Epoch:120/300,Train Accuracy:99.70149230957031%
2023-04-19 12:06:36,073 - Epoch:121/300,Train Accuracy:99.70149230957031%
2023-04-19 12:06:36,164 - Epoch:122/300,Train Accuracy:99.62686920166016%
2023-04-19 12:06:36,254 - Epoch:123/300,Train Accuracy:99.70149230957031%
2023-04-19 12:06:36,342 - Epoch:124/300,Train Accuracy:99.62686920166016%
2023-04-19 12:06:36,432 - Epoch:125/300,Train Accuracy:99.62686920166016%
2023-04-19 12:06:36,520 - Epoch:126/300,Train Accuracy:99.70149230957031%
2023-04-19 12:06:36,607 - Epoch:127/300,Train Accuracy:99.776123046875%
2023-04-19 12:06:36,694 - Epoch:128/300,Train Accuracy:99.776123046875%
2023-04-19 12:06:36,781 - Epoch:129/300,Train Accuracy:99.70149230957031%
2023-04-19 12:06:36,868 - Epoch:130/300,Train Accuracy:99.776123046875%
2023-04-19 12:06:36,955 - Epoch:131/300,Train Accuracy:99.776123046875%
2023-04-19 12:06:37,042 - Epoch:132/300,Train Accuracy:99.776123046875%
2023-04-19 12:06:37,129 - Epoch:133/300,Train Accuracy:99.776123046875%
2023-04-19 12:06:37,216 - Epoch:134/300,Train Accuracy:99.70149230957031%
2023-04-19 12:06:37,302 - Epoch:135/300,Train Accuracy:99.776123046875%
2023-04-19 12:06:37,391 - Epoch:136/300,Train Accuracy:99.776123046875%
2023-04-19 12:06:37,477 - Epoch:137/300,Train Accuracy:99.776123046875%
2023-04-19 12:06:37,565 - Epoch:138/300,Train Accuracy:99.776123046875%
2023-04-19 12:06:37,652 - Epoch:139/300,Train Accuracy:99.776123046875%
2023-04-19 12:06:37,738 - Epoch:140/300,Train Accuracy:99.776123046875%
2023-04-19 12:06:37,826 - Epoch:141/300,Train Accuracy:99.70149230957031%
2023-04-19 12:06:37,914 - Epoch:142/300,Train Accuracy:99.776123046875%
2023-04-19 12:06:38,001 - Epoch:143/300,Train Accuracy:99.776123046875%
2023-04-19 12:06:38,098 - Epoch:144/300,Train Accuracy:99.776123046875%
2023-04-19 12:06:38,186 - Epoch:145/300,Train Accuracy:99.776123046875%
2023-04-19 12:06:38,273 - Epoch:146/300,Train Accuracy:99.85074615478516%
2023-04-19 12:06:38,360 - Epoch:147/300,Train Accuracy:99.776123046875%
2023-04-19 12:06:38,447 - Epoch:148/300,Train Accuracy:99.776123046875%
2023-04-19 12:06:38,535 - Epoch:149/300,Train Accuracy:99.776123046875%
2023-04-19 12:06:38,624 - Epoch:150/300,Train Accuracy:99.776123046875%
2023-04-19 12:06:38,711 - Epoch:151/300,Train Accuracy:99.85074615478516%
2023-04-19 12:06:38,798 - Epoch:152/300,Train Accuracy:99.92537689208984%
2023-04-19 12:06:38,884 - Epoch:153/300,Train Accuracy:99.85074615478516%
2023-04-19 12:06:38,971 - Epoch:154/300,Train Accuracy:99.85074615478516%
2023-04-19 12:06:39,058 - Epoch:155/300,Train Accuracy:99.776123046875%
2023-04-19 12:06:39,144 - Epoch:156/300,Train Accuracy:99.776123046875%
2023-04-19 12:06:39,231 - Epoch:157/300,Train Accuracy:99.776123046875%
2023-04-19 12:06:39,318 - Epoch:158/300,Train Accuracy:99.92537689208984%
2023-04-19 12:06:39,405 - Epoch:159/300,Train Accuracy:99.85074615478516%
2023-04-19 12:06:39,492 - Epoch:160/300,Train Accuracy:99.92537689208984%
2023-04-19 12:06:39,579 - Epoch:161/300,Train Accuracy:99.92537689208984%
2023-04-19 12:06:39,667 - Epoch:162/300,Train Accuracy:99.85074615478516%
2023-04-19 12:06:39,754 - Epoch:163/300,Train Accuracy:99.92537689208984%
2023-04-19 12:06:39,841 - Epoch:164/300,Train Accuracy:99.85074615478516%
2023-04-19 12:06:39,927 - Epoch:165/300,Train Accuracy:99.776123046875%
2023-04-19 12:06:40,014 - Epoch:166/300,Train Accuracy:99.85074615478516%
2023-04-19 12:06:40,101 - Epoch:167/300,Train Accuracy:99.92537689208984%
2023-04-19 12:06:40,188 - Epoch:168/300,Train Accuracy:99.92537689208984%
2023-04-19 12:06:40,274 - Epoch:169/300,Train Accuracy:99.85074615478516%
2023-04-19 12:06:40,362 - Epoch:170/300,Train Accuracy:99.92537689208984%
2023-04-19 12:06:40,449 - Epoch:171/300,Train Accuracy:99.776123046875%
2023-04-19 12:06:40,536 - Epoch:172/300,Train Accuracy:99.92537689208984%
2023-04-19 12:06:40,623 - Epoch:173/300,Train Accuracy:99.92537689208984%
2023-04-19 12:06:40,710 - Epoch:174/300,Train Accuracy:99.92537689208984%
2023-04-19 12:06:40,798 - Epoch:175/300,Train Accuracy:99.85074615478516%
2023-04-19 12:06:40,884 - Epoch:176/300,Train Accuracy:99.92537689208984%
2023-04-19 12:06:40,971 - Epoch:177/300,Train Accuracy:99.92537689208984%
2023-04-19 12:06:41,058 - Epoch:178/300,Train Accuracy:99.92537689208984%
2023-04-19 12:06:41,144 - Epoch:179/300,Train Accuracy:99.92537689208984%
2023-04-19 12:06:41,232 - Epoch:180/300,Train Accuracy:99.92537689208984%
2023-04-19 12:06:41,318 - Epoch:181/300,Train Accuracy:99.92537689208984%
2023-04-19 12:06:41,406 - Epoch:182/300,Train Accuracy:99.92537689208984%
2023-04-19 12:06:41,494 - Epoch:183/300,Train Accuracy:99.92537689208984%
2023-04-19 12:06:41,582 - Epoch:184/300,Train Accuracy:99.92537689208984%
2023-04-19 12:06:41,670 - Epoch:185/300,Train Accuracy:99.92537689208984%
2023-04-19 12:06:41,757 - Epoch:186/300,Train Accuracy:99.92537689208984%
2023-04-19 12:06:41,844 - Epoch:187/300,Train Accuracy:99.92537689208984%
2023-04-19 12:06:41,931 - Epoch:188/300,Train Accuracy:99.92537689208984%
2023-04-19 12:06:42,018 - Epoch:189/300,Train Accuracy:99.92537689208984%
2023-04-19 12:06:42,105 - Epoch:190/300,Train Accuracy:99.776123046875%
2023-04-19 12:06:42,191 - Epoch:191/300,Train Accuracy:99.92537689208984%
2023-04-19 12:06:42,277 - Epoch:192/300,Train Accuracy:99.92537689208984%
2023-04-19 12:06:42,364 - Epoch:193/300,Train Accuracy:99.92537689208984%
2023-04-19 12:06:42,452 - Epoch:194/300,Train Accuracy:99.92537689208984%
2023-04-19 12:06:42,538 - Epoch:195/300,Train Accuracy:99.92537689208984%
2023-04-19 12:06:42,626 - Epoch:196/300,Train Accuracy:99.92537689208984%
2023-04-19 12:06:42,717 - Epoch:197/300,Train Accuracy:99.92537689208984%
2023-04-19 12:06:42,811 - Epoch:198/300,Train Accuracy:99.92537689208984%
2023-04-19 12:06:42,898 - Epoch:199/300,Train Accuracy:99.92537689208984%
2023-04-19 12:06:42,988 - Epoch:200/300,Train Accuracy:99.92537689208984%
2023-04-19 12:06:43,074 - Epoch:201/300,Train Accuracy:99.92537689208984%
2023-04-19 12:06:43,160 - Epoch:202/300,Train Accuracy:99.92537689208984%
2023-04-19 12:06:43,249 - Epoch:203/300,Train Accuracy:99.92537689208984%
2023-04-19 12:06:43,337 - Epoch:204/300,Train Accuracy:99.92537689208984%
2023-04-19 12:06:43,427 - Epoch:205/300,Train Accuracy:99.92537689208984%
2023-04-19 12:06:43,517 - Epoch:206/300,Train Accuracy:99.92537689208984%
2023-04-19 12:06:43,606 - Epoch:207/300,Train Accuracy:99.92537689208984%
2023-04-19 12:06:43,694 - Epoch:208/300,Train Accuracy:99.92537689208984%
2023-04-19 12:06:43,783 - Epoch:209/300,Train Accuracy:99.92537689208984%
2023-04-19 12:06:43,873 - Epoch:210/300,Train Accuracy:99.92537689208984%
2023-04-19 12:06:43,960 - Epoch:211/300,Train Accuracy:99.92537689208984%
2023-04-19 12:06:44,057 - Epoch:212/300,Train Accuracy:99.92537689208984%
2023-04-19 12:06:44,143 - Epoch:213/300,Train Accuracy:99.92537689208984%
2023-04-19 12:06:44,231 - Epoch:214/300,Train Accuracy:99.92537689208984%
2023-04-19 12:06:44,317 - Epoch:215/300,Train Accuracy:99.92537689208984%
2023-04-19 12:06:44,403 - Epoch:216/300,Train Accuracy:99.92537689208984%
2023-04-19 12:06:44,491 - Epoch:217/300,Train Accuracy:99.92537689208984%
2023-04-19 12:06:44,578 - Epoch:218/300,Train Accuracy:99.92537689208984%
2023-04-19 12:06:44,664 - Epoch:219/300,Train Accuracy:99.85074615478516%
2023-04-19 12:06:44,750 - Epoch:220/300,Train Accuracy:99.92537689208984%
2023-04-19 12:06:44,837 - Epoch:221/300,Train Accuracy:99.92537689208984%
2023-04-19 12:06:44,923 - Epoch:222/300,Train Accuracy:99.92537689208984%
2023-04-19 12:06:45,011 - Epoch:223/300,Train Accuracy:99.92537689208984%
2023-04-19 12:06:45,097 - Epoch:224/300,Train Accuracy:99.92537689208984%
2023-04-19 12:06:45,184 - Epoch:225/300,Train Accuracy:99.92537689208984%
2023-04-19 12:06:45,270 - Epoch:226/300,Train Accuracy:99.92537689208984%
2023-04-19 12:06:45,357 - Epoch:227/300,Train Accuracy:99.92537689208984%
2023-04-19 12:06:45,444 - Epoch:228/300,Train Accuracy:99.92537689208984%
2023-04-19 12:06:45,530 - Epoch:229/300,Train Accuracy:99.92537689208984%
2023-04-19 12:06:45,617 - Epoch:230/300,Train Accuracy:99.85074615478516%
2023-04-19 12:06:45,708 - Epoch:231/300,Train Accuracy:99.92537689208984%
2023-04-19 12:06:45,927 - Epoch:232/300,Train Accuracy:99.92537689208984%
2023-04-19 12:06:46,021 - Epoch:233/300,Train Accuracy:99.92537689208984%
2023-04-19 12:06:46,115 - Epoch:234/300,Train Accuracy:99.92537689208984%
2023-04-19 12:06:46,211 - Epoch:235/300,Train Accuracy:99.92537689208984%
2023-04-19 12:06:46,299 - Epoch:236/300,Train Accuracy:99.92537689208984%
2023-04-19 12:06:46,388 - Epoch:237/300,Train Accuracy:99.92537689208984%
2023-04-19 12:06:46,487 - Epoch:238/300,Train Accuracy:99.92537689208984%
2023-04-19 12:06:46,595 - Epoch:239/300,Train Accuracy:99.92537689208984%
2023-04-19 12:06:46,685 - Epoch:240/300,Train Accuracy:99.92537689208984%
2023-04-19 12:06:46,774 - Epoch:241/300,Train Accuracy:99.92537689208984%
2023-04-19 12:06:46,871 - Epoch:242/300,Train Accuracy:99.92537689208984%
2023-04-19 12:06:46,959 - Epoch:243/300,Train Accuracy:99.92537689208984%
2023-04-19 12:06:47,048 - Epoch:244/300,Train Accuracy:99.92537689208984%
2023-04-19 12:06:47,138 - Epoch:245/300,Train Accuracy:99.92537689208984%
2023-04-19 12:06:47,228 - Epoch:246/300,Train Accuracy:99.92537689208984%
2023-04-19 12:06:47,319 - Epoch:247/300,Train Accuracy:99.92537689208984%
2023-04-19 12:06:47,407 - Epoch:248/300,Train Accuracy:99.92537689208984%
2023-04-19 12:06:47,501 - Epoch:249/300,Train Accuracy:99.92537689208984%
2023-04-19 12:06:47,595 - Epoch:250/300,Train Accuracy:99.92537689208984%
2023-04-19 12:06:47,688 - Epoch:251/300,Train Accuracy:99.92537689208984%
2023-04-19 12:06:47,778 - Epoch:252/300,Train Accuracy:99.92537689208984%
2023-04-19 12:06:47,886 - Epoch:253/300,Train Accuracy:99.92537689208984%
2023-04-19 12:06:47,982 - Epoch:254/300,Train Accuracy:99.92537689208984%
2023-04-19 12:06:48,072 - Epoch:255/300,Train Accuracy:99.92537689208984%
2023-04-19 12:06:48,174 - Epoch:256/300,Train Accuracy:99.92537689208984%
2023-04-19 12:06:48,275 - Epoch:257/300,Train Accuracy:99.92537689208984%
2023-04-19 12:06:48,375 - Epoch:258/300,Train Accuracy:99.92537689208984%
2023-04-19 12:06:48,464 - Epoch:259/300,Train Accuracy:99.92537689208984%
2023-04-19 12:06:48,551 - Epoch:260/300,Train Accuracy:99.92537689208984%
2023-04-19 12:06:48,637 - Epoch:261/300,Train Accuracy:99.92537689208984%
2023-04-19 12:06:48,738 - Epoch:262/300,Train Accuracy:99.92537689208984%
2023-04-19 12:06:48,839 - Epoch:263/300,Train Accuracy:99.92537689208984%
2023-04-19 12:06:48,937 - Epoch:264/300,Train Accuracy:99.92537689208984%
2023-04-19 12:06:49,027 - Epoch:265/300,Train Accuracy:99.92537689208984%
2023-04-19 12:06:49,119 - Epoch:266/300,Train Accuracy:99.92537689208984%
2023-04-19 12:06:49,210 - Epoch:267/300,Train Accuracy:99.92537689208984%
2023-04-19 12:06:49,302 - Epoch:268/300,Train Accuracy:99.92537689208984%
2023-04-19 12:06:49,394 - Epoch:269/300,Train Accuracy:99.92537689208984%
2023-04-19 12:06:49,489 - Epoch:270/300,Train Accuracy:100.0%
2023-04-19 12:06:49,590 - Epoch:271/300,Train Accuracy:99.92537689208984%
2023-04-19 12:06:49,693 - Epoch:272/300,Train Accuracy:99.92537689208984%
2023-04-19 12:06:49,805 - Epoch:273/300,Train Accuracy:99.92537689208984%
2023-04-19 12:06:49,905 - Epoch:274/300,Train Accuracy:99.92537689208984%
2023-04-19 12:06:50,000 - Epoch:275/300,Train Accuracy:99.92537689208984%
2023-04-19 12:06:50,090 - Epoch:276/300,Train Accuracy:99.92537689208984%
2023-04-19 12:06:50,186 - Epoch:277/300,Train Accuracy:99.92537689208984%
2023-04-19 12:06:50,277 - Epoch:278/300,Train Accuracy:99.92537689208984%
2023-04-19 12:06:50,368 - Epoch:279/300,Train Accuracy:99.92537689208984%
2023-04-19 12:06:50,470 - Epoch:280/300,Train Accuracy:99.92537689208984%
2023-04-19 12:06:50,574 - Epoch:281/300,Train Accuracy:99.92537689208984%
2023-04-19 12:06:50,675 - Epoch:282/300,Train Accuracy:99.92537689208984%
2023-04-19 12:06:50,776 - Epoch:283/300,Train Accuracy:99.92537689208984%
2023-04-19 12:06:50,877 - Epoch:284/300,Train Accuracy:99.92537689208984%
2023-04-19 12:06:50,971 - Epoch:285/300,Train Accuracy:99.92537689208984%
2023-04-19 12:06:51,058 - Epoch:286/300,Train Accuracy:99.92537689208984%
2023-04-19 12:06:51,146 - Epoch:287/300,Train Accuracy:99.92537689208984%
2023-04-19 12:06:51,235 - Epoch:288/300,Train Accuracy:99.92537689208984%
2023-04-19 12:06:51,324 - Epoch:289/300,Train Accuracy:99.92537689208984%
2023-04-19 12:06:51,415 - Epoch:290/300,Train Accuracy:99.92537689208984%
2023-04-19 12:06:51,505 - Epoch:291/300,Train Accuracy:99.92537689208984%
2023-04-19 12:06:51,596 - Epoch:292/300,Train Accuracy:99.92537689208984%
2023-04-19 12:06:51,685 - Epoch:293/300,Train Accuracy:99.92537689208984%
2023-04-19 12:06:51,773 - Epoch:294/300,Train Accuracy:99.92537689208984%
2023-04-19 12:06:51,864 - Epoch:295/300,Train Accuracy:99.92537689208984%
2023-04-19 12:06:51,954 - Epoch:296/300,Train Accuracy:99.92537689208984%
2023-04-19 12:06:52,045 - Epoch:297/300,Train Accuracy:99.92537689208984%
2023-04-19 12:06:52,135 - Epoch:298/300,Train Accuracy:99.92537689208984%
2023-04-19 12:06:52,226 - Epoch:299/300,Train Accuracy:99.92537689208984%
2023-04-19 12:06:52,461 - 
Test set: Avg. loss: 0.0131, Accuracy: 623/660 (94.39%)

2023-04-19 12:06:52,466 - fpr:[0.         0.05956113 1.        ],tpr:[0.         0.94721408 1.        ],threshold:[2 1 0],auc:0.9438264738598443
2023-04-19 12:06:52,466 - This is for user12
2023-04-19 12:06:52,776 - Epoch:0/300,Train Accuracy:47.31343460083008%
2023-04-19 12:06:52,877 - Epoch:1/300,Train Accuracy:55.970149993896484%
2023-04-19 12:06:52,978 - Epoch:2/300,Train Accuracy:59.3283576965332%
2023-04-19 12:06:53,078 - Epoch:3/300,Train Accuracy:60.82089614868164%
2023-04-19 12:06:53,179 - Epoch:4/300,Train Accuracy:60.89552307128906%
2023-04-19 12:06:53,279 - Epoch:5/300,Train Accuracy:61.56716537475586%
2023-04-19 12:06:53,379 - Epoch:6/300,Train Accuracy:62.08955383300781%
2023-04-19 12:06:53,480 - Epoch:7/300,Train Accuracy:62.761192321777344%
2023-04-19 12:06:53,580 - Epoch:8/300,Train Accuracy:62.68656539916992%
2023-04-19 12:06:53,682 - Epoch:9/300,Train Accuracy:64.02985382080078%
2023-04-19 12:06:53,783 - Epoch:10/300,Train Accuracy:64.02985382080078%
2023-04-19 12:06:53,882 - Epoch:11/300,Train Accuracy:64.47761535644531%
2023-04-19 12:06:53,984 - Epoch:12/300,Train Accuracy:65.44776153564453%
2023-04-19 12:06:54,086 - Epoch:13/300,Train Accuracy:65.37313079833984%
2023-04-19 12:06:54,191 - Epoch:14/300,Train Accuracy:66.5671615600586%
2023-04-19 12:06:54,290 - Epoch:15/300,Train Accuracy:66.86566925048828%
2023-04-19 12:06:54,385 - Epoch:16/300,Train Accuracy:67.23880767822266%
2023-04-19 12:06:54,497 - Epoch:17/300,Train Accuracy:67.98507690429688%
2023-04-19 12:06:54,597 - Epoch:18/300,Train Accuracy:67.76119232177734%
2023-04-19 12:06:54,698 - Epoch:19/300,Train Accuracy:68.35820770263672%
2023-04-19 12:06:54,813 - Epoch:20/300,Train Accuracy:68.50746154785156%
2023-04-19 12:06:54,949 - Epoch:21/300,Train Accuracy:69.10447692871094%
2023-04-19 12:06:55,040 - Epoch:22/300,Train Accuracy:69.776123046875%
2023-04-19 12:06:55,151 - Epoch:23/300,Train Accuracy:70.14925384521484%
2023-04-19 12:06:55,248 - Epoch:24/300,Train Accuracy:70.44776153564453%
2023-04-19 12:06:55,340 - Epoch:25/300,Train Accuracy:70.67163848876953%
2023-04-19 12:06:55,447 - Epoch:26/300,Train Accuracy:71.11940002441406%
2023-04-19 12:06:55,544 - Epoch:27/300,Train Accuracy:71.94029998779297%
2023-04-19 12:06:55,636 - Epoch:28/300,Train Accuracy:71.11940002441406%
2023-04-19 12:06:55,736 - Epoch:29/300,Train Accuracy:71.5671615600586%
2023-04-19 12:06:55,827 - Epoch:30/300,Train Accuracy:72.01492309570312%
2023-04-19 12:06:55,919 - Epoch:31/300,Train Accuracy:72.08955383300781%
2023-04-19 12:06:56,009 - Epoch:32/300,Train Accuracy:72.31343078613281%
2023-04-19 12:06:56,103 - Epoch:33/300,Train Accuracy:72.3880615234375%
2023-04-19 12:06:56,194 - Epoch:34/300,Train Accuracy:73.05970001220703%
2023-04-19 12:06:56,289 - Epoch:35/300,Train Accuracy:73.13433074951172%
2023-04-19 12:06:56,386 - Epoch:36/300,Train Accuracy:72.98507690429688%
2023-04-19 12:06:56,475 - Epoch:37/300,Train Accuracy:73.05970001220703%
2023-04-19 12:06:56,575 - Epoch:38/300,Train Accuracy:73.13433074951172%
2023-04-19 12:06:56,677 - Epoch:39/300,Train Accuracy:73.50746154785156%
2023-04-19 12:06:56,777 - Epoch:40/300,Train Accuracy:73.80596923828125%
2023-04-19 12:06:56,869 - Epoch:41/300,Train Accuracy:73.9552230834961%
2023-04-19 12:06:56,968 - Epoch:42/300,Train Accuracy:73.6567153930664%
2023-04-19 12:06:57,068 - Epoch:43/300,Train Accuracy:74.32836151123047%
2023-04-19 12:06:57,167 - Epoch:44/300,Train Accuracy:74.47761535644531%
2023-04-19 12:06:57,267 - Epoch:45/300,Train Accuracy:74.776123046875%
2023-04-19 12:06:57,375 - Epoch:46/300,Train Accuracy:74.85074615478516%
2023-04-19 12:06:57,480 - Epoch:47/300,Train Accuracy:74.85074615478516%
2023-04-19 12:06:57,570 - Epoch:48/300,Train Accuracy:74.85074615478516%
2023-04-19 12:06:57,667 - Epoch:49/300,Train Accuracy:75.44776153564453%
2023-04-19 12:06:57,753 - Epoch:50/300,Train Accuracy:75.29850769042969%
2023-04-19 12:06:57,846 - Epoch:51/300,Train Accuracy:76.0447769165039%
2023-04-19 12:06:57,936 - Epoch:52/300,Train Accuracy:75.223876953125%
2023-04-19 12:06:58,026 - Epoch:53/300,Train Accuracy:75.74626922607422%
2023-04-19 12:06:58,112 - Epoch:54/300,Train Accuracy:75.74626922607422%
2023-04-19 12:06:58,200 - Epoch:55/300,Train Accuracy:76.19403076171875%
2023-04-19 12:06:58,287 - Epoch:56/300,Train Accuracy:75.97014617919922%
2023-04-19 12:06:58,376 - Epoch:57/300,Train Accuracy:76.0447769165039%
2023-04-19 12:06:58,466 - Epoch:58/300,Train Accuracy:76.11940002441406%
2023-04-19 12:06:58,560 - Epoch:59/300,Train Accuracy:76.41790771484375%
2023-04-19 12:06:58,649 - Epoch:60/300,Train Accuracy:76.2686538696289%
2023-04-19 12:06:58,737 - Epoch:61/300,Train Accuracy:76.3432846069336%
2023-04-19 12:06:58,823 - Epoch:62/300,Train Accuracy:76.79104614257812%
2023-04-19 12:06:58,911 - Epoch:63/300,Train Accuracy:76.79104614257812%
2023-04-19 12:06:58,998 - Epoch:64/300,Train Accuracy:76.94029998779297%
2023-04-19 12:06:59,086 - Epoch:65/300,Train Accuracy:76.86566925048828%
2023-04-19 12:06:59,171 - Epoch:66/300,Train Accuracy:77.08955383300781%
2023-04-19 12:06:59,258 - Epoch:67/300,Train Accuracy:77.3880615234375%
2023-04-19 12:06:59,347 - Epoch:68/300,Train Accuracy:77.23880767822266%
2023-04-19 12:06:59,438 - Epoch:69/300,Train Accuracy:77.16417694091797%
2023-04-19 12:06:59,527 - Epoch:70/300,Train Accuracy:77.3880615234375%
2023-04-19 12:06:59,681 - Epoch:71/300,Train Accuracy:77.68656921386719%
2023-04-19 12:06:59,860 - Epoch:72/300,Train Accuracy:77.76119232177734%
2023-04-19 12:06:59,948 - Epoch:73/300,Train Accuracy:77.83582305908203%
2023-04-19 12:07:00,036 - Epoch:74/300,Train Accuracy:78.20895385742188%
2023-04-19 12:07:00,124 - Epoch:75/300,Train Accuracy:78.50746154785156%
2023-04-19 12:07:00,212 - Epoch:76/300,Train Accuracy:77.68656921386719%
2023-04-19 12:07:00,299 - Epoch:77/300,Train Accuracy:78.6567153930664%
2023-04-19 12:07:00,386 - Epoch:78/300,Train Accuracy:78.9552230834961%
2023-04-19 12:07:00,475 - Epoch:79/300,Train Accuracy:78.9552230834961%
2023-04-19 12:07:00,562 - Epoch:80/300,Train Accuracy:78.80596923828125%
2023-04-19 12:07:00,650 - Epoch:81/300,Train Accuracy:79.32836151123047%
2023-04-19 12:07:00,737 - Epoch:82/300,Train Accuracy:79.17910766601562%
2023-04-19 12:07:00,825 - Epoch:83/300,Train Accuracy:79.40298461914062%
2023-04-19 12:07:00,912 - Epoch:84/300,Train Accuracy:79.25373077392578%
2023-04-19 12:07:01,001 - Epoch:85/300,Train Accuracy:79.70149230957031%
2023-04-19 12:07:01,090 - Epoch:86/300,Train Accuracy:79.32836151123047%
2023-04-19 12:07:01,177 - Epoch:87/300,Train Accuracy:80.0%
2023-04-19 12:07:01,265 - Epoch:88/300,Train Accuracy:80.223876953125%
2023-04-19 12:07:01,353 - Epoch:89/300,Train Accuracy:80.44776153564453%
2023-04-19 12:07:01,442 - Epoch:90/300,Train Accuracy:80.44776153564453%
2023-04-19 12:07:01,541 - Epoch:91/300,Train Accuracy:80.37313079833984%
2023-04-19 12:07:01,629 - Epoch:92/300,Train Accuracy:80.44776153564453%
2023-04-19 12:07:01,717 - Epoch:93/300,Train Accuracy:80.37313079833984%
2023-04-19 12:07:01,805 - Epoch:94/300,Train Accuracy:80.44776153564453%
2023-04-19 12:07:01,893 - Epoch:95/300,Train Accuracy:80.44776153564453%
2023-04-19 12:07:01,980 - Epoch:96/300,Train Accuracy:80.82089233398438%
2023-04-19 12:07:02,068 - Epoch:97/300,Train Accuracy:80.97014617919922%
2023-04-19 12:07:02,161 - Epoch:98/300,Train Accuracy:80.74626922607422%
2023-04-19 12:07:02,249 - Epoch:99/300,Train Accuracy:80.89552307128906%
2023-04-19 12:07:02,336 - Epoch:100/300,Train Accuracy:81.11940002441406%
2023-04-19 12:07:02,424 - Epoch:101/300,Train Accuracy:81.2686538696289%
2023-04-19 12:07:02,511 - Epoch:102/300,Train Accuracy:81.64179229736328%
2023-04-19 12:07:02,598 - Epoch:103/300,Train Accuracy:81.3432846069336%
2023-04-19 12:07:02,685 - Epoch:104/300,Train Accuracy:82.16417694091797%
2023-04-19 12:07:02,771 - Epoch:105/300,Train Accuracy:81.94029998779297%
2023-04-19 12:07:02,859 - Epoch:106/300,Train Accuracy:81.86566925048828%
2023-04-19 12:07:02,946 - Epoch:107/300,Train Accuracy:82.6119384765625%
2023-04-19 12:07:03,034 - Epoch:108/300,Train Accuracy:82.3880615234375%
2023-04-19 12:07:03,120 - Epoch:109/300,Train Accuracy:82.01492309570312%
2023-04-19 12:07:03,207 - Epoch:110/300,Train Accuracy:82.98507690429688%
2023-04-19 12:07:03,293 - Epoch:111/300,Train Accuracy:82.68656921386719%
2023-04-19 12:07:03,380 - Epoch:112/300,Train Accuracy:83.13433074951172%
2023-04-19 12:07:03,468 - Epoch:113/300,Train Accuracy:83.20895385742188%
2023-04-19 12:07:03,554 - Epoch:114/300,Train Accuracy:83.13433074951172%
2023-04-19 12:07:03,642 - Epoch:115/300,Train Accuracy:82.91044616699219%
2023-04-19 12:07:03,728 - Epoch:116/300,Train Accuracy:83.35820770263672%
2023-04-19 12:07:03,816 - Epoch:117/300,Train Accuracy:83.05970001220703%
2023-04-19 12:07:04,010 - Epoch:118/300,Train Accuracy:83.6567153930664%
2023-04-19 12:07:04,114 - Epoch:119/300,Train Accuracy:83.58209228515625%
2023-04-19 12:07:04,201 - Epoch:120/300,Train Accuracy:83.80596923828125%
2023-04-19 12:07:04,292 - Epoch:121/300,Train Accuracy:83.7313461303711%
2023-04-19 12:07:04,382 - Epoch:122/300,Train Accuracy:84.25373077392578%
2023-04-19 12:07:04,477 - Epoch:123/300,Train Accuracy:84.17910766601562%
2023-04-19 12:07:04,564 - Epoch:124/300,Train Accuracy:84.10447692871094%
2023-04-19 12:07:04,652 - Epoch:125/300,Train Accuracy:84.17910766601562%
2023-04-19 12:07:04,739 - Epoch:126/300,Train Accuracy:84.17910766601562%
2023-04-19 12:07:04,827 - Epoch:127/300,Train Accuracy:84.02985382080078%
2023-04-19 12:07:04,917 - Epoch:128/300,Train Accuracy:84.85074615478516%
2023-04-19 12:07:05,011 - Epoch:129/300,Train Accuracy:84.85074615478516%
2023-04-19 12:07:05,110 - Epoch:130/300,Train Accuracy:84.70149230957031%
2023-04-19 12:07:05,196 - Epoch:131/300,Train Accuracy:85.37313079833984%
2023-04-19 12:07:05,282 - Epoch:132/300,Train Accuracy:85.07462310791016%
2023-04-19 12:07:05,368 - Epoch:133/300,Train Accuracy:85.44776153564453%
2023-04-19 12:07:05,454 - Epoch:134/300,Train Accuracy:85.29850769042969%
2023-04-19 12:07:05,548 - Epoch:135/300,Train Accuracy:85.37313079833984%
2023-04-19 12:07:05,635 - Epoch:136/300,Train Accuracy:85.29850769042969%
2023-04-19 12:07:05,722 - Epoch:137/300,Train Accuracy:85.44776153564453%
2023-04-19 12:07:05,809 - Epoch:138/300,Train Accuracy:85.52238464355469%
2023-04-19 12:07:05,896 - Epoch:139/300,Train Accuracy:85.82089233398438%
2023-04-19 12:07:05,983 - Epoch:140/300,Train Accuracy:85.97014617919922%
2023-04-19 12:07:06,069 - Epoch:141/300,Train Accuracy:86.3432846069336%
2023-04-19 12:07:06,156 - Epoch:142/300,Train Accuracy:86.49253845214844%
2023-04-19 12:07:06,242 - Epoch:143/300,Train Accuracy:86.3432846069336%
2023-04-19 12:07:06,328 - Epoch:144/300,Train Accuracy:86.79104614257812%
2023-04-19 12:07:06,416 - Epoch:145/300,Train Accuracy:86.71641540527344%
2023-04-19 12:07:06,502 - Epoch:146/300,Train Accuracy:86.94029998779297%
2023-04-19 12:07:06,596 - Epoch:147/300,Train Accuracy:87.08955383300781%
2023-04-19 12:07:06,684 - Epoch:148/300,Train Accuracy:87.01492309570312%
2023-04-19 12:07:06,771 - Epoch:149/300,Train Accuracy:87.3880615234375%
2023-04-19 12:07:06,857 - Epoch:150/300,Train Accuracy:87.08955383300781%
2023-04-19 12:07:06,943 - Epoch:151/300,Train Accuracy:87.3880615234375%
2023-04-19 12:07:07,028 - Epoch:152/300,Train Accuracy:87.46268463134766%
2023-04-19 12:07:07,114 - Epoch:153/300,Train Accuracy:87.08955383300781%
2023-04-19 12:07:07,200 - Epoch:154/300,Train Accuracy:88.13433074951172%
2023-04-19 12:07:07,285 - Epoch:155/300,Train Accuracy:87.91044616699219%
2023-04-19 12:07:07,371 - Epoch:156/300,Train Accuracy:87.91044616699219%
2023-04-19 12:07:07,457 - Epoch:157/300,Train Accuracy:88.20895385742188%
2023-04-19 12:07:07,544 - Epoch:158/300,Train Accuracy:88.20895385742188%
2023-04-19 12:07:07,641 - Epoch:159/300,Train Accuracy:88.4328384399414%
2023-04-19 12:07:07,727 - Epoch:160/300,Train Accuracy:88.6567153930664%
2023-04-19 12:07:07,815 - Epoch:161/300,Train Accuracy:88.7313461303711%
2023-04-19 12:07:07,904 - Epoch:162/300,Train Accuracy:88.88059997558594%
2023-04-19 12:07:07,992 - Epoch:163/300,Train Accuracy:89.10447692871094%
2023-04-19 12:07:08,080 - Epoch:164/300,Train Accuracy:88.88059997558594%
2023-04-19 12:07:08,175 - Epoch:165/300,Train Accuracy:88.9552230834961%
2023-04-19 12:07:08,260 - Epoch:166/300,Train Accuracy:89.25373077392578%
2023-04-19 12:07:08,346 - Epoch:167/300,Train Accuracy:89.40298461914062%
2023-04-19 12:07:08,431 - Epoch:168/300,Train Accuracy:89.32836151123047%
2023-04-19 12:07:08,517 - Epoch:169/300,Train Accuracy:89.70149230957031%
2023-04-19 12:07:08,607 - Epoch:170/300,Train Accuracy:89.55223846435547%
2023-04-19 12:07:08,696 - Epoch:171/300,Train Accuracy:90.14925384521484%
2023-04-19 12:07:08,782 - Epoch:172/300,Train Accuracy:89.70149230957031%
2023-04-19 12:07:08,868 - Epoch:173/300,Train Accuracy:89.776123046875%
2023-04-19 12:07:08,954 - Epoch:174/300,Train Accuracy:90.0%
2023-04-19 12:07:09,039 - Epoch:175/300,Train Accuracy:90.59701538085938%
2023-04-19 12:07:09,125 - Epoch:176/300,Train Accuracy:90.52238464355469%
2023-04-19 12:07:09,210 - Epoch:177/300,Train Accuracy:90.44776153564453%
2023-04-19 12:07:09,296 - Epoch:178/300,Train Accuracy:90.52238464355469%
2023-04-19 12:07:09,382 - Epoch:179/300,Train Accuracy:90.07462310791016%
2023-04-19 12:07:09,468 - Epoch:180/300,Train Accuracy:90.82089233398438%
2023-04-19 12:07:09,553 - Epoch:181/300,Train Accuracy:90.97014617919922%
2023-04-19 12:07:09,641 - Epoch:182/300,Train Accuracy:90.07462310791016%
2023-04-19 12:07:09,730 - Epoch:183/300,Train Accuracy:90.44776153564453%
2023-04-19 12:07:09,816 - Epoch:184/300,Train Accuracy:91.11940002441406%
2023-04-19 12:07:09,901 - Epoch:185/300,Train Accuracy:90.89552307128906%
2023-04-19 12:07:09,987 - Epoch:186/300,Train Accuracy:90.89552307128906%
2023-04-19 12:07:10,073 - Epoch:187/300,Train Accuracy:90.82089233398438%
2023-04-19 12:07:10,164 - Epoch:188/300,Train Accuracy:91.3432846069336%
2023-04-19 12:07:10,250 - Epoch:189/300,Train Accuracy:91.3432846069336%
2023-04-19 12:07:10,336 - Epoch:190/300,Train Accuracy:91.0447769165039%
2023-04-19 12:07:10,422 - Epoch:191/300,Train Accuracy:91.3432846069336%
2023-04-19 12:07:10,508 - Epoch:192/300,Train Accuracy:91.19403076171875%
2023-04-19 12:07:10,594 - Epoch:193/300,Train Accuracy:91.2686538696289%
2023-04-19 12:07:10,682 - Epoch:194/300,Train Accuracy:91.5671615600586%
2023-04-19 12:07:10,768 - Epoch:195/300,Train Accuracy:91.5671615600586%
2023-04-19 12:07:10,858 - Epoch:196/300,Train Accuracy:91.71641540527344%
2023-04-19 12:07:10,944 - Epoch:197/300,Train Accuracy:91.3432846069336%
2023-04-19 12:07:11,029 - Epoch:198/300,Train Accuracy:91.71641540527344%
2023-04-19 12:07:11,115 - Epoch:199/300,Train Accuracy:91.94029998779297%
2023-04-19 12:07:11,201 - Epoch:200/300,Train Accuracy:91.86566925048828%
2023-04-19 12:07:11,287 - Epoch:201/300,Train Accuracy:91.71641540527344%
2023-04-19 12:07:11,373 - Epoch:202/300,Train Accuracy:91.94029998779297%
2023-04-19 12:07:11,459 - Epoch:203/300,Train Accuracy:92.46268463134766%
2023-04-19 12:07:11,545 - Epoch:204/300,Train Accuracy:92.76119232177734%
2023-04-19 12:07:11,640 - Epoch:205/300,Train Accuracy:92.31343078613281%
2023-04-19 12:07:11,726 - Epoch:206/300,Train Accuracy:92.31343078613281%
2023-04-19 12:07:11,813 - Epoch:207/300,Train Accuracy:92.23880767822266%
2023-04-19 12:07:11,907 - Epoch:208/300,Train Accuracy:92.08955383300781%
2023-04-19 12:07:11,992 - Epoch:209/300,Train Accuracy:92.53731536865234%
2023-04-19 12:07:12,083 - Epoch:210/300,Train Accuracy:92.46268463134766%
2023-04-19 12:07:12,169 - Epoch:211/300,Train Accuracy:92.6119384765625%
2023-04-19 12:07:12,255 - Epoch:212/300,Train Accuracy:92.53731536865234%
2023-04-19 12:07:12,340 - Epoch:213/300,Train Accuracy:92.83582305908203%
2023-04-19 12:07:12,427 - Epoch:214/300,Train Accuracy:92.83582305908203%
2023-04-19 12:07:12,513 - Epoch:215/300,Train Accuracy:92.83582305908203%
2023-04-19 12:07:12,598 - Epoch:216/300,Train Accuracy:93.13433074951172%
2023-04-19 12:07:12,684 - Epoch:217/300,Train Accuracy:93.05970001220703%
2023-04-19 12:07:12,770 - Epoch:218/300,Train Accuracy:93.28358459472656%
2023-04-19 12:07:12,855 - Epoch:219/300,Train Accuracy:92.53731536865234%
2023-04-19 12:07:12,950 - Epoch:220/300,Train Accuracy:92.98507690429688%
2023-04-19 12:07:13,036 - Epoch:221/300,Train Accuracy:93.58209228515625%
2023-04-19 12:07:13,122 - Epoch:222/300,Train Accuracy:93.50746154785156%
2023-04-19 12:07:13,208 - Epoch:223/300,Train Accuracy:93.28358459472656%
2023-04-19 12:07:13,296 - Epoch:224/300,Train Accuracy:93.50746154785156%
2023-04-19 12:07:13,385 - Epoch:225/300,Train Accuracy:93.80596923828125%
2023-04-19 12:07:13,474 - Epoch:226/300,Train Accuracy:93.4328384399414%
2023-04-19 12:07:13,563 - Epoch:227/300,Train Accuracy:93.4328384399414%
2023-04-19 12:07:13,651 - Epoch:228/300,Train Accuracy:93.50746154785156%
2023-04-19 12:07:13,739 - Epoch:229/300,Train Accuracy:93.80596923828125%
2023-04-19 12:07:13,828 - Epoch:230/300,Train Accuracy:94.02985382080078%
2023-04-19 12:07:13,919 - Epoch:231/300,Train Accuracy:93.80596923828125%
2023-04-19 12:07:14,011 - Epoch:232/300,Train Accuracy:94.10447692871094%
2023-04-19 12:07:14,104 - Epoch:233/300,Train Accuracy:93.88059997558594%
2023-04-19 12:07:14,191 - Epoch:234/300,Train Accuracy:94.32836151123047%
2023-04-19 12:07:14,283 - Epoch:235/300,Train Accuracy:93.7313461303711%
2023-04-19 12:07:14,369 - Epoch:236/300,Train Accuracy:93.80596923828125%
2023-04-19 12:07:14,454 - Epoch:237/300,Train Accuracy:94.62686920166016%
2023-04-19 12:07:14,540 - Epoch:238/300,Train Accuracy:93.9552230834961%
2023-04-19 12:07:14,625 - Epoch:239/300,Train Accuracy:94.55223846435547%
2023-04-19 12:07:14,712 - Epoch:240/300,Train Accuracy:93.9552230834961%
2023-04-19 12:07:14,798 - Epoch:241/300,Train Accuracy:93.9552230834961%
2023-04-19 12:07:14,883 - Epoch:242/300,Train Accuracy:94.25373077392578%
2023-04-19 12:07:14,972 - Epoch:243/300,Train Accuracy:94.776123046875%
2023-04-19 12:07:15,063 - Epoch:244/300,Train Accuracy:94.47761535644531%
2023-04-19 12:07:15,334 - Epoch:245/300,Train Accuracy:94.70149230957031%
2023-04-19 12:07:15,553 - Epoch:246/300,Train Accuracy:95.07462310791016%
2023-04-19 12:07:15,688 - Epoch:247/300,Train Accuracy:94.25373077392578%
2023-04-19 12:07:15,775 - Epoch:248/300,Train Accuracy:94.92537689208984%
2023-04-19 12:07:15,863 - Epoch:249/300,Train Accuracy:94.62686920166016%
2023-04-19 12:07:15,958 - Epoch:250/300,Train Accuracy:94.92537689208984%
2023-04-19 12:07:16,156 - Epoch:251/300,Train Accuracy:94.85074615478516%
2023-04-19 12:07:16,262 - Epoch:252/300,Train Accuracy:94.70149230957031%
2023-04-19 12:07:16,353 - Epoch:253/300,Train Accuracy:94.776123046875%
2023-04-19 12:07:16,443 - Epoch:254/300,Train Accuracy:94.92537689208984%
2023-04-19 12:07:16,561 - Epoch:255/300,Train Accuracy:95.44776153564453%
2023-04-19 12:07:16,662 - Epoch:256/300,Train Accuracy:95.07462310791016%
2023-04-19 12:07:16,752 - Epoch:257/300,Train Accuracy:94.70149230957031%
2023-04-19 12:07:16,871 - Epoch:258/300,Train Accuracy:95.44776153564453%
2023-04-19 12:07:16,979 - Epoch:259/300,Train Accuracy:95.14925384521484%
2023-04-19 12:07:17,081 - Epoch:260/300,Train Accuracy:95.37313079833984%
2023-04-19 12:07:17,177 - Epoch:261/300,Train Accuracy:95.44776153564453%
2023-04-19 12:07:17,296 - Epoch:262/300,Train Accuracy:95.44776153564453%
2023-04-19 12:07:17,414 - Epoch:263/300,Train Accuracy:94.92537689208984%
2023-04-19 12:07:17,527 - Epoch:264/300,Train Accuracy:94.92537689208984%
2023-04-19 12:07:17,633 - Epoch:265/300,Train Accuracy:95.59701538085938%
2023-04-19 12:07:17,749 - Epoch:266/300,Train Accuracy:95.74626922607422%
2023-04-19 12:07:17,839 - Epoch:267/300,Train Accuracy:95.67163848876953%
2023-04-19 12:07:17,927 - Epoch:268/300,Train Accuracy:95.59701538085938%
2023-04-19 12:07:18,016 - Epoch:269/300,Train Accuracy:96.0447769165039%
2023-04-19 12:07:18,106 - Epoch:270/300,Train Accuracy:95.37313079833984%
2023-04-19 12:07:18,194 - Epoch:271/300,Train Accuracy:95.82089233398438%
2023-04-19 12:07:18,283 - Epoch:272/300,Train Accuracy:95.67163848876953%
2023-04-19 12:07:18,371 - Epoch:273/300,Train Accuracy:95.67163848876953%
2023-04-19 12:07:18,460 - Epoch:274/300,Train Accuracy:95.82089233398438%
2023-04-19 12:07:18,549 - Epoch:275/300,Train Accuracy:95.82089233398438%
2023-04-19 12:07:18,638 - Epoch:276/300,Train Accuracy:95.82089233398438%
2023-04-19 12:07:18,727 - Epoch:277/300,Train Accuracy:96.19403076171875%
2023-04-19 12:07:18,815 - Epoch:278/300,Train Accuracy:95.97014617919922%
2023-04-19 12:07:18,906 - Epoch:279/300,Train Accuracy:95.67163848876953%
2023-04-19 12:07:18,991 - Epoch:280/300,Train Accuracy:96.0447769165039%
2023-04-19 12:07:19,076 - Epoch:281/300,Train Accuracy:95.82089233398438%
2023-04-19 12:07:19,169 - Epoch:282/300,Train Accuracy:96.2686538696289%
2023-04-19 12:07:19,256 - Epoch:283/300,Train Accuracy:96.3432846069336%
2023-04-19 12:07:19,343 - Epoch:284/300,Train Accuracy:96.3432846069336%
2023-04-19 12:07:19,448 - Epoch:285/300,Train Accuracy:96.3432846069336%
2023-04-19 12:07:19,573 - Epoch:286/300,Train Accuracy:96.5671615600586%
2023-04-19 12:07:19,703 - Epoch:287/300,Train Accuracy:96.19403076171875%
2023-04-19 12:07:19,831 - Epoch:288/300,Train Accuracy:96.41790771484375%
2023-04-19 12:07:19,924 - Epoch:289/300,Train Accuracy:96.3432846069336%
2023-04-19 12:07:20,040 - Epoch:290/300,Train Accuracy:96.41790771484375%
2023-04-19 12:07:20,132 - Epoch:291/300,Train Accuracy:96.49253845214844%
2023-04-19 12:07:20,243 - Epoch:292/300,Train Accuracy:96.49253845214844%
2023-04-19 12:07:20,357 - Epoch:293/300,Train Accuracy:96.41790771484375%
2023-04-19 12:07:20,491 - Epoch:294/300,Train Accuracy:96.41790771484375%
2023-04-19 12:07:20,607 - Epoch:295/300,Train Accuracy:96.41790771484375%
2023-04-19 12:07:20,704 - Epoch:296/300,Train Accuracy:96.71641540527344%
2023-04-19 12:07:20,809 - Epoch:297/300,Train Accuracy:96.71641540527344%
2023-04-19 12:07:21,070 - Epoch:298/300,Train Accuracy:96.86566925048828%
2023-04-19 12:07:21,257 - Epoch:299/300,Train Accuracy:96.5671615600586%
2023-04-19 12:07:21,496 - 
Test set: Avg. loss: 0.0531, Accuracy: 468/660 (70.91%)

2023-04-19 12:07:21,501 - fpr:[0.         0.31034483 1.        ],tpr:[0.         0.72727273 1.        ],threshold:[2 1 0],auc:0.7084639498432602
2023-04-19 12:07:21,502 - This is for user15
2023-04-19 12:07:21,791 - Epoch:0/300,Train Accuracy:70.07462310791016%
2023-04-19 12:07:21,883 - Epoch:1/300,Train Accuracy:70.74626922607422%
2023-04-19 12:07:21,970 - Epoch:2/300,Train Accuracy:72.98507690429688%
2023-04-19 12:07:22,058 - Epoch:3/300,Train Accuracy:75.07462310791016%
2023-04-19 12:07:22,145 - Epoch:4/300,Train Accuracy:73.7313461303711%
2023-04-19 12:07:22,241 - Epoch:5/300,Train Accuracy:75.59701538085938%
2023-04-19 12:07:22,333 - Epoch:6/300,Train Accuracy:75.0%
2023-04-19 12:07:22,421 - Epoch:7/300,Train Accuracy:75.82089233398438%
2023-04-19 12:07:22,523 - Epoch:8/300,Train Accuracy:76.79104614257812%
2023-04-19 12:07:22,621 - Epoch:9/300,Train Accuracy:77.68656921386719%
2023-04-19 12:07:22,731 - Epoch:10/300,Train Accuracy:77.01492309570312%
2023-04-19 12:07:23,006 - Epoch:11/300,Train Accuracy:77.83582305908203%
2023-04-19 12:07:23,133 - Epoch:12/300,Train Accuracy:77.83582305908203%
2023-04-19 12:07:23,249 - Epoch:13/300,Train Accuracy:78.50746154785156%
2023-04-19 12:07:23,382 - Epoch:14/300,Train Accuracy:78.58209228515625%
2023-04-19 12:07:23,646 - Epoch:15/300,Train Accuracy:78.6567153930664%
2023-04-19 12:07:23,735 - Epoch:16/300,Train Accuracy:78.80596923828125%
2023-04-19 12:07:23,880 - Epoch:17/300,Train Accuracy:79.47761535644531%
2023-04-19 12:07:24,000 - Epoch:18/300,Train Accuracy:80.07462310791016%
2023-04-19 12:07:24,099 - Epoch:19/300,Train Accuracy:80.82089233398438%
2023-04-19 12:07:24,209 - Epoch:20/300,Train Accuracy:80.52238464355469%
2023-04-19 12:07:24,302 - Epoch:21/300,Train Accuracy:81.0447769165039%
2023-04-19 12:07:24,513 - Epoch:22/300,Train Accuracy:80.74626922607422%
2023-04-19 12:07:24,598 - Epoch:23/300,Train Accuracy:80.82089233398438%
2023-04-19 12:07:24,687 - Epoch:24/300,Train Accuracy:80.97014617919922%
2023-04-19 12:07:24,784 - Epoch:25/300,Train Accuracy:82.08955383300781%
2023-04-19 12:07:24,881 - Epoch:26/300,Train Accuracy:82.01492309570312%
2023-04-19 12:07:24,971 - Epoch:27/300,Train Accuracy:81.71641540527344%
2023-04-19 12:07:25,069 - Epoch:28/300,Train Accuracy:82.76119232177734%
2023-04-19 12:07:25,241 - Epoch:29/300,Train Accuracy:82.6119384765625%
2023-04-19 12:07:25,336 - Epoch:30/300,Train Accuracy:82.16417694091797%
2023-04-19 12:07:25,437 - Epoch:31/300,Train Accuracy:83.6567153930664%
2023-04-19 12:07:25,533 - Epoch:32/300,Train Accuracy:83.4328384399414%
2023-04-19 12:07:25,639 - Epoch:33/300,Train Accuracy:83.7313461303711%
2023-04-19 12:07:25,750 - Epoch:34/300,Train Accuracy:83.35820770263672%
2023-04-19 12:07:25,840 - Epoch:35/300,Train Accuracy:83.88059997558594%
2023-04-19 12:07:25,953 - Epoch:36/300,Train Accuracy:83.9552230834961%
2023-04-19 12:07:26,068 - Epoch:37/300,Train Accuracy:84.25373077392578%
2023-04-19 12:07:26,202 - Epoch:38/300,Train Accuracy:84.25373077392578%
2023-04-19 12:07:26,295 - Epoch:39/300,Train Accuracy:84.47761535644531%
2023-04-19 12:07:26,397 - Epoch:40/300,Train Accuracy:84.40298461914062%
2023-04-19 12:07:26,500 - Epoch:41/300,Train Accuracy:84.40298461914062%
2023-04-19 12:07:26,740 - Epoch:42/300,Train Accuracy:84.70149230957031%
2023-04-19 12:07:26,831 - Epoch:43/300,Train Accuracy:85.07462310791016%
2023-04-19 12:07:26,921 - Epoch:44/300,Train Accuracy:84.47761535644531%
2023-04-19 12:07:27,043 - Epoch:45/300,Train Accuracy:84.47761535644531%
2023-04-19 12:07:27,148 - Epoch:46/300,Train Accuracy:85.29850769042969%
2023-04-19 12:07:27,244 - Epoch:47/300,Train Accuracy:85.44776153564453%
2023-04-19 12:07:27,333 - Epoch:48/300,Train Accuracy:85.14925384521484%
2023-04-19 12:07:27,426 - Epoch:49/300,Train Accuracy:85.52238464355469%
2023-04-19 12:07:27,519 - Epoch:50/300,Train Accuracy:85.97014617919922%
2023-04-19 12:07:27,625 - Epoch:51/300,Train Accuracy:86.2686538696289%
2023-04-19 12:07:27,715 - Epoch:52/300,Train Accuracy:86.0447769165039%
2023-04-19 12:07:27,805 - Epoch:53/300,Train Accuracy:85.67163848876953%
2023-04-19 12:07:27,894 - Epoch:54/300,Train Accuracy:86.49253845214844%
2023-04-19 12:07:27,983 - Epoch:55/300,Train Accuracy:86.71641540527344%
2023-04-19 12:07:28,073 - Epoch:56/300,Train Accuracy:86.3432846069336%
2023-04-19 12:07:28,162 - Epoch:57/300,Train Accuracy:86.19403076171875%
2023-04-19 12:07:28,253 - Epoch:58/300,Train Accuracy:87.08955383300781%
2023-04-19 12:07:28,342 - Epoch:59/300,Train Accuracy:86.71641540527344%
2023-04-19 12:07:28,431 - Epoch:60/300,Train Accuracy:87.16417694091797%
2023-04-19 12:07:28,520 - Epoch:61/300,Train Accuracy:87.31343078613281%
2023-04-19 12:07:28,675 - Epoch:62/300,Train Accuracy:87.83582305908203%
2023-04-19 12:07:28,776 - Epoch:63/300,Train Accuracy:87.23880767822266%
2023-04-19 12:07:28,868 - Epoch:64/300,Train Accuracy:87.76119232177734%
2023-04-19 12:07:28,959 - Epoch:65/300,Train Accuracy:87.91044616699219%
2023-04-19 12:07:29,051 - Epoch:66/300,Train Accuracy:87.16417694091797%
2023-04-19 12:07:29,147 - Epoch:67/300,Train Accuracy:87.83582305908203%
2023-04-19 12:07:29,262 - Epoch:68/300,Train Accuracy:87.68656921386719%
2023-04-19 12:07:29,368 - Epoch:69/300,Train Accuracy:88.58209228515625%
2023-04-19 12:07:29,461 - Epoch:70/300,Train Accuracy:88.4328384399414%
2023-04-19 12:07:29,620 - Epoch:71/300,Train Accuracy:88.4328384399414%
2023-04-19 12:07:29,722 - Epoch:72/300,Train Accuracy:87.91044616699219%
2023-04-19 12:07:29,814 - Epoch:73/300,Train Accuracy:88.4328384399414%
2023-04-19 12:07:29,935 - Epoch:74/300,Train Accuracy:88.50746154785156%
2023-04-19 12:07:30,027 - Epoch:75/300,Train Accuracy:88.50746154785156%
2023-04-19 12:07:30,144 - Epoch:76/300,Train Accuracy:89.17910766601562%
2023-04-19 12:07:30,235 - Epoch:77/300,Train Accuracy:88.58209228515625%
2023-04-19 12:07:30,345 - Epoch:78/300,Train Accuracy:88.88059997558594%
2023-04-19 12:07:30,449 - Epoch:79/300,Train Accuracy:88.80596923828125%
2023-04-19 12:07:30,556 - Epoch:80/300,Train Accuracy:89.25373077392578%
2023-04-19 12:07:30,688 - Epoch:81/300,Train Accuracy:89.02985382080078%
2023-04-19 12:07:30,787 - Epoch:82/300,Train Accuracy:89.02985382080078%
2023-04-19 12:07:30,881 - Epoch:83/300,Train Accuracy:89.70149230957031%
2023-04-19 12:07:31,002 - Epoch:84/300,Train Accuracy:89.776123046875%
2023-04-19 12:07:31,118 - Epoch:85/300,Train Accuracy:89.776123046875%
2023-04-19 12:07:31,255 - Epoch:86/300,Train Accuracy:89.55223846435547%
2023-04-19 12:07:31,402 - Epoch:87/300,Train Accuracy:89.55223846435547%
2023-04-19 12:07:31,503 - Epoch:88/300,Train Accuracy:90.07462310791016%
2023-04-19 12:07:31,615 - Epoch:89/300,Train Accuracy:90.29850769042969%
2023-04-19 12:07:31,728 - Epoch:90/300,Train Accuracy:89.62686920166016%
2023-04-19 12:07:31,900 - Epoch:91/300,Train Accuracy:90.29850769042969%
2023-04-19 12:07:32,020 - Epoch:92/300,Train Accuracy:89.85074615478516%
2023-04-19 12:07:32,106 - Epoch:93/300,Train Accuracy:90.67163848876953%
2023-04-19 12:07:32,203 - Epoch:94/300,Train Accuracy:90.52238464355469%
2023-04-19 12:07:32,291 - Epoch:95/300,Train Accuracy:90.29850769042969%
2023-04-19 12:07:32,379 - Epoch:96/300,Train Accuracy:90.52238464355469%
2023-04-19 12:07:32,473 - Epoch:97/300,Train Accuracy:90.52238464355469%
2023-04-19 12:07:32,580 - Epoch:98/300,Train Accuracy:91.3432846069336%
2023-04-19 12:07:32,690 - Epoch:99/300,Train Accuracy:90.82089233398438%
2023-04-19 12:07:32,783 - Epoch:100/300,Train Accuracy:91.0447769165039%
2023-04-19 12:07:32,918 - Epoch:101/300,Train Accuracy:91.19403076171875%
2023-04-19 12:07:33,018 - Epoch:102/300,Train Accuracy:91.64179229736328%
2023-04-19 12:07:33,117 - Epoch:103/300,Train Accuracy:91.41790771484375%
2023-04-19 12:07:33,209 - Epoch:104/300,Train Accuracy:91.0447769165039%
2023-04-19 12:07:33,306 - Epoch:105/300,Train Accuracy:91.41790771484375%
2023-04-19 12:07:33,424 - Epoch:106/300,Train Accuracy:91.64179229736328%
2023-04-19 12:07:33,556 - Epoch:107/300,Train Accuracy:91.94029998779297%
2023-04-19 12:07:33,644 - Epoch:108/300,Train Accuracy:91.86566925048828%
2023-04-19 12:07:33,743 - Epoch:109/300,Train Accuracy:91.79104614257812%
2023-04-19 12:07:33,831 - Epoch:110/300,Train Accuracy:92.08955383300781%
2023-04-19 12:07:33,918 - Epoch:111/300,Train Accuracy:92.23880767822266%
2023-04-19 12:07:34,005 - Epoch:112/300,Train Accuracy:92.01492309570312%
2023-04-19 12:07:34,091 - Epoch:113/300,Train Accuracy:92.3880615234375%
2023-04-19 12:07:34,178 - Epoch:114/300,Train Accuracy:92.46268463134766%
2023-04-19 12:07:34,264 - Epoch:115/300,Train Accuracy:92.3880615234375%
2023-04-19 12:07:34,351 - Epoch:116/300,Train Accuracy:92.68656921386719%
2023-04-19 12:07:34,437 - Epoch:117/300,Train Accuracy:92.83582305908203%
2023-04-19 12:07:34,524 - Epoch:118/300,Train Accuracy:93.05970001220703%
2023-04-19 12:07:34,610 - Epoch:119/300,Train Accuracy:93.05970001220703%
2023-04-19 12:07:34,698 - Epoch:120/300,Train Accuracy:92.83582305908203%
2023-04-19 12:07:34,784 - Epoch:121/300,Train Accuracy:92.83582305908203%
2023-04-19 12:07:34,871 - Epoch:122/300,Train Accuracy:92.46268463134766%
2023-04-19 12:07:34,959 - Epoch:123/300,Train Accuracy:92.83582305908203%
2023-04-19 12:07:35,046 - Epoch:124/300,Train Accuracy:93.35820770263672%
2023-04-19 12:07:35,133 - Epoch:125/300,Train Accuracy:93.4328384399414%
2023-04-19 12:07:35,220 - Epoch:126/300,Train Accuracy:93.28358459472656%
2023-04-19 12:07:35,307 - Epoch:127/300,Train Accuracy:93.50746154785156%
2023-04-19 12:07:35,394 - Epoch:128/300,Train Accuracy:92.91044616699219%
2023-04-19 12:07:35,482 - Epoch:129/300,Train Accuracy:93.80596923828125%
2023-04-19 12:07:35,569 - Epoch:130/300,Train Accuracy:93.80596923828125%
2023-04-19 12:07:35,656 - Epoch:131/300,Train Accuracy:93.80596923828125%
