2023-03-02 11:12:30,126 - lr:1e-05,weight_decay:0.01,batch_size:20
2023-03-02 11:12:30,127 - FullConnect(
  (linear1): Linear(in_features=39, out_features=30, bias=True)
  (linear2): Linear(in_features=30, out_features=30, bias=True)
  (linear10): Linear(in_features=30, out_features=2, bias=True)
  (relu): ReLU()
)
2023-03-02 11:12:30,127 - This is for user7
2023-03-02 11:12:30,577 - Epoch:0/200,Train Accuracy:50.82089614868164%
2023-03-02 11:12:30,681 - Epoch:1/200,Train Accuracy:50.82089614868164%
2023-03-02 11:12:30,788 - Epoch:2/200,Train Accuracy:50.82089614868164%
2023-03-02 11:12:30,895 - Epoch:3/200,Train Accuracy:50.82089614868164%
2023-03-02 11:12:30,972 - Epoch:4/200,Train Accuracy:50.82089614868164%
2023-03-02 11:12:31,052 - Epoch:5/200,Train Accuracy:50.82089614868164%
2023-03-02 11:12:31,133 - Epoch:6/200,Train Accuracy:50.82089614868164%
2023-03-02 11:12:31,216 - Epoch:7/200,Train Accuracy:50.82089614868164%
2023-03-02 11:12:31,296 - Epoch:8/200,Train Accuracy:50.82089614868164%
2023-03-02 11:12:31,373 - Epoch:9/200,Train Accuracy:50.82089614868164%
2023-03-02 11:12:31,453 - Epoch:10/200,Train Accuracy:50.82089614868164%
2023-03-02 11:12:31,533 - Epoch:11/200,Train Accuracy:50.82089614868164%
2023-03-02 11:12:31,613 - Epoch:12/200,Train Accuracy:50.82089614868164%
2023-03-02 11:12:31,692 - Epoch:13/200,Train Accuracy:50.82089614868164%
2023-03-02 11:12:31,772 - Epoch:14/200,Train Accuracy:50.82089614868164%
2023-03-02 11:12:31,851 - Epoch:15/200,Train Accuracy:50.82089614868164%
2023-03-02 11:12:31,928 - Epoch:16/200,Train Accuracy:50.82089614868164%
2023-03-02 11:12:32,010 - Epoch:17/200,Train Accuracy:50.82089614868164%
2023-03-02 11:12:32,092 - Epoch:18/200,Train Accuracy:50.82089614868164%
2023-03-02 11:12:32,171 - Epoch:19/200,Train Accuracy:50.82089614868164%
2023-03-02 11:12:32,250 - Epoch:20/200,Train Accuracy:50.82089614868164%
2023-03-02 11:12:32,328 - Epoch:21/200,Train Accuracy:50.82089614868164%
2023-03-02 11:12:32,408 - Epoch:22/200,Train Accuracy:50.82089614868164%
2023-03-02 11:12:32,490 - Epoch:23/200,Train Accuracy:50.82089614868164%
2023-03-02 11:12:32,572 - Epoch:24/200,Train Accuracy:50.82089614868164%
2023-03-02 11:12:32,654 - Epoch:25/200,Train Accuracy:50.82089614868164%
2023-03-02 11:12:32,736 - Epoch:26/200,Train Accuracy:50.82089614868164%
2023-03-02 11:12:32,813 - Epoch:27/200,Train Accuracy:50.82089614868164%
2023-03-02 11:12:32,891 - Epoch:28/200,Train Accuracy:50.82089614868164%
2023-03-02 11:12:32,963 - Epoch:29/200,Train Accuracy:50.82089614868164%
2023-03-02 11:12:33,036 - Epoch:30/200,Train Accuracy:50.82089614868164%
2023-03-02 11:12:33,108 - Epoch:31/200,Train Accuracy:50.82089614868164%
2023-03-02 11:12:33,179 - Epoch:32/200,Train Accuracy:50.82089614868164%
2023-03-02 11:12:33,251 - Epoch:33/200,Train Accuracy:50.82089614868164%
2023-03-02 11:12:33,322 - Epoch:34/200,Train Accuracy:50.82089614868164%
2023-03-02 11:12:33,394 - Epoch:35/200,Train Accuracy:50.82089614868164%
2023-03-02 11:12:33,465 - Epoch:36/200,Train Accuracy:50.82089614868164%
2023-03-02 11:12:33,536 - Epoch:37/200,Train Accuracy:50.82089614868164%
2023-03-02 11:12:33,608 - Epoch:38/200,Train Accuracy:50.82089614868164%
2023-03-02 11:12:33,681 - Epoch:39/200,Train Accuracy:50.82089614868164%
2023-03-02 11:12:33,752 - Epoch:40/200,Train Accuracy:50.82089614868164%
2023-03-02 11:12:33,824 - Epoch:41/200,Train Accuracy:50.82089614868164%
2023-03-02 11:12:33,895 - Epoch:42/200,Train Accuracy:50.82089614868164%
2023-03-02 11:12:33,968 - Epoch:43/200,Train Accuracy:50.82089614868164%
2023-03-02 11:12:34,039 - Epoch:44/200,Train Accuracy:50.82089614868164%
2023-03-02 11:12:34,111 - Epoch:45/200,Train Accuracy:50.82089614868164%
2023-03-02 11:12:34,185 - Epoch:46/200,Train Accuracy:50.82089614868164%
2023-03-02 11:12:34,259 - Epoch:47/200,Train Accuracy:50.82089614868164%
2023-03-02 11:12:34,331 - Epoch:48/200,Train Accuracy:50.82089614868164%
2023-03-02 11:12:34,404 - Epoch:49/200,Train Accuracy:50.82089614868164%
2023-03-02 11:12:34,476 - Epoch:50/200,Train Accuracy:50.82089614868164%
2023-03-02 11:12:34,548 - Epoch:51/200,Train Accuracy:50.82089614868164%
2023-03-02 11:12:34,620 - Epoch:52/200,Train Accuracy:50.82089614868164%
2023-03-02 11:12:34,692 - Epoch:53/200,Train Accuracy:50.82089614868164%
2023-03-02 11:12:34,765 - Epoch:54/200,Train Accuracy:50.82089614868164%
2023-03-02 11:12:34,837 - Epoch:55/200,Train Accuracy:50.82089614868164%
2023-03-02 11:12:34,911 - Epoch:56/200,Train Accuracy:50.82089614868164%
2023-03-02 11:12:34,983 - Epoch:57/200,Train Accuracy:50.82089614868164%
2023-03-02 11:12:35,057 - Epoch:58/200,Train Accuracy:50.82089614868164%
2023-03-02 11:12:35,131 - Epoch:59/200,Train Accuracy:50.82089614868164%
2023-03-02 11:12:35,204 - Epoch:60/200,Train Accuracy:50.82089614868164%
2023-03-02 11:12:35,278 - Epoch:61/200,Train Accuracy:50.82089614868164%
2023-03-02 11:12:35,351 - Epoch:62/200,Train Accuracy:50.82089614868164%
2023-03-02 11:12:35,425 - Epoch:63/200,Train Accuracy:50.82089614868164%
2023-03-02 11:12:35,497 - Epoch:64/200,Train Accuracy:50.82089614868164%
2023-03-02 11:12:35,570 - Epoch:65/200,Train Accuracy:50.82089614868164%
2023-03-02 11:12:35,643 - Epoch:66/200,Train Accuracy:50.82089614868164%
2023-03-02 11:12:35,716 - Epoch:67/200,Train Accuracy:50.82089614868164%
2023-03-02 11:12:35,790 - Epoch:68/200,Train Accuracy:50.82089614868164%
2023-03-02 11:12:35,863 - Epoch:69/200,Train Accuracy:50.82089614868164%
2023-03-02 11:12:35,936 - Epoch:70/200,Train Accuracy:50.82089614868164%
2023-03-02 11:12:36,009 - Epoch:71/200,Train Accuracy:50.82089614868164%
2023-03-02 11:12:36,085 - Epoch:72/200,Train Accuracy:50.82089614868164%
2023-03-02 11:12:36,159 - Epoch:73/200,Train Accuracy:50.82089614868164%
2023-03-02 11:12:36,232 - Epoch:74/200,Train Accuracy:50.82089614868164%
2023-03-02 11:12:36,307 - Epoch:75/200,Train Accuracy:50.82089614868164%
2023-03-02 11:12:36,381 - Epoch:76/200,Train Accuracy:50.82089614868164%
2023-03-02 11:12:36,455 - Epoch:77/200,Train Accuracy:50.82089614868164%
2023-03-02 11:12:36,528 - Epoch:78/200,Train Accuracy:50.82089614868164%
2023-03-02 11:12:36,601 - Epoch:79/200,Train Accuracy:50.82089614868164%
2023-03-02 11:12:36,674 - Epoch:80/200,Train Accuracy:50.82089614868164%
2023-03-02 11:12:36,747 - Epoch:81/200,Train Accuracy:50.82089614868164%
2023-03-02 11:12:36,820 - Epoch:82/200,Train Accuracy:50.82089614868164%
2023-03-02 11:12:36,894 - Epoch:83/200,Train Accuracy:50.82089614868164%
2023-03-02 11:12:36,966 - Epoch:84/200,Train Accuracy:50.82089614868164%
2023-03-02 11:12:37,040 - Epoch:85/200,Train Accuracy:50.82089614868164%
2023-03-02 11:12:37,114 - Epoch:86/200,Train Accuracy:50.82089614868164%
2023-03-02 11:12:37,187 - Epoch:87/200,Train Accuracy:50.82089614868164%
2023-03-02 11:12:37,260 - Epoch:88/200,Train Accuracy:50.82089614868164%
2023-03-02 11:12:37,334 - Epoch:89/200,Train Accuracy:50.82089614868164%
2023-03-02 11:12:37,408 - Epoch:90/200,Train Accuracy:50.82089614868164%
2023-03-02 11:12:37,480 - Epoch:91/200,Train Accuracy:50.82089614868164%
2023-03-02 11:12:37,555 - Epoch:92/200,Train Accuracy:50.82089614868164%
2023-03-02 11:12:37,629 - Epoch:93/200,Train Accuracy:50.82089614868164%
2023-03-02 11:12:37,701 - Epoch:94/200,Train Accuracy:50.82089614868164%
2023-03-02 11:12:37,773 - Epoch:95/200,Train Accuracy:50.82089614868164%
2023-03-02 11:12:37,845 - Epoch:96/200,Train Accuracy:50.82089614868164%
2023-03-02 11:12:37,917 - Epoch:97/200,Train Accuracy:50.82089614868164%
2023-03-02 11:12:37,989 - Epoch:98/200,Train Accuracy:50.82089614868164%
2023-03-02 11:12:38,061 - Epoch:99/200,Train Accuracy:50.82089614868164%
2023-03-02 11:12:38,133 - Epoch:100/200,Train Accuracy:50.82089614868164%
2023-03-02 11:12:38,205 - Epoch:101/200,Train Accuracy:50.82089614868164%
2023-03-02 11:12:38,277 - Epoch:102/200,Train Accuracy:50.82089614868164%
2023-03-02 11:12:38,348 - Epoch:103/200,Train Accuracy:50.82089614868164%
2023-03-02 11:12:38,420 - Epoch:104/200,Train Accuracy:50.82089614868164%
2023-03-02 11:12:38,492 - Epoch:105/200,Train Accuracy:50.82089614868164%
2023-03-02 11:12:38,563 - Epoch:106/200,Train Accuracy:50.82089614868164%
2023-03-02 11:12:38,637 - Epoch:107/200,Train Accuracy:50.82089614868164%
2023-03-02 11:12:38,708 - Epoch:108/200,Train Accuracy:50.82089614868164%
2023-03-02 11:12:38,780 - Epoch:109/200,Train Accuracy:50.82089614868164%
2023-03-02 11:12:38,851 - Epoch:110/200,Train Accuracy:50.82089614868164%
2023-03-02 11:12:38,923 - Epoch:111/200,Train Accuracy:50.82089614868164%
2023-03-02 11:12:38,996 - Epoch:112/200,Train Accuracy:50.82089614868164%
2023-03-02 11:12:39,068 - Epoch:113/200,Train Accuracy:50.82089614868164%
2023-03-02 11:12:39,140 - Epoch:114/200,Train Accuracy:50.82089614868164%
2023-03-02 11:12:39,211 - Epoch:115/200,Train Accuracy:50.82089614868164%
2023-03-02 11:12:39,283 - Epoch:116/200,Train Accuracy:50.82089614868164%
2023-03-02 11:12:39,354 - Epoch:117/200,Train Accuracy:50.82089614868164%
2023-03-02 11:12:39,426 - Epoch:118/200,Train Accuracy:50.82089614868164%
2023-03-02 11:12:39,497 - Epoch:119/200,Train Accuracy:50.82089614868164%
2023-03-02 11:12:39,569 - Epoch:120/200,Train Accuracy:50.82089614868164%
2023-03-02 11:12:39,641 - Epoch:121/200,Train Accuracy:50.82089614868164%
2023-03-02 11:12:39,713 - Epoch:122/200,Train Accuracy:50.82089614868164%
2023-03-02 11:12:39,784 - Epoch:123/200,Train Accuracy:50.82089614868164%
2023-03-02 11:12:39,856 - Epoch:124/200,Train Accuracy:50.82089614868164%
2023-03-02 11:12:39,927 - Epoch:125/200,Train Accuracy:50.82089614868164%
2023-03-02 11:12:39,999 - Epoch:126/200,Train Accuracy:50.82089614868164%
2023-03-02 11:12:40,070 - Epoch:127/200,Train Accuracy:50.82089614868164%
2023-03-02 11:12:40,142 - Epoch:128/200,Train Accuracy:50.82089614868164%
2023-03-02 11:12:40,214 - Epoch:129/200,Train Accuracy:50.82089614868164%
2023-03-02 11:12:40,286 - Epoch:130/200,Train Accuracy:50.82089614868164%
2023-03-02 11:12:40,358 - Epoch:131/200,Train Accuracy:50.82089614868164%
2023-03-02 11:12:40,431 - Epoch:132/200,Train Accuracy:50.82089614868164%
2023-03-02 11:12:40,503 - Epoch:133/200,Train Accuracy:50.82089614868164%
2023-03-02 11:12:40,601 - Epoch:134/200,Train Accuracy:50.82089614868164%
2023-03-02 11:12:40,684 - Epoch:135/200,Train Accuracy:50.82089614868164%
2023-03-02 11:12:40,757 - Epoch:136/200,Train Accuracy:50.82089614868164%
2023-03-02 11:12:40,829 - Epoch:137/200,Train Accuracy:50.82089614868164%
2023-03-02 11:12:40,902 - Epoch:138/200,Train Accuracy:50.82089614868164%
2023-03-02 11:12:40,974 - Epoch:139/200,Train Accuracy:50.82089614868164%
2023-03-02 11:12:41,046 - Epoch:140/200,Train Accuracy:50.82089614868164%
2023-03-02 11:12:41,118 - Epoch:141/200,Train Accuracy:50.82089614868164%
2023-03-02 11:12:41,190 - Epoch:142/200,Train Accuracy:50.82089614868164%
2023-03-02 11:12:41,263 - Epoch:143/200,Train Accuracy:50.82089614868164%
2023-03-02 11:12:41,335 - Epoch:144/200,Train Accuracy:50.82089614868164%
2023-03-02 11:12:41,407 - Epoch:145/200,Train Accuracy:50.82089614868164%
2023-03-02 11:12:41,479 - Epoch:146/200,Train Accuracy:50.82089614868164%
2023-03-02 11:12:41,551 - Epoch:147/200,Train Accuracy:50.82089614868164%
2023-03-02 11:12:41,624 - Epoch:148/200,Train Accuracy:50.82089614868164%
2023-03-02 11:12:41,695 - Epoch:149/200,Train Accuracy:50.82089614868164%
2023-03-02 11:12:41,768 - Epoch:150/200,Train Accuracy:50.82089614868164%
2023-03-02 11:12:41,839 - Epoch:151/200,Train Accuracy:50.82089614868164%
2023-03-02 11:12:41,912 - Epoch:152/200,Train Accuracy:50.82089614868164%
2023-03-02 11:12:41,984 - Epoch:153/200,Train Accuracy:50.82089614868164%
2023-03-02 11:12:42,056 - Epoch:154/200,Train Accuracy:50.82089614868164%
2023-03-02 11:12:42,128 - Epoch:155/200,Train Accuracy:50.82089614868164%
2023-03-02 11:12:42,200 - Epoch:156/200,Train Accuracy:50.82089614868164%
2023-03-02 11:12:42,272 - Epoch:157/200,Train Accuracy:50.82089614868164%
2023-03-02 11:12:42,345 - Epoch:158/200,Train Accuracy:50.82089614868164%
2023-03-02 11:12:42,417 - Epoch:159/200,Train Accuracy:50.82089614868164%
2023-03-02 11:12:42,489 - Epoch:160/200,Train Accuracy:50.82089614868164%
2023-03-02 11:12:42,561 - Epoch:161/200,Train Accuracy:50.82089614868164%
2023-03-02 11:12:42,634 - Epoch:162/200,Train Accuracy:50.82089614868164%
2023-03-02 11:12:42,706 - Epoch:163/200,Train Accuracy:50.82089614868164%
2023-03-02 11:12:42,778 - Epoch:164/200,Train Accuracy:50.82089614868164%
2023-03-02 11:12:42,850 - Epoch:165/200,Train Accuracy:50.82089614868164%
2023-03-02 11:12:42,922 - Epoch:166/200,Train Accuracy:50.82089614868164%
2023-03-02 11:12:42,995 - Epoch:167/200,Train Accuracy:50.82089614868164%
2023-03-02 11:12:43,068 - Epoch:168/200,Train Accuracy:50.82089614868164%
2023-03-02 11:12:43,141 - Epoch:169/200,Train Accuracy:50.82089614868164%
2023-03-02 11:12:43,213 - Epoch:170/200,Train Accuracy:50.82089614868164%
2023-03-02 11:12:43,285 - Epoch:171/200,Train Accuracy:50.82089614868164%
2023-03-02 11:12:43,358 - Epoch:172/200,Train Accuracy:50.82089614868164%
2023-03-02 11:12:43,431 - Epoch:173/200,Train Accuracy:50.82089614868164%
2023-03-02 11:12:43,503 - Epoch:174/200,Train Accuracy:50.82089614868164%
2023-03-02 11:12:43,575 - Epoch:175/200,Train Accuracy:50.82089614868164%
2023-03-02 11:12:43,649 - Epoch:176/200,Train Accuracy:50.82089614868164%
2023-03-02 11:12:43,721 - Epoch:177/200,Train Accuracy:50.82089614868164%
2023-03-02 11:12:43,793 - Epoch:178/200,Train Accuracy:50.82089614868164%
2023-03-02 11:12:43,866 - Epoch:179/200,Train Accuracy:50.82089614868164%
2023-03-02 11:12:43,938 - Epoch:180/200,Train Accuracy:50.82089614868164%
2023-03-02 11:12:44,011 - Epoch:181/200,Train Accuracy:50.82089614868164%
2023-03-02 11:12:44,083 - Epoch:182/200,Train Accuracy:50.82089614868164%
2023-03-02 11:12:44,155 - Epoch:183/200,Train Accuracy:50.82089614868164%
2023-03-02 11:12:44,228 - Epoch:184/200,Train Accuracy:50.82089614868164%
2023-03-02 11:12:44,300 - Epoch:185/200,Train Accuracy:50.82089614868164%
2023-03-02 11:12:44,373 - Epoch:186/200,Train Accuracy:50.82089614868164%
2023-03-02 11:12:44,445 - Epoch:187/200,Train Accuracy:50.82089614868164%
2023-03-02 11:12:44,517 - Epoch:188/200,Train Accuracy:50.82089614868164%
2023-03-02 11:12:44,589 - Epoch:189/200,Train Accuracy:50.82089614868164%
2023-03-02 11:12:44,663 - Epoch:190/200,Train Accuracy:50.82089614868164%
2023-03-02 11:12:44,736 - Epoch:191/200,Train Accuracy:50.82089614868164%
2023-03-02 11:12:44,808 - Epoch:192/200,Train Accuracy:50.82089614868164%
2023-03-02 11:12:44,880 - Epoch:193/200,Train Accuracy:50.82089614868164%
2023-03-02 11:12:44,952 - Epoch:194/200,Train Accuracy:50.82089614868164%
2023-03-02 11:12:45,025 - Epoch:195/200,Train Accuracy:50.82089614868164%
2023-03-02 11:12:45,097 - Epoch:196/200,Train Accuracy:50.82089614868164%
2023-03-02 11:12:45,170 - Epoch:197/200,Train Accuracy:50.82089614868164%
2023-03-02 11:12:45,242 - Epoch:198/200,Train Accuracy:50.82089614868164%
2023-03-02 11:12:45,315 - Epoch:199/200,Train Accuracy:50.82089614868164%
2023-03-02 11:12:45,533 - 
Test set: Avg. loss: 0.0347, Accuracy: 319/660 (48.33%)

2023-03-02 11:12:45,536 - fpr:[0. 1.],tpr:[0. 1.],threshold:[1 0],auc:0.5
2023-03-02 11:12:45,537 - This is for user9
2023-03-02 11:12:45,814 - Epoch:0/200,Train Accuracy:50.82089614868164%
2023-03-02 11:12:45,886 - Epoch:1/200,Train Accuracy:50.82089614868164%
2023-03-02 11:12:45,959 - Epoch:2/200,Train Accuracy:50.82089614868164%
2023-03-02 11:12:46,032 - Epoch:3/200,Train Accuracy:50.82089614868164%
2023-03-02 11:12:46,104 - Epoch:4/200,Train Accuracy:50.82089614868164%
2023-03-02 11:12:46,177 - Epoch:5/200,Train Accuracy:50.82089614868164%
2023-03-02 11:12:46,249 - Epoch:6/200,Train Accuracy:50.82089614868164%
2023-03-02 11:12:46,321 - Epoch:7/200,Train Accuracy:50.82089614868164%
2023-03-02 11:12:46,393 - Epoch:8/200,Train Accuracy:50.82089614868164%
2023-03-02 11:12:46,466 - Epoch:9/200,Train Accuracy:50.82089614868164%
2023-03-02 11:12:46,539 - Epoch:10/200,Train Accuracy:50.82089614868164%
2023-03-02 11:12:46,614 - Epoch:11/200,Train Accuracy:50.82089614868164%
2023-03-02 11:12:46,690 - Epoch:12/200,Train Accuracy:50.82089614868164%
2023-03-02 11:12:46,766 - Epoch:13/200,Train Accuracy:50.82089614868164%
2023-03-02 11:12:46,839 - Epoch:14/200,Train Accuracy:50.82089614868164%
2023-03-02 11:12:46,915 - Epoch:15/200,Train Accuracy:50.82089614868164%
2023-03-02 11:12:46,994 - Epoch:16/200,Train Accuracy:50.82089614868164%
2023-03-02 11:12:47,071 - Epoch:17/200,Train Accuracy:50.82089614868164%
2023-03-02 11:12:47,144 - Epoch:18/200,Train Accuracy:50.82089614868164%
2023-03-02 11:12:47,218 - Epoch:19/200,Train Accuracy:50.82089614868164%
2023-03-02 11:12:47,296 - Epoch:20/200,Train Accuracy:50.82089614868164%
2023-03-02 11:12:47,378 - Epoch:21/200,Train Accuracy:50.82089614868164%
2023-03-02 11:12:47,454 - Epoch:22/200,Train Accuracy:50.82089614868164%
2023-03-02 11:12:47,533 - Epoch:23/200,Train Accuracy:50.82089614868164%
2023-03-02 11:12:47,661 - Epoch:24/200,Train Accuracy:50.82089614868164%
2023-03-02 11:12:47,826 - Epoch:25/200,Train Accuracy:50.82089614868164%
2023-03-02 11:12:47,899 - Epoch:26/200,Train Accuracy:50.82089614868164%
2023-03-02 11:12:47,971 - Epoch:27/200,Train Accuracy:50.82089614868164%
2023-03-02 11:12:48,043 - Epoch:28/200,Train Accuracy:50.82089614868164%
2023-03-02 11:12:48,115 - Epoch:29/200,Train Accuracy:50.82089614868164%
2023-03-02 11:12:48,187 - Epoch:30/200,Train Accuracy:50.82089614868164%
2023-03-02 11:12:48,259 - Epoch:31/200,Train Accuracy:50.82089614868164%
2023-03-02 11:12:48,331 - Epoch:32/200,Train Accuracy:50.82089614868164%
2023-03-02 11:12:48,403 - Epoch:33/200,Train Accuracy:50.82089614868164%
2023-03-02 11:12:48,474 - Epoch:34/200,Train Accuracy:50.82089614868164%
2023-03-02 11:12:48,545 - Epoch:35/200,Train Accuracy:50.82089614868164%
2023-03-02 11:12:48,617 - Epoch:36/200,Train Accuracy:50.82089614868164%
2023-03-02 11:12:48,690 - Epoch:37/200,Train Accuracy:50.82089614868164%
2023-03-02 11:12:48,762 - Epoch:38/200,Train Accuracy:50.82089614868164%
2023-03-02 11:12:48,833 - Epoch:39/200,Train Accuracy:50.82089614868164%
2023-03-02 11:12:48,905 - Epoch:40/200,Train Accuracy:50.82089614868164%
2023-03-02 11:12:48,976 - Epoch:41/200,Train Accuracy:50.82089614868164%
2023-03-02 11:12:49,048 - Epoch:42/200,Train Accuracy:50.82089614868164%
2023-03-02 11:12:49,120 - Epoch:43/200,Train Accuracy:50.82089614868164%
2023-03-02 11:12:49,192 - Epoch:44/200,Train Accuracy:50.82089614868164%
2023-03-02 11:12:49,264 - Epoch:45/200,Train Accuracy:50.82089614868164%
2023-03-02 11:12:49,335 - Epoch:46/200,Train Accuracy:50.82089614868164%
2023-03-02 11:12:49,407 - Epoch:47/200,Train Accuracy:50.82089614868164%
2023-03-02 11:12:49,479 - Epoch:48/200,Train Accuracy:50.82089614868164%
2023-03-02 11:12:49,550 - Epoch:49/200,Train Accuracy:50.82089614868164%
2023-03-02 11:12:49,623 - Epoch:50/200,Train Accuracy:50.82089614868164%
2023-03-02 11:12:49,695 - Epoch:51/200,Train Accuracy:50.82089614868164%
2023-03-02 11:12:49,767 - Epoch:52/200,Train Accuracy:50.82089614868164%
2023-03-02 11:12:49,838 - Epoch:53/200,Train Accuracy:50.82089614868164%
2023-03-02 11:12:49,910 - Epoch:54/200,Train Accuracy:50.82089614868164%
2023-03-02 11:12:49,981 - Epoch:55/200,Train Accuracy:50.82089614868164%
2023-03-02 11:12:50,053 - Epoch:56/200,Train Accuracy:50.82089614868164%
2023-03-02 11:12:50,125 - Epoch:57/200,Train Accuracy:50.82089614868164%
2023-03-02 11:12:50,196 - Epoch:58/200,Train Accuracy:50.82089614868164%
2023-03-02 11:12:50,271 - Epoch:59/200,Train Accuracy:50.82089614868164%
2023-03-02 11:12:50,348 - Epoch:60/200,Train Accuracy:50.82089614868164%
2023-03-02 11:12:50,424 - Epoch:61/200,Train Accuracy:50.82089614868164%
2023-03-02 11:12:50,498 - Epoch:62/200,Train Accuracy:50.82089614868164%
2023-03-02 11:12:50,573 - Epoch:63/200,Train Accuracy:50.82089614868164%
2023-03-02 11:12:50,648 - Epoch:64/200,Train Accuracy:50.82089614868164%
2023-03-02 11:12:50,720 - Epoch:65/200,Train Accuracy:50.82089614868164%
2023-03-02 11:12:50,792 - Epoch:66/200,Train Accuracy:50.82089614868164%
2023-03-02 11:12:50,863 - Epoch:67/200,Train Accuracy:50.82089614868164%
2023-03-02 11:12:50,935 - Epoch:68/200,Train Accuracy:50.82089614868164%
2023-03-02 11:12:51,009 - Epoch:69/200,Train Accuracy:50.82089614868164%
2023-03-02 11:12:51,083 - Epoch:70/200,Train Accuracy:50.82089614868164%
2023-03-02 11:12:51,157 - Epoch:71/200,Train Accuracy:50.82089614868164%
2023-03-02 11:12:51,231 - Epoch:72/200,Train Accuracy:50.82089614868164%
2023-03-02 11:12:51,305 - Epoch:73/200,Train Accuracy:50.82089614868164%
2023-03-02 11:12:51,377 - Epoch:74/200,Train Accuracy:50.82089614868164%
2023-03-02 11:12:51,452 - Epoch:75/200,Train Accuracy:50.82089614868164%
2023-03-02 11:12:51,526 - Epoch:76/200,Train Accuracy:50.82089614868164%
2023-03-02 11:12:51,599 - Epoch:77/200,Train Accuracy:50.82089614868164%
2023-03-02 11:12:51,673 - Epoch:78/200,Train Accuracy:50.82089614868164%
2023-03-02 11:12:51,746 - Epoch:79/200,Train Accuracy:50.82089614868164%
2023-03-02 11:12:51,819 - Epoch:80/200,Train Accuracy:50.82089614868164%
2023-03-02 11:12:51,892 - Epoch:81/200,Train Accuracy:50.82089614868164%
2023-03-02 11:12:51,966 - Epoch:82/200,Train Accuracy:50.82089614868164%
2023-03-02 11:12:52,040 - Epoch:83/200,Train Accuracy:50.82089614868164%
2023-03-02 11:12:52,113 - Epoch:84/200,Train Accuracy:50.82089614868164%
2023-03-02 11:12:52,186 - Epoch:85/200,Train Accuracy:50.82089614868164%
2023-03-02 11:12:52,259 - Epoch:86/200,Train Accuracy:50.82089614868164%
2023-03-02 11:12:52,332 - Epoch:87/200,Train Accuracy:50.82089614868164%
2023-03-02 11:12:52,406 - Epoch:88/200,Train Accuracy:50.82089614868164%
2023-03-02 11:12:52,479 - Epoch:89/200,Train Accuracy:50.82089614868164%
2023-03-02 11:12:52,552 - Epoch:90/200,Train Accuracy:50.82089614868164%
2023-03-02 11:12:52,626 - Epoch:91/200,Train Accuracy:50.82089614868164%
2023-03-02 11:12:52,698 - Epoch:92/200,Train Accuracy:50.82089614868164%
2023-03-02 11:12:52,770 - Epoch:93/200,Train Accuracy:50.82089614868164%
2023-03-02 11:12:52,842 - Epoch:94/200,Train Accuracy:50.82089614868164%
2023-03-02 11:12:52,913 - Epoch:95/200,Train Accuracy:50.82089614868164%
2023-03-02 11:12:52,986 - Epoch:96/200,Train Accuracy:50.82089614868164%
2023-03-02 11:12:53,058 - Epoch:97/200,Train Accuracy:50.82089614868164%
2023-03-02 11:12:53,129 - Epoch:98/200,Train Accuracy:50.82089614868164%
2023-03-02 11:12:53,201 - Epoch:99/200,Train Accuracy:50.82089614868164%
2023-03-02 11:12:53,273 - Epoch:100/200,Train Accuracy:50.82089614868164%
2023-03-02 11:12:53,345 - Epoch:101/200,Train Accuracy:50.82089614868164%
2023-03-02 11:12:53,416 - Epoch:102/200,Train Accuracy:50.82089614868164%
2023-03-02 11:12:53,488 - Epoch:103/200,Train Accuracy:50.82089614868164%
2023-03-02 11:12:53,560 - Epoch:104/200,Train Accuracy:50.82089614868164%
2023-03-02 11:12:53,638 - Epoch:105/200,Train Accuracy:50.82089614868164%
2023-03-02 11:12:53,719 - Epoch:106/200,Train Accuracy:50.82089614868164%
2023-03-02 11:12:53,805 - Epoch:107/200,Train Accuracy:50.82089614868164%
2023-03-02 11:12:53,885 - Epoch:108/200,Train Accuracy:50.82089614868164%
2023-03-02 11:12:53,965 - Epoch:109/200,Train Accuracy:50.82089614868164%
2023-03-02 11:12:54,037 - Epoch:110/200,Train Accuracy:50.82089614868164%
2023-03-02 11:12:54,109 - Epoch:111/200,Train Accuracy:50.82089614868164%
2023-03-02 11:12:54,180 - Epoch:112/200,Train Accuracy:50.82089614868164%
2023-03-02 11:12:54,252 - Epoch:113/200,Train Accuracy:50.82089614868164%
2023-03-02 11:12:54,323 - Epoch:114/200,Train Accuracy:50.82089614868164%
2023-03-02 11:12:54,394 - Epoch:115/200,Train Accuracy:50.82089614868164%
2023-03-02 11:12:54,466 - Epoch:116/200,Train Accuracy:50.82089614868164%
2023-03-02 11:12:54,537 - Epoch:117/200,Train Accuracy:50.82089614868164%
2023-03-02 11:12:54,609 - Epoch:118/200,Train Accuracy:50.82089614868164%
2023-03-02 11:12:54,681 - Epoch:119/200,Train Accuracy:50.82089614868164%
2023-03-02 11:12:54,753 - Epoch:120/200,Train Accuracy:50.82089614868164%
2023-03-02 11:12:54,825 - Epoch:121/200,Train Accuracy:50.82089614868164%
2023-03-02 11:12:54,896 - Epoch:122/200,Train Accuracy:50.82089614868164%
2023-03-02 11:12:54,968 - Epoch:123/200,Train Accuracy:50.82089614868164%
2023-03-02 11:12:55,039 - Epoch:124/200,Train Accuracy:50.82089614868164%
2023-03-02 11:12:55,111 - Epoch:125/200,Train Accuracy:50.82089614868164%
2023-03-02 11:12:55,182 - Epoch:126/200,Train Accuracy:50.82089614868164%
2023-03-02 11:12:55,253 - Epoch:127/200,Train Accuracy:50.82089614868164%
2023-03-02 11:12:55,325 - Epoch:128/200,Train Accuracy:50.82089614868164%
2023-03-02 11:12:55,396 - Epoch:129/200,Train Accuracy:50.82089614868164%
2023-03-02 11:12:55,468 - Epoch:130/200,Train Accuracy:50.82089614868164%
2023-03-02 11:12:55,539 - Epoch:131/200,Train Accuracy:50.82089614868164%
2023-03-02 11:12:55,611 - Epoch:132/200,Train Accuracy:50.82089614868164%
2023-03-02 11:12:55,684 - Epoch:133/200,Train Accuracy:50.82089614868164%
2023-03-02 11:12:55,755 - Epoch:134/200,Train Accuracy:50.82089614868164%
2023-03-02 11:12:55,827 - Epoch:135/200,Train Accuracy:50.82089614868164%
2023-03-02 11:12:55,899 - Epoch:136/200,Train Accuracy:50.82089614868164%
2023-03-02 11:12:55,973 - Epoch:137/200,Train Accuracy:50.82089614868164%
2023-03-02 11:12:56,063 - Epoch:138/200,Train Accuracy:50.82089614868164%
2023-03-02 11:12:56,147 - Epoch:139/200,Train Accuracy:50.82089614868164%
2023-03-02 11:12:56,229 - Epoch:140/200,Train Accuracy:50.82089614868164%
2023-03-02 11:12:56,309 - Epoch:141/200,Train Accuracy:50.82089614868164%
2023-03-02 11:12:56,387 - Epoch:142/200,Train Accuracy:50.82089614868164%
2023-03-02 11:12:56,466 - Epoch:143/200,Train Accuracy:50.82089614868164%
2023-03-02 11:12:56,545 - Epoch:144/200,Train Accuracy:50.82089614868164%
2023-03-02 11:12:56,625 - Epoch:145/200,Train Accuracy:50.82089614868164%
2023-03-02 11:12:56,696 - Epoch:146/200,Train Accuracy:50.82089614868164%
2023-03-02 11:12:56,768 - Epoch:147/200,Train Accuracy:50.82089614868164%
2023-03-02 11:12:56,839 - Epoch:148/200,Train Accuracy:50.82089614868164%
2023-03-02 11:12:56,910 - Epoch:149/200,Train Accuracy:50.82089614868164%
2023-03-02 11:12:56,982 - Epoch:150/200,Train Accuracy:50.82089614868164%
2023-03-02 11:12:57,055 - Epoch:151/200,Train Accuracy:50.82089614868164%
2023-03-02 11:12:57,134 - Epoch:152/200,Train Accuracy:50.82089614868164%
2023-03-02 11:12:57,216 - Epoch:153/200,Train Accuracy:50.82089614868164%
2023-03-02 11:12:57,297 - Epoch:154/200,Train Accuracy:50.82089614868164%
2023-03-02 11:12:57,379 - Epoch:155/200,Train Accuracy:50.82089614868164%
2023-03-02 11:12:57,460 - Epoch:156/200,Train Accuracy:50.82089614868164%
2023-03-02 11:12:57,541 - Epoch:157/200,Train Accuracy:50.82089614868164%
2023-03-02 11:12:57,631 - Epoch:158/200,Train Accuracy:50.82089614868164%
2023-03-02 11:12:57,745 - Epoch:159/200,Train Accuracy:50.82089614868164%
2023-03-02 11:12:57,858 - Epoch:160/200,Train Accuracy:50.82089614868164%
2023-03-02 11:12:57,949 - Epoch:161/200,Train Accuracy:50.82089614868164%
2023-03-02 11:12:58,032 - Epoch:162/200,Train Accuracy:50.82089614868164%
2023-03-02 11:12:58,108 - Epoch:163/200,Train Accuracy:50.82089614868164%
2023-03-02 11:12:58,179 - Epoch:164/200,Train Accuracy:50.82089614868164%
2023-03-02 11:12:58,251 - Epoch:165/200,Train Accuracy:50.82089614868164%
2023-03-02 11:12:58,323 - Epoch:166/200,Train Accuracy:50.82089614868164%
2023-03-02 11:12:58,395 - Epoch:167/200,Train Accuracy:50.82089614868164%
2023-03-02 11:12:58,467 - Epoch:168/200,Train Accuracy:50.82089614868164%
2023-03-02 11:12:58,539 - Epoch:169/200,Train Accuracy:50.82089614868164%
2023-03-02 11:12:58,610 - Epoch:170/200,Train Accuracy:50.82089614868164%
2023-03-02 11:12:58,683 - Epoch:171/200,Train Accuracy:50.82089614868164%
2023-03-02 11:12:58,754 - Epoch:172/200,Train Accuracy:50.82089614868164%
2023-03-02 11:12:58,826 - Epoch:173/200,Train Accuracy:50.82089614868164%
2023-03-02 11:12:58,897 - Epoch:174/200,Train Accuracy:50.82089614868164%
2023-03-02 11:12:58,968 - Epoch:175/200,Train Accuracy:50.82089614868164%
2023-03-02 11:12:59,040 - Epoch:176/200,Train Accuracy:50.82089614868164%
2023-03-02 11:12:59,111 - Epoch:177/200,Train Accuracy:50.82089614868164%
2023-03-02 11:12:59,183 - Epoch:178/200,Train Accuracy:50.82089614868164%
2023-03-02 11:12:59,254 - Epoch:179/200,Train Accuracy:50.82089614868164%
2023-03-02 11:12:59,328 - Epoch:180/200,Train Accuracy:50.82089614868164%
2023-03-02 11:12:59,403 - Epoch:181/200,Train Accuracy:50.82089614868164%
2023-03-02 11:12:59,478 - Epoch:182/200,Train Accuracy:50.82089614868164%
2023-03-02 11:12:59,550 - Epoch:183/200,Train Accuracy:50.82089614868164%
2023-03-02 11:12:59,623 - Epoch:184/200,Train Accuracy:50.82089614868164%
2023-03-02 11:12:59,695 - Epoch:185/200,Train Accuracy:50.82089614868164%
2023-03-02 11:12:59,766 - Epoch:186/200,Train Accuracy:50.82089614868164%
2023-03-02 11:12:59,838 - Epoch:187/200,Train Accuracy:50.82089614868164%
2023-03-02 11:12:59,910 - Epoch:188/200,Train Accuracy:50.82089614868164%
2023-03-02 11:12:59,982 - Epoch:189/200,Train Accuracy:50.82089614868164%
2023-03-02 11:13:00,054 - Epoch:190/200,Train Accuracy:50.82089614868164%
2023-03-02 11:13:00,126 - Epoch:191/200,Train Accuracy:50.82089614868164%
2023-03-02 11:13:00,198 - Epoch:192/200,Train Accuracy:50.82089614868164%
2023-03-02 11:13:00,270 - Epoch:193/200,Train Accuracy:50.82089614868164%
2023-03-02 11:13:00,342 - Epoch:194/200,Train Accuracy:50.82089614868164%
2023-03-02 11:13:00,413 - Epoch:195/200,Train Accuracy:50.82089614868164%
2023-03-02 11:13:00,485 - Epoch:196/200,Train Accuracy:50.82089614868164%
2023-03-02 11:13:00,557 - Epoch:197/200,Train Accuracy:50.82089614868164%
2023-03-02 11:13:00,631 - Epoch:198/200,Train Accuracy:50.82089614868164%
2023-03-02 11:13:00,702 - Epoch:199/200,Train Accuracy:50.82089614868164%
2023-03-02 11:13:00,924 - 
Test set: Avg. loss: 0.0347, Accuracy: 319/660 (48.33%)

2023-03-02 11:13:00,927 - fpr:[0. 1.],tpr:[0. 1.],threshold:[1 0],auc:0.5
2023-03-02 11:13:00,927 - This is for user12
2023-03-02 11:13:01,203 - Epoch:0/200,Train Accuracy:50.82089614868164%
2023-03-02 11:13:01,275 - Epoch:1/200,Train Accuracy:50.82089614868164%
2023-03-02 11:13:01,350 - Epoch:2/200,Train Accuracy:50.82089614868164%
2023-03-02 11:13:01,431 - Epoch:3/200,Train Accuracy:50.82089614868164%
2023-03-02 11:13:01,509 - Epoch:4/200,Train Accuracy:50.82089614868164%
2023-03-02 11:13:01,587 - Epoch:5/200,Train Accuracy:50.82089614868164%
2023-03-02 11:13:01,666 - Epoch:6/200,Train Accuracy:50.82089614868164%
2023-03-02 11:13:01,740 - Epoch:7/200,Train Accuracy:50.82089614868164%
2023-03-02 11:13:01,812 - Epoch:8/200,Train Accuracy:50.82089614868164%
2023-03-02 11:13:01,884 - Epoch:9/200,Train Accuracy:50.82089614868164%
2023-03-02 11:13:01,956 - Epoch:10/200,Train Accuracy:50.82089614868164%
2023-03-02 11:13:02,028 - Epoch:11/200,Train Accuracy:50.82089614868164%
2023-03-02 11:13:02,100 - Epoch:12/200,Train Accuracy:50.82089614868164%
2023-03-02 11:13:02,172 - Epoch:13/200,Train Accuracy:50.82089614868164%
2023-03-02 11:13:02,243 - Epoch:14/200,Train Accuracy:50.82089614868164%
2023-03-02 11:13:02,315 - Epoch:15/200,Train Accuracy:50.82089614868164%
2023-03-02 11:13:02,387 - Epoch:16/200,Train Accuracy:50.82089614868164%
2023-03-02 11:13:02,459 - Epoch:17/200,Train Accuracy:50.82089614868164%
2023-03-02 11:13:02,531 - Epoch:18/200,Train Accuracy:50.82089614868164%
2023-03-02 11:13:02,602 - Epoch:19/200,Train Accuracy:50.82089614868164%
2023-03-02 11:13:02,675 - Epoch:20/200,Train Accuracy:50.82089614868164%
2023-03-02 11:13:02,747 - Epoch:21/200,Train Accuracy:50.82089614868164%
2023-03-02 11:13:02,819 - Epoch:22/200,Train Accuracy:50.82089614868164%
2023-03-02 11:13:02,891 - Epoch:23/200,Train Accuracy:50.82089614868164%
2023-03-02 11:13:02,962 - Epoch:24/200,Train Accuracy:50.82089614868164%
2023-03-02 11:13:03,035 - Epoch:25/200,Train Accuracy:50.82089614868164%
2023-03-02 11:13:03,107 - Epoch:26/200,Train Accuracy:50.82089614868164%
2023-03-02 11:13:03,178 - Epoch:27/200,Train Accuracy:50.82089614868164%
2023-03-02 11:13:03,250 - Epoch:28/200,Train Accuracy:50.82089614868164%
2023-03-02 11:13:03,322 - Epoch:29/200,Train Accuracy:50.82089614868164%
2023-03-02 11:13:03,394 - Epoch:30/200,Train Accuracy:50.82089614868164%
2023-03-02 11:13:03,466 - Epoch:31/200,Train Accuracy:50.82089614868164%
2023-03-02 11:13:03,537 - Epoch:32/200,Train Accuracy:50.82089614868164%
2023-03-02 11:13:03,609 - Epoch:33/200,Train Accuracy:50.82089614868164%
2023-03-02 11:13:03,682 - Epoch:34/200,Train Accuracy:50.82089614868164%
2023-03-02 11:13:03,754 - Epoch:35/200,Train Accuracy:50.82089614868164%
2023-03-02 11:13:03,826 - Epoch:36/200,Train Accuracy:50.82089614868164%
2023-03-02 11:13:03,898 - Epoch:37/200,Train Accuracy:50.82089614868164%
2023-03-02 11:13:03,970 - Epoch:38/200,Train Accuracy:50.82089614868164%
2023-03-02 11:13:04,042 - Epoch:39/200,Train Accuracy:50.82089614868164%
2023-03-02 11:13:04,114 - Epoch:40/200,Train Accuracy:50.82089614868164%
2023-03-02 11:13:04,186 - Epoch:41/200,Train Accuracy:50.82089614868164%
2023-03-02 11:13:04,258 - Epoch:42/200,Train Accuracy:50.82089614868164%
2023-03-02 11:13:04,338 - Epoch:43/200,Train Accuracy:50.82089614868164%
2023-03-02 11:13:04,423 - Epoch:44/200,Train Accuracy:50.82089614868164%
2023-03-02 11:13:04,502 - Epoch:45/200,Train Accuracy:50.82089614868164%
2023-03-02 11:13:04,583 - Epoch:46/200,Train Accuracy:50.82089614868164%
2023-03-02 11:13:04,663 - Epoch:47/200,Train Accuracy:50.82089614868164%
2023-03-02 11:13:04,738 - Epoch:48/200,Train Accuracy:50.82089614868164%
2023-03-02 11:13:04,815 - Epoch:49/200,Train Accuracy:50.82089614868164%
2023-03-02 11:13:04,891 - Epoch:50/200,Train Accuracy:50.82089614868164%
2023-03-02 11:13:04,966 - Epoch:51/200,Train Accuracy:50.82089614868164%
2023-03-02 11:13:05,042 - Epoch:52/200,Train Accuracy:50.82089614868164%
2023-03-02 11:13:05,115 - Epoch:53/200,Train Accuracy:50.82089614868164%
2023-03-02 11:13:05,187 - Epoch:54/200,Train Accuracy:50.82089614868164%
2023-03-02 11:13:05,259 - Epoch:55/200,Train Accuracy:50.82089614868164%
2023-03-02 11:13:05,331 - Epoch:56/200,Train Accuracy:50.82089614868164%
2023-03-02 11:13:05,404 - Epoch:57/200,Train Accuracy:50.82089614868164%
2023-03-02 11:13:05,476 - Epoch:58/200,Train Accuracy:50.82089614868164%
2023-03-02 11:13:05,548 - Epoch:59/200,Train Accuracy:50.82089614868164%
2023-03-02 11:13:05,621 - Epoch:60/200,Train Accuracy:50.82089614868164%
2023-03-02 11:13:05,694 - Epoch:61/200,Train Accuracy:50.82089614868164%
2023-03-02 11:13:05,767 - Epoch:62/200,Train Accuracy:50.82089614868164%
2023-03-02 11:13:05,839 - Epoch:63/200,Train Accuracy:50.82089614868164%
2023-03-02 11:13:05,911 - Epoch:64/200,Train Accuracy:50.82089614868164%
2023-03-02 11:13:05,984 - Epoch:65/200,Train Accuracy:50.82089614868164%
2023-03-02 11:13:06,056 - Epoch:66/200,Train Accuracy:50.82089614868164%
2023-03-02 11:13:06,128 - Epoch:67/200,Train Accuracy:50.82089614868164%
2023-03-02 11:13:06,201 - Epoch:68/200,Train Accuracy:50.82089614868164%
2023-03-02 11:13:06,273 - Epoch:69/200,Train Accuracy:50.82089614868164%
2023-03-02 11:13:06,345 - Epoch:70/200,Train Accuracy:50.82089614868164%
2023-03-02 11:13:06,418 - Epoch:71/200,Train Accuracy:50.82089614868164%
2023-03-02 11:13:06,493 - Epoch:72/200,Train Accuracy:50.82089614868164%
2023-03-02 11:13:06,566 - Epoch:73/200,Train Accuracy:50.82089614868164%
2023-03-02 11:13:06,639 - Epoch:74/200,Train Accuracy:50.82089614868164%
2023-03-02 11:13:06,711 - Epoch:75/200,Train Accuracy:50.82089614868164%
2023-03-02 11:13:06,783 - Epoch:76/200,Train Accuracy:50.82089614868164%
2023-03-02 11:13:06,855 - Epoch:77/200,Train Accuracy:50.82089614868164%
2023-03-02 11:13:06,928 - Epoch:78/200,Train Accuracy:50.82089614868164%
2023-03-02 11:13:06,999 - Epoch:79/200,Train Accuracy:50.82089614868164%
2023-03-02 11:13:07,072 - Epoch:80/200,Train Accuracy:50.82089614868164%
2023-03-02 11:13:07,144 - Epoch:81/200,Train Accuracy:50.82089614868164%
2023-03-02 11:13:07,217 - Epoch:82/200,Train Accuracy:50.82089614868164%
2023-03-02 11:13:07,289 - Epoch:83/200,Train Accuracy:50.82089614868164%
2023-03-02 11:13:07,364 - Epoch:84/200,Train Accuracy:50.82089614868164%
2023-03-02 11:13:07,436 - Epoch:85/200,Train Accuracy:50.82089614868164%
2023-03-02 11:13:07,509 - Epoch:86/200,Train Accuracy:50.82089614868164%
2023-03-02 11:13:07,581 - Epoch:87/200,Train Accuracy:50.82089614868164%
2023-03-02 11:13:07,654 - Epoch:88/200,Train Accuracy:50.82089614868164%
2023-03-02 11:13:07,726 - Epoch:89/200,Train Accuracy:50.82089614868164%
2023-03-02 11:13:07,798 - Epoch:90/200,Train Accuracy:50.82089614868164%
2023-03-02 11:13:07,871 - Epoch:91/200,Train Accuracy:50.82089614868164%
2023-03-02 11:13:07,943 - Epoch:92/200,Train Accuracy:50.82089614868164%
2023-03-02 11:13:08,015 - Epoch:93/200,Train Accuracy:50.82089614868164%
2023-03-02 11:13:08,088 - Epoch:94/200,Train Accuracy:50.82089614868164%
2023-03-02 11:13:08,160 - Epoch:95/200,Train Accuracy:50.82089614868164%
2023-03-02 11:13:08,232 - Epoch:96/200,Train Accuracy:50.82089614868164%
2023-03-02 11:13:08,309 - Epoch:97/200,Train Accuracy:50.82089614868164%
2023-03-02 11:13:08,383 - Epoch:98/200,Train Accuracy:50.82089614868164%
2023-03-02 11:13:08,459 - Epoch:99/200,Train Accuracy:50.82089614868164%
2023-03-02 11:13:08,533 - Epoch:100/200,Train Accuracy:50.82089614868164%
2023-03-02 11:13:08,607 - Epoch:101/200,Train Accuracy:50.82089614868164%
2023-03-02 11:13:08,682 - Epoch:102/200,Train Accuracy:50.82089614868164%
2023-03-02 11:13:08,757 - Epoch:103/200,Train Accuracy:50.82089614868164%
2023-03-02 11:13:08,833 - Epoch:104/200,Train Accuracy:50.82089614868164%
2023-03-02 11:13:08,906 - Epoch:105/200,Train Accuracy:50.82089614868164%
2023-03-02 11:13:08,980 - Epoch:106/200,Train Accuracy:50.82089614868164%
2023-03-02 11:13:09,054 - Epoch:107/200,Train Accuracy:50.82089614868164%
2023-03-02 11:13:09,127 - Epoch:108/200,Train Accuracy:50.82089614868164%
2023-03-02 11:13:09,202 - Epoch:109/200,Train Accuracy:50.82089614868164%
2023-03-02 11:13:09,277 - Epoch:110/200,Train Accuracy:50.82089614868164%
2023-03-02 11:13:09,351 - Epoch:111/200,Train Accuracy:50.82089614868164%
2023-03-02 11:13:09,427 - Epoch:112/200,Train Accuracy:50.82089614868164%
2023-03-02 11:13:09,501 - Epoch:113/200,Train Accuracy:50.82089614868164%
2023-03-02 11:13:09,576 - Epoch:114/200,Train Accuracy:50.82089614868164%
2023-03-02 11:13:09,649 - Epoch:115/200,Train Accuracy:50.82089614868164%
2023-03-02 11:13:09,724 - Epoch:116/200,Train Accuracy:50.82089614868164%
2023-03-02 11:13:09,800 - Epoch:117/200,Train Accuracy:50.82089614868164%
2023-03-02 11:13:09,874 - Epoch:118/200,Train Accuracy:50.82089614868164%
2023-03-02 11:13:09,948 - Epoch:119/200,Train Accuracy:50.82089614868164%
2023-03-02 11:13:10,021 - Epoch:120/200,Train Accuracy:50.82089614868164%
2023-03-02 11:13:10,094 - Epoch:121/200,Train Accuracy:50.82089614868164%
2023-03-02 11:13:10,167 - Epoch:122/200,Train Accuracy:50.82089614868164%
2023-03-02 11:13:10,241 - Epoch:123/200,Train Accuracy:50.82089614868164%
2023-03-02 11:13:10,316 - Epoch:124/200,Train Accuracy:50.82089614868164%
2023-03-02 11:13:10,391 - Epoch:125/200,Train Accuracy:50.82089614868164%
2023-03-02 11:13:10,465 - Epoch:126/200,Train Accuracy:50.82089614868164%
2023-03-02 11:13:10,540 - Epoch:127/200,Train Accuracy:50.82089614868164%
2023-03-02 11:13:10,614 - Epoch:128/200,Train Accuracy:50.82089614868164%
2023-03-02 11:13:10,686 - Epoch:129/200,Train Accuracy:50.82089614868164%
2023-03-02 11:13:10,761 - Epoch:130/200,Train Accuracy:50.82089614868164%
2023-03-02 11:13:10,835 - Epoch:131/200,Train Accuracy:50.82089614868164%
2023-03-02 11:13:10,909 - Epoch:132/200,Train Accuracy:50.82089614868164%
2023-03-02 11:13:10,984 - Epoch:133/200,Train Accuracy:50.82089614868164%
2023-03-02 11:13:11,058 - Epoch:134/200,Train Accuracy:50.82089614868164%
2023-03-02 11:13:11,131 - Epoch:135/200,Train Accuracy:50.82089614868164%
2023-03-02 11:13:11,205 - Epoch:136/200,Train Accuracy:50.82089614868164%
2023-03-02 11:13:11,278 - Epoch:137/200,Train Accuracy:50.82089614868164%
2023-03-02 11:13:11,350 - Epoch:138/200,Train Accuracy:50.82089614868164%
2023-03-02 11:13:11,423 - Epoch:139/200,Train Accuracy:50.82089614868164%
2023-03-02 11:13:11,495 - Epoch:140/200,Train Accuracy:50.82089614868164%
2023-03-02 11:13:11,567 - Epoch:141/200,Train Accuracy:50.82089614868164%
2023-03-02 11:13:11,641 - Epoch:142/200,Train Accuracy:50.82089614868164%
2023-03-02 11:13:11,714 - Epoch:143/200,Train Accuracy:50.82089614868164%
2023-03-02 11:13:11,786 - Epoch:144/200,Train Accuracy:50.82089614868164%
2023-03-02 11:13:11,859 - Epoch:145/200,Train Accuracy:50.82089614868164%
2023-03-02 11:13:11,931 - Epoch:146/200,Train Accuracy:50.82089614868164%
2023-03-02 11:13:12,002 - Epoch:147/200,Train Accuracy:50.82089614868164%
2023-03-02 11:13:12,074 - Epoch:148/200,Train Accuracy:50.82089614868164%
2023-03-02 11:13:12,147 - Epoch:149/200,Train Accuracy:50.82089614868164%
2023-03-02 11:13:12,219 - Epoch:150/200,Train Accuracy:50.82089614868164%
2023-03-02 11:13:12,292 - Epoch:151/200,Train Accuracy:50.82089614868164%
2023-03-02 11:13:12,363 - Epoch:152/200,Train Accuracy:50.82089614868164%
2023-03-02 11:13:12,435 - Epoch:153/200,Train Accuracy:50.82089614868164%
2023-03-02 11:13:12,506 - Epoch:154/200,Train Accuracy:50.82089614868164%
2023-03-02 11:13:12,578 - Epoch:155/200,Train Accuracy:50.82089614868164%
2023-03-02 11:13:12,651 - Epoch:156/200,Train Accuracy:50.82089614868164%
2023-03-02 11:13:12,723 - Epoch:157/200,Train Accuracy:50.82089614868164%
2023-03-02 11:13:12,795 - Epoch:158/200,Train Accuracy:50.82089614868164%
2023-03-02 11:13:12,867 - Epoch:159/200,Train Accuracy:50.82089614868164%
2023-03-02 11:13:12,938 - Epoch:160/200,Train Accuracy:50.82089614868164%
2023-03-02 11:13:13,010 - Epoch:161/200,Train Accuracy:50.82089614868164%
2023-03-02 11:13:13,089 - Epoch:162/200,Train Accuracy:50.82089614868164%
2023-03-02 11:13:13,175 - Epoch:163/200,Train Accuracy:50.82089614868164%
2023-03-02 11:13:13,258 - Epoch:164/200,Train Accuracy:50.82089614868164%
2023-03-02 11:13:13,342 - Epoch:165/200,Train Accuracy:50.82089614868164%
2023-03-02 11:13:13,424 - Epoch:166/200,Train Accuracy:50.82089614868164%
2023-03-02 11:13:13,509 - Epoch:167/200,Train Accuracy:50.82089614868164%
2023-03-02 11:13:13,590 - Epoch:168/200,Train Accuracy:50.82089614868164%
2023-03-02 11:13:13,676 - Epoch:169/200,Train Accuracy:50.82089614868164%
2023-03-02 11:13:13,761 - Epoch:170/200,Train Accuracy:50.82089614868164%
2023-03-02 11:13:13,854 - Epoch:171/200,Train Accuracy:50.82089614868164%
2023-03-02 11:13:13,938 - Epoch:172/200,Train Accuracy:50.82089614868164%
2023-03-02 11:13:14,018 - Epoch:173/200,Train Accuracy:50.82089614868164%
2023-03-02 11:13:14,090 - Epoch:174/200,Train Accuracy:50.82089614868164%
2023-03-02 11:13:14,161 - Epoch:175/200,Train Accuracy:50.82089614868164%
2023-03-02 11:13:14,233 - Epoch:176/200,Train Accuracy:50.82089614868164%
2023-03-02 11:13:14,305 - Epoch:177/200,Train Accuracy:50.82089614868164%
2023-03-02 11:13:14,377 - Epoch:178/200,Train Accuracy:50.82089614868164%
2023-03-02 11:13:14,449 - Epoch:179/200,Train Accuracy:50.82089614868164%
2023-03-02 11:13:14,521 - Epoch:180/200,Train Accuracy:50.82089614868164%
2023-03-02 11:13:14,593 - Epoch:181/200,Train Accuracy:50.82089614868164%
2023-03-02 11:13:14,666 - Epoch:182/200,Train Accuracy:50.82089614868164%
2023-03-02 11:13:14,738 - Epoch:183/200,Train Accuracy:50.82089614868164%
2023-03-02 11:13:14,810 - Epoch:184/200,Train Accuracy:50.82089614868164%
2023-03-02 11:13:14,881 - Epoch:185/200,Train Accuracy:50.82089614868164%
2023-03-02 11:13:14,953 - Epoch:186/200,Train Accuracy:50.82089614868164%
2023-03-02 11:13:15,026 - Epoch:187/200,Train Accuracy:50.82089614868164%
2023-03-02 11:13:15,113 - Epoch:188/200,Train Accuracy:50.82089614868164%
2023-03-02 11:13:15,200 - Epoch:189/200,Train Accuracy:50.82089614868164%
2023-03-02 11:13:15,287 - Epoch:190/200,Train Accuracy:50.82089614868164%
2023-03-02 11:13:15,375 - Epoch:191/200,Train Accuracy:50.82089614868164%
2023-03-02 11:13:15,462 - Epoch:192/200,Train Accuracy:50.82089614868164%
2023-03-02 11:13:15,546 - Epoch:193/200,Train Accuracy:50.82089614868164%
2023-03-02 11:13:15,632 - Epoch:194/200,Train Accuracy:50.82089614868164%
2023-03-02 11:13:15,720 - Epoch:195/200,Train Accuracy:50.82089614868164%
2023-03-02 11:13:15,815 - Epoch:196/200,Train Accuracy:50.82089614868164%
2023-03-02 11:13:15,927 - Epoch:197/200,Train Accuracy:50.82089614868164%
2023-03-02 11:13:16,003 - Epoch:198/200,Train Accuracy:50.82089614868164%
2023-03-02 11:13:16,076 - Epoch:199/200,Train Accuracy:50.82089614868164%
2023-03-02 11:13:16,296 - 
Test set: Avg. loss: 0.0347, Accuracy: 319/660 (48.33%)

2023-03-02 11:13:16,299 - fpr:[0. 1.],tpr:[0. 1.],threshold:[1 0],auc:0.5
2023-03-02 11:13:16,299 - This is for user15
2023-03-02 11:13:16,572 - Epoch:0/200,Train Accuracy:50.82089614868164%
2023-03-02 11:13:16,645 - Epoch:1/200,Train Accuracy:50.82089614868164%
2023-03-02 11:13:16,716 - Epoch:2/200,Train Accuracy:50.82089614868164%
2023-03-02 11:13:16,788 - Epoch:3/200,Train Accuracy:50.82089614868164%
2023-03-02 11:13:16,860 - Epoch:4/200,Train Accuracy:50.82089614868164%
2023-03-02 11:13:16,931 - Epoch:5/200,Train Accuracy:50.82089614868164%
2023-03-02 11:13:17,003 - Epoch:6/200,Train Accuracy:50.82089614868164%
2023-03-02 11:13:17,075 - Epoch:7/200,Train Accuracy:50.82089614868164%
2023-03-02 11:13:17,146 - Epoch:8/200,Train Accuracy:50.82089614868164%
2023-03-02 11:13:17,218 - Epoch:9/200,Train Accuracy:50.82089614868164%
2023-03-02 11:13:17,290 - Epoch:10/200,Train Accuracy:50.82089614868164%
2023-03-02 11:13:17,366 - Epoch:11/200,Train Accuracy:50.82089614868164%
2023-03-02 11:13:17,439 - Epoch:12/200,Train Accuracy:50.82089614868164%
2023-03-02 11:13:17,510 - Epoch:13/200,Train Accuracy:50.82089614868164%
2023-03-02 11:13:17,582 - Epoch:14/200,Train Accuracy:50.82089614868164%
2023-03-02 11:13:17,675 - Epoch:15/200,Train Accuracy:50.82089614868164%
2023-03-02 11:13:17,778 - Epoch:16/200,Train Accuracy:50.82089614868164%
2023-03-02 11:13:17,849 - Epoch:17/200,Train Accuracy:50.82089614868164%
2023-03-02 11:13:17,943 - Epoch:18/200,Train Accuracy:50.82089614868164%
2023-03-02 11:13:18,045 - Epoch:19/200,Train Accuracy:50.82089614868164%
2023-03-02 11:13:18,116 - Epoch:20/200,Train Accuracy:50.82089614868164%
2023-03-02 11:13:18,188 - Epoch:21/200,Train Accuracy:50.82089614868164%
2023-03-02 11:13:18,259 - Epoch:22/200,Train Accuracy:50.82089614868164%
2023-03-02 11:13:18,349 - Epoch:23/200,Train Accuracy:50.82089614868164%
2023-03-02 11:13:18,453 - Epoch:24/200,Train Accuracy:50.82089614868164%
2023-03-02 11:13:18,528 - Epoch:25/200,Train Accuracy:50.82089614868164%
2023-03-02 11:13:18,599 - Epoch:26/200,Train Accuracy:50.82089614868164%
2023-03-02 11:13:18,672 - Epoch:27/200,Train Accuracy:50.82089614868164%
2023-03-02 11:13:18,744 - Epoch:28/200,Train Accuracy:50.82089614868164%
2023-03-02 11:13:18,826 - Epoch:29/200,Train Accuracy:50.82089614868164%
2023-03-02 11:13:18,930 - Epoch:30/200,Train Accuracy:50.82089614868164%
2023-03-02 11:13:19,018 - Epoch:31/200,Train Accuracy:50.82089614868164%
2023-03-02 11:13:19,104 - Epoch:32/200,Train Accuracy:50.82089614868164%
2023-03-02 11:13:19,191 - Epoch:33/200,Train Accuracy:50.82089614868164%
2023-03-02 11:13:19,279 - Epoch:34/200,Train Accuracy:50.82089614868164%
2023-03-02 11:13:19,366 - Epoch:35/200,Train Accuracy:50.82089614868164%
2023-03-02 11:13:19,452 - Epoch:36/200,Train Accuracy:50.82089614868164%
2023-03-02 11:13:19,538 - Epoch:37/200,Train Accuracy:50.82089614868164%
2023-03-02 11:13:19,623 - Epoch:38/200,Train Accuracy:50.82089614868164%
2023-03-02 11:13:19,709 - Epoch:39/200,Train Accuracy:50.82089614868164%
2023-03-02 11:13:19,795 - Epoch:40/200,Train Accuracy:50.82089614868164%
2023-03-02 11:13:19,882 - Epoch:41/200,Train Accuracy:50.82089614868164%
2023-03-02 11:13:19,972 - Epoch:42/200,Train Accuracy:50.82089614868164%
2023-03-02 11:13:20,059 - Epoch:43/200,Train Accuracy:50.82089614868164%
2023-03-02 11:13:20,144 - Epoch:44/200,Train Accuracy:50.82089614868164%
2023-03-02 11:13:20,240 - Epoch:45/200,Train Accuracy:50.82089614868164%
2023-03-02 11:13:20,337 - Epoch:46/200,Train Accuracy:50.82089614868164%
2023-03-02 11:13:20,409 - Epoch:47/200,Train Accuracy:50.82089614868164%
2023-03-02 11:13:20,481 - Epoch:48/200,Train Accuracy:50.82089614868164%
2023-03-02 11:13:20,552 - Epoch:49/200,Train Accuracy:50.82089614868164%
2023-03-02 11:13:20,626 - Epoch:50/200,Train Accuracy:50.82089614868164%
2023-03-02 11:13:20,697 - Epoch:51/200,Train Accuracy:50.82089614868164%
2023-03-02 11:13:20,780 - Epoch:52/200,Train Accuracy:50.82089614868164%
2023-03-02 11:13:20,884 - Epoch:53/200,Train Accuracy:50.82089614868164%
2023-03-02 11:13:20,966 - Epoch:54/200,Train Accuracy:50.82089614868164%
2023-03-02 11:13:21,041 - Epoch:55/200,Train Accuracy:50.82089614868164%
2023-03-02 11:13:21,116 - Epoch:56/200,Train Accuracy:50.82089614868164%
2023-03-02 11:13:21,191 - Epoch:57/200,Train Accuracy:50.82089614868164%
2023-03-02 11:13:21,265 - Epoch:58/200,Train Accuracy:50.82089614868164%
2023-03-02 11:13:21,340 - Epoch:59/200,Train Accuracy:50.82089614868164%
2023-03-02 11:13:21,414 - Epoch:60/200,Train Accuracy:50.82089614868164%
2023-03-02 11:13:21,486 - Epoch:61/200,Train Accuracy:50.82089614868164%
2023-03-02 11:13:21,558 - Epoch:62/200,Train Accuracy:50.82089614868164%
2023-03-02 11:13:21,631 - Epoch:63/200,Train Accuracy:50.82089614868164%
2023-03-02 11:13:21,713 - Epoch:64/200,Train Accuracy:50.82089614868164%
2023-03-02 11:13:21,815 - Epoch:65/200,Train Accuracy:50.82089614868164%
2023-03-02 11:13:21,892 - Epoch:66/200,Train Accuracy:50.82089614868164%
2023-03-02 11:13:21,964 - Epoch:67/200,Train Accuracy:50.82089614868164%
2023-03-02 11:13:22,040 - Epoch:68/200,Train Accuracy:50.82089614868164%
2023-03-02 11:13:22,144 - Epoch:69/200,Train Accuracy:50.82089614868164%
2023-03-02 11:13:22,233 - Epoch:70/200,Train Accuracy:50.82089614868164%
2023-03-02 11:13:22,304 - Epoch:71/200,Train Accuracy:50.82089614868164%
2023-03-02 11:13:22,376 - Epoch:72/200,Train Accuracy:50.82089614868164%
2023-03-02 11:13:22,448 - Epoch:73/200,Train Accuracy:50.82089614868164%
2023-03-02 11:13:22,552 - Epoch:74/200,Train Accuracy:50.82089614868164%
2023-03-02 11:13:22,646 - Epoch:75/200,Train Accuracy:50.82089614868164%
2023-03-02 11:13:22,717 - Epoch:76/200,Train Accuracy:50.82089614868164%
2023-03-02 11:13:22,789 - Epoch:77/200,Train Accuracy:50.82089614868164%
2023-03-02 11:13:22,861 - Epoch:78/200,Train Accuracy:50.82089614868164%
2023-03-02 11:13:22,933 - Epoch:79/200,Train Accuracy:50.82089614868164%
2023-03-02 11:13:23,007 - Epoch:80/200,Train Accuracy:50.82089614868164%
2023-03-02 11:13:23,079 - Epoch:81/200,Train Accuracy:50.82089614868164%
2023-03-02 11:13:23,152 - Epoch:82/200,Train Accuracy:50.82089614868164%
2023-03-02 11:13:23,227 - Epoch:83/200,Train Accuracy:50.82089614868164%
2023-03-02 11:13:23,298 - Epoch:84/200,Train Accuracy:50.82089614868164%
2023-03-02 11:13:23,370 - Epoch:85/200,Train Accuracy:50.82089614868164%
2023-03-02 11:13:23,442 - Epoch:86/200,Train Accuracy:50.82089614868164%
2023-03-02 11:13:23,514 - Epoch:87/200,Train Accuracy:50.82089614868164%
2023-03-02 11:13:23,585 - Epoch:88/200,Train Accuracy:50.82089614868164%
2023-03-02 11:13:23,656 - Epoch:89/200,Train Accuracy:50.82089614868164%
2023-03-02 11:13:23,728 - Epoch:90/200,Train Accuracy:50.82089614868164%
2023-03-02 11:13:23,805 - Epoch:91/200,Train Accuracy:50.82089614868164%
2023-03-02 11:13:23,884 - Epoch:92/200,Train Accuracy:50.82089614868164%
2023-03-02 11:13:23,959 - Epoch:93/200,Train Accuracy:50.82089614868164%
2023-03-02 11:13:24,031 - Epoch:94/200,Train Accuracy:50.82089614868164%
2023-03-02 11:13:24,103 - Epoch:95/200,Train Accuracy:50.82089614868164%
2023-03-02 11:13:24,174 - Epoch:96/200,Train Accuracy:50.82089614868164%
2023-03-02 11:13:24,246 - Epoch:97/200,Train Accuracy:50.82089614868164%
2023-03-02 11:13:24,318 - Epoch:98/200,Train Accuracy:50.82089614868164%
2023-03-02 11:13:24,390 - Epoch:99/200,Train Accuracy:50.82089614868164%
2023-03-02 11:13:24,462 - Epoch:100/200,Train Accuracy:50.82089614868164%
2023-03-02 11:13:24,534 - Epoch:101/200,Train Accuracy:50.82089614868164%
2023-03-02 11:13:24,606 - Epoch:102/200,Train Accuracy:50.82089614868164%
2023-03-02 11:13:24,679 - Epoch:103/200,Train Accuracy:50.82089614868164%
2023-03-02 11:13:24,751 - Epoch:104/200,Train Accuracy:50.82089614868164%
2023-03-02 11:13:24,822 - Epoch:105/200,Train Accuracy:50.82089614868164%
2023-03-02 11:13:24,893 - Epoch:106/200,Train Accuracy:50.82089614868164%
2023-03-02 11:13:24,965 - Epoch:107/200,Train Accuracy:50.82089614868164%
2023-03-02 11:13:25,037 - Epoch:108/200,Train Accuracy:50.82089614868164%
2023-03-02 11:13:25,108 - Epoch:109/200,Train Accuracy:50.82089614868164%
2023-03-02 11:13:25,180 - Epoch:110/200,Train Accuracy:50.82089614868164%
2023-03-02 11:13:25,251 - Epoch:111/200,Train Accuracy:50.82089614868164%
2023-03-02 11:13:25,323 - Epoch:112/200,Train Accuracy:50.82089614868164%
2023-03-02 11:13:25,403 - Epoch:113/200,Train Accuracy:50.82089614868164%
2023-03-02 11:13:25,493 - Epoch:114/200,Train Accuracy:50.82089614868164%
2023-03-02 11:13:25,578 - Epoch:115/200,Train Accuracy:50.82089614868164%
2023-03-02 11:13:25,664 - Epoch:116/200,Train Accuracy:50.82089614868164%
2023-03-02 11:13:25,752 - Epoch:117/200,Train Accuracy:50.82089614868164%
2023-03-02 11:13:25,842 - Epoch:118/200,Train Accuracy:50.82089614868164%
2023-03-02 11:13:25,930 - Epoch:119/200,Train Accuracy:50.82089614868164%
2023-03-02 11:13:26,008 - Epoch:120/200,Train Accuracy:50.82089614868164%
2023-03-02 11:13:26,080 - Epoch:121/200,Train Accuracy:50.82089614868164%
2023-03-02 11:13:26,153 - Epoch:122/200,Train Accuracy:50.82089614868164%
2023-03-02 11:13:26,224 - Epoch:123/200,Train Accuracy:50.82089614868164%
2023-03-02 11:13:26,296 - Epoch:124/200,Train Accuracy:50.82089614868164%
2023-03-02 11:13:26,367 - Epoch:125/200,Train Accuracy:50.82089614868164%
2023-03-02 11:13:26,439 - Epoch:126/200,Train Accuracy:50.82089614868164%
2023-03-02 11:13:26,510 - Epoch:127/200,Train Accuracy:50.82089614868164%
2023-03-02 11:13:26,582 - Epoch:128/200,Train Accuracy:50.82089614868164%
2023-03-02 11:13:26,655 - Epoch:129/200,Train Accuracy:50.82089614868164%
2023-03-02 11:13:26,726 - Epoch:130/200,Train Accuracy:50.82089614868164%
2023-03-02 11:13:26,797 - Epoch:131/200,Train Accuracy:50.82089614868164%
2023-03-02 11:13:26,869 - Epoch:132/200,Train Accuracy:50.82089614868164%
2023-03-02 11:13:26,940 - Epoch:133/200,Train Accuracy:50.82089614868164%
2023-03-02 11:13:27,012 - Epoch:134/200,Train Accuracy:50.82089614868164%
2023-03-02 11:13:27,084 - Epoch:135/200,Train Accuracy:50.82089614868164%
2023-03-02 11:13:27,155 - Epoch:136/200,Train Accuracy:50.82089614868164%
2023-03-02 11:13:27,227 - Epoch:137/200,Train Accuracy:50.82089614868164%
2023-03-02 11:13:27,298 - Epoch:138/200,Train Accuracy:50.82089614868164%
2023-03-02 11:13:27,369 - Epoch:139/200,Train Accuracy:50.82089614868164%
2023-03-02 11:13:27,441 - Epoch:140/200,Train Accuracy:50.82089614868164%
2023-03-02 11:13:27,522 - Epoch:141/200,Train Accuracy:50.82089614868164%
2023-03-02 11:13:27,602 - Epoch:142/200,Train Accuracy:50.82089614868164%
2023-03-02 11:13:27,684 - Epoch:143/200,Train Accuracy:50.82089614868164%
2023-03-02 11:13:27,763 - Epoch:144/200,Train Accuracy:50.82089614868164%
2023-03-02 11:13:27,842 - Epoch:145/200,Train Accuracy:50.82089614868164%
2023-03-02 11:13:27,922 - Epoch:146/200,Train Accuracy:50.82089614868164%
2023-03-02 11:13:27,997 - Epoch:147/200,Train Accuracy:50.82089614868164%
2023-03-02 11:13:28,068 - Epoch:148/200,Train Accuracy:50.82089614868164%
2023-03-02 11:13:28,141 - Epoch:149/200,Train Accuracy:50.82089614868164%
2023-03-02 11:13:28,213 - Epoch:150/200,Train Accuracy:50.82089614868164%
2023-03-02 11:13:28,284 - Epoch:151/200,Train Accuracy:50.82089614868164%
2023-03-02 11:13:28,356 - Epoch:152/200,Train Accuracy:50.82089614868164%
2023-03-02 11:13:28,427 - Epoch:153/200,Train Accuracy:50.82089614868164%
2023-03-02 11:13:28,499 - Epoch:154/200,Train Accuracy:50.82089614868164%
2023-03-02 11:13:28,570 - Epoch:155/200,Train Accuracy:50.82089614868164%
2023-03-02 11:13:28,644 - Epoch:156/200,Train Accuracy:50.82089614868164%
2023-03-02 11:13:28,715 - Epoch:157/200,Train Accuracy:50.82089614868164%
2023-03-02 11:13:28,786 - Epoch:158/200,Train Accuracy:50.82089614868164%
2023-03-02 11:13:28,858 - Epoch:159/200,Train Accuracy:50.82089614868164%
2023-03-02 11:13:28,929 - Epoch:160/200,Train Accuracy:50.82089614868164%
2023-03-02 11:13:29,001 - Epoch:161/200,Train Accuracy:50.82089614868164%
2023-03-02 11:13:29,072 - Epoch:162/200,Train Accuracy:50.82089614868164%
2023-03-02 11:13:29,144 - Epoch:163/200,Train Accuracy:50.82089614868164%
2023-03-02 11:13:29,216 - Epoch:164/200,Train Accuracy:50.82089614868164%
2023-03-02 11:13:29,287 - Epoch:165/200,Train Accuracy:50.82089614868164%
2023-03-02 11:13:29,359 - Epoch:166/200,Train Accuracy:50.82089614868164%
2023-03-02 11:13:29,430 - Epoch:167/200,Train Accuracy:50.82089614868164%
2023-03-02 11:13:29,501 - Epoch:168/200,Train Accuracy:50.82089614868164%
2023-03-02 11:13:29,573 - Epoch:169/200,Train Accuracy:50.82089614868164%
2023-03-02 11:13:29,646 - Epoch:170/200,Train Accuracy:50.82089614868164%
2023-03-02 11:13:29,717 - Epoch:171/200,Train Accuracy:50.82089614868164%
2023-03-02 11:13:29,789 - Epoch:172/200,Train Accuracy:50.82089614868164%
2023-03-02 11:13:29,860 - Epoch:173/200,Train Accuracy:50.82089614868164%
2023-03-02 11:13:29,932 - Epoch:174/200,Train Accuracy:50.82089614868164%
2023-03-02 11:13:30,004 - Epoch:175/200,Train Accuracy:50.82089614868164%
2023-03-02 11:13:30,075 - Epoch:176/200,Train Accuracy:50.82089614868164%
2023-03-02 11:13:30,146 - Epoch:177/200,Train Accuracy:50.82089614868164%
2023-03-02 11:13:30,218 - Epoch:178/200,Train Accuracy:50.82089614868164%
2023-03-02 11:13:30,289 - Epoch:179/200,Train Accuracy:50.82089614868164%
2023-03-02 11:13:30,361 - Epoch:180/200,Train Accuracy:50.82089614868164%
2023-03-02 11:13:30,432 - Epoch:181/200,Train Accuracy:50.82089614868164%
2023-03-02 11:13:30,504 - Epoch:182/200,Train Accuracy:50.82089614868164%
2023-03-02 11:13:30,575 - Epoch:183/200,Train Accuracy:50.82089614868164%
2023-03-02 11:13:30,649 - Epoch:184/200,Train Accuracy:50.82089614868164%
2023-03-02 11:13:30,720 - Epoch:185/200,Train Accuracy:50.82089614868164%
2023-03-02 11:13:30,792 - Epoch:186/200,Train Accuracy:50.82089614868164%
2023-03-02 11:13:30,863 - Epoch:187/200,Train Accuracy:50.82089614868164%
2023-03-02 11:13:30,935 - Epoch:188/200,Train Accuracy:50.82089614868164%
2023-03-02 11:13:31,006 - Epoch:189/200,Train Accuracy:50.82089614868164%
2023-03-02 11:13:31,078 - Epoch:190/200,Train Accuracy:50.82089614868164%
2023-03-02 11:13:31,149 - Epoch:191/200,Train Accuracy:50.82089614868164%
2023-03-02 11:13:31,221 - Epoch:192/200,Train Accuracy:50.82089614868164%
2023-03-02 11:13:31,293 - Epoch:193/200,Train Accuracy:50.82089614868164%
2023-03-02 11:13:31,364 - Epoch:194/200,Train Accuracy:50.82089614868164%
2023-03-02 11:13:31,438 - Epoch:195/200,Train Accuracy:50.82089614868164%
2023-03-02 11:13:31,511 - Epoch:196/200,Train Accuracy:50.82089614868164%
2023-03-02 11:13:31,583 - Epoch:197/200,Train Accuracy:50.82089614868164%
2023-03-02 11:13:31,656 - Epoch:198/200,Train Accuracy:50.82089614868164%
2023-03-02 11:13:31,727 - Epoch:199/200,Train Accuracy:50.82089614868164%
2023-03-02 11:13:31,948 - 
Test set: Avg. loss: 0.0347, Accuracy: 319/660 (48.33%)

2023-03-02 11:13:31,951 - fpr:[0. 1.],tpr:[0. 1.],threshold:[1 0],auc:0.5
2023-03-02 11:13:31,951 - This is for user16
2023-03-02 11:13:32,226 - Epoch:0/200,Train Accuracy:50.82089614868164%
2023-03-02 11:13:32,298 - Epoch:1/200,Train Accuracy:50.82089614868164%
2023-03-02 11:13:32,374 - Epoch:2/200,Train Accuracy:50.82089614868164%
2023-03-02 11:13:32,448 - Epoch:3/200,Train Accuracy:50.82089614868164%
2023-03-02 11:13:32,523 - Epoch:4/200,Train Accuracy:50.82089614868164%
2023-03-02 11:13:32,599 - Epoch:5/200,Train Accuracy:50.82089614868164%
2023-03-02 11:13:32,693 - Epoch:6/200,Train Accuracy:50.82089614868164%
2023-03-02 11:13:32,770 - Epoch:7/200,Train Accuracy:50.82089614868164%
2023-03-02 11:13:32,845 - Epoch:8/200,Train Accuracy:50.82089614868164%
2023-03-02 11:13:32,921 - Epoch:9/200,Train Accuracy:50.82089614868164%
2023-03-02 11:13:32,995 - Epoch:10/200,Train Accuracy:50.82089614868164%
2023-03-02 11:13:33,066 - Epoch:11/200,Train Accuracy:50.82089614868164%
2023-03-02 11:13:33,139 - Epoch:12/200,Train Accuracy:50.82089614868164%
2023-03-02 11:13:33,210 - Epoch:13/200,Train Accuracy:50.82089614868164%
2023-03-02 11:13:33,281 - Epoch:14/200,Train Accuracy:50.82089614868164%
2023-03-02 11:13:33,353 - Epoch:15/200,Train Accuracy:50.82089614868164%
2023-03-02 11:13:33,424 - Epoch:16/200,Train Accuracy:50.82089614868164%
2023-03-02 11:13:33,496 - Epoch:17/200,Train Accuracy:50.82089614868164%
2023-03-02 11:13:33,567 - Epoch:18/200,Train Accuracy:50.82089614868164%
2023-03-02 11:13:33,641 - Epoch:19/200,Train Accuracy:50.82089614868164%
2023-03-02 11:13:33,712 - Epoch:20/200,Train Accuracy:50.82089614868164%
2023-03-02 11:13:33,784 - Epoch:21/200,Train Accuracy:50.82089614868164%
2023-03-02 11:13:33,860 - Epoch:22/200,Train Accuracy:50.82089614868164%
2023-03-02 11:13:33,941 - Epoch:23/200,Train Accuracy:50.82089614868164%
2023-03-02 11:13:34,012 - Epoch:24/200,Train Accuracy:50.82089614868164%
2023-03-02 11:13:34,084 - Epoch:25/200,Train Accuracy:50.82089614868164%
2023-03-02 11:13:34,156 - Epoch:26/200,Train Accuracy:50.82089614868164%
2023-03-02 11:13:34,227 - Epoch:27/200,Train Accuracy:50.82089614868164%
2023-03-02 11:13:34,299 - Epoch:28/200,Train Accuracy:50.82089614868164%
2023-03-02 11:13:34,379 - Epoch:29/200,Train Accuracy:50.82089614868164%
2023-03-02 11:13:34,451 - Epoch:30/200,Train Accuracy:50.82089614868164%
2023-03-02 11:13:34,522 - Epoch:31/200,Train Accuracy:50.82089614868164%
2023-03-02 11:13:34,594 - Epoch:32/200,Train Accuracy:50.82089614868164%
2023-03-02 11:13:34,667 - Epoch:33/200,Train Accuracy:50.82089614868164%
2023-03-02 11:13:34,739 - Epoch:34/200,Train Accuracy:50.82089614868164%
2023-03-02 11:13:34,811 - Epoch:35/200,Train Accuracy:50.82089614868164%
2023-03-02 11:13:34,882 - Epoch:36/200,Train Accuracy:50.82089614868164%
2023-03-02 11:13:34,957 - Epoch:37/200,Train Accuracy:50.82089614868164%
2023-03-02 11:13:35,029 - Epoch:38/200,Train Accuracy:50.82089614868164%
2023-03-02 11:13:35,103 - Epoch:39/200,Train Accuracy:50.82089614868164%
2023-03-02 11:13:35,175 - Epoch:40/200,Train Accuracy:50.82089614868164%
2023-03-02 11:13:35,246 - Epoch:41/200,Train Accuracy:50.82089614868164%
2023-03-02 11:13:35,318 - Epoch:42/200,Train Accuracy:50.82089614868164%
2023-03-02 11:13:35,389 - Epoch:43/200,Train Accuracy:50.82089614868164%
2023-03-02 11:13:35,461 - Epoch:44/200,Train Accuracy:50.82089614868164%
2023-03-02 11:13:35,543 - Epoch:45/200,Train Accuracy:50.82089614868164%
2023-03-02 11:13:35,615 - Epoch:46/200,Train Accuracy:50.82089614868164%
2023-03-02 11:13:35,688 - Epoch:47/200,Train Accuracy:50.82089614868164%
2023-03-02 11:13:35,760 - Epoch:48/200,Train Accuracy:50.82089614868164%
2023-03-02 11:13:35,832 - Epoch:49/200,Train Accuracy:50.82089614868164%
2023-03-02 11:13:35,903 - Epoch:50/200,Train Accuracy:50.82089614868164%
2023-03-02 11:13:35,975 - Epoch:51/200,Train Accuracy:50.82089614868164%
2023-03-02 11:13:36,047 - Epoch:52/200,Train Accuracy:50.82089614868164%
2023-03-02 11:13:36,119 - Epoch:53/200,Train Accuracy:50.82089614868164%
2023-03-02 11:13:36,190 - Epoch:54/200,Train Accuracy:50.82089614868164%
2023-03-02 11:13:36,263 - Epoch:55/200,Train Accuracy:50.82089614868164%
2023-03-02 11:13:36,337 - Epoch:56/200,Train Accuracy:50.82089614868164%
2023-03-02 11:13:36,411 - Epoch:57/200,Train Accuracy:50.82089614868164%
2023-03-02 11:13:36,483 - Epoch:58/200,Train Accuracy:50.82089614868164%
2023-03-02 11:13:36,554 - Epoch:59/200,Train Accuracy:50.82089614868164%
2023-03-02 11:13:36,627 - Epoch:60/200,Train Accuracy:50.82089614868164%
2023-03-02 11:13:36,699 - Epoch:61/200,Train Accuracy:50.82089614868164%
2023-03-02 11:13:36,770 - Epoch:62/200,Train Accuracy:50.82089614868164%
2023-03-02 11:13:36,842 - Epoch:63/200,Train Accuracy:50.82089614868164%
2023-03-02 11:13:36,913 - Epoch:64/200,Train Accuracy:50.82089614868164%
2023-03-02 11:13:36,985 - Epoch:65/200,Train Accuracy:50.82089614868164%
2023-03-02 11:13:37,057 - Epoch:66/200,Train Accuracy:50.82089614868164%
2023-03-02 11:13:37,130 - Epoch:67/200,Train Accuracy:50.82089614868164%
2023-03-02 11:13:37,207 - Epoch:68/200,Train Accuracy:50.82089614868164%
2023-03-02 11:13:37,282 - Epoch:69/200,Train Accuracy:50.82089614868164%
2023-03-02 11:13:37,359 - Epoch:70/200,Train Accuracy:50.82089614868164%
2023-03-02 11:13:37,435 - Epoch:71/200,Train Accuracy:50.82089614868164%
2023-03-02 11:13:37,510 - Epoch:72/200,Train Accuracy:50.82089614868164%
2023-03-02 11:13:37,587 - Epoch:73/200,Train Accuracy:50.82089614868164%
2023-03-02 11:13:37,664 - Epoch:74/200,Train Accuracy:50.82089614868164%
2023-03-02 11:13:37,739 - Epoch:75/200,Train Accuracy:50.82089614868164%
2023-03-02 11:13:37,815 - Epoch:76/200,Train Accuracy:50.82089614868164%
2023-03-02 11:13:37,890 - Epoch:77/200,Train Accuracy:50.82089614868164%
2023-03-02 11:13:37,966 - Epoch:78/200,Train Accuracy:50.82089614868164%
2023-03-02 11:13:38,039 - Epoch:79/200,Train Accuracy:50.82089614868164%
2023-03-02 11:13:38,114 - Epoch:80/200,Train Accuracy:50.82089614868164%
2023-03-02 11:13:38,186 - Epoch:81/200,Train Accuracy:50.82089614868164%
2023-03-02 11:13:38,257 - Epoch:82/200,Train Accuracy:50.82089614868164%
2023-03-02 11:13:38,329 - Epoch:83/200,Train Accuracy:50.82089614868164%
2023-03-02 11:13:38,400 - Epoch:84/200,Train Accuracy:50.82089614868164%
2023-03-02 11:13:38,472 - Epoch:85/200,Train Accuracy:50.82089614868164%
2023-03-02 11:13:38,544 - Epoch:86/200,Train Accuracy:50.82089614868164%
2023-03-02 11:13:38,615 - Epoch:87/200,Train Accuracy:50.82089614868164%
2023-03-02 11:13:38,688 - Epoch:88/200,Train Accuracy:50.82089614868164%
2023-03-02 11:13:38,760 - Epoch:89/200,Train Accuracy:50.82089614868164%
2023-03-02 11:13:38,831 - Epoch:90/200,Train Accuracy:50.82089614868164%
2023-03-02 11:13:38,903 - Epoch:91/200,Train Accuracy:50.82089614868164%
2023-03-02 11:13:38,975 - Epoch:92/200,Train Accuracy:50.82089614868164%
2023-03-02 11:13:39,047 - Epoch:93/200,Train Accuracy:50.82089614868164%
2023-03-02 11:13:39,119 - Epoch:94/200,Train Accuracy:50.82089614868164%
2023-03-02 11:13:39,190 - Epoch:95/200,Train Accuracy:50.82089614868164%
2023-03-02 11:13:39,262 - Epoch:96/200,Train Accuracy:50.82089614868164%
2023-03-02 11:13:39,334 - Epoch:97/200,Train Accuracy:50.82089614868164%
2023-03-02 11:13:39,407 - Epoch:98/200,Train Accuracy:50.82089614868164%
2023-03-02 11:13:39,480 - Epoch:99/200,Train Accuracy:50.82089614868164%
2023-03-02 11:13:39,552 - Epoch:100/200,Train Accuracy:50.82089614868164%
2023-03-02 11:13:39,626 - Epoch:101/200,Train Accuracy:50.82089614868164%
2023-03-02 11:13:39,699 - Epoch:102/200,Train Accuracy:50.82089614868164%
2023-03-02 11:13:39,771 - Epoch:103/200,Train Accuracy:50.82089614868164%
2023-03-02 11:13:39,844 - Epoch:104/200,Train Accuracy:50.82089614868164%
2023-03-02 11:13:39,917 - Epoch:105/200,Train Accuracy:50.82089614868164%
2023-03-02 11:13:39,989 - Epoch:106/200,Train Accuracy:50.82089614868164%
2023-03-02 11:13:40,062 - Epoch:107/200,Train Accuracy:50.82089614868164%
2023-03-02 11:13:40,134 - Epoch:108/200,Train Accuracy:50.82089614868164%
2023-03-02 11:13:40,207 - Epoch:109/200,Train Accuracy:50.82089614868164%
2023-03-02 11:13:40,279 - Epoch:110/200,Train Accuracy:50.82089614868164%
2023-03-02 11:13:40,352 - Epoch:111/200,Train Accuracy:50.82089614868164%
2023-03-02 11:13:40,427 - Epoch:112/200,Train Accuracy:50.82089614868164%
2023-03-02 11:13:40,500 - Epoch:113/200,Train Accuracy:50.82089614868164%
2023-03-02 11:13:40,572 - Epoch:114/200,Train Accuracy:50.82089614868164%
2023-03-02 11:13:40,645 - Epoch:115/200,Train Accuracy:50.82089614868164%
2023-03-02 11:13:40,717 - Epoch:116/200,Train Accuracy:50.82089614868164%
2023-03-02 11:13:40,788 - Epoch:117/200,Train Accuracy:50.82089614868164%
2023-03-02 11:13:40,860 - Epoch:118/200,Train Accuracy:50.82089614868164%
2023-03-02 11:13:40,931 - Epoch:119/200,Train Accuracy:50.82089614868164%
2023-03-02 11:13:41,003 - Epoch:120/200,Train Accuracy:50.82089614868164%
2023-03-02 11:13:41,075 - Epoch:121/200,Train Accuracy:50.82089614868164%
2023-03-02 11:13:41,149 - Epoch:122/200,Train Accuracy:50.82089614868164%
2023-03-02 11:13:41,221 - Epoch:123/200,Train Accuracy:50.82089614868164%
2023-03-02 11:13:41,293 - Epoch:124/200,Train Accuracy:50.82089614868164%
2023-03-02 11:13:41,364 - Epoch:125/200,Train Accuracy:50.82089614868164%
2023-03-02 11:13:41,440 - Epoch:126/200,Train Accuracy:50.82089614868164%
2023-03-02 11:13:41,516 - Epoch:127/200,Train Accuracy:50.82089614868164%
2023-03-02 11:13:41,591 - Epoch:128/200,Train Accuracy:50.82089614868164%
2023-03-02 11:13:41,668 - Epoch:129/200,Train Accuracy:50.82089614868164%
2023-03-02 11:13:41,745 - Epoch:130/200,Train Accuracy:50.82089614868164%
2023-03-02 11:13:41,821 - Epoch:131/200,Train Accuracy:50.82089614868164%
2023-03-02 11:13:41,897 - Epoch:132/200,Train Accuracy:50.82089614868164%
2023-03-02 11:13:41,972 - Epoch:133/200,Train Accuracy:50.82089614868164%
2023-03-02 11:13:42,045 - Epoch:134/200,Train Accuracy:50.82089614868164%
2023-03-02 11:13:42,116 - Epoch:135/200,Train Accuracy:50.82089614868164%
2023-03-02 11:13:42,188 - Epoch:136/200,Train Accuracy:50.82089614868164%
2023-03-02 11:13:42,259 - Epoch:137/200,Train Accuracy:50.82089614868164%
2023-03-02 11:13:42,331 - Epoch:138/200,Train Accuracy:50.82089614868164%
2023-03-02 11:13:42,403 - Epoch:139/200,Train Accuracy:50.82089614868164%
2023-03-02 11:13:42,474 - Epoch:140/200,Train Accuracy:50.82089614868164%
2023-03-02 11:13:42,547 - Epoch:141/200,Train Accuracy:50.82089614868164%
2023-03-02 11:13:42,619 - Epoch:142/200,Train Accuracy:50.82089614868164%
2023-03-02 11:13:42,692 - Epoch:143/200,Train Accuracy:50.82089614868164%
2023-03-02 11:13:42,763 - Epoch:144/200,Train Accuracy:50.82089614868164%
2023-03-02 11:13:42,836 - Epoch:145/200,Train Accuracy:50.82089614868164%
2023-03-02 11:13:42,908 - Epoch:146/200,Train Accuracy:50.82089614868164%
