2023-04-06 15:58:10,881 - lr:1e-05,weight_decay:0.01,batch_size:20
2023-04-06 15:58:10,881 - FullConnect(
  (linear1): Linear(in_features=39, out_features=256, bias=True)
  (linear2): Linear(in_features=256, out_features=256, bias=True)
  (linear3): Linear(in_features=256, out_features=128, bias=True)
  (linear4): Linear(in_features=128, out_features=128, bias=True)
  (linear5): Linear(in_features=128, out_features=64, bias=True)
  (linear6): Linear(in_features=64, out_features=64, bias=True)
  (linear7): Linear(in_features=64, out_features=40, bias=True)
  (linear8): Linear(in_features=40, out_features=40, bias=True)
  (linear9): Linear(in_features=40, out_features=40, bias=True)
  (linear10): Linear(in_features=40, out_features=40, bias=True)
  (linear11): Linear(in_features=40, out_features=2, bias=True)
  (relu): ReLU()
)
2023-04-06 15:58:10,881 - This is for user7
2023-04-06 15:58:11,234 - Epoch:0/300,Train Accuracy:49.17910385131836%
2023-04-06 15:58:11,378 - Epoch:1/300,Train Accuracy:48.955223083496094%
2023-04-06 15:58:11,520 - Epoch:2/300,Train Accuracy:50.52238845825195%
2023-04-06 15:58:11,661 - Epoch:3/300,Train Accuracy:50.44776153564453%
2023-04-06 15:58:11,803 - Epoch:4/300,Train Accuracy:50.6716423034668%
2023-04-06 15:58:11,945 - Epoch:5/300,Train Accuracy:50.82089614868164%
2023-04-06 15:58:12,087 - Epoch:6/300,Train Accuracy:52.238807678222656%
2023-04-06 15:58:12,228 - Epoch:7/300,Train Accuracy:52.761192321777344%
2023-04-06 15:58:12,378 - Epoch:8/300,Train Accuracy:53.35820770263672%
2023-04-06 15:58:12,520 - Epoch:9/300,Train Accuracy:54.25373077392578%
2023-04-06 15:58:12,661 - Epoch:10/300,Train Accuracy:55.6716423034668%
2023-04-06 15:58:12,802 - Epoch:11/300,Train Accuracy:57.08955383300781%
2023-04-06 15:58:12,944 - Epoch:12/300,Train Accuracy:60.37313461303711%
2023-04-06 15:58:13,086 - Epoch:13/300,Train Accuracy:61.417911529541016%
2023-04-06 15:58:13,227 - Epoch:14/300,Train Accuracy:65.0%
2023-04-06 15:58:13,368 - Epoch:15/300,Train Accuracy:65.67163848876953%
2023-04-06 15:58:13,509 - Epoch:16/300,Train Accuracy:65.82089233398438%
2023-04-06 15:58:13,650 - Epoch:17/300,Train Accuracy:67.08955383300781%
2023-04-06 15:58:13,790 - Epoch:18/300,Train Accuracy:67.16417694091797%
2023-04-06 15:58:13,931 - Epoch:19/300,Train Accuracy:68.7313461303711%
2023-04-06 15:58:14,072 - Epoch:20/300,Train Accuracy:67.01492309570312%
2023-04-06 15:58:14,220 - Epoch:21/300,Train Accuracy:68.58209228515625%
2023-04-06 15:58:14,366 - Epoch:22/300,Train Accuracy:69.32836151123047%
2023-04-06 15:58:14,506 - Epoch:23/300,Train Accuracy:71.0447769165039%
2023-04-06 15:58:14,647 - Epoch:24/300,Train Accuracy:69.17910766601562%
2023-04-06 15:58:14,788 - Epoch:25/300,Train Accuracy:70.74626922607422%
2023-04-06 15:58:14,929 - Epoch:26/300,Train Accuracy:69.92537689208984%
2023-04-06 15:58:15,070 - Epoch:27/300,Train Accuracy:70.59701538085938%
2023-04-06 15:58:15,223 - Epoch:28/300,Train Accuracy:70.89552307128906%
2023-04-06 15:58:15,387 - Epoch:29/300,Train Accuracy:72.08955383300781%
2023-04-06 15:58:15,570 - Epoch:30/300,Train Accuracy:71.5671615600586%
2023-04-06 15:58:15,731 - Epoch:31/300,Train Accuracy:72.46268463134766%
2023-04-06 15:58:15,893 - Epoch:32/300,Train Accuracy:72.53731536865234%
2023-04-06 15:58:16,055 - Epoch:33/300,Train Accuracy:73.58209228515625%
2023-04-06 15:58:16,217 - Epoch:34/300,Train Accuracy:73.50746154785156%
2023-04-06 15:58:16,379 - Epoch:35/300,Train Accuracy:72.76119232177734%
2023-04-06 15:58:16,548 - Epoch:36/300,Train Accuracy:74.62686920166016%
2023-04-06 15:58:16,712 - Epoch:37/300,Train Accuracy:74.92537689208984%
2023-04-06 15:58:16,875 - Epoch:38/300,Train Accuracy:75.14925384521484%
2023-04-06 15:58:17,040 - Epoch:39/300,Train Accuracy:75.89552307128906%
2023-04-06 15:58:17,204 - Epoch:40/300,Train Accuracy:75.82089233398438%
2023-04-06 15:58:17,366 - Epoch:41/300,Train Accuracy:76.71641540527344%
2023-04-06 15:58:17,529 - Epoch:42/300,Train Accuracy:76.71641540527344%
2023-04-06 15:58:17,695 - Epoch:43/300,Train Accuracy:75.89552307128906%
2023-04-06 15:58:17,857 - Epoch:44/300,Train Accuracy:76.64179229736328%
2023-04-06 15:58:18,024 - Epoch:45/300,Train Accuracy:76.86566925048828%
2023-04-06 15:58:18,186 - Epoch:46/300,Train Accuracy:78.05970001220703%
2023-04-06 15:58:18,349 - Epoch:47/300,Train Accuracy:77.16417694091797%
2023-04-06 15:58:18,513 - Epoch:48/300,Train Accuracy:78.13433074951172%
2023-04-06 15:58:18,675 - Epoch:49/300,Train Accuracy:78.4328384399414%
2023-04-06 15:58:18,841 - Epoch:50/300,Train Accuracy:78.4328384399414%
2023-04-06 15:58:19,005 - Epoch:51/300,Train Accuracy:78.9552230834961%
2023-04-06 15:58:19,169 - Epoch:52/300,Train Accuracy:78.7313461303711%
2023-04-06 15:58:19,331 - Epoch:53/300,Train Accuracy:78.9552230834961%
2023-04-06 15:58:19,497 - Epoch:54/300,Train Accuracy:80.223876953125%
2023-04-06 15:58:19,664 - Epoch:55/300,Train Accuracy:78.6567153930664%
2023-04-06 15:58:19,825 - Epoch:56/300,Train Accuracy:79.47761535644531%
2023-04-06 15:58:19,991 - Epoch:57/300,Train Accuracy:79.85074615478516%
2023-04-06 15:58:20,170 - Epoch:58/300,Train Accuracy:78.9552230834961%
2023-04-06 15:58:20,339 - Epoch:59/300,Train Accuracy:79.92537689208984%
2023-04-06 15:58:20,503 - Epoch:60/300,Train Accuracy:79.40298461914062%
2023-04-06 15:58:20,698 - Epoch:61/300,Train Accuracy:79.776123046875%
2023-04-06 15:58:20,862 - Epoch:62/300,Train Accuracy:79.62686920166016%
2023-04-06 15:58:21,026 - Epoch:63/300,Train Accuracy:80.0%
2023-04-06 15:58:21,192 - Epoch:64/300,Train Accuracy:80.07462310791016%
2023-04-06 15:58:21,356 - Epoch:65/300,Train Accuracy:79.47761535644531%
2023-04-06 15:58:21,521 - Epoch:66/300,Train Accuracy:80.0%
2023-04-06 15:58:21,687 - Epoch:67/300,Train Accuracy:80.52238464355469%
2023-04-06 15:58:21,853 - Epoch:68/300,Train Accuracy:80.37313079833984%
2023-04-06 15:58:22,017 - Epoch:69/300,Train Accuracy:81.2686538696289%
2023-04-06 15:58:22,182 - Epoch:70/300,Train Accuracy:81.11940002441406%
2023-04-06 15:58:22,346 - Epoch:71/300,Train Accuracy:81.3432846069336%
2023-04-06 15:58:22,513 - Epoch:72/300,Train Accuracy:80.89552307128906%
2023-04-06 15:58:22,679 - Epoch:73/300,Train Accuracy:80.59701538085938%
2023-04-06 15:58:22,819 - Epoch:74/300,Train Accuracy:81.0447769165039%
2023-04-06 15:58:22,958 - Epoch:75/300,Train Accuracy:81.0447769165039%
2023-04-06 15:58:23,097 - Epoch:76/300,Train Accuracy:80.44776153564453%
2023-04-06 15:58:23,235 - Epoch:77/300,Train Accuracy:81.64179229736328%
2023-04-06 15:58:23,375 - Epoch:78/300,Train Accuracy:81.2686538696289%
2023-04-06 15:58:23,514 - Epoch:79/300,Train Accuracy:82.16417694091797%
2023-04-06 15:58:23,653 - Epoch:80/300,Train Accuracy:82.01492309570312%
2023-04-06 15:58:23,791 - Epoch:81/300,Train Accuracy:82.16417694091797%
2023-04-06 15:58:23,930 - Epoch:82/300,Train Accuracy:82.46268463134766%
2023-04-06 15:58:24,069 - Epoch:83/300,Train Accuracy:82.01492309570312%
2023-04-06 15:58:24,209 - Epoch:84/300,Train Accuracy:82.16417694091797%
2023-04-06 15:58:24,349 - Epoch:85/300,Train Accuracy:81.49253845214844%
2023-04-06 15:58:24,489 - Epoch:86/300,Train Accuracy:82.31343078613281%
2023-04-06 15:58:24,632 - Epoch:87/300,Train Accuracy:82.83582305908203%
2023-04-06 15:58:24,773 - Epoch:88/300,Train Accuracy:82.68656921386719%
2023-04-06 15:58:24,916 - Epoch:89/300,Train Accuracy:81.86566925048828%
2023-04-06 15:58:25,057 - Epoch:90/300,Train Accuracy:82.98507690429688%
2023-04-06 15:58:25,196 - Epoch:91/300,Train Accuracy:82.6119384765625%
2023-04-06 15:58:25,336 - Epoch:92/300,Train Accuracy:83.20895385742188%
2023-04-06 15:58:25,474 - Epoch:93/300,Train Accuracy:83.6567153930664%
2023-04-06 15:58:25,613 - Epoch:94/300,Train Accuracy:83.20895385742188%
2023-04-06 15:58:25,752 - Epoch:95/300,Train Accuracy:83.6567153930664%
2023-04-06 15:58:25,893 - Epoch:96/300,Train Accuracy:83.13433074951172%
2023-04-06 15:58:26,031 - Epoch:97/300,Train Accuracy:83.50746154785156%
2023-04-06 15:58:26,169 - Epoch:98/300,Train Accuracy:83.7313461303711%
2023-04-06 15:58:26,309 - Epoch:99/300,Train Accuracy:83.50746154785156%
2023-04-06 15:58:26,450 - Epoch:100/300,Train Accuracy:84.02985382080078%
2023-04-06 15:58:26,592 - Epoch:101/300,Train Accuracy:83.50746154785156%
2023-04-06 15:58:26,732 - Epoch:102/300,Train Accuracy:83.7313461303711%
2023-04-06 15:58:26,873 - Epoch:103/300,Train Accuracy:83.9552230834961%
2023-04-06 15:58:27,022 - Epoch:104/300,Train Accuracy:84.02985382080078%
2023-04-06 15:58:27,188 - Epoch:105/300,Train Accuracy:83.50746154785156%
2023-04-06 15:58:27,333 - Epoch:106/300,Train Accuracy:83.7313461303711%
2023-04-06 15:58:27,481 - Epoch:107/300,Train Accuracy:84.47761535644531%
2023-04-06 15:58:27,639 - Epoch:108/300,Train Accuracy:84.17910766601562%
2023-04-06 15:58:27,796 - Epoch:109/300,Train Accuracy:84.62686920166016%
2023-04-06 15:58:27,953 - Epoch:110/300,Train Accuracy:84.85074615478516%
2023-04-06 15:58:28,109 - Epoch:111/300,Train Accuracy:84.10447692871094%
2023-04-06 15:58:28,276 - Epoch:112/300,Train Accuracy:84.70149230957031%
2023-04-06 15:58:28,433 - Epoch:113/300,Train Accuracy:85.14925384521484%
2023-04-06 15:58:28,588 - Epoch:114/300,Train Accuracy:84.85074615478516%
2023-04-06 15:58:28,744 - Epoch:115/300,Train Accuracy:84.32836151123047%
2023-04-06 15:58:28,903 - Epoch:116/300,Train Accuracy:85.14925384521484%
2023-04-06 15:58:29,051 - Epoch:117/300,Train Accuracy:85.223876953125%
2023-04-06 15:58:29,195 - Epoch:118/300,Train Accuracy:85.74626922607422%
2023-04-06 15:58:29,341 - Epoch:119/300,Train Accuracy:85.52238464355469%
2023-04-06 15:58:29,483 - Epoch:120/300,Train Accuracy:85.0%
2023-04-06 15:58:29,627 - Epoch:121/300,Train Accuracy:86.11940002441406%
2023-04-06 15:58:29,774 - Epoch:122/300,Train Accuracy:85.29850769042969%
2023-04-06 15:58:29,921 - Epoch:123/300,Train Accuracy:85.52238464355469%
2023-04-06 15:58:30,065 - Epoch:124/300,Train Accuracy:85.59701538085938%
2023-04-06 15:58:30,212 - Epoch:125/300,Train Accuracy:85.74626922607422%
2023-04-06 15:58:30,359 - Epoch:126/300,Train Accuracy:85.52238464355469%
2023-04-06 15:58:30,503 - Epoch:127/300,Train Accuracy:85.59701538085938%
2023-04-06 15:58:30,649 - Epoch:128/300,Train Accuracy:85.89552307128906%
2023-04-06 15:58:30,795 - Epoch:129/300,Train Accuracy:85.67163848876953%
2023-04-06 15:58:30,942 - Epoch:130/300,Train Accuracy:86.19403076171875%
2023-04-06 15:58:31,088 - Epoch:131/300,Train Accuracy:85.74626922607422%
2023-04-06 15:58:31,232 - Epoch:132/300,Train Accuracy:85.67163848876953%
2023-04-06 15:58:31,378 - Epoch:133/300,Train Accuracy:85.89552307128906%
2023-04-06 15:58:31,524 - Epoch:134/300,Train Accuracy:85.29850769042969%
2023-04-06 15:58:31,669 - Epoch:135/300,Train Accuracy:85.89552307128906%
2023-04-06 15:58:31,815 - Epoch:136/300,Train Accuracy:85.89552307128906%
2023-04-06 15:58:31,975 - Epoch:137/300,Train Accuracy:86.41790771484375%
2023-04-06 15:58:32,120 - Epoch:138/300,Train Accuracy:86.41790771484375%
2023-04-06 15:58:32,264 - Epoch:139/300,Train Accuracy:86.49253845214844%
2023-04-06 15:58:32,410 - Epoch:140/300,Train Accuracy:86.64179229736328%
2023-04-06 15:58:32,555 - Epoch:141/300,Train Accuracy:86.49253845214844%
2023-04-06 15:58:32,700 - Epoch:142/300,Train Accuracy:87.08955383300781%
2023-04-06 15:58:32,844 - Epoch:143/300,Train Accuracy:87.08955383300781%
2023-04-06 15:58:32,988 - Epoch:144/300,Train Accuracy:86.64179229736328%
2023-04-06 15:58:33,134 - Epoch:145/300,Train Accuracy:86.64179229736328%
2023-04-06 15:58:33,278 - Epoch:146/300,Train Accuracy:87.01492309570312%
2023-04-06 15:58:33,422 - Epoch:147/300,Train Accuracy:86.94029998779297%
2023-04-06 15:58:33,570 - Epoch:148/300,Train Accuracy:86.3432846069336%
2023-04-06 15:58:33,716 - Epoch:149/300,Train Accuracy:87.31343078613281%
2023-04-06 15:58:33,862 - Epoch:150/300,Train Accuracy:86.86566925048828%
2023-04-06 15:58:34,011 - Epoch:151/300,Train Accuracy:87.53731536865234%
2023-04-06 15:58:34,157 - Epoch:152/300,Train Accuracy:86.79104614257812%
2023-04-06 15:58:34,306 - Epoch:153/300,Train Accuracy:86.94029998779297%
2023-04-06 15:58:34,453 - Epoch:154/300,Train Accuracy:87.31343078613281%
2023-04-06 15:58:34,602 - Epoch:155/300,Train Accuracy:87.23880767822266%
2023-04-06 15:58:34,751 - Epoch:156/300,Train Accuracy:87.68656921386719%
2023-04-06 15:58:34,898 - Epoch:157/300,Train Accuracy:87.98507690429688%
2023-04-06 15:58:35,051 - Epoch:158/300,Train Accuracy:87.83582305908203%
2023-04-06 15:58:35,203 - Epoch:159/300,Train Accuracy:87.98507690429688%
2023-04-06 15:58:35,357 - Epoch:160/300,Train Accuracy:88.05970001220703%
2023-04-06 15:58:35,508 - Epoch:161/300,Train Accuracy:87.91044616699219%
2023-04-06 15:58:35,659 - Epoch:162/300,Train Accuracy:87.91044616699219%
2023-04-06 15:58:35,809 - Epoch:163/300,Train Accuracy:88.35820770263672%
2023-04-06 15:58:35,955 - Epoch:164/300,Train Accuracy:87.91044616699219%
2023-04-06 15:58:36,099 - Epoch:165/300,Train Accuracy:88.7313461303711%
2023-04-06 15:58:36,245 - Epoch:166/300,Train Accuracy:88.05970001220703%
2023-04-06 15:58:36,389 - Epoch:167/300,Train Accuracy:88.50746154785156%
2023-04-06 15:58:36,534 - Epoch:168/300,Train Accuracy:88.9552230834961%
2023-04-06 15:58:36,678 - Epoch:169/300,Train Accuracy:88.28358459472656%
2023-04-06 15:58:36,822 - Epoch:170/300,Train Accuracy:88.80596923828125%
2023-04-06 15:58:36,966 - Epoch:171/300,Train Accuracy:88.9552230834961%
2023-04-06 15:58:37,111 - Epoch:172/300,Train Accuracy:88.80596923828125%
2023-04-06 15:58:37,255 - Epoch:173/300,Train Accuracy:88.88059997558594%
2023-04-06 15:58:37,398 - Epoch:174/300,Train Accuracy:89.62686920166016%
2023-04-06 15:58:37,542 - Epoch:175/300,Train Accuracy:88.7313461303711%
2023-04-06 15:58:37,685 - Epoch:176/300,Train Accuracy:88.7313461303711%
2023-04-06 15:58:37,829 - Epoch:177/300,Train Accuracy:88.6567153930664%
2023-04-06 15:58:37,973 - Epoch:178/300,Train Accuracy:88.80596923828125%
2023-04-06 15:58:38,117 - Epoch:179/300,Train Accuracy:89.25373077392578%
2023-04-06 15:58:38,260 - Epoch:180/300,Train Accuracy:89.40298461914062%
2023-04-06 15:58:38,404 - Epoch:181/300,Train Accuracy:88.80596923828125%
2023-04-06 15:58:38,548 - Epoch:182/300,Train Accuracy:89.17910766601562%
2023-04-06 15:58:38,692 - Epoch:183/300,Train Accuracy:89.40298461914062%
2023-04-06 15:58:38,836 - Epoch:184/300,Train Accuracy:89.55223846435547%
2023-04-06 15:58:38,979 - Epoch:185/300,Train Accuracy:89.776123046875%
2023-04-06 15:58:39,124 - Epoch:186/300,Train Accuracy:89.02985382080078%
2023-04-06 15:58:39,275 - Epoch:187/300,Train Accuracy:89.47761535644531%
2023-04-06 15:58:39,421 - Epoch:188/300,Train Accuracy:89.70149230957031%
2023-04-06 15:58:39,564 - Epoch:189/300,Train Accuracy:89.62686920166016%
2023-04-06 15:58:39,707 - Epoch:190/300,Train Accuracy:89.25373077392578%
2023-04-06 15:58:39,850 - Epoch:191/300,Train Accuracy:89.32836151123047%
2023-04-06 15:58:39,994 - Epoch:192/300,Train Accuracy:89.47761535644531%
2023-04-06 15:58:40,141 - Epoch:193/300,Train Accuracy:89.92537689208984%
2023-04-06 15:58:40,286 - Epoch:194/300,Train Accuracy:90.37313079833984%
2023-04-06 15:58:40,431 - Epoch:195/300,Train Accuracy:89.62686920166016%
2023-04-06 15:58:40,577 - Epoch:196/300,Train Accuracy:89.70149230957031%
2023-04-06 15:58:40,723 - Epoch:197/300,Train Accuracy:90.29850769042969%
2023-04-06 15:58:40,877 - Epoch:198/300,Train Accuracy:90.14925384521484%
2023-04-06 15:58:41,042 - Epoch:199/300,Train Accuracy:90.67163848876953%
2023-04-06 15:58:41,187 - Epoch:200/300,Train Accuracy:90.44776153564453%
2023-04-06 15:58:41,333 - Epoch:201/300,Train Accuracy:90.82089233398438%
2023-04-06 15:58:41,476 - Epoch:202/300,Train Accuracy:90.67163848876953%
2023-04-06 15:58:41,620 - Epoch:203/300,Train Accuracy:90.59701538085938%
2023-04-06 15:58:41,764 - Epoch:204/300,Train Accuracy:90.52238464355469%
2023-04-06 15:58:41,909 - Epoch:205/300,Train Accuracy:89.776123046875%
2023-04-06 15:58:42,054 - Epoch:206/300,Train Accuracy:90.44776153564453%
2023-04-06 15:58:42,200 - Epoch:207/300,Train Accuracy:90.89552307128906%
2023-04-06 15:58:42,344 - Epoch:208/300,Train Accuracy:90.37313079833984%
2023-04-06 15:58:42,489 - Epoch:209/300,Train Accuracy:91.3432846069336%
2023-04-06 15:58:42,634 - Epoch:210/300,Train Accuracy:91.0447769165039%
2023-04-06 15:58:42,781 - Epoch:211/300,Train Accuracy:90.97014617919922%
2023-04-06 15:58:42,925 - Epoch:212/300,Train Accuracy:90.97014617919922%
2023-04-06 15:58:43,070 - Epoch:213/300,Train Accuracy:90.74626922607422%
2023-04-06 15:58:43,220 - Epoch:214/300,Train Accuracy:90.82089233398438%
2023-04-06 15:58:43,365 - Epoch:215/300,Train Accuracy:91.5671615600586%
2023-04-06 15:58:43,511 - Epoch:216/300,Train Accuracy:90.89552307128906%
2023-04-06 15:58:43,655 - Epoch:217/300,Train Accuracy:91.79104614257812%
2023-04-06 15:58:43,800 - Epoch:218/300,Train Accuracy:91.3432846069336%
2023-04-06 15:58:43,945 - Epoch:219/300,Train Accuracy:90.97014617919922%
2023-04-06 15:58:44,091 - Epoch:220/300,Train Accuracy:90.74626922607422%
2023-04-06 15:58:44,238 - Epoch:221/300,Train Accuracy:91.49253845214844%
2023-04-06 15:58:44,385 - Epoch:222/300,Train Accuracy:91.94029998779297%
2023-04-06 15:58:44,531 - Epoch:223/300,Train Accuracy:91.41790771484375%
2023-04-06 15:58:44,676 - Epoch:224/300,Train Accuracy:91.2686538696289%
2023-04-06 15:58:44,822 - Epoch:225/300,Train Accuracy:91.2686538696289%
2023-04-06 15:58:44,969 - Epoch:226/300,Train Accuracy:91.71641540527344%
2023-04-06 15:58:45,113 - Epoch:227/300,Train Accuracy:91.3432846069336%
2023-04-06 15:58:45,260 - Epoch:228/300,Train Accuracy:92.23880767822266%
2023-04-06 15:58:45,410 - Epoch:229/300,Train Accuracy:91.19403076171875%
2023-04-06 15:58:45,563 - Epoch:230/300,Train Accuracy:91.5671615600586%
2023-04-06 15:58:45,725 - Epoch:231/300,Train Accuracy:91.41790771484375%
2023-04-06 15:58:45,876 - Epoch:232/300,Train Accuracy:91.86566925048828%
2023-04-06 15:58:46,026 - Epoch:233/300,Train Accuracy:91.79104614257812%
2023-04-06 15:58:46,175 - Epoch:234/300,Train Accuracy:92.08955383300781%
2023-04-06 15:58:46,326 - Epoch:235/300,Train Accuracy:91.5671615600586%
2023-04-06 15:58:46,478 - Epoch:236/300,Train Accuracy:92.23880767822266%
2023-04-06 15:58:46,626 - Epoch:237/300,Train Accuracy:91.79104614257812%
2023-04-06 15:58:46,772 - Epoch:238/300,Train Accuracy:91.94029998779297%
2023-04-06 15:58:46,916 - Epoch:239/300,Train Accuracy:92.23880767822266%
2023-04-06 15:58:47,060 - Epoch:240/300,Train Accuracy:91.71641540527344%
2023-04-06 15:58:47,203 - Epoch:241/300,Train Accuracy:91.86566925048828%
2023-04-06 15:58:47,347 - Epoch:242/300,Train Accuracy:92.6119384765625%
2023-04-06 15:58:47,491 - Epoch:243/300,Train Accuracy:92.23880767822266%
2023-04-06 15:58:47,636 - Epoch:244/300,Train Accuracy:92.23880767822266%
2023-04-06 15:58:47,787 - Epoch:245/300,Train Accuracy:92.3880615234375%
2023-04-06 15:58:47,937 - Epoch:246/300,Train Accuracy:92.91044616699219%
2023-04-06 15:58:48,087 - Epoch:247/300,Train Accuracy:92.68656921386719%
2023-04-06 15:58:48,236 - Epoch:248/300,Train Accuracy:91.79104614257812%
2023-04-06 15:58:48,385 - Epoch:249/300,Train Accuracy:92.3880615234375%
2023-04-06 15:58:48,534 - Epoch:250/300,Train Accuracy:92.6119384765625%
2023-04-06 15:58:48,687 - Epoch:251/300,Train Accuracy:93.28358459472656%
2023-04-06 15:58:48,846 - Epoch:252/300,Train Accuracy:92.3880615234375%
2023-04-06 15:58:49,004 - Epoch:253/300,Train Accuracy:92.6119384765625%
2023-04-06 15:58:49,163 - Epoch:254/300,Train Accuracy:92.6119384765625%
2023-04-06 15:58:49,313 - Epoch:255/300,Train Accuracy:92.46268463134766%
2023-04-06 15:58:49,458 - Epoch:256/300,Train Accuracy:92.6119384765625%
2023-04-06 15:58:49,602 - Epoch:257/300,Train Accuracy:92.98507690429688%
2023-04-06 15:58:49,748 - Epoch:258/300,Train Accuracy:93.05970001220703%
2023-04-06 15:58:49,893 - Epoch:259/300,Train Accuracy:92.46268463134766%
2023-04-06 15:58:50,040 - Epoch:260/300,Train Accuracy:93.20895385742188%
2023-04-06 15:58:50,186 - Epoch:261/300,Train Accuracy:93.05970001220703%
2023-04-06 15:58:50,332 - Epoch:262/300,Train Accuracy:93.4328384399414%
2023-04-06 15:58:50,476 - Epoch:263/300,Train Accuracy:92.83582305908203%
2023-04-06 15:58:50,622 - Epoch:264/300,Train Accuracy:92.68656921386719%
2023-04-06 15:58:50,769 - Epoch:265/300,Train Accuracy:93.4328384399414%
2023-04-06 15:58:50,917 - Epoch:266/300,Train Accuracy:92.6119384765625%
2023-04-06 15:58:51,069 - Epoch:267/300,Train Accuracy:92.68656921386719%
2023-04-06 15:58:51,220 - Epoch:268/300,Train Accuracy:92.91044616699219%
2023-04-06 15:58:51,370 - Epoch:269/300,Train Accuracy:92.6119384765625%
2023-04-06 15:58:51,519 - Epoch:270/300,Train Accuracy:93.28358459472656%
2023-04-06 15:58:51,668 - Epoch:271/300,Train Accuracy:93.20895385742188%
2023-04-06 15:58:51,816 - Epoch:272/300,Train Accuracy:93.13433074951172%
2023-04-06 15:58:51,965 - Epoch:273/300,Train Accuracy:93.20895385742188%
2023-04-06 15:58:52,113 - Epoch:274/300,Train Accuracy:93.58209228515625%
2023-04-06 15:58:52,275 - Epoch:275/300,Train Accuracy:93.7313461303711%
2023-04-06 15:58:52,420 - Epoch:276/300,Train Accuracy:93.20895385742188%
2023-04-06 15:58:52,568 - Epoch:277/300,Train Accuracy:93.80596923828125%
2023-04-06 15:58:52,712 - Epoch:278/300,Train Accuracy:93.50746154785156%
2023-04-06 15:58:52,863 - Epoch:279/300,Train Accuracy:93.28358459472656%
2023-04-06 15:58:53,018 - Epoch:280/300,Train Accuracy:93.28358459472656%
2023-04-06 15:58:53,168 - Epoch:281/300,Train Accuracy:93.20895385742188%
2023-04-06 15:58:53,319 - Epoch:282/300,Train Accuracy:93.7313461303711%
2023-04-06 15:58:53,470 - Epoch:283/300,Train Accuracy:93.6567153930664%
2023-04-06 15:58:53,620 - Epoch:284/300,Train Accuracy:94.17910766601562%
2023-04-06 15:58:53,772 - Epoch:285/300,Train Accuracy:94.10447692871094%
2023-04-06 15:58:53,923 - Epoch:286/300,Train Accuracy:94.40298461914062%
2023-04-06 15:58:54,090 - Epoch:287/300,Train Accuracy:94.25373077392578%
2023-04-06 15:58:54,256 - Epoch:288/300,Train Accuracy:93.88059997558594%
2023-04-06 15:58:54,405 - Epoch:289/300,Train Accuracy:94.47761535644531%
2023-04-06 15:58:54,559 - Epoch:290/300,Train Accuracy:93.6567153930664%
2023-04-06 15:58:54,712 - Epoch:291/300,Train Accuracy:93.9552230834961%
2023-04-06 15:58:54,860 - Epoch:292/300,Train Accuracy:93.6567153930664%
2023-04-06 15:58:55,010 - Epoch:293/300,Train Accuracy:94.70149230957031%
2023-04-06 15:58:55,160 - Epoch:294/300,Train Accuracy:93.6567153930664%
2023-04-06 15:58:55,303 - Epoch:295/300,Train Accuracy:94.02985382080078%
2023-04-06 15:58:55,447 - Epoch:296/300,Train Accuracy:94.25373077392578%
2023-04-06 15:58:55,590 - Epoch:297/300,Train Accuracy:94.17910766601562%
2023-04-06 15:58:55,737 - Epoch:298/300,Train Accuracy:94.10447692871094%
2023-04-06 15:58:55,887 - Epoch:299/300,Train Accuracy:93.88059997558594%
2023-04-06 15:58:56,119 - 
Test set: Avg. loss: 0.0193, Accuracy: 573/660 (86.82%)

2023-04-06 15:58:56,122 - fpr:[0.         0.13479624 1.        ],tpr:[0.         0.87096774 1.        ],threshold:[2 1 0],auc:0.868085751845485
2023-04-06 15:58:56,123 - This is for user9
2023-04-06 15:58:56,483 - Epoch:0/300,Train Accuracy:79.32836151123047%
2023-04-06 15:58:56,634 - Epoch:1/300,Train Accuracy:82.23880767822266%
2023-04-06 15:58:56,784 - Epoch:2/300,Train Accuracy:83.80596923828125%
2023-04-06 15:58:56,932 - Epoch:3/300,Train Accuracy:84.92537689208984%
2023-04-06 15:58:57,088 - Epoch:4/300,Train Accuracy:85.67163848876953%
2023-04-06 15:58:57,247 - Epoch:5/300,Train Accuracy:86.0447769165039%
2023-04-06 15:58:57,424 - Epoch:6/300,Train Accuracy:86.94029998779297%
2023-04-06 15:58:57,631 - Epoch:7/300,Train Accuracy:86.64179229736328%
2023-04-06 15:58:57,837 - Epoch:8/300,Train Accuracy:87.23880767822266%
2023-04-06 15:58:58,031 - Epoch:9/300,Train Accuracy:86.79104614257812%
2023-04-06 15:58:58,178 - Epoch:10/300,Train Accuracy:87.3880615234375%
2023-04-06 15:58:58,326 - Epoch:11/300,Train Accuracy:87.46268463134766%
2023-04-06 15:58:58,490 - Epoch:12/300,Train Accuracy:87.46268463134766%
2023-04-06 15:58:58,632 - Epoch:13/300,Train Accuracy:87.76119232177734%
2023-04-06 15:58:58,776 - Epoch:14/300,Train Accuracy:88.50746154785156%
2023-04-06 15:58:58,919 - Epoch:15/300,Train Accuracy:87.98507690429688%
2023-04-06 15:58:59,062 - Epoch:16/300,Train Accuracy:88.6567153930664%
2023-04-06 15:58:59,204 - Epoch:17/300,Train Accuracy:88.50746154785156%
2023-04-06 15:58:59,347 - Epoch:18/300,Train Accuracy:88.7313461303711%
2023-04-06 15:58:59,489 - Epoch:19/300,Train Accuracy:89.10447692871094%
2023-04-06 15:58:59,632 - Epoch:20/300,Train Accuracy:89.10447692871094%
2023-04-06 15:58:59,774 - Epoch:21/300,Train Accuracy:89.25373077392578%
2023-04-06 15:58:59,917 - Epoch:22/300,Train Accuracy:88.88059997558594%
2023-04-06 15:59:00,064 - Epoch:23/300,Train Accuracy:89.62686920166016%
2023-04-06 15:59:00,211 - Epoch:24/300,Train Accuracy:89.47761535644531%
2023-04-06 15:59:00,358 - Epoch:25/300,Train Accuracy:89.62686920166016%
2023-04-06 15:59:00,505 - Epoch:26/300,Train Accuracy:90.07462310791016%
2023-04-06 15:59:00,651 - Epoch:27/300,Train Accuracy:89.85074615478516%
2023-04-06 15:59:00,796 - Epoch:28/300,Train Accuracy:89.85074615478516%
2023-04-06 15:59:00,942 - Epoch:29/300,Train Accuracy:90.29850769042969%
2023-04-06 15:59:01,087 - Epoch:30/300,Train Accuracy:90.14925384521484%
2023-04-06 15:59:01,233 - Epoch:31/300,Train Accuracy:90.59701538085938%
2023-04-06 15:59:01,379 - Epoch:32/300,Train Accuracy:90.37313079833984%
2023-04-06 15:59:01,527 - Epoch:33/300,Train Accuracy:90.59701538085938%
2023-04-06 15:59:01,674 - Epoch:34/300,Train Accuracy:90.52238464355469%
2023-04-06 15:59:01,821 - Epoch:35/300,Train Accuracy:90.97014617919922%
2023-04-06 15:59:01,966 - Epoch:36/300,Train Accuracy:90.97014617919922%
2023-04-06 15:59:02,115 - Epoch:37/300,Train Accuracy:91.19403076171875%
2023-04-06 15:59:02,261 - Epoch:38/300,Train Accuracy:91.19403076171875%
2023-04-06 15:59:02,407 - Epoch:39/300,Train Accuracy:90.67163848876953%
2023-04-06 15:59:02,553 - Epoch:40/300,Train Accuracy:91.5671615600586%
2023-04-06 15:59:02,699 - Epoch:41/300,Train Accuracy:91.41790771484375%
2023-04-06 15:59:02,846 - Epoch:42/300,Train Accuracy:91.19403076171875%
2023-04-06 15:59:02,993 - Epoch:43/300,Train Accuracy:91.71641540527344%
2023-04-06 15:59:03,139 - Epoch:44/300,Train Accuracy:91.79104614257812%
2023-04-06 15:59:03,285 - Epoch:45/300,Train Accuracy:91.49253845214844%
2023-04-06 15:59:03,431 - Epoch:46/300,Train Accuracy:91.71641540527344%
2023-04-06 15:59:03,577 - Epoch:47/300,Train Accuracy:91.71641540527344%
2023-04-06 15:59:03,725 - Epoch:48/300,Train Accuracy:91.86566925048828%
2023-04-06 15:59:03,875 - Epoch:49/300,Train Accuracy:92.31343078613281%
2023-04-06 15:59:04,045 - Epoch:50/300,Train Accuracy:92.01492309570312%
2023-04-06 15:59:04,193 - Epoch:51/300,Train Accuracy:91.94029998779297%
2023-04-06 15:59:04,342 - Epoch:52/300,Train Accuracy:92.31343078613281%
2023-04-06 15:59:04,492 - Epoch:53/300,Train Accuracy:92.46268463134766%
2023-04-06 15:59:04,639 - Epoch:54/300,Train Accuracy:92.16417694091797%
2023-04-06 15:59:04,787 - Epoch:55/300,Train Accuracy:92.53731536865234%
2023-04-06 15:59:04,934 - Epoch:56/300,Train Accuracy:92.46268463134766%
2023-04-06 15:59:05,082 - Epoch:57/300,Train Accuracy:92.6119384765625%
2023-04-06 15:59:05,229 - Epoch:58/300,Train Accuracy:91.94029998779297%
2023-04-06 15:59:05,376 - Epoch:59/300,Train Accuracy:92.23880767822266%
2023-04-06 15:59:05,523 - Epoch:60/300,Train Accuracy:92.83582305908203%
2023-04-06 15:59:05,671 - Epoch:61/300,Train Accuracy:92.6119384765625%
2023-04-06 15:59:05,818 - Epoch:62/300,Train Accuracy:92.6119384765625%
2023-04-06 15:59:05,965 - Epoch:63/300,Train Accuracy:92.98507690429688%
2023-04-06 15:59:06,113 - Epoch:64/300,Train Accuracy:92.83582305908203%
2023-04-06 15:59:06,259 - Epoch:65/300,Train Accuracy:92.91044616699219%
2023-04-06 15:59:06,406 - Epoch:66/300,Train Accuracy:93.28358459472656%
2023-04-06 15:59:06,555 - Epoch:67/300,Train Accuracy:93.50746154785156%
2023-04-06 15:59:06,704 - Epoch:68/300,Train Accuracy:93.50746154785156%
2023-04-06 15:59:06,852 - Epoch:69/300,Train Accuracy:93.28358459472656%
2023-04-06 15:59:06,999 - Epoch:70/300,Train Accuracy:93.9552230834961%
2023-04-06 15:59:07,147 - Epoch:71/300,Train Accuracy:93.6567153930664%
2023-04-06 15:59:07,296 - Epoch:72/300,Train Accuracy:93.6567153930664%
2023-04-06 15:59:07,444 - Epoch:73/300,Train Accuracy:93.80596923828125%
2023-04-06 15:59:07,591 - Epoch:74/300,Train Accuracy:93.9552230834961%
2023-04-06 15:59:07,737 - Epoch:75/300,Train Accuracy:94.02985382080078%
2023-04-06 15:59:07,883 - Epoch:76/300,Train Accuracy:93.58209228515625%
2023-04-06 15:59:08,029 - Epoch:77/300,Train Accuracy:94.40298461914062%
2023-04-06 15:59:08,176 - Epoch:78/300,Train Accuracy:94.10447692871094%
2023-04-06 15:59:08,322 - Epoch:79/300,Train Accuracy:94.25373077392578%
2023-04-06 15:59:08,468 - Epoch:80/300,Train Accuracy:94.25373077392578%
2023-04-06 15:59:08,614 - Epoch:81/300,Train Accuracy:94.70149230957031%
2023-04-06 15:59:08,759 - Epoch:82/300,Train Accuracy:94.17910766601562%
2023-04-06 15:59:08,905 - Epoch:83/300,Train Accuracy:94.17910766601562%
2023-04-06 15:59:09,051 - Epoch:84/300,Train Accuracy:94.62686920166016%
2023-04-06 15:59:09,198 - Epoch:85/300,Train Accuracy:94.55223846435547%
2023-04-06 15:59:09,344 - Epoch:86/300,Train Accuracy:94.47761535644531%
2023-04-06 15:59:09,490 - Epoch:87/300,Train Accuracy:94.85074615478516%
2023-04-06 15:59:09,638 - Epoch:88/300,Train Accuracy:94.776123046875%
2023-04-06 15:59:09,784 - Epoch:89/300,Train Accuracy:94.62686920166016%
2023-04-06 15:59:09,931 - Epoch:90/300,Train Accuracy:94.92537689208984%
2023-04-06 15:59:10,094 - Epoch:91/300,Train Accuracy:94.776123046875%
2023-04-06 15:59:10,240 - Epoch:92/300,Train Accuracy:94.55223846435547%
2023-04-06 15:59:10,385 - Epoch:93/300,Train Accuracy:95.14925384521484%
2023-04-06 15:59:10,530 - Epoch:94/300,Train Accuracy:95.29850769042969%
2023-04-06 15:59:10,677 - Epoch:95/300,Train Accuracy:95.07462310791016%
2023-04-06 15:59:10,822 - Epoch:96/300,Train Accuracy:94.92537689208984%
2023-04-06 15:59:10,968 - Epoch:97/300,Train Accuracy:95.44776153564453%
2023-04-06 15:59:11,113 - Epoch:98/300,Train Accuracy:96.0447769165039%
2023-04-06 15:59:11,259 - Epoch:99/300,Train Accuracy:95.37313079833984%
2023-04-06 15:59:11,404 - Epoch:100/300,Train Accuracy:94.776123046875%
2023-04-06 15:59:11,550 - Epoch:101/300,Train Accuracy:95.37313079833984%
2023-04-06 15:59:11,695 - Epoch:102/300,Train Accuracy:95.0%
2023-04-06 15:59:11,841 - Epoch:103/300,Train Accuracy:95.89552307128906%
2023-04-06 15:59:11,987 - Epoch:104/300,Train Accuracy:95.29850769042969%
2023-04-06 15:59:12,133 - Epoch:105/300,Train Accuracy:95.67163848876953%
2023-04-06 15:59:12,278 - Epoch:106/300,Train Accuracy:95.67163848876953%
2023-04-06 15:59:12,424 - Epoch:107/300,Train Accuracy:95.44776153564453%
2023-04-06 15:59:12,569 - Epoch:108/300,Train Accuracy:95.67163848876953%
2023-04-06 15:59:12,714 - Epoch:109/300,Train Accuracy:95.59701538085938%
2023-04-06 15:59:12,859 - Epoch:110/300,Train Accuracy:95.67163848876953%
2023-04-06 15:59:13,003 - Epoch:111/300,Train Accuracy:95.29850769042969%
2023-04-06 15:59:13,149 - Epoch:112/300,Train Accuracy:96.11940002441406%
2023-04-06 15:59:13,293 - Epoch:113/300,Train Accuracy:96.19403076171875%
2023-04-06 15:59:13,439 - Epoch:114/300,Train Accuracy:95.82089233398438%
2023-04-06 15:59:13,584 - Epoch:115/300,Train Accuracy:95.97014617919922%
2023-04-06 15:59:13,730 - Epoch:116/300,Train Accuracy:95.97014617919922%
2023-04-06 15:59:13,876 - Epoch:117/300,Train Accuracy:95.52238464355469%
2023-04-06 15:59:14,021 - Epoch:118/300,Train Accuracy:95.89552307128906%
2023-04-06 15:59:14,166 - Epoch:119/300,Train Accuracy:96.19403076171875%
2023-04-06 15:59:14,311 - Epoch:120/300,Train Accuracy:96.3432846069336%
2023-04-06 15:59:14,458 - Epoch:121/300,Train Accuracy:96.19403076171875%
2023-04-06 15:59:14,604 - Epoch:122/300,Train Accuracy:96.3432846069336%
2023-04-06 15:59:14,749 - Epoch:123/300,Train Accuracy:96.0447769165039%
2023-04-06 15:59:14,895 - Epoch:124/300,Train Accuracy:96.3432846069336%
2023-04-06 15:59:15,040 - Epoch:125/300,Train Accuracy:96.0447769165039%
2023-04-06 15:59:15,186 - Epoch:126/300,Train Accuracy:96.41790771484375%
2023-04-06 15:59:15,331 - Epoch:127/300,Train Accuracy:96.64179229736328%
2023-04-06 15:59:15,478 - Epoch:128/300,Train Accuracy:96.5671615600586%
2023-04-06 15:59:15,624 - Epoch:129/300,Train Accuracy:96.41790771484375%
2023-04-06 15:59:15,768 - Epoch:130/300,Train Accuracy:96.49253845214844%
2023-04-06 15:59:15,913 - Epoch:131/300,Train Accuracy:96.41790771484375%
2023-04-06 15:59:16,059 - Epoch:132/300,Train Accuracy:96.5671615600586%
2023-04-06 15:59:16,203 - Epoch:133/300,Train Accuracy:96.71641540527344%
2023-04-06 15:59:16,349 - Epoch:134/300,Train Accuracy:96.71641540527344%
2023-04-06 15:59:16,494 - Epoch:135/300,Train Accuracy:96.71641540527344%
2023-04-06 15:59:16,641 - Epoch:136/300,Train Accuracy:96.19403076171875%
2023-04-06 15:59:16,787 - Epoch:137/300,Train Accuracy:96.2686538696289%
2023-04-06 15:59:16,935 - Epoch:138/300,Train Accuracy:96.86566925048828%
2023-04-06 15:59:17,082 - Epoch:139/300,Train Accuracy:96.64179229736328%
2023-04-06 15:59:17,228 - Epoch:140/300,Train Accuracy:97.23880767822266%
2023-04-06 15:59:17,373 - Epoch:141/300,Train Accuracy:97.16417694091797%
2023-04-06 15:59:17,519 - Epoch:142/300,Train Accuracy:97.08955383300781%
2023-04-06 15:59:17,665 - Epoch:143/300,Train Accuracy:96.79104614257812%
2023-04-06 15:59:17,810 - Epoch:144/300,Train Accuracy:96.94029998779297%
2023-04-06 15:59:17,956 - Epoch:145/300,Train Accuracy:96.86566925048828%
2023-04-06 15:59:18,102 - Epoch:146/300,Train Accuracy:97.08955383300781%
2023-04-06 15:59:18,247 - Epoch:147/300,Train Accuracy:97.01492309570312%
2023-04-06 15:59:18,392 - Epoch:148/300,Train Accuracy:96.94029998779297%
2023-04-06 15:59:18,537 - Epoch:149/300,Train Accuracy:97.01492309570312%
2023-04-06 15:59:18,683 - Epoch:150/300,Train Accuracy:97.31343078613281%
2023-04-06 15:59:18,829 - Epoch:151/300,Train Accuracy:96.79104614257812%
2023-04-06 15:59:18,974 - Epoch:152/300,Train Accuracy:97.53731536865234%
2023-04-06 15:59:19,121 - Epoch:153/300,Train Accuracy:97.46268463134766%
2023-04-06 15:59:19,267 - Epoch:154/300,Train Accuracy:97.16417694091797%
2023-04-06 15:59:19,413 - Epoch:155/300,Train Accuracy:97.3880615234375%
2023-04-06 15:59:19,560 - Epoch:156/300,Train Accuracy:97.01492309570312%
2023-04-06 15:59:19,706 - Epoch:157/300,Train Accuracy:97.31343078613281%
2023-04-06 15:59:19,853 - Epoch:158/300,Train Accuracy:97.23880767822266%
2023-04-06 15:59:20,001 - Epoch:159/300,Train Accuracy:97.76119232177734%
2023-04-06 15:59:20,149 - Epoch:160/300,Train Accuracy:97.46268463134766%
2023-04-06 15:59:20,296 - Epoch:161/300,Train Accuracy:97.46268463134766%
2023-04-06 15:59:20,443 - Epoch:162/300,Train Accuracy:97.76119232177734%
2023-04-06 15:59:20,590 - Epoch:163/300,Train Accuracy:97.23880767822266%
2023-04-06 15:59:20,758 - Epoch:164/300,Train Accuracy:97.83582305908203%
2023-04-06 15:59:20,907 - Epoch:165/300,Train Accuracy:97.53731536865234%
2023-04-06 15:59:21,055 - Epoch:166/300,Train Accuracy:97.76119232177734%
2023-04-06 15:59:21,203 - Epoch:167/300,Train Accuracy:98.28358459472656%
2023-04-06 15:59:21,351 - Epoch:168/300,Train Accuracy:98.05970001220703%
2023-04-06 15:59:21,498 - Epoch:169/300,Train Accuracy:97.23880767822266%
2023-04-06 15:59:21,645 - Epoch:170/300,Train Accuracy:97.53731536865234%
2023-04-06 15:59:21,792 - Epoch:171/300,Train Accuracy:98.13433074951172%
2023-04-06 15:59:21,940 - Epoch:172/300,Train Accuracy:97.53731536865234%
2023-04-06 15:59:22,088 - Epoch:173/300,Train Accuracy:97.68656921386719%
2023-04-06 15:59:22,254 - Epoch:174/300,Train Accuracy:98.4328384399414%
2023-04-06 15:59:22,402 - Epoch:175/300,Train Accuracy:97.91044616699219%
2023-04-06 15:59:22,550 - Epoch:176/300,Train Accuracy:98.20895385742188%
2023-04-06 15:59:22,697 - Epoch:177/300,Train Accuracy:98.6567153930664%
2023-04-06 15:59:22,843 - Epoch:178/300,Train Accuracy:98.13433074951172%
2023-04-06 15:59:22,989 - Epoch:179/300,Train Accuracy:97.98507690429688%
2023-04-06 15:59:23,137 - Epoch:180/300,Train Accuracy:98.35820770263672%
2023-04-06 15:59:23,283 - Epoch:181/300,Train Accuracy:98.05970001220703%
2023-04-06 15:59:23,429 - Epoch:182/300,Train Accuracy:98.6567153930664%
2023-04-06 15:59:23,575 - Epoch:183/300,Train Accuracy:98.35820770263672%
2023-04-06 15:59:23,722 - Epoch:184/300,Train Accuracy:98.20895385742188%
2023-04-06 15:59:23,868 - Epoch:185/300,Train Accuracy:98.4328384399414%
2023-04-06 15:59:24,013 - Epoch:186/300,Train Accuracy:98.6567153930664%
2023-04-06 15:59:24,175 - Epoch:187/300,Train Accuracy:98.50746154785156%
2023-04-06 15:59:24,321 - Epoch:188/300,Train Accuracy:98.80596923828125%
2023-04-06 15:59:24,466 - Epoch:189/300,Train Accuracy:98.6567153930664%
2023-04-06 15:59:24,612 - Epoch:190/300,Train Accuracy:98.4328384399414%
2023-04-06 15:59:24,759 - Epoch:191/300,Train Accuracy:98.35820770263672%
2023-04-06 15:59:24,905 - Epoch:192/300,Train Accuracy:98.4328384399414%
2023-04-06 15:59:25,052 - Epoch:193/300,Train Accuracy:99.10447692871094%
2023-04-06 15:59:25,198 - Epoch:194/300,Train Accuracy:98.6567153930664%
2023-04-06 15:59:25,344 - Epoch:195/300,Train Accuracy:98.6567153930664%
2023-04-06 15:59:25,491 - Epoch:196/300,Train Accuracy:98.88059997558594%
2023-04-06 15:59:25,638 - Epoch:197/300,Train Accuracy:98.58209228515625%
2023-04-06 15:59:25,784 - Epoch:198/300,Train Accuracy:98.58209228515625%
2023-04-06 15:59:25,931 - Epoch:199/300,Train Accuracy:98.80596923828125%
2023-04-06 15:59:26,077 - Epoch:200/300,Train Accuracy:98.88059997558594%
2023-04-06 15:59:26,224 - Epoch:201/300,Train Accuracy:99.17910766601562%
2023-04-06 15:59:26,369 - Epoch:202/300,Train Accuracy:98.7313461303711%
2023-04-06 15:59:26,515 - Epoch:203/300,Train Accuracy:98.9552230834961%
2023-04-06 15:59:26,661 - Epoch:204/300,Train Accuracy:98.7313461303711%
2023-04-06 15:59:26,807 - Epoch:205/300,Train Accuracy:99.02985382080078%
2023-04-06 15:59:26,953 - Epoch:206/300,Train Accuracy:99.17910766601562%
2023-04-06 15:59:27,099 - Epoch:207/300,Train Accuracy:98.88059997558594%
2023-04-06 15:59:27,245 - Epoch:208/300,Train Accuracy:98.88059997558594%
2023-04-06 15:59:27,391 - Epoch:209/300,Train Accuracy:99.02985382080078%
2023-04-06 15:59:27,537 - Epoch:210/300,Train Accuracy:98.9552230834961%
2023-04-06 15:59:27,683 - Epoch:211/300,Train Accuracy:99.40298461914062%
2023-04-06 15:59:27,828 - Epoch:212/300,Train Accuracy:99.25373077392578%
2023-04-06 15:59:27,987 - Epoch:213/300,Train Accuracy:99.02985382080078%
2023-04-06 15:59:28,133 - Epoch:214/300,Train Accuracy:99.40298461914062%
2023-04-06 15:59:28,278 - Epoch:215/300,Train Accuracy:98.88059997558594%
2023-04-06 15:59:28,424 - Epoch:216/300,Train Accuracy:98.88059997558594%
2023-04-06 15:59:28,569 - Epoch:217/300,Train Accuracy:99.10447692871094%
2023-04-06 15:59:28,714 - Epoch:218/300,Train Accuracy:98.88059997558594%
2023-04-06 15:59:28,860 - Epoch:219/300,Train Accuracy:98.9552230834961%
2023-04-06 15:59:29,005 - Epoch:220/300,Train Accuracy:99.32836151123047%
2023-04-06 15:59:29,151 - Epoch:221/300,Train Accuracy:99.25373077392578%
2023-04-06 15:59:29,296 - Epoch:222/300,Train Accuracy:99.32836151123047%
2023-04-06 15:59:29,442 - Epoch:223/300,Train Accuracy:99.17910766601562%
2023-04-06 15:59:29,588 - Epoch:224/300,Train Accuracy:99.32836151123047%
2023-04-06 15:59:29,745 - Epoch:225/300,Train Accuracy:99.40298461914062%
2023-04-06 15:59:29,903 - Epoch:226/300,Train Accuracy:99.40298461914062%
2023-04-06 15:59:30,063 - Epoch:227/300,Train Accuracy:99.62686920166016%
2023-04-06 15:59:30,224 - Epoch:228/300,Train Accuracy:99.40298461914062%
2023-04-06 15:59:30,386 - Epoch:229/300,Train Accuracy:99.10447692871094%
2023-04-06 15:59:30,549 - Epoch:230/300,Train Accuracy:99.62686920166016%
2023-04-06 15:59:30,712 - Epoch:231/300,Train Accuracy:99.47761535644531%
2023-04-06 15:59:30,873 - Epoch:232/300,Train Accuracy:99.55223846435547%
2023-04-06 15:59:31,032 - Epoch:233/300,Train Accuracy:99.62686920166016%
2023-04-06 15:59:31,193 - Epoch:234/300,Train Accuracy:99.32836151123047%
2023-04-06 15:59:31,352 - Epoch:235/300,Train Accuracy:99.47761535644531%
2023-04-06 15:59:31,512 - Epoch:236/300,Train Accuracy:99.70149230957031%
2023-04-06 15:59:31,681 - Epoch:237/300,Train Accuracy:99.40298461914062%
2023-04-06 15:59:31,858 - Epoch:238/300,Train Accuracy:99.62686920166016%
2023-04-06 15:59:32,032 - Epoch:239/300,Train Accuracy:99.70149230957031%
2023-04-06 15:59:32,207 - Epoch:240/300,Train Accuracy:99.85074615478516%
2023-04-06 15:59:32,378 - Epoch:241/300,Train Accuracy:99.32836151123047%
2023-04-06 15:59:32,548 - Epoch:242/300,Train Accuracy:99.40298461914062%
2023-04-06 15:59:32,715 - Epoch:243/300,Train Accuracy:99.55223846435547%
2023-04-06 15:59:32,876 - Epoch:244/300,Train Accuracy:99.70149230957031%
2023-04-06 15:59:33,039 - Epoch:245/300,Train Accuracy:99.55223846435547%
2023-04-06 15:59:33,199 - Epoch:246/300,Train Accuracy:99.40298461914062%
2023-04-06 15:59:33,355 - Epoch:247/300,Train Accuracy:99.62686920166016%
2023-04-06 15:59:33,502 - Epoch:248/300,Train Accuracy:99.40298461914062%
2023-04-06 15:59:33,649 - Epoch:249/300,Train Accuracy:99.40298461914062%
2023-04-06 15:59:33,797 - Epoch:250/300,Train Accuracy:99.62686920166016%
2023-04-06 15:59:33,949 - Epoch:251/300,Train Accuracy:99.47761535644531%
2023-04-06 15:59:34,104 - Epoch:252/300,Train Accuracy:99.70149230957031%
2023-04-06 15:59:34,259 - Epoch:253/300,Train Accuracy:99.47761535644531%
2023-04-06 15:59:34,411 - Epoch:254/300,Train Accuracy:99.62686920166016%
2023-04-06 15:59:34,561 - Epoch:255/300,Train Accuracy:99.62686920166016%
2023-04-06 15:59:34,709 - Epoch:256/300,Train Accuracy:99.55223846435547%
2023-04-06 15:59:34,857 - Epoch:257/300,Train Accuracy:99.47761535644531%
2023-04-06 15:59:35,014 - Epoch:258/300,Train Accuracy:99.70149230957031%
2023-04-06 15:59:35,168 - Epoch:259/300,Train Accuracy:99.62686920166016%
2023-04-06 15:59:35,317 - Epoch:260/300,Train Accuracy:99.62686920166016%
2023-04-06 15:59:35,469 - Epoch:261/300,Train Accuracy:99.55223846435547%
2023-04-06 15:59:35,619 - Epoch:262/300,Train Accuracy:99.776123046875%
2023-04-06 15:59:35,768 - Epoch:263/300,Train Accuracy:99.776123046875%
2023-04-06 15:59:35,919 - Epoch:264/300,Train Accuracy:99.70149230957031%
2023-04-06 15:59:36,073 - Epoch:265/300,Train Accuracy:99.70149230957031%
2023-04-06 15:59:36,246 - Epoch:266/300,Train Accuracy:99.70149230957031%
2023-04-06 15:59:36,398 - Epoch:267/300,Train Accuracy:99.55223846435547%
2023-04-06 15:59:36,548 - Epoch:268/300,Train Accuracy:99.776123046875%
2023-04-06 15:59:36,721 - Epoch:269/300,Train Accuracy:99.55223846435547%
2023-04-06 15:59:36,872 - Epoch:270/300,Train Accuracy:99.70149230957031%
2023-04-06 15:59:37,022 - Epoch:271/300,Train Accuracy:99.55223846435547%
2023-04-06 15:59:37,177 - Epoch:272/300,Train Accuracy:99.85074615478516%
2023-04-06 15:59:37,331 - Epoch:273/300,Train Accuracy:99.70149230957031%
2023-04-06 15:59:37,481 - Epoch:274/300,Train Accuracy:99.62686920166016%
2023-04-06 15:59:37,629 - Epoch:275/300,Train Accuracy:99.776123046875%
2023-04-06 15:59:37,779 - Epoch:276/300,Train Accuracy:99.70149230957031%
2023-04-06 15:59:37,928 - Epoch:277/300,Train Accuracy:99.62686920166016%
2023-04-06 15:59:38,077 - Epoch:278/300,Train Accuracy:99.70149230957031%
2023-04-06 15:59:38,225 - Epoch:279/300,Train Accuracy:99.62686920166016%
2023-04-06 15:59:38,373 - Epoch:280/300,Train Accuracy:99.70149230957031%
2023-04-06 15:59:38,519 - Epoch:281/300,Train Accuracy:99.776123046875%
2023-04-06 15:59:38,668 - Epoch:282/300,Train Accuracy:99.62686920166016%
2023-04-06 15:59:38,816 - Epoch:283/300,Train Accuracy:99.85074615478516%
2023-04-06 15:59:38,969 - Epoch:284/300,Train Accuracy:99.85074615478516%
2023-04-06 15:59:39,119 - Epoch:285/300,Train Accuracy:99.62686920166016%
2023-04-06 15:59:39,288 - Epoch:286/300,Train Accuracy:99.70149230957031%
2023-04-06 15:59:39,438 - Epoch:287/300,Train Accuracy:99.776123046875%
2023-04-06 15:59:39,588 - Epoch:288/300,Train Accuracy:99.85074615478516%
2023-04-06 15:59:39,740 - Epoch:289/300,Train Accuracy:99.776123046875%
2023-04-06 15:59:39,890 - Epoch:290/300,Train Accuracy:99.85074615478516%
2023-04-06 15:59:40,042 - Epoch:291/300,Train Accuracy:99.776123046875%
2023-04-06 15:59:40,217 - Epoch:292/300,Train Accuracy:99.776123046875%
2023-04-06 15:59:40,366 - Epoch:293/300,Train Accuracy:99.85074615478516%
2023-04-06 15:59:40,522 - Epoch:294/300,Train Accuracy:99.776123046875%
2023-04-06 15:59:40,677 - Epoch:295/300,Train Accuracy:99.776123046875%
2023-04-06 15:59:40,843 - Epoch:296/300,Train Accuracy:99.776123046875%
2023-04-06 15:59:40,991 - Epoch:297/300,Train Accuracy:99.776123046875%
2023-04-06 15:59:41,140 - Epoch:298/300,Train Accuracy:99.70149230957031%
2023-04-06 15:59:41,289 - Epoch:299/300,Train Accuracy:99.62686920166016%
2023-04-06 15:59:41,517 - 
Test set: Avg. loss: 0.0133, Accuracy: 616/660 (93.33%)

2023-04-06 15:59:41,520 - fpr:[0.         0.06583072 1.        ],tpr:[0.         0.93255132 1.        ],threshold:[2 1 0],auc:0.9333602993224795
2023-04-06 15:59:41,521 - This is for user12
2023-04-06 15:59:41,877 - Epoch:0/300,Train Accuracy:43.43283462524414%
2023-04-06 15:59:42,026 - Epoch:1/300,Train Accuracy:47.761192321777344%
2023-04-06 15:59:42,174 - Epoch:2/300,Train Accuracy:48.88059616088867%
2023-04-06 15:59:42,323 - Epoch:3/300,Train Accuracy:49.47761154174805%
2023-04-06 15:59:42,472 - Epoch:4/300,Train Accuracy:50.223880767822266%
2023-04-06 15:59:42,621 - Epoch:5/300,Train Accuracy:51.26865768432617%
2023-04-06 15:59:42,783 - Epoch:6/300,Train Accuracy:51.26865768432617%
2023-04-06 15:59:42,927 - Epoch:7/300,Train Accuracy:52.164180755615234%
2023-04-06 15:59:43,138 - Epoch:8/300,Train Accuracy:52.91044616699219%
2023-04-06 15:59:43,326 - Epoch:9/300,Train Accuracy:52.91044616699219%
2023-04-06 15:59:43,472 - Epoch:10/300,Train Accuracy:53.80596923828125%
2023-04-06 15:59:43,620 - Epoch:11/300,Train Accuracy:54.55223846435547%
2023-04-06 15:59:43,763 - Epoch:12/300,Train Accuracy:55.223880767822266%
2023-04-06 15:59:43,907 - Epoch:13/300,Train Accuracy:55.29850769042969%
2023-04-06 15:59:44,053 - Epoch:14/300,Train Accuracy:55.89552307128906%
2023-04-06 15:59:44,198 - Epoch:15/300,Train Accuracy:57.01492691040039%
2023-04-06 15:59:44,353 - Epoch:16/300,Train Accuracy:57.238807678222656%
2023-04-06 15:59:44,505 - Epoch:17/300,Train Accuracy:57.31343460083008%
2023-04-06 15:59:44,655 - Epoch:18/300,Train Accuracy:58.656715393066406%
2023-04-06 15:59:44,812 - Epoch:19/300,Train Accuracy:58.13432693481445%
2023-04-06 15:59:44,967 - Epoch:20/300,Train Accuracy:57.835819244384766%
2023-04-06 15:59:45,127 - Epoch:21/300,Train Accuracy:58.73134231567383%
2023-04-06 15:59:45,281 - Epoch:22/300,Train Accuracy:59.402984619140625%
2023-04-06 15:59:45,435 - Epoch:23/300,Train Accuracy:59.25373077392578%
2023-04-06 15:59:45,606 - Epoch:24/300,Train Accuracy:60.0%
2023-04-06 15:59:45,757 - Epoch:25/300,Train Accuracy:60.597015380859375%
2023-04-06 15:59:45,914 - Epoch:26/300,Train Accuracy:61.49253845214844%
2023-04-06 15:59:46,063 - Epoch:27/300,Train Accuracy:60.44776153564453%
2023-04-06 15:59:46,217 - Epoch:28/300,Train Accuracy:61.64179229736328%
2023-04-06 15:59:46,375 - Epoch:29/300,Train Accuracy:61.19403076171875%
2023-04-06 15:59:46,529 - Epoch:30/300,Train Accuracy:61.86567306518555%
2023-04-06 15:59:46,686 - Epoch:31/300,Train Accuracy:62.08955383300781%
2023-04-06 15:59:46,847 - Epoch:32/300,Train Accuracy:61.94029998779297%
2023-04-06 15:59:46,996 - Epoch:33/300,Train Accuracy:61.94029998779297%
2023-04-06 15:59:47,144 - Epoch:34/300,Train Accuracy:62.68656539916992%
2023-04-06 15:59:47,301 - Epoch:35/300,Train Accuracy:62.53731155395508%
2023-04-06 15:59:47,455 - Epoch:36/300,Train Accuracy:62.68656539916992%
2023-04-06 15:59:47,611 - Epoch:37/300,Train Accuracy:63.05970001220703%
2023-04-06 15:59:47,766 - Epoch:38/300,Train Accuracy:63.05970001220703%
2023-04-06 15:59:47,922 - Epoch:39/300,Train Accuracy:63.2835807800293%
2023-04-06 15:59:48,078 - Epoch:40/300,Train Accuracy:63.656715393066406%
2023-04-06 15:59:48,249 - Epoch:41/300,Train Accuracy:64.25373077392578%
2023-04-06 15:59:48,392 - Epoch:42/300,Train Accuracy:64.32836151123047%
2023-04-06 15:59:48,536 - Epoch:43/300,Train Accuracy:65.0%
2023-04-06 15:59:48,679 - Epoch:44/300,Train Accuracy:65.67163848876953%
2023-04-06 15:59:48,823 - Epoch:45/300,Train Accuracy:64.85074615478516%
2023-04-06 15:59:48,967 - Epoch:46/300,Train Accuracy:64.92537689208984%
2023-04-06 15:59:49,113 - Epoch:47/300,Train Accuracy:65.29850769042969%
2023-04-06 15:59:49,258 - Epoch:48/300,Train Accuracy:65.52238464355469%
2023-04-06 15:59:49,403 - Epoch:49/300,Train Accuracy:65.89552307128906%
2023-04-06 15:59:49,547 - Epoch:50/300,Train Accuracy:66.0447769165039%
2023-04-06 15:59:49,692 - Epoch:51/300,Train Accuracy:65.37313079833984%
2023-04-06 15:59:49,836 - Epoch:52/300,Train Accuracy:66.41790771484375%
2023-04-06 15:59:49,981 - Epoch:53/300,Train Accuracy:65.44776153564453%
2023-04-06 15:59:50,125 - Epoch:54/300,Train Accuracy:66.49253845214844%
2023-04-06 15:59:50,266 - Epoch:55/300,Train Accuracy:65.67163848876953%
2023-04-06 15:59:50,407 - Epoch:56/300,Train Accuracy:66.2686538696289%
2023-04-06 15:59:50,550 - Epoch:57/300,Train Accuracy:66.3432846069336%
2023-04-06 15:59:50,691 - Epoch:58/300,Train Accuracy:65.67163848876953%
2023-04-06 15:59:50,832 - Epoch:59/300,Train Accuracy:67.6119384765625%
2023-04-06 15:59:50,973 - Epoch:60/300,Train Accuracy:66.86566925048828%
2023-04-06 15:59:51,115 - Epoch:61/300,Train Accuracy:67.23880767822266%
2023-04-06 15:59:51,257 - Epoch:62/300,Train Accuracy:67.46268463134766%
2023-04-06 15:59:51,398 - Epoch:63/300,Train Accuracy:66.79104614257812%
2023-04-06 15:59:51,539 - Epoch:64/300,Train Accuracy:67.83582305908203%
2023-04-06 15:59:51,681 - Epoch:65/300,Train Accuracy:66.49253845214844%
2023-04-06 15:59:51,823 - Epoch:66/300,Train Accuracy:68.05970001220703%
2023-04-06 15:59:51,965 - Epoch:67/300,Train Accuracy:68.05970001220703%
2023-04-06 15:59:52,107 - Epoch:68/300,Train Accuracy:68.9552230834961%
2023-04-06 15:59:52,250 - Epoch:69/300,Train Accuracy:67.6119384765625%
2023-04-06 15:59:52,393 - Epoch:70/300,Train Accuracy:67.68656921386719%
2023-04-06 15:59:52,535 - Epoch:71/300,Train Accuracy:68.6567153930664%
2023-04-06 15:59:52,676 - Epoch:72/300,Train Accuracy:68.35820770263672%
2023-04-06 15:59:52,817 - Epoch:73/300,Train Accuracy:69.47761535644531%
2023-04-06 15:59:52,959 - Epoch:74/300,Train Accuracy:69.02985382080078%
2023-04-06 15:59:53,100 - Epoch:75/300,Train Accuracy:67.98507690429688%
2023-04-06 15:59:53,242 - Epoch:76/300,Train Accuracy:69.62686920166016%
2023-04-06 15:59:53,383 - Epoch:77/300,Train Accuracy:69.10447692871094%
2023-04-06 15:59:53,525 - Epoch:78/300,Train Accuracy:68.9552230834961%
2023-04-06 15:59:53,668 - Epoch:79/300,Train Accuracy:68.9552230834961%
2023-04-06 15:59:53,810 - Epoch:80/300,Train Accuracy:68.80596923828125%
2023-04-06 15:59:53,950 - Epoch:81/300,Train Accuracy:70.0%
2023-04-06 15:59:54,092 - Epoch:82/300,Train Accuracy:68.50746154785156%
2023-04-06 15:59:54,235 - Epoch:83/300,Train Accuracy:67.91044616699219%
2023-04-06 15:59:54,379 - Epoch:84/300,Train Accuracy:69.32836151123047%
2023-04-06 15:59:54,521 - Epoch:85/300,Train Accuracy:70.0%
2023-04-06 15:59:54,663 - Epoch:86/300,Train Accuracy:70.67163848876953%
2023-04-06 15:59:54,809 - Epoch:87/300,Train Accuracy:70.89552307128906%
2023-04-06 15:59:54,952 - Epoch:88/300,Train Accuracy:69.25373077392578%
2023-04-06 15:59:55,095 - Epoch:89/300,Train Accuracy:70.74626922607422%
2023-04-06 15:59:55,238 - Epoch:90/300,Train Accuracy:70.59701538085938%
2023-04-06 15:59:55,381 - Epoch:91/300,Train Accuracy:70.37313079833984%
2023-04-06 15:59:55,524 - Epoch:92/300,Train Accuracy:70.82089233398438%
2023-04-06 15:59:55,669 - Epoch:93/300,Train Accuracy:70.223876953125%
2023-04-06 15:59:55,813 - Epoch:94/300,Train Accuracy:70.14925384521484%
2023-04-06 15:59:55,957 - Epoch:95/300,Train Accuracy:71.3432846069336%
2023-04-06 15:59:56,097 - Epoch:96/300,Train Accuracy:71.41790771484375%
2023-04-06 15:59:56,238 - Epoch:97/300,Train Accuracy:71.79104614257812%
2023-04-06 15:59:56,379 - Epoch:98/300,Train Accuracy:71.71641540527344%
2023-04-06 15:59:56,522 - Epoch:99/300,Train Accuracy:70.89552307128906%
2023-04-06 15:59:56,664 - Epoch:100/300,Train Accuracy:71.79104614257812%
2023-04-06 15:59:56,806 - Epoch:101/300,Train Accuracy:70.59701538085938%
2023-04-06 15:59:56,948 - Epoch:102/300,Train Accuracy:72.23880767822266%
2023-04-06 15:59:57,089 - Epoch:103/300,Train Accuracy:71.0447769165039%
2023-04-06 15:59:57,231 - Epoch:104/300,Train Accuracy:71.3432846069336%
2023-04-06 15:59:57,372 - Epoch:105/300,Train Accuracy:72.23880767822266%
2023-04-06 15:59:57,513 - Epoch:106/300,Train Accuracy:72.23880767822266%
2023-04-06 15:59:57,654 - Epoch:107/300,Train Accuracy:72.68656921386719%
2023-04-06 15:59:57,795 - Epoch:108/300,Train Accuracy:72.08955383300781%
2023-04-06 15:59:57,937 - Epoch:109/300,Train Accuracy:72.31343078613281%
2023-04-06 15:59:58,078 - Epoch:110/300,Train Accuracy:72.46268463134766%
2023-04-06 15:59:58,221 - Epoch:111/300,Train Accuracy:72.68656921386719%
2023-04-06 15:59:58,362 - Epoch:112/300,Train Accuracy:72.6119384765625%
2023-04-06 15:59:58,506 - Epoch:113/300,Train Accuracy:72.68656921386719%
2023-04-06 15:59:58,647 - Epoch:114/300,Train Accuracy:73.6567153930664%
2023-04-06 15:59:58,789 - Epoch:115/300,Train Accuracy:73.28358459472656%
2023-04-06 15:59:58,932 - Epoch:116/300,Train Accuracy:73.13433074951172%
2023-04-06 15:59:59,078 - Epoch:117/300,Train Accuracy:73.50746154785156%
2023-04-06 15:59:59,222 - Epoch:118/300,Train Accuracy:73.80596923828125%
2023-04-06 15:59:59,364 - Epoch:119/300,Train Accuracy:73.20895385742188%
2023-04-06 15:59:59,507 - Epoch:120/300,Train Accuracy:73.58209228515625%
2023-04-06 15:59:59,649 - Epoch:121/300,Train Accuracy:72.83582305908203%
2023-04-06 15:59:59,792 - Epoch:122/300,Train Accuracy:74.70149230957031%
2023-04-06 15:59:59,935 - Epoch:123/300,Train Accuracy:73.88059997558594%
2023-04-06 16:00:00,087 - Epoch:124/300,Train Accuracy:74.17910766601562%
2023-04-06 16:00:00,237 - Epoch:125/300,Train Accuracy:73.35820770263672%
2023-04-06 16:00:00,385 - Epoch:126/300,Train Accuracy:73.80596923828125%
2023-04-06 16:00:00,533 - Epoch:127/300,Train Accuracy:74.02985382080078%
2023-04-06 16:00:00,680 - Epoch:128/300,Train Accuracy:73.7313461303711%
2023-04-06 16:00:00,826 - Epoch:129/300,Train Accuracy:73.80596923828125%
2023-04-06 16:00:00,972 - Epoch:130/300,Train Accuracy:75.14925384521484%
2023-04-06 16:00:01,117 - Epoch:131/300,Train Accuracy:74.10447692871094%
2023-04-06 16:00:01,261 - Epoch:132/300,Train Accuracy:74.70149230957031%
2023-04-06 16:00:01,407 - Epoch:133/300,Train Accuracy:75.0%
2023-04-06 16:00:01,551 - Epoch:134/300,Train Accuracy:74.17910766601562%
2023-04-06 16:00:01,696 - Epoch:135/300,Train Accuracy:75.37313079833984%
2023-04-06 16:00:01,842 - Epoch:136/300,Train Accuracy:74.40298461914062%
2023-04-06 16:00:01,987 - Epoch:137/300,Train Accuracy:75.37313079833984%
2023-04-06 16:00:02,132 - Epoch:138/300,Train Accuracy:74.92537689208984%
2023-04-06 16:00:02,277 - Epoch:139/300,Train Accuracy:73.80596923828125%
2023-04-06 16:00:02,421 - Epoch:140/300,Train Accuracy:74.92537689208984%
2023-04-06 16:00:02,566 - Epoch:141/300,Train Accuracy:75.07462310791016%
2023-04-06 16:00:02,712 - Epoch:142/300,Train Accuracy:75.44776153564453%
2023-04-06 16:00:02,856 - Epoch:143/300,Train Accuracy:74.25373077392578%
2023-04-06 16:00:03,002 - Epoch:144/300,Train Accuracy:75.0%
2023-04-06 16:00:03,147 - Epoch:145/300,Train Accuracy:75.82089233398438%
2023-04-06 16:00:03,292 - Epoch:146/300,Train Accuracy:75.59701538085938%
2023-04-06 16:00:03,437 - Epoch:147/300,Train Accuracy:75.29850769042969%
2023-04-06 16:00:03,582 - Epoch:148/300,Train Accuracy:75.97014617919922%
2023-04-06 16:00:03,729 - Epoch:149/300,Train Accuracy:76.3432846069336%
2023-04-06 16:00:03,873 - Epoch:150/300,Train Accuracy:75.97014617919922%
2023-04-06 16:00:04,022 - Epoch:151/300,Train Accuracy:75.59701538085938%
2023-04-06 16:00:04,175 - Epoch:152/300,Train Accuracy:76.0447769165039%
2023-04-06 16:00:04,328 - Epoch:153/300,Train Accuracy:75.67163848876953%
2023-04-06 16:00:04,495 - Epoch:154/300,Train Accuracy:76.19403076171875%
2023-04-06 16:00:04,640 - Epoch:155/300,Train Accuracy:76.5671615600586%
2023-04-06 16:00:04,790 - Epoch:156/300,Train Accuracy:76.94029998779297%
2023-04-06 16:00:04,936 - Epoch:157/300,Train Accuracy:76.2686538696289%
2023-04-06 16:00:05,083 - Epoch:158/300,Train Accuracy:76.71641540527344%
2023-04-06 16:00:05,230 - Epoch:159/300,Train Accuracy:76.79104614257812%
2023-04-06 16:00:05,377 - Epoch:160/300,Train Accuracy:76.86566925048828%
2023-04-06 16:00:05,523 - Epoch:161/300,Train Accuracy:76.64179229736328%
2023-04-06 16:00:05,669 - Epoch:162/300,Train Accuracy:76.5671615600586%
2023-04-06 16:00:05,816 - Epoch:163/300,Train Accuracy:76.41790771484375%
2023-04-06 16:00:05,962 - Epoch:164/300,Train Accuracy:76.86566925048828%
2023-04-06 16:00:06,112 - Epoch:165/300,Train Accuracy:77.6119384765625%
2023-04-06 16:00:06,260 - Epoch:166/300,Train Accuracy:77.3880615234375%
2023-04-06 16:00:06,412 - Epoch:167/300,Train Accuracy:76.86566925048828%
2023-04-06 16:00:06,567 - Epoch:168/300,Train Accuracy:77.31343078613281%
2023-04-06 16:00:06,720 - Epoch:169/300,Train Accuracy:77.3880615234375%
2023-04-06 16:00:06,867 - Epoch:170/300,Train Accuracy:76.64179229736328%
2023-04-06 16:00:07,012 - Epoch:171/300,Train Accuracy:77.91044616699219%
2023-04-06 16:00:07,162 - Epoch:172/300,Train Accuracy:78.13433074951172%
2023-04-06 16:00:07,314 - Epoch:173/300,Train Accuracy:77.83582305908203%
2023-04-06 16:00:07,466 - Epoch:174/300,Train Accuracy:77.6119384765625%
2023-04-06 16:00:07,620 - Epoch:175/300,Train Accuracy:77.98507690429688%
2023-04-06 16:00:07,771 - Epoch:176/300,Train Accuracy:78.35820770263672%
2023-04-06 16:00:07,920 - Epoch:177/300,Train Accuracy:77.31343078613281%
2023-04-06 16:00:08,070 - Epoch:178/300,Train Accuracy:78.13433074951172%
2023-04-06 16:00:08,219 - Epoch:179/300,Train Accuracy:78.05970001220703%
2023-04-06 16:00:08,366 - Epoch:180/300,Train Accuracy:78.58209228515625%
2023-04-06 16:00:08,513 - Epoch:181/300,Train Accuracy:78.05970001220703%
2023-04-06 16:00:08,661 - Epoch:182/300,Train Accuracy:78.13433074951172%
2023-04-06 16:00:08,810 - Epoch:183/300,Train Accuracy:77.98507690429688%
2023-04-06 16:00:08,955 - Epoch:184/300,Train Accuracy:77.91044616699219%
2023-04-06 16:00:09,104 - Epoch:185/300,Train Accuracy:79.17910766601562%
2023-04-06 16:00:09,249 - Epoch:186/300,Train Accuracy:78.4328384399414%
2023-04-06 16:00:09,395 - Epoch:187/300,Train Accuracy:78.50746154785156%
2023-04-06 16:00:09,540 - Epoch:188/300,Train Accuracy:78.20895385742188%
2023-04-06 16:00:09,682 - Epoch:189/300,Train Accuracy:79.10447692871094%
2023-04-06 16:00:09,825 - Epoch:190/300,Train Accuracy:78.58209228515625%
2023-04-06 16:00:09,970 - Epoch:191/300,Train Accuracy:79.02985382080078%
2023-04-06 16:00:10,135 - Epoch:192/300,Train Accuracy:79.40298461914062%
2023-04-06 16:00:10,279 - Epoch:193/300,Train Accuracy:79.25373077392578%
2023-04-06 16:00:10,425 - Epoch:194/300,Train Accuracy:79.47761535644531%
2023-04-06 16:00:10,569 - Epoch:195/300,Train Accuracy:78.6567153930664%
2023-04-06 16:00:10,714 - Epoch:196/300,Train Accuracy:79.85074615478516%
2023-04-06 16:00:10,859 - Epoch:197/300,Train Accuracy:78.9552230834961%
2023-04-06 16:00:11,002 - Epoch:198/300,Train Accuracy:79.10447692871094%
2023-04-06 16:00:11,150 - Epoch:199/300,Train Accuracy:79.10447692871094%
2023-04-06 16:00:11,294 - Epoch:200/300,Train Accuracy:80.07462310791016%
2023-04-06 16:00:11,438 - Epoch:201/300,Train Accuracy:79.92537689208984%
2023-04-06 16:00:11,582 - Epoch:202/300,Train Accuracy:79.25373077392578%
2023-04-06 16:00:11,726 - Epoch:203/300,Train Accuracy:80.0%
2023-04-06 16:00:11,871 - Epoch:204/300,Train Accuracy:79.62686920166016%
2023-04-06 16:00:12,015 - Epoch:205/300,Train Accuracy:80.0%
2023-04-06 16:00:12,161 - Epoch:206/300,Train Accuracy:80.52238464355469%
2023-04-06 16:00:12,305 - Epoch:207/300,Train Accuracy:80.223876953125%
2023-04-06 16:00:12,451 - Epoch:208/300,Train Accuracy:80.59701538085938%
2023-04-06 16:00:12,595 - Epoch:209/300,Train Accuracy:81.19403076171875%
2023-04-06 16:00:12,742 - Epoch:210/300,Train Accuracy:81.3432846069336%
2023-04-06 16:00:12,887 - Epoch:211/300,Train Accuracy:80.97014617919922%
2023-04-06 16:00:13,033 - Epoch:212/300,Train Accuracy:80.59701538085938%
2023-04-06 16:00:13,178 - Epoch:213/300,Train Accuracy:80.82089233398438%
2023-04-06 16:00:13,324 - Epoch:214/300,Train Accuracy:81.11940002441406%
2023-04-06 16:00:13,468 - Epoch:215/300,Train Accuracy:81.49253845214844%
2023-04-06 16:00:13,612 - Epoch:216/300,Train Accuracy:81.11940002441406%
2023-04-06 16:00:13,756 - Epoch:217/300,Train Accuracy:82.23880767822266%
2023-04-06 16:00:13,899 - Epoch:218/300,Train Accuracy:81.79104614257812%
2023-04-06 16:00:14,043 - Epoch:219/300,Train Accuracy:82.31343078613281%
2023-04-06 16:00:14,189 - Epoch:220/300,Train Accuracy:81.5671615600586%
2023-04-06 16:00:14,334 - Epoch:221/300,Train Accuracy:81.94029998779297%
2023-04-06 16:00:14,478 - Epoch:222/300,Train Accuracy:81.5671615600586%
2023-04-06 16:00:14,623 - Epoch:223/300,Train Accuracy:82.08955383300781%
2023-04-06 16:00:14,769 - Epoch:224/300,Train Accuracy:82.16417694091797%
2023-04-06 16:00:14,915 - Epoch:225/300,Train Accuracy:82.83582305908203%
2023-04-06 16:00:15,061 - Epoch:226/300,Train Accuracy:82.3880615234375%
2023-04-06 16:00:15,206 - Epoch:227/300,Train Accuracy:82.68656921386719%
2023-04-06 16:00:15,353 - Epoch:228/300,Train Accuracy:82.76119232177734%
2023-04-06 16:00:15,514 - Epoch:229/300,Train Accuracy:82.31343078613281%
2023-04-06 16:00:15,659 - Epoch:230/300,Train Accuracy:82.16417694091797%
2023-04-06 16:00:15,808 - Epoch:231/300,Train Accuracy:82.6119384765625%
2023-04-06 16:00:15,954 - Epoch:232/300,Train Accuracy:83.6567153930664%
2023-04-06 16:00:16,096 - Epoch:233/300,Train Accuracy:83.13433074951172%
2023-04-06 16:00:16,240 - Epoch:234/300,Train Accuracy:83.28358459472656%
2023-04-06 16:00:16,475 - Epoch:235/300,Train Accuracy:83.50746154785156%
2023-04-06 16:00:16,620 - Epoch:236/300,Train Accuracy:83.20895385742188%
2023-04-06 16:00:16,766 - Epoch:237/300,Train Accuracy:83.9552230834961%
2023-04-06 16:00:16,912 - Epoch:238/300,Train Accuracy:83.80596923828125%
2023-04-06 16:00:17,060 - Epoch:239/300,Train Accuracy:84.32836151123047%
2023-04-06 16:00:17,206 - Epoch:240/300,Train Accuracy:83.6567153930664%
2023-04-06 16:00:17,352 - Epoch:241/300,Train Accuracy:84.10447692871094%
2023-04-06 16:00:17,496 - Epoch:242/300,Train Accuracy:84.55223846435547%
2023-04-06 16:00:17,639 - Epoch:243/300,Train Accuracy:84.47761535644531%
2023-04-06 16:00:17,785 - Epoch:244/300,Train Accuracy:84.47761535644531%
2023-04-06 16:00:17,931 - Epoch:245/300,Train Accuracy:84.25373077392578%
2023-04-06 16:00:18,076 - Epoch:246/300,Train Accuracy:84.776123046875%
2023-04-06 16:00:18,221 - Epoch:247/300,Train Accuracy:84.40298461914062%
2023-04-06 16:00:18,366 - Epoch:248/300,Train Accuracy:84.62686920166016%
2023-04-06 16:00:18,511 - Epoch:249/300,Train Accuracy:84.47761535644531%
2023-04-06 16:00:18,656 - Epoch:250/300,Train Accuracy:85.0%
2023-04-06 16:00:18,803 - Epoch:251/300,Train Accuracy:85.0%
2023-04-06 16:00:18,949 - Epoch:252/300,Train Accuracy:84.92537689208984%
2023-04-06 16:00:19,096 - Epoch:253/300,Train Accuracy:85.29850769042969%
2023-04-06 16:00:19,242 - Epoch:254/300,Train Accuracy:85.07462310791016%
2023-04-06 16:00:19,390 - Epoch:255/300,Train Accuracy:85.14925384521484%
2023-04-06 16:00:19,538 - Epoch:256/300,Train Accuracy:84.85074615478516%
2023-04-06 16:00:19,686 - Epoch:257/300,Train Accuracy:85.223876953125%
2023-04-06 16:00:19,834 - Epoch:258/300,Train Accuracy:85.82089233398438%
2023-04-06 16:00:19,981 - Epoch:259/300,Train Accuracy:85.0%
2023-04-06 16:00:20,130 - Epoch:260/300,Train Accuracy:85.74626922607422%
2023-04-06 16:00:20,278 - Epoch:261/300,Train Accuracy:85.59701538085938%
2023-04-06 16:00:20,425 - Epoch:262/300,Train Accuracy:85.44776153564453%
2023-04-06 16:00:20,572 - Epoch:263/300,Train Accuracy:85.89552307128906%
2023-04-06 16:00:20,747 - Epoch:264/300,Train Accuracy:86.2686538696289%
2023-04-06 16:00:20,937 - Epoch:265/300,Train Accuracy:85.82089233398438%
2023-04-06 16:00:21,107 - Epoch:266/300,Train Accuracy:86.2686538696289%
2023-04-06 16:00:21,269 - Epoch:267/300,Train Accuracy:86.3432846069336%
2023-04-06 16:00:21,436 - Epoch:268/300,Train Accuracy:85.59701538085938%
2023-04-06 16:00:21,592 - Epoch:269/300,Train Accuracy:85.67163848876953%
2023-04-06 16:00:21,752 - Epoch:270/300,Train Accuracy:86.11940002441406%
2023-04-06 16:00:21,921 - Epoch:271/300,Train Accuracy:86.64179229736328%
2023-04-06 16:00:22,083 - Epoch:272/300,Train Accuracy:86.5671615600586%
2023-04-06 16:00:22,246 - Epoch:273/300,Train Accuracy:86.86566925048828%
2023-04-06 16:00:22,406 - Epoch:274/300,Train Accuracy:85.82089233398438%
2023-04-06 16:00:22,561 - Epoch:275/300,Train Accuracy:86.86566925048828%
2023-04-06 16:00:22,718 - Epoch:276/300,Train Accuracy:86.71641540527344%
2023-04-06 16:00:22,873 - Epoch:277/300,Train Accuracy:86.5671615600586%
2023-04-06 16:00:23,030 - Epoch:278/300,Train Accuracy:86.79104614257812%
2023-04-06 16:00:23,184 - Epoch:279/300,Train Accuracy:86.79104614257812%
2023-04-06 16:00:23,343 - Epoch:280/300,Train Accuracy:86.86566925048828%
2023-04-06 16:00:23,500 - Epoch:281/300,Train Accuracy:86.79104614257812%
2023-04-06 16:00:23,656 - Epoch:282/300,Train Accuracy:87.16417694091797%
2023-04-06 16:00:23,812 - Epoch:283/300,Train Accuracy:86.94029998779297%
2023-04-06 16:00:23,967 - Epoch:284/300,Train Accuracy:87.31343078613281%
2023-04-06 16:00:24,133 - Epoch:285/300,Train Accuracy:87.46268463134766%
2023-04-06 16:00:24,286 - Epoch:286/300,Train Accuracy:87.08955383300781%
2023-04-06 16:00:24,441 - Epoch:287/300,Train Accuracy:87.68656921386719%
2023-04-06 16:00:24,593 - Epoch:288/300,Train Accuracy:87.83582305908203%
2023-04-06 16:00:24,752 - Epoch:289/300,Train Accuracy:87.83582305908203%
2023-04-06 16:00:24,910 - Epoch:290/300,Train Accuracy:87.23880767822266%
2023-04-06 16:00:25,080 - Epoch:291/300,Train Accuracy:87.46268463134766%
2023-04-06 16:00:25,235 - Epoch:292/300,Train Accuracy:88.05970001220703%
2023-04-06 16:00:25,389 - Epoch:293/300,Train Accuracy:87.68656921386719%
2023-04-06 16:00:25,543 - Epoch:294/300,Train Accuracy:87.83582305908203%
2023-04-06 16:00:25,697 - Epoch:295/300,Train Accuracy:88.05970001220703%
2023-04-06 16:00:25,891 - Epoch:296/300,Train Accuracy:87.98507690429688%
2023-04-06 16:00:26,036 - Epoch:297/300,Train Accuracy:87.91044616699219%
2023-04-06 16:00:26,177 - Epoch:298/300,Train Accuracy:87.91044616699219%
2023-04-06 16:00:26,317 - Epoch:299/300,Train Accuracy:88.20895385742188%
2023-04-06 16:00:26,545 - 
Test set: Avg. loss: 0.0437, Accuracy: 461/660 (69.85%)

2023-04-06 16:00:26,548 - fpr:[0.         0.36363636 1.        ],tpr:[0.         0.75659824 1.        ],threshold:[2 1 0],auc:0.6964809384164222
2023-04-06 16:00:26,549 - This is for user15
2023-04-06 16:00:26,894 - Epoch:0/300,Train Accuracy:65.37313079833984%
2023-04-06 16:00:27,035 - Epoch:1/300,Train Accuracy:65.37313079833984%
2023-04-06 16:00:27,176 - Epoch:2/300,Train Accuracy:66.19403076171875%
2023-04-06 16:00:27,318 - Epoch:3/300,Train Accuracy:67.16417694091797%
2023-04-06 16:00:27,459 - Epoch:4/300,Train Accuracy:67.08955383300781%
2023-04-06 16:00:27,600 - Epoch:5/300,Train Accuracy:67.01492309570312%
2023-04-06 16:00:27,742 - Epoch:6/300,Train Accuracy:67.76119232177734%
2023-04-06 16:00:27,895 - Epoch:7/300,Train Accuracy:68.28358459472656%
2023-04-06 16:00:28,036 - Epoch:8/300,Train Accuracy:68.58209228515625%
2023-04-06 16:00:28,177 - Epoch:9/300,Train Accuracy:68.88059997558594%
2023-04-06 16:00:28,318 - Epoch:10/300,Train Accuracy:68.58209228515625%
2023-04-06 16:00:28,459 - Epoch:11/300,Train Accuracy:68.35820770263672%
2023-04-06 16:00:28,600 - Epoch:12/300,Train Accuracy:68.4328384399414%
2023-04-06 16:00:28,742 - Epoch:13/300,Train Accuracy:68.9552230834961%
2023-04-06 16:00:28,882 - Epoch:14/300,Train Accuracy:69.10447692871094%
2023-04-06 16:00:29,023 - Epoch:15/300,Train Accuracy:68.88059997558594%
2023-04-06 16:00:29,165 - Epoch:16/300,Train Accuracy:69.02985382080078%
2023-04-06 16:00:29,306 - Epoch:17/300,Train Accuracy:69.47761535644531%
2023-04-06 16:00:29,446 - Epoch:18/300,Train Accuracy:68.20895385742188%
2023-04-06 16:00:29,587 - Epoch:19/300,Train Accuracy:69.40298461914062%
2023-04-06 16:00:29,728 - Epoch:20/300,Train Accuracy:69.776123046875%
2023-04-06 16:00:29,869 - Epoch:21/300,Train Accuracy:69.85074615478516%
2023-04-06 16:00:30,010 - Epoch:22/300,Train Accuracy:69.70149230957031%
2023-04-06 16:00:30,152 - Epoch:23/300,Train Accuracy:69.85074615478516%
2023-04-06 16:00:30,293 - Epoch:24/300,Train Accuracy:69.70149230957031%
2023-04-06 16:00:30,434 - Epoch:25/300,Train Accuracy:70.89552307128906%
2023-04-06 16:00:30,575 - Epoch:26/300,Train Accuracy:69.70149230957031%
2023-04-06 16:00:30,716 - Epoch:27/300,Train Accuracy:70.67163848876953%
2023-04-06 16:00:30,857 - Epoch:28/300,Train Accuracy:69.776123046875%
2023-04-06 16:00:31,008 - Epoch:29/300,Train Accuracy:70.29850769042969%
2023-04-06 16:00:31,150 - Epoch:30/300,Train Accuracy:70.37313079833984%
2023-04-06 16:00:31,290 - Epoch:31/300,Train Accuracy:70.223876953125%
2023-04-06 16:00:31,430 - Epoch:32/300,Train Accuracy:70.44776153564453%
2023-04-06 16:00:31,570 - Epoch:33/300,Train Accuracy:70.37313079833984%
2023-04-06 16:00:31,710 - Epoch:34/300,Train Accuracy:70.67163848876953%
2023-04-06 16:00:31,850 - Epoch:35/300,Train Accuracy:70.74626922607422%
2023-04-06 16:00:32,009 - Epoch:36/300,Train Accuracy:70.74626922607422%
2023-04-06 16:00:32,158 - Epoch:37/300,Train Accuracy:71.5671615600586%
2023-04-06 16:00:32,307 - Epoch:38/300,Train Accuracy:70.44776153564453%
2023-04-06 16:00:32,455 - Epoch:39/300,Train Accuracy:71.0447769165039%
2023-04-06 16:00:32,603 - Epoch:40/300,Train Accuracy:71.71641540527344%
2023-04-06 16:00:32,749 - Epoch:41/300,Train Accuracy:71.19403076171875%
2023-04-06 16:00:32,898 - Epoch:42/300,Train Accuracy:71.0447769165039%
2023-04-06 16:00:33,047 - Epoch:43/300,Train Accuracy:71.71641540527344%
2023-04-06 16:00:33,195 - Epoch:44/300,Train Accuracy:71.3432846069336%
