2023-04-06 17:05:46,876 - lr:0.0001,weight_decay:8,batch_size:20
2023-04-06 17:05:46,877 - FullConnect(
  (linear1): Linear(in_features=39, out_features=64, bias=True)
  (linear2): Linear(in_features=64, out_features=128, bias=True)
  (linear3): Linear(in_features=128, out_features=64, bias=True)
  (linear11): Linear(in_features=64, out_features=2, bias=True)
  (relu): ReLU()
)
2023-04-06 17:05:46,877 - This is for user7
2023-04-06 17:05:47,211 - Epoch:0/300,Train Accuracy:50.0%
2023-04-06 17:05:47,315 - Epoch:1/300,Train Accuracy:52.01492691040039%
2023-04-06 17:05:47,418 - Epoch:2/300,Train Accuracy:58.2835807800293%
2023-04-06 17:05:47,523 - Epoch:3/300,Train Accuracy:57.761192321777344%
2023-04-06 17:05:47,639 - Epoch:4/300,Train Accuracy:59.25373077392578%
2023-04-06 17:05:47,743 - Epoch:5/300,Train Accuracy:62.08955383300781%
2023-04-06 17:05:47,847 - Epoch:6/300,Train Accuracy:64.32836151123047%
2023-04-06 17:05:47,950 - Epoch:7/300,Train Accuracy:64.25373077392578%
2023-04-06 17:05:48,054 - Epoch:8/300,Train Accuracy:65.97014617919922%
2023-04-06 17:05:48,158 - Epoch:9/300,Train Accuracy:66.11940002441406%
2023-04-06 17:05:48,262 - Epoch:10/300,Train Accuracy:66.64179229736328%
2023-04-06 17:05:48,366 - Epoch:11/300,Train Accuracy:69.10447692871094%
2023-04-06 17:05:48,471 - Epoch:12/300,Train Accuracy:68.4328384399414%
2023-04-06 17:05:48,576 - Epoch:13/300,Train Accuracy:68.9552230834961%
2023-04-06 17:05:48,718 - Epoch:14/300,Train Accuracy:69.62686920166016%
2023-04-06 17:05:48,862 - Epoch:15/300,Train Accuracy:70.59701538085938%
2023-04-06 17:05:49,007 - Epoch:16/300,Train Accuracy:72.53731536865234%
2023-04-06 17:05:49,153 - Epoch:17/300,Train Accuracy:72.83582305908203%
2023-04-06 17:05:49,300 - Epoch:18/300,Train Accuracy:72.6119384765625%
2023-04-06 17:05:49,447 - Epoch:19/300,Train Accuracy:74.25373077392578%
2023-04-06 17:05:49,595 - Epoch:20/300,Train Accuracy:75.37313079833984%
2023-04-06 17:05:49,741 - Epoch:21/300,Train Accuracy:75.37313079833984%
2023-04-06 17:05:49,888 - Epoch:22/300,Train Accuracy:76.64179229736328%
2023-04-06 17:05:50,004 - Epoch:23/300,Train Accuracy:77.53731536865234%
2023-04-06 17:05:50,147 - Epoch:24/300,Train Accuracy:77.68656921386719%
2023-04-06 17:05:50,295 - Epoch:25/300,Train Accuracy:78.28358459472656%
2023-04-06 17:05:50,442 - Epoch:26/300,Train Accuracy:78.58209228515625%
2023-04-06 17:05:50,589 - Epoch:27/300,Train Accuracy:78.05970001220703%
2023-04-06 17:05:50,737 - Epoch:28/300,Train Accuracy:78.58209228515625%
2023-04-06 17:05:50,871 - Epoch:29/300,Train Accuracy:79.55223846435547%
2023-04-06 17:05:51,016 - Epoch:30/300,Train Accuracy:78.80596923828125%
2023-04-06 17:05:51,163 - Epoch:31/300,Train Accuracy:80.14925384521484%
2023-04-06 17:05:51,310 - Epoch:32/300,Train Accuracy:79.92537689208984%
2023-04-06 17:05:51,458 - Epoch:33/300,Train Accuracy:81.2686538696289%
2023-04-06 17:05:51,606 - Epoch:34/300,Train Accuracy:80.223876953125%
2023-04-06 17:05:51,753 - Epoch:35/300,Train Accuracy:79.92537689208984%
2023-04-06 17:05:51,900 - Epoch:36/300,Train Accuracy:80.14925384521484%
2023-04-06 17:05:52,047 - Epoch:37/300,Train Accuracy:80.67163848876953%
2023-04-06 17:05:52,194 - Epoch:38/300,Train Accuracy:81.0447769165039%
2023-04-06 17:05:52,342 - Epoch:39/300,Train Accuracy:81.0447769165039%
2023-04-06 17:05:52,489 - Epoch:40/300,Train Accuracy:81.3432846069336%
2023-04-06 17:05:52,636 - Epoch:41/300,Train Accuracy:80.52238464355469%
2023-04-06 17:05:52,743 - Epoch:42/300,Train Accuracy:80.37313079833984%
2023-04-06 17:05:52,841 - Epoch:43/300,Train Accuracy:81.41790771484375%
2023-04-06 17:05:52,940 - Epoch:44/300,Train Accuracy:82.08955383300781%
2023-04-06 17:05:53,050 - Epoch:45/300,Train Accuracy:81.49253845214844%
2023-04-06 17:05:53,148 - Epoch:46/300,Train Accuracy:82.08955383300781%
2023-04-06 17:05:53,246 - Epoch:47/300,Train Accuracy:81.71641540527344%
2023-04-06 17:05:53,344 - Epoch:48/300,Train Accuracy:82.16417694091797%
2023-04-06 17:05:53,442 - Epoch:49/300,Train Accuracy:81.71641540527344%
2023-04-06 17:05:53,542 - Epoch:50/300,Train Accuracy:81.3432846069336%
2023-04-06 17:05:53,643 - Epoch:51/300,Train Accuracy:82.01492309570312%
2023-04-06 17:05:53,742 - Epoch:52/300,Train Accuracy:82.23880767822266%
2023-04-06 17:05:53,845 - Epoch:53/300,Train Accuracy:82.31343078613281%
2023-04-06 17:05:53,948 - Epoch:54/300,Train Accuracy:82.53731536865234%
2023-04-06 17:05:54,047 - Epoch:55/300,Train Accuracy:83.35820770263672%
2023-04-06 17:05:54,145 - Epoch:56/300,Train Accuracy:83.35820770263672%
2023-04-06 17:05:54,242 - Epoch:57/300,Train Accuracy:82.68656921386719%
2023-04-06 17:05:54,340 - Epoch:58/300,Train Accuracy:82.53731536865234%
2023-04-06 17:05:54,438 - Epoch:59/300,Train Accuracy:83.35820770263672%
2023-04-06 17:05:54,549 - Epoch:60/300,Train Accuracy:82.91044616699219%
2023-04-06 17:05:54,677 - Epoch:61/300,Train Accuracy:83.7313461303711%
2023-04-06 17:05:54,797 - Epoch:62/300,Train Accuracy:82.76119232177734%
2023-04-06 17:05:54,924 - Epoch:63/300,Train Accuracy:83.05970001220703%
2023-04-06 17:05:55,030 - Epoch:64/300,Train Accuracy:82.76119232177734%
2023-04-06 17:05:55,135 - Epoch:65/300,Train Accuracy:82.16417694091797%
2023-04-06 17:05:55,238 - Epoch:66/300,Train Accuracy:83.58209228515625%
2023-04-06 17:05:55,343 - Epoch:67/300,Train Accuracy:83.9552230834961%
2023-04-06 17:05:55,446 - Epoch:68/300,Train Accuracy:83.05970001220703%
2023-04-06 17:05:55,551 - Epoch:69/300,Train Accuracy:84.02985382080078%
2023-04-06 17:05:55,651 - Epoch:70/300,Train Accuracy:83.20895385742188%
2023-04-06 17:05:55,750 - Epoch:71/300,Train Accuracy:83.05970001220703%
2023-04-06 17:05:55,847 - Epoch:72/300,Train Accuracy:83.80596923828125%
2023-04-06 17:05:55,945 - Epoch:73/300,Train Accuracy:83.20895385742188%
2023-04-06 17:05:56,046 - Epoch:74/300,Train Accuracy:84.40298461914062%
2023-04-06 17:05:56,143 - Epoch:75/300,Train Accuracy:83.28358459472656%
2023-04-06 17:05:56,241 - Epoch:76/300,Train Accuracy:83.6567153930664%
2023-04-06 17:05:56,338 - Epoch:77/300,Train Accuracy:83.05970001220703%
2023-04-06 17:05:56,435 - Epoch:78/300,Train Accuracy:84.10447692871094%
2023-04-06 17:05:56,533 - Epoch:79/300,Train Accuracy:85.0%
2023-04-06 17:05:56,631 - Epoch:80/300,Train Accuracy:83.9552230834961%
2023-04-06 17:05:56,729 - Epoch:81/300,Train Accuracy:84.25373077392578%
2023-04-06 17:05:56,826 - Epoch:82/300,Train Accuracy:83.88059997558594%
2023-04-06 17:05:56,923 - Epoch:83/300,Train Accuracy:84.10447692871094%
2023-04-06 17:05:57,021 - Epoch:84/300,Train Accuracy:84.10447692871094%
2023-04-06 17:05:57,119 - Epoch:85/300,Train Accuracy:84.17910766601562%
2023-04-06 17:05:57,217 - Epoch:86/300,Train Accuracy:83.9552230834961%
2023-04-06 17:05:57,317 - Epoch:87/300,Train Accuracy:85.07462310791016%
2023-04-06 17:05:57,415 - Epoch:88/300,Train Accuracy:85.223876953125%
2023-04-06 17:05:57,513 - Epoch:89/300,Train Accuracy:83.88059997558594%
2023-04-06 17:05:57,613 - Epoch:90/300,Train Accuracy:83.9552230834961%
2023-04-06 17:05:57,710 - Epoch:91/300,Train Accuracy:85.0%
2023-04-06 17:05:57,809 - Epoch:92/300,Train Accuracy:84.40298461914062%
2023-04-06 17:05:57,910 - Epoch:93/300,Train Accuracy:83.58209228515625%
2023-04-06 17:05:58,008 - Epoch:94/300,Train Accuracy:83.9552230834961%
2023-04-06 17:05:58,108 - Epoch:95/300,Train Accuracy:83.80596923828125%
2023-04-06 17:05:58,209 - Epoch:96/300,Train Accuracy:85.223876953125%
2023-04-06 17:05:58,306 - Epoch:97/300,Train Accuracy:83.50746154785156%
2023-04-06 17:05:58,403 - Epoch:98/300,Train Accuracy:84.40298461914062%
2023-04-06 17:05:58,502 - Epoch:99/300,Train Accuracy:83.35820770263672%
2023-04-06 17:05:58,607 - Epoch:100/300,Train Accuracy:83.9552230834961%
2023-04-06 17:05:58,704 - Epoch:101/300,Train Accuracy:84.10447692871094%
2023-04-06 17:05:58,802 - Epoch:102/300,Train Accuracy:84.40298461914062%
2023-04-06 17:05:58,899 - Epoch:103/300,Train Accuracy:84.47761535644531%
2023-04-06 17:05:58,996 - Epoch:104/300,Train Accuracy:83.58209228515625%
2023-04-06 17:05:59,094 - Epoch:105/300,Train Accuracy:84.40298461914062%
2023-04-06 17:05:59,207 - Epoch:106/300,Train Accuracy:85.14925384521484%
2023-04-06 17:05:59,304 - Epoch:107/300,Train Accuracy:84.776123046875%
2023-04-06 17:05:59,401 - Epoch:108/300,Train Accuracy:83.28358459472656%
2023-04-06 17:05:59,498 - Epoch:109/300,Train Accuracy:84.40298461914062%
2023-04-06 17:05:59,596 - Epoch:110/300,Train Accuracy:83.9552230834961%
2023-04-06 17:05:59,694 - Epoch:111/300,Train Accuracy:84.10447692871094%
2023-04-06 17:05:59,798 - Epoch:112/300,Train Accuracy:84.85074615478516%
2023-04-06 17:05:59,904 - Epoch:113/300,Train Accuracy:84.70149230957031%
2023-04-06 17:06:00,003 - Epoch:114/300,Train Accuracy:84.02985382080078%
2023-04-06 17:06:00,101 - Epoch:115/300,Train Accuracy:84.92537689208984%
2023-04-06 17:06:00,199 - Epoch:116/300,Train Accuracy:84.47761535644531%
2023-04-06 17:06:00,297 - Epoch:117/300,Train Accuracy:83.50746154785156%
2023-04-06 17:06:00,399 - Epoch:118/300,Train Accuracy:84.776123046875%
2023-04-06 17:06:00,496 - Epoch:119/300,Train Accuracy:84.47761535644531%
2023-04-06 17:06:00,594 - Epoch:120/300,Train Accuracy:84.85074615478516%
2023-04-06 17:06:00,692 - Epoch:121/300,Train Accuracy:85.0%
2023-04-06 17:06:00,789 - Epoch:122/300,Train Accuracy:84.92537689208984%
2023-04-06 17:06:00,887 - Epoch:123/300,Train Accuracy:83.58209228515625%
2023-04-06 17:06:00,984 - Epoch:124/300,Train Accuracy:84.776123046875%
2023-04-06 17:06:01,082 - Epoch:125/300,Train Accuracy:84.62686920166016%
2023-04-06 17:06:01,179 - Epoch:126/300,Train Accuracy:84.10447692871094%
2023-04-06 17:06:01,277 - Epoch:127/300,Train Accuracy:84.92537689208984%
2023-04-06 17:06:01,374 - Epoch:128/300,Train Accuracy:84.776123046875%
2023-04-06 17:06:01,472 - Epoch:129/300,Train Accuracy:84.10447692871094%
2023-04-06 17:06:01,570 - Epoch:130/300,Train Accuracy:84.70149230957031%
2023-04-06 17:06:01,668 - Epoch:131/300,Train Accuracy:84.47761535644531%
2023-04-06 17:06:01,770 - Epoch:132/300,Train Accuracy:84.10447692871094%
2023-04-06 17:06:01,868 - Epoch:133/300,Train Accuracy:84.62686920166016%
2023-04-06 17:06:01,966 - Epoch:134/300,Train Accuracy:84.47761535644531%
2023-04-06 17:06:02,089 - Epoch:135/300,Train Accuracy:85.67163848876953%
2023-04-06 17:06:02,206 - Epoch:136/300,Train Accuracy:85.07462310791016%
2023-04-06 17:06:02,323 - Epoch:137/300,Train Accuracy:84.55223846435547%
2023-04-06 17:06:02,439 - Epoch:138/300,Train Accuracy:85.223876953125%
2023-04-06 17:06:02,556 - Epoch:139/300,Train Accuracy:85.29850769042969%
2023-04-06 17:06:02,672 - Epoch:140/300,Train Accuracy:85.52238464355469%
2023-04-06 17:06:02,787 - Epoch:141/300,Train Accuracy:84.85074615478516%
2023-04-06 17:06:02,906 - Epoch:142/300,Train Accuracy:85.29850769042969%
2023-04-06 17:06:03,009 - Epoch:143/300,Train Accuracy:84.47761535644531%
2023-04-06 17:06:03,108 - Epoch:144/300,Train Accuracy:83.7313461303711%
2023-04-06 17:06:03,206 - Epoch:145/300,Train Accuracy:84.17910766601562%
2023-04-06 17:06:03,305 - Epoch:146/300,Train Accuracy:84.40298461914062%
2023-04-06 17:06:03,403 - Epoch:147/300,Train Accuracy:85.14925384521484%
2023-04-06 17:06:03,506 - Epoch:148/300,Train Accuracy:85.37313079833984%
2023-04-06 17:06:03,609 - Epoch:149/300,Train Accuracy:85.0%
2023-04-06 17:06:03,712 - Epoch:150/300,Train Accuracy:83.28358459472656%
2023-04-06 17:06:03,815 - Epoch:151/300,Train Accuracy:84.92537689208984%
2023-04-06 17:06:03,918 - Epoch:152/300,Train Accuracy:85.44776153564453%
2023-04-06 17:06:04,021 - Epoch:153/300,Train Accuracy:84.776123046875%
2023-04-06 17:06:04,125 - Epoch:154/300,Train Accuracy:85.14925384521484%
2023-04-06 17:06:04,227 - Epoch:155/300,Train Accuracy:84.55223846435547%
2023-04-06 17:06:04,332 - Epoch:156/300,Train Accuracy:84.40298461914062%
2023-04-06 17:06:04,436 - Epoch:157/300,Train Accuracy:84.70149230957031%
2023-04-06 17:06:04,540 - Epoch:158/300,Train Accuracy:84.47761535644531%
2023-04-06 17:06:04,644 - Epoch:159/300,Train Accuracy:85.82089233398438%
2023-04-06 17:06:04,747 - Epoch:160/300,Train Accuracy:84.10447692871094%
2023-04-06 17:06:04,850 - Epoch:161/300,Train Accuracy:85.29850769042969%
2023-04-06 17:06:04,954 - Epoch:162/300,Train Accuracy:84.92537689208984%
2023-04-06 17:06:05,057 - Epoch:163/300,Train Accuracy:84.85074615478516%
2023-04-06 17:06:05,161 - Epoch:164/300,Train Accuracy:84.55223846435547%
2023-04-06 17:06:05,267 - Epoch:165/300,Train Accuracy:84.55223846435547%
2023-04-06 17:06:05,371 - Epoch:166/300,Train Accuracy:84.25373077392578%
2023-04-06 17:06:05,474 - Epoch:167/300,Train Accuracy:84.70149230957031%
2023-04-06 17:06:05,580 - Epoch:168/300,Train Accuracy:84.776123046875%
2023-04-06 17:06:05,684 - Epoch:169/300,Train Accuracy:84.85074615478516%
2023-04-06 17:06:05,787 - Epoch:170/300,Train Accuracy:84.62686920166016%
2023-04-06 17:06:05,890 - Epoch:171/300,Train Accuracy:85.07462310791016%
2023-04-06 17:06:05,993 - Epoch:172/300,Train Accuracy:85.223876953125%
2023-04-06 17:06:06,097 - Epoch:173/300,Train Accuracy:84.62686920166016%
2023-04-06 17:06:06,199 - Epoch:174/300,Train Accuracy:83.88059997558594%
2023-04-06 17:06:06,303 - Epoch:175/300,Train Accuracy:84.32836151123047%
2023-04-06 17:06:06,406 - Epoch:176/300,Train Accuracy:84.92537689208984%
2023-04-06 17:06:06,509 - Epoch:177/300,Train Accuracy:84.776123046875%
2023-04-06 17:06:06,613 - Epoch:178/300,Train Accuracy:85.223876953125%
2023-04-06 17:06:06,716 - Epoch:179/300,Train Accuracy:85.223876953125%
2023-04-06 17:06:06,824 - Epoch:180/300,Train Accuracy:84.85074615478516%
2023-04-06 17:06:06,926 - Epoch:181/300,Train Accuracy:84.70149230957031%
2023-04-06 17:06:07,030 - Epoch:182/300,Train Accuracy:85.37313079833984%
2023-04-06 17:06:07,133 - Epoch:183/300,Train Accuracy:85.59701538085938%
2023-04-06 17:06:07,244 - Epoch:184/300,Train Accuracy:85.29850769042969%
2023-04-06 17:06:07,353 - Epoch:185/300,Train Accuracy:84.92537689208984%
2023-04-06 17:06:07,462 - Epoch:186/300,Train Accuracy:83.7313461303711%
2023-04-06 17:06:07,572 - Epoch:187/300,Train Accuracy:85.44776153564453%
2023-04-06 17:06:07,681 - Epoch:188/300,Train Accuracy:84.70149230957031%
2023-04-06 17:06:07,791 - Epoch:189/300,Train Accuracy:85.07462310791016%
2023-04-06 17:06:07,900 - Epoch:190/300,Train Accuracy:84.47761535644531%
2023-04-06 17:06:08,003 - Epoch:191/300,Train Accuracy:84.776123046875%
2023-04-06 17:06:08,105 - Epoch:192/300,Train Accuracy:85.07462310791016%
2023-04-06 17:06:08,207 - Epoch:193/300,Train Accuracy:84.17910766601562%
2023-04-06 17:06:08,309 - Epoch:194/300,Train Accuracy:85.07462310791016%
2023-04-06 17:06:08,411 - Epoch:195/300,Train Accuracy:85.14925384521484%
2023-04-06 17:06:08,513 - Epoch:196/300,Train Accuracy:84.85074615478516%
2023-04-06 17:06:08,616 - Epoch:197/300,Train Accuracy:84.47761535644531%
2023-04-06 17:06:08,719 - Epoch:198/300,Train Accuracy:85.44776153564453%
2023-04-06 17:06:08,821 - Epoch:199/300,Train Accuracy:85.29850769042969%
2023-04-06 17:06:08,923 - Epoch:200/300,Train Accuracy:85.0%
2023-04-06 17:06:09,025 - Epoch:201/300,Train Accuracy:85.29850769042969%
2023-04-06 17:06:09,127 - Epoch:202/300,Train Accuracy:85.223876953125%
2023-04-06 17:06:09,233 - Epoch:203/300,Train Accuracy:84.55223846435547%
2023-04-06 17:06:09,334 - Epoch:204/300,Train Accuracy:85.52238464355469%
2023-04-06 17:06:09,436 - Epoch:205/300,Train Accuracy:85.07462310791016%
2023-04-06 17:06:09,537 - Epoch:206/300,Train Accuracy:84.92537689208984%
2023-04-06 17:06:09,637 - Epoch:207/300,Train Accuracy:84.92537689208984%
2023-04-06 17:06:09,739 - Epoch:208/300,Train Accuracy:84.32836151123047%
2023-04-06 17:06:09,840 - Epoch:209/300,Train Accuracy:84.85074615478516%
2023-04-06 17:06:09,942 - Epoch:210/300,Train Accuracy:85.59701538085938%
2023-04-06 17:06:10,044 - Epoch:211/300,Train Accuracy:85.52238464355469%
2023-04-06 17:06:10,146 - Epoch:212/300,Train Accuracy:85.14925384521484%
2023-04-06 17:06:10,247 - Epoch:213/300,Train Accuracy:84.62686920166016%
2023-04-06 17:06:10,346 - Epoch:214/300,Train Accuracy:85.74626922607422%
2023-04-06 17:06:10,445 - Epoch:215/300,Train Accuracy:85.223876953125%
2023-04-06 17:06:10,545 - Epoch:216/300,Train Accuracy:84.62686920166016%
2023-04-06 17:06:10,646 - Epoch:217/300,Train Accuracy:85.0%
2023-04-06 17:06:10,747 - Epoch:218/300,Train Accuracy:85.0%
2023-04-06 17:06:10,846 - Epoch:219/300,Train Accuracy:85.89552307128906%
2023-04-06 17:06:10,959 - Epoch:220/300,Train Accuracy:85.0%
2023-04-06 17:06:11,060 - Epoch:221/300,Train Accuracy:85.29850769042969%
2023-04-06 17:06:11,161 - Epoch:222/300,Train Accuracy:84.55223846435547%
2023-04-06 17:06:11,263 - Epoch:223/300,Train Accuracy:84.32836151123047%
2023-04-06 17:06:11,364 - Epoch:224/300,Train Accuracy:85.97014617919922%
2023-04-06 17:06:11,463 - Epoch:225/300,Train Accuracy:85.223876953125%
2023-04-06 17:06:11,562 - Epoch:226/300,Train Accuracy:84.776123046875%
2023-04-06 17:06:11,662 - Epoch:227/300,Train Accuracy:85.223876953125%
2023-04-06 17:06:11,762 - Epoch:228/300,Train Accuracy:84.25373077392578%
2023-04-06 17:06:11,863 - Epoch:229/300,Train Accuracy:84.92537689208984%
2023-04-06 17:06:11,967 - Epoch:230/300,Train Accuracy:84.85074615478516%
2023-04-06 17:06:12,070 - Epoch:231/300,Train Accuracy:85.0%
2023-04-06 17:06:12,174 - Epoch:232/300,Train Accuracy:84.32836151123047%
2023-04-06 17:06:12,278 - Epoch:233/300,Train Accuracy:84.62686920166016%
2023-04-06 17:06:12,382 - Epoch:234/300,Train Accuracy:84.55223846435547%
2023-04-06 17:06:12,486 - Epoch:235/300,Train Accuracy:85.67163848876953%
2023-04-06 17:06:12,590 - Epoch:236/300,Train Accuracy:85.37313079833984%
2023-04-06 17:06:12,694 - Epoch:237/300,Train Accuracy:84.40298461914062%
2023-04-06 17:06:12,793 - Epoch:238/300,Train Accuracy:84.85074615478516%
2023-04-06 17:06:12,893 - Epoch:239/300,Train Accuracy:83.9552230834961%
2023-04-06 17:06:12,993 - Epoch:240/300,Train Accuracy:85.82089233398438%
2023-04-06 17:06:13,094 - Epoch:241/300,Train Accuracy:85.37313079833984%
2023-04-06 17:06:13,193 - Epoch:242/300,Train Accuracy:85.29850769042969%
2023-04-06 17:06:13,294 - Epoch:243/300,Train Accuracy:84.25373077392578%
2023-04-06 17:06:13,393 - Epoch:244/300,Train Accuracy:84.70149230957031%
2023-04-06 17:06:13,494 - Epoch:245/300,Train Accuracy:84.32836151123047%
2023-04-06 17:06:13,593 - Epoch:246/300,Train Accuracy:85.29850769042969%
2023-04-06 17:06:13,693 - Epoch:247/300,Train Accuracy:84.70149230957031%
2023-04-06 17:06:13,793 - Epoch:248/300,Train Accuracy:84.70149230957031%
2023-04-06 17:06:13,893 - Epoch:249/300,Train Accuracy:85.29850769042969%
2023-04-06 17:06:13,992 - Epoch:250/300,Train Accuracy:85.67163848876953%
2023-04-06 17:06:14,091 - Epoch:251/300,Train Accuracy:84.70149230957031%
2023-04-06 17:06:14,190 - Epoch:252/300,Train Accuracy:85.07462310791016%
2023-04-06 17:06:14,293 - Epoch:253/300,Train Accuracy:85.223876953125%
2023-04-06 17:06:14,397 - Epoch:254/300,Train Accuracy:84.40298461914062%
2023-04-06 17:06:14,501 - Epoch:255/300,Train Accuracy:84.55223846435547%
2023-04-06 17:06:14,606 - Epoch:256/300,Train Accuracy:85.67163848876953%
2023-04-06 17:06:14,710 - Epoch:257/300,Train Accuracy:85.74626922607422%
2023-04-06 17:06:14,814 - Epoch:258/300,Train Accuracy:85.97014617919922%
2023-04-06 17:06:14,918 - Epoch:259/300,Train Accuracy:85.37313079833984%
2023-04-06 17:06:15,022 - Epoch:260/300,Train Accuracy:85.223876953125%
2023-04-06 17:06:15,126 - Epoch:261/300,Train Accuracy:85.07462310791016%
2023-04-06 17:06:15,226 - Epoch:262/300,Train Accuracy:85.44776153564453%
2023-04-06 17:06:15,326 - Epoch:263/300,Train Accuracy:84.70149230957031%
2023-04-06 17:06:15,426 - Epoch:264/300,Train Accuracy:84.25373077392578%
2023-04-06 17:06:15,526 - Epoch:265/300,Train Accuracy:84.92537689208984%
2023-04-06 17:06:15,626 - Epoch:266/300,Train Accuracy:85.59701538085938%
2023-04-06 17:06:15,726 - Epoch:267/300,Train Accuracy:85.14925384521484%
2023-04-06 17:06:15,826 - Epoch:268/300,Train Accuracy:86.49253845214844%
2023-04-06 17:06:15,926 - Epoch:269/300,Train Accuracy:85.223876953125%
2023-04-06 17:06:16,040 - Epoch:270/300,Train Accuracy:84.62686920166016%
2023-04-06 17:06:16,144 - Epoch:271/300,Train Accuracy:85.82089233398438%
2023-04-06 17:06:16,249 - Epoch:272/300,Train Accuracy:85.223876953125%
2023-04-06 17:06:16,372 - Epoch:273/300,Train Accuracy:84.55223846435547%
2023-04-06 17:06:16,475 - Epoch:274/300,Train Accuracy:84.776123046875%
2023-04-06 17:06:16,578 - Epoch:275/300,Train Accuracy:83.9552230834961%
2023-04-06 17:06:16,682 - Epoch:276/300,Train Accuracy:85.52238464355469%
2023-04-06 17:06:16,785 - Epoch:277/300,Train Accuracy:84.47761535644531%
2023-04-06 17:06:16,888 - Epoch:278/300,Train Accuracy:86.0447769165039%
2023-04-06 17:06:16,991 - Epoch:279/300,Train Accuracy:85.37313079833984%
2023-04-06 17:06:17,093 - Epoch:280/300,Train Accuracy:85.29850769042969%
2023-04-06 17:06:17,195 - Epoch:281/300,Train Accuracy:85.223876953125%
2023-04-06 17:06:17,297 - Epoch:282/300,Train Accuracy:84.55223846435547%
2023-04-06 17:06:17,399 - Epoch:283/300,Train Accuracy:84.85074615478516%
2023-04-06 17:06:17,501 - Epoch:284/300,Train Accuracy:84.85074615478516%
2023-04-06 17:06:17,603 - Epoch:285/300,Train Accuracy:84.85074615478516%
2023-04-06 17:06:17,705 - Epoch:286/300,Train Accuracy:85.37313079833984%
2023-04-06 17:06:17,813 - Epoch:287/300,Train Accuracy:85.0%
2023-04-06 17:06:17,915 - Epoch:288/300,Train Accuracy:85.223876953125%
2023-04-06 17:06:18,017 - Epoch:289/300,Train Accuracy:85.97014617919922%
2023-04-06 17:06:18,119 - Epoch:290/300,Train Accuracy:85.0%
2023-04-06 17:06:18,220 - Epoch:291/300,Train Accuracy:84.70149230957031%
2023-04-06 17:06:18,323 - Epoch:292/300,Train Accuracy:85.223876953125%
2023-04-06 17:06:18,424 - Epoch:293/300,Train Accuracy:84.70149230957031%
2023-04-06 17:06:18,527 - Epoch:294/300,Train Accuracy:84.92537689208984%
2023-04-06 17:06:18,628 - Epoch:295/300,Train Accuracy:84.47761535644531%
2023-04-06 17:06:18,731 - Epoch:296/300,Train Accuracy:84.92537689208984%
2023-04-06 17:06:18,833 - Epoch:297/300,Train Accuracy:83.88059997558594%
2023-04-06 17:06:18,935 - Epoch:298/300,Train Accuracy:85.37313079833984%
2023-04-06 17:06:19,037 - Epoch:299/300,Train Accuracy:85.37313079833984%
2023-04-06 17:06:19,263 - 
Test set: Avg. loss: 0.0211, Accuracy: 561/660 (85.00%)

2023-04-06 17:06:19,267 - fpr:[0.       0.169279 1.      ],tpr:[0.         0.86803519 1.        ],threshold:[2 1 0],auc:0.849378096875316
2023-04-06 17:06:19,268 - This is for user9
2023-04-06 17:06:19,579 - Epoch:0/300,Train Accuracy:80.44776153564453%
2023-04-06 17:06:19,681 - Epoch:1/300,Train Accuracy:85.82089233398438%
2023-04-06 17:06:19,788 - Epoch:2/300,Train Accuracy:86.2686538696289%
2023-04-06 17:06:19,894 - Epoch:3/300,Train Accuracy:87.83582305908203%
2023-04-06 17:06:19,999 - Epoch:4/300,Train Accuracy:88.13433074951172%
2023-04-06 17:06:20,101 - Epoch:5/300,Train Accuracy:88.80596923828125%
2023-04-06 17:06:20,204 - Epoch:6/300,Train Accuracy:89.55223846435547%
2023-04-06 17:06:20,309 - Epoch:7/300,Train Accuracy:90.14925384521484%
2023-04-06 17:06:20,411 - Epoch:8/300,Train Accuracy:89.10447692871094%
2023-04-06 17:06:20,522 - Epoch:9/300,Train Accuracy:90.59701538085938%
2023-04-06 17:06:20,624 - Epoch:10/300,Train Accuracy:90.29850769042969%
2023-04-06 17:06:20,725 - Epoch:11/300,Train Accuracy:89.47761535644531%
2023-04-06 17:06:20,832 - Epoch:12/300,Train Accuracy:90.52238464355469%
2023-04-06 17:06:20,940 - Epoch:13/300,Train Accuracy:90.74626922607422%
2023-04-06 17:06:21,047 - Epoch:14/300,Train Accuracy:89.70149230957031%
2023-04-06 17:06:21,153 - Epoch:15/300,Train Accuracy:91.19403076171875%
2023-04-06 17:06:21,258 - Epoch:16/300,Train Accuracy:90.29850769042969%
2023-04-06 17:06:21,365 - Epoch:17/300,Train Accuracy:90.37313079833984%
2023-04-06 17:06:21,483 - Epoch:18/300,Train Accuracy:90.0%
2023-04-06 17:06:21,590 - Epoch:19/300,Train Accuracy:90.89552307128906%
2023-04-06 17:06:21,700 - Epoch:20/300,Train Accuracy:90.0%
2023-04-06 17:06:21,806 - Epoch:21/300,Train Accuracy:89.92537689208984%
2023-04-06 17:06:21,911 - Epoch:22/300,Train Accuracy:90.37313079833984%
2023-04-06 17:06:22,014 - Epoch:23/300,Train Accuracy:90.74626922607422%
2023-04-06 17:06:22,119 - Epoch:24/300,Train Accuracy:90.52238464355469%
2023-04-06 17:06:22,226 - Epoch:25/300,Train Accuracy:90.37313079833984%
2023-04-06 17:06:22,332 - Epoch:26/300,Train Accuracy:90.52238464355469%
2023-04-06 17:06:22,447 - Epoch:27/300,Train Accuracy:90.67163848876953%
2023-04-06 17:06:22,553 - Epoch:28/300,Train Accuracy:90.44776153564453%
2023-04-06 17:06:22,658 - Epoch:29/300,Train Accuracy:90.29850769042969%
2023-04-06 17:06:22,766 - Epoch:30/300,Train Accuracy:90.223876953125%
2023-04-06 17:06:22,870 - Epoch:31/300,Train Accuracy:90.82089233398438%
2023-04-06 17:06:22,978 - Epoch:32/300,Train Accuracy:91.19403076171875%
2023-04-06 17:06:23,081 - Epoch:33/300,Train Accuracy:90.07462310791016%
2023-04-06 17:06:23,183 - Epoch:34/300,Train Accuracy:91.0447769165039%
2023-04-06 17:06:23,284 - Epoch:35/300,Train Accuracy:89.92537689208984%
2023-04-06 17:06:23,385 - Epoch:36/300,Train Accuracy:90.97014617919922%
2023-04-06 17:06:23,486 - Epoch:37/300,Train Accuracy:91.0447769165039%
2023-04-06 17:06:23,588 - Epoch:38/300,Train Accuracy:90.97014617919922%
2023-04-06 17:06:23,689 - Epoch:39/300,Train Accuracy:90.89552307128906%
2023-04-06 17:06:23,790 - Epoch:40/300,Train Accuracy:90.82089233398438%
2023-04-06 17:06:23,892 - Epoch:41/300,Train Accuracy:90.67163848876953%
2023-04-06 17:06:23,993 - Epoch:42/300,Train Accuracy:90.82089233398438%
2023-04-06 17:06:24,094 - Epoch:43/300,Train Accuracy:90.82089233398438%
2023-04-06 17:06:24,195 - Epoch:44/300,Train Accuracy:90.59701538085938%
2023-04-06 17:06:24,297 - Epoch:45/300,Train Accuracy:90.67163848876953%
2023-04-06 17:06:24,399 - Epoch:46/300,Train Accuracy:91.19403076171875%
2023-04-06 17:06:24,504 - Epoch:47/300,Train Accuracy:91.2686538696289%
2023-04-06 17:06:24,606 - Epoch:48/300,Train Accuracy:90.74626922607422%
2023-04-06 17:06:24,709 - Epoch:49/300,Train Accuracy:90.59701538085938%
2023-04-06 17:06:24,811 - Epoch:50/300,Train Accuracy:91.2686538696289%
2023-04-06 17:06:24,930 - Epoch:51/300,Train Accuracy:91.19403076171875%
2023-04-06 17:06:25,032 - Epoch:52/300,Train Accuracy:90.223876953125%
2023-04-06 17:06:25,133 - Epoch:53/300,Train Accuracy:90.89552307128906%
2023-04-06 17:06:25,235 - Epoch:54/300,Train Accuracy:90.97014617919922%
2023-04-06 17:06:25,337 - Epoch:55/300,Train Accuracy:90.74626922607422%
2023-04-06 17:06:25,438 - Epoch:56/300,Train Accuracy:90.59701538085938%
2023-04-06 17:06:25,539 - Epoch:57/300,Train Accuracy:89.92537689208984%
2023-04-06 17:06:25,641 - Epoch:58/300,Train Accuracy:90.74626922607422%
2023-04-06 17:06:25,742 - Epoch:59/300,Train Accuracy:90.44776153564453%
2023-04-06 17:06:25,843 - Epoch:60/300,Train Accuracy:91.19403076171875%
2023-04-06 17:06:25,945 - Epoch:61/300,Train Accuracy:90.59701538085938%
2023-04-06 17:06:26,047 - Epoch:62/300,Train Accuracy:90.89552307128906%
2023-04-06 17:06:26,149 - Epoch:63/300,Train Accuracy:91.0447769165039%
2023-04-06 17:06:26,251 - Epoch:64/300,Train Accuracy:91.3432846069336%
2023-04-06 17:06:26,352 - Epoch:65/300,Train Accuracy:90.52238464355469%
2023-04-06 17:06:26,453 - Epoch:66/300,Train Accuracy:90.89552307128906%
2023-04-06 17:06:26,558 - Epoch:67/300,Train Accuracy:91.11940002441406%
2023-04-06 17:06:26,659 - Epoch:68/300,Train Accuracy:91.3432846069336%
2023-04-06 17:06:26,761 - Epoch:69/300,Train Accuracy:91.0447769165039%
2023-04-06 17:06:26,862 - Epoch:70/300,Train Accuracy:90.59701538085938%
2023-04-06 17:06:26,963 - Epoch:71/300,Train Accuracy:91.19403076171875%
2023-04-06 17:06:27,065 - Epoch:72/300,Train Accuracy:90.52238464355469%
2023-04-06 17:06:27,166 - Epoch:73/300,Train Accuracy:90.82089233398438%
2023-04-06 17:06:27,267 - Epoch:74/300,Train Accuracy:91.19403076171875%
2023-04-06 17:06:27,368 - Epoch:75/300,Train Accuracy:90.37313079833984%
2023-04-06 17:06:27,469 - Epoch:76/300,Train Accuracy:90.67163848876953%
2023-04-06 17:06:27,570 - Epoch:77/300,Train Accuracy:90.82089233398438%
2023-04-06 17:06:27,671 - Epoch:78/300,Train Accuracy:90.223876953125%
2023-04-06 17:06:27,772 - Epoch:79/300,Train Accuracy:91.5671615600586%
2023-04-06 17:06:27,873 - Epoch:80/300,Train Accuracy:90.82089233398438%
2023-04-06 17:06:27,974 - Epoch:81/300,Train Accuracy:90.37313079833984%
2023-04-06 17:06:28,075 - Epoch:82/300,Train Accuracy:90.52238464355469%
2023-04-06 17:06:28,177 - Epoch:83/300,Train Accuracy:91.11940002441406%
2023-04-06 17:06:28,277 - Epoch:84/300,Train Accuracy:91.11940002441406%
2023-04-06 17:06:28,378 - Epoch:85/300,Train Accuracy:90.97014617919922%
2023-04-06 17:06:28,479 - Epoch:86/300,Train Accuracy:90.67163848876953%
2023-04-06 17:06:28,581 - Epoch:87/300,Train Accuracy:90.67163848876953%
2023-04-06 17:06:28,702 - Epoch:88/300,Train Accuracy:91.79104614257812%
2023-04-06 17:06:28,814 - Epoch:89/300,Train Accuracy:91.0447769165039%
2023-04-06 17:06:28,922 - Epoch:90/300,Train Accuracy:90.67163848876953%
2023-04-06 17:06:29,038 - Epoch:91/300,Train Accuracy:91.0447769165039%
2023-04-06 17:06:29,147 - Epoch:92/300,Train Accuracy:91.3432846069336%
2023-04-06 17:06:29,255 - Epoch:93/300,Train Accuracy:91.71641540527344%
2023-04-06 17:06:29,367 - Epoch:94/300,Train Accuracy:91.49253845214844%
2023-04-06 17:06:29,475 - Epoch:95/300,Train Accuracy:90.67163848876953%
2023-04-06 17:06:29,580 - Epoch:96/300,Train Accuracy:90.74626922607422%
2023-04-06 17:06:29,686 - Epoch:97/300,Train Accuracy:90.67163848876953%
2023-04-06 17:06:29,796 - Epoch:98/300,Train Accuracy:91.0447769165039%
2023-04-06 17:06:29,901 - Epoch:99/300,Train Accuracy:90.59701538085938%
2023-04-06 17:06:30,005 - Epoch:100/300,Train Accuracy:90.14925384521484%
2023-04-06 17:06:30,109 - Epoch:101/300,Train Accuracy:90.223876953125%
2023-04-06 17:06:30,213 - Epoch:102/300,Train Accuracy:91.19403076171875%
2023-04-06 17:06:30,317 - Epoch:103/300,Train Accuracy:91.11940002441406%
2023-04-06 17:06:30,421 - Epoch:104/300,Train Accuracy:91.19403076171875%
2023-04-06 17:06:30,526 - Epoch:105/300,Train Accuracy:90.29850769042969%
2023-04-06 17:06:30,630 - Epoch:106/300,Train Accuracy:90.74626922607422%
2023-04-06 17:06:30,734 - Epoch:107/300,Train Accuracy:90.59701538085938%
2023-04-06 17:06:30,839 - Epoch:108/300,Train Accuracy:91.64179229736328%
2023-04-06 17:06:30,943 - Epoch:109/300,Train Accuracy:91.0447769165039%
2023-04-06 17:06:31,047 - Epoch:110/300,Train Accuracy:90.82089233398438%
2023-04-06 17:06:31,151 - Epoch:111/300,Train Accuracy:90.97014617919922%
2023-04-06 17:06:31,255 - Epoch:112/300,Train Accuracy:92.01492309570312%
2023-04-06 17:06:31,359 - Epoch:113/300,Train Accuracy:91.19403076171875%
2023-04-06 17:06:31,464 - Epoch:114/300,Train Accuracy:90.67163848876953%
2023-04-06 17:06:31,569 - Epoch:115/300,Train Accuracy:91.0447769165039%
2023-04-06 17:06:31,673 - Epoch:116/300,Train Accuracy:91.19403076171875%
2023-04-06 17:06:31,779 - Epoch:117/300,Train Accuracy:90.37313079833984%
2023-04-06 17:06:31,883 - Epoch:118/300,Train Accuracy:91.5671615600586%
2023-04-06 17:06:31,987 - Epoch:119/300,Train Accuracy:91.19403076171875%
2023-04-06 17:06:32,091 - Epoch:120/300,Train Accuracy:91.19403076171875%
2023-04-06 17:06:32,195 - Epoch:121/300,Train Accuracy:91.0447769165039%
2023-04-06 17:06:32,300 - Epoch:122/300,Train Accuracy:90.97014617919922%
2023-04-06 17:06:32,404 - Epoch:123/300,Train Accuracy:90.67163848876953%
2023-04-06 17:06:32,511 - Epoch:124/300,Train Accuracy:90.67163848876953%
2023-04-06 17:06:32,627 - Epoch:125/300,Train Accuracy:91.0447769165039%
2023-04-06 17:06:32,746 - Epoch:126/300,Train Accuracy:91.0447769165039%
2023-04-06 17:06:32,850 - Epoch:127/300,Train Accuracy:91.0447769165039%
2023-04-06 17:06:32,954 - Epoch:128/300,Train Accuracy:90.37313079833984%
2023-04-06 17:06:33,058 - Epoch:129/300,Train Accuracy:91.5671615600586%
2023-04-06 17:06:33,162 - Epoch:130/300,Train Accuracy:91.86566925048828%
2023-04-06 17:06:33,266 - Epoch:131/300,Train Accuracy:90.52238464355469%
2023-04-06 17:06:33,370 - Epoch:132/300,Train Accuracy:91.49253845214844%
2023-04-06 17:06:33,474 - Epoch:133/300,Train Accuracy:91.71641540527344%
2023-04-06 17:06:33,578 - Epoch:134/300,Train Accuracy:90.44776153564453%
2023-04-06 17:06:33,720 - Epoch:135/300,Train Accuracy:91.71641540527344%
2023-04-06 17:06:33,864 - Epoch:136/300,Train Accuracy:90.82089233398438%
2023-04-06 17:06:34,009 - Epoch:137/300,Train Accuracy:90.52238464355469%
2023-04-06 17:06:34,156 - Epoch:138/300,Train Accuracy:91.0447769165039%
2023-04-06 17:06:34,303 - Epoch:139/300,Train Accuracy:91.11940002441406%
2023-04-06 17:06:34,451 - Epoch:140/300,Train Accuracy:91.64179229736328%
2023-04-06 17:06:34,598 - Epoch:141/300,Train Accuracy:90.67163848876953%
2023-04-06 17:06:34,745 - Epoch:142/300,Train Accuracy:90.97014617919922%
2023-04-06 17:06:34,893 - Epoch:143/300,Train Accuracy:91.0447769165039%
2023-04-06 17:06:35,005 - Epoch:144/300,Train Accuracy:91.11940002441406%
2023-04-06 17:06:35,142 - Epoch:145/300,Train Accuracy:91.41790771484375%
2023-04-06 17:06:35,245 - Epoch:146/300,Train Accuracy:91.0447769165039%
2023-04-06 17:06:35,347 - Epoch:147/300,Train Accuracy:91.0447769165039%
2023-04-06 17:06:35,449 - Epoch:148/300,Train Accuracy:90.97014617919922%
2023-04-06 17:06:35,549 - Epoch:149/300,Train Accuracy:91.2686538696289%
2023-04-06 17:06:35,666 - Epoch:150/300,Train Accuracy:91.0447769165039%
2023-04-06 17:06:35,769 - Epoch:151/300,Train Accuracy:90.82089233398438%
2023-04-06 17:06:35,872 - Epoch:152/300,Train Accuracy:91.3432846069336%
2023-04-06 17:06:35,973 - Epoch:153/300,Train Accuracy:90.97014617919922%
2023-04-06 17:06:36,074 - Epoch:154/300,Train Accuracy:91.19403076171875%
2023-04-06 17:06:36,176 - Epoch:155/300,Train Accuracy:90.97014617919922%
2023-04-06 17:06:36,277 - Epoch:156/300,Train Accuracy:91.49253845214844%
2023-04-06 17:06:36,378 - Epoch:157/300,Train Accuracy:91.3432846069336%
2023-04-06 17:06:36,479 - Epoch:158/300,Train Accuracy:90.89552307128906%
2023-04-06 17:06:36,581 - Epoch:159/300,Train Accuracy:91.3432846069336%
2023-04-06 17:06:36,684 - Epoch:160/300,Train Accuracy:91.41790771484375%
2023-04-06 17:06:36,787 - Epoch:161/300,Train Accuracy:91.3432846069336%
2023-04-06 17:06:36,888 - Epoch:162/300,Train Accuracy:90.74626922607422%
2023-04-06 17:06:37,016 - Epoch:163/300,Train Accuracy:91.41790771484375%
2023-04-06 17:06:37,117 - Epoch:164/300,Train Accuracy:90.52238464355469%
2023-04-06 17:06:37,218 - Epoch:165/300,Train Accuracy:90.97014617919922%
2023-04-06 17:06:37,319 - Epoch:166/300,Train Accuracy:90.74626922607422%
2023-04-06 17:06:37,419 - Epoch:167/300,Train Accuracy:91.19403076171875%
2023-04-06 17:06:37,520 - Epoch:168/300,Train Accuracy:91.5671615600586%
2023-04-06 17:06:37,623 - Epoch:169/300,Train Accuracy:90.29850769042969%
2023-04-06 17:06:37,726 - Epoch:170/300,Train Accuracy:90.44776153564453%
2023-04-06 17:06:37,827 - Epoch:171/300,Train Accuracy:91.79104614257812%
2023-04-06 17:06:37,930 - Epoch:172/300,Train Accuracy:91.94029998779297%
2023-04-06 17:06:38,030 - Epoch:173/300,Train Accuracy:90.44776153564453%
2023-04-06 17:06:38,134 - Epoch:174/300,Train Accuracy:90.89552307128906%
2023-04-06 17:06:38,237 - Epoch:175/300,Train Accuracy:91.19403076171875%
2023-04-06 17:06:38,342 - Epoch:176/300,Train Accuracy:90.89552307128906%
2023-04-06 17:06:38,445 - Epoch:177/300,Train Accuracy:90.59701538085938%
2023-04-06 17:06:38,549 - Epoch:178/300,Train Accuracy:90.44776153564453%
2023-04-06 17:06:38,654 - Epoch:179/300,Train Accuracy:90.74626922607422%
2023-04-06 17:06:38,758 - Epoch:180/300,Train Accuracy:91.0447769165039%
2023-04-06 17:06:38,873 - Epoch:181/300,Train Accuracy:91.5671615600586%
2023-04-06 17:06:38,979 - Epoch:182/300,Train Accuracy:91.3432846069336%
2023-04-06 17:06:39,079 - Epoch:183/300,Train Accuracy:91.0447769165039%
2023-04-06 17:06:39,177 - Epoch:184/300,Train Accuracy:90.82089233398438%
2023-04-06 17:06:39,277 - Epoch:185/300,Train Accuracy:90.07462310791016%
2023-04-06 17:06:39,376 - Epoch:186/300,Train Accuracy:90.89552307128906%
2023-04-06 17:06:39,474 - Epoch:187/300,Train Accuracy:90.89552307128906%
2023-04-06 17:06:39,573 - Epoch:188/300,Train Accuracy:90.97014617919922%
2023-04-06 17:06:39,671 - Epoch:189/300,Train Accuracy:91.2686538696289%
2023-04-06 17:06:39,770 - Epoch:190/300,Train Accuracy:90.59701538085938%
2023-04-06 17:06:39,870 - Epoch:191/300,Train Accuracy:90.67163848876953%
2023-04-06 17:06:39,990 - Epoch:192/300,Train Accuracy:91.0447769165039%
2023-04-06 17:06:40,115 - Epoch:193/300,Train Accuracy:90.37313079833984%
2023-04-06 17:06:40,226 - Epoch:194/300,Train Accuracy:90.97014617919922%
2023-04-06 17:06:40,330 - Epoch:195/300,Train Accuracy:91.79104614257812%
2023-04-06 17:06:40,444 - Epoch:196/300,Train Accuracy:91.11940002441406%
2023-04-06 17:06:40,564 - Epoch:197/300,Train Accuracy:91.19403076171875%
2023-04-06 17:06:40,682 - Epoch:198/300,Train Accuracy:90.59701538085938%
2023-04-06 17:06:40,786 - Epoch:199/300,Train Accuracy:91.19403076171875%
2023-04-06 17:06:40,891 - Epoch:200/300,Train Accuracy:91.71641540527344%
2023-04-06 17:06:40,996 - Epoch:201/300,Train Accuracy:91.41790771484375%
2023-04-06 17:06:41,100 - Epoch:202/300,Train Accuracy:90.74626922607422%
2023-04-06 17:06:41,205 - Epoch:203/300,Train Accuracy:91.0447769165039%
2023-04-06 17:06:41,309 - Epoch:204/300,Train Accuracy:91.41790771484375%
2023-04-06 17:06:41,413 - Epoch:205/300,Train Accuracy:90.89552307128906%
2023-04-06 17:06:41,517 - Epoch:206/300,Train Accuracy:91.0447769165039%
2023-04-06 17:06:41,636 - Epoch:207/300,Train Accuracy:91.2686538696289%
2023-04-06 17:06:41,740 - Epoch:208/300,Train Accuracy:90.89552307128906%
2023-04-06 17:06:41,845 - Epoch:209/300,Train Accuracy:91.3432846069336%
2023-04-06 17:06:41,949 - Epoch:210/300,Train Accuracy:90.59701538085938%
2023-04-06 17:06:42,053 - Epoch:211/300,Train Accuracy:90.97014617919922%
2023-04-06 17:06:42,157 - Epoch:212/300,Train Accuracy:91.41790771484375%
2023-04-06 17:06:42,261 - Epoch:213/300,Train Accuracy:90.82089233398438%
2023-04-06 17:06:42,366 - Epoch:214/300,Train Accuracy:91.2686538696289%
2023-04-06 17:06:42,470 - Epoch:215/300,Train Accuracy:90.74626922607422%
2023-04-06 17:06:42,573 - Epoch:216/300,Train Accuracy:92.08955383300781%
2023-04-06 17:06:42,677 - Epoch:217/300,Train Accuracy:90.97014617919922%
2023-04-06 17:06:42,781 - Epoch:218/300,Train Accuracy:90.74626922607422%
2023-04-06 17:06:42,885 - Epoch:219/300,Train Accuracy:91.11940002441406%
2023-04-06 17:06:42,990 - Epoch:220/300,Train Accuracy:89.85074615478516%
2023-04-06 17:06:43,094 - Epoch:221/300,Train Accuracy:91.3432846069336%
2023-04-06 17:06:43,198 - Epoch:222/300,Train Accuracy:90.29850769042969%
2023-04-06 17:06:43,302 - Epoch:223/300,Train Accuracy:91.19403076171875%
2023-04-06 17:06:43,406 - Epoch:224/300,Train Accuracy:90.0%
2023-04-06 17:06:43,510 - Epoch:225/300,Train Accuracy:90.59701538085938%
2023-04-06 17:06:43,614 - Epoch:226/300,Train Accuracy:90.82089233398438%
2023-04-06 17:06:43,717 - Epoch:227/300,Train Accuracy:90.59701538085938%
2023-04-06 17:06:43,822 - Epoch:228/300,Train Accuracy:91.19403076171875%
2023-04-06 17:06:43,926 - Epoch:229/300,Train Accuracy:90.82089233398438%
2023-04-06 17:06:44,030 - Epoch:230/300,Train Accuracy:91.3432846069336%
2023-04-06 17:06:44,133 - Epoch:231/300,Train Accuracy:91.71641540527344%
2023-04-06 17:06:44,237 - Epoch:232/300,Train Accuracy:91.3432846069336%
2023-04-06 17:06:44,341 - Epoch:233/300,Train Accuracy:90.97014617919922%
2023-04-06 17:06:44,446 - Epoch:234/300,Train Accuracy:90.59701538085938%
2023-04-06 17:06:44,550 - Epoch:235/300,Train Accuracy:91.19403076171875%
2023-04-06 17:06:44,654 - Epoch:236/300,Train Accuracy:91.19403076171875%
2023-04-06 17:06:44,758 - Epoch:237/300,Train Accuracy:91.19403076171875%
2023-04-06 17:06:44,862 - Epoch:238/300,Train Accuracy:91.0447769165039%
2023-04-06 17:06:44,966 - Epoch:239/300,Train Accuracy:90.97014617919922%
2023-04-06 17:06:45,070 - Epoch:240/300,Train Accuracy:91.11940002441406%
2023-04-06 17:06:45,174 - Epoch:241/300,Train Accuracy:90.89552307128906%
2023-04-06 17:06:45,278 - Epoch:242/300,Train Accuracy:90.07462310791016%
2023-04-06 17:06:45,383 - Epoch:243/300,Train Accuracy:90.82089233398438%
2023-04-06 17:06:45,487 - Epoch:244/300,Train Accuracy:90.29850769042969%
2023-04-06 17:06:45,591 - Epoch:245/300,Train Accuracy:91.2686538696289%
2023-04-06 17:06:45,695 - Epoch:246/300,Train Accuracy:90.97014617919922%
2023-04-06 17:06:45,799 - Epoch:247/300,Train Accuracy:91.19403076171875%
2023-04-06 17:06:45,903 - Epoch:248/300,Train Accuracy:90.82089233398438%
2023-04-06 17:06:46,007 - Epoch:249/300,Train Accuracy:90.07462310791016%
2023-04-06 17:06:46,111 - Epoch:250/300,Train Accuracy:90.67163848876953%
2023-04-06 17:06:46,215 - Epoch:251/300,Train Accuracy:91.3432846069336%
2023-04-06 17:06:46,319 - Epoch:252/300,Train Accuracy:90.74626922607422%
2023-04-06 17:06:46,424 - Epoch:253/300,Train Accuracy:90.59701538085938%
2023-04-06 17:06:46,544 - Epoch:254/300,Train Accuracy:91.0447769165039%
2023-04-06 17:06:46,648 - Epoch:255/300,Train Accuracy:91.5671615600586%
2023-04-06 17:06:46,752 - Epoch:256/300,Train Accuracy:91.49253845214844%
2023-04-06 17:06:46,855 - Epoch:257/300,Train Accuracy:90.89552307128906%
2023-04-06 17:06:46,960 - Epoch:258/300,Train Accuracy:90.223876953125%
2023-04-06 17:06:47,065 - Epoch:259/300,Train Accuracy:91.19403076171875%
2023-04-06 17:06:47,169 - Epoch:260/300,Train Accuracy:90.97014617919922%
2023-04-06 17:06:47,273 - Epoch:261/300,Train Accuracy:91.0447769165039%
2023-04-06 17:06:47,377 - Epoch:262/300,Train Accuracy:90.89552307128906%
2023-04-06 17:06:47,481 - Epoch:263/300,Train Accuracy:91.2686538696289%
2023-04-06 17:06:47,585 - Epoch:264/300,Train Accuracy:90.97014617919922%
2023-04-06 17:06:47,688 - Epoch:265/300,Train Accuracy:91.49253845214844%
2023-04-06 17:06:47,793 - Epoch:266/300,Train Accuracy:91.41790771484375%
2023-04-06 17:06:47,902 - Epoch:267/300,Train Accuracy:90.89552307128906%
2023-04-06 17:06:48,013 - Epoch:268/300,Train Accuracy:91.2686538696289%
2023-04-06 17:06:48,117 - Epoch:269/300,Train Accuracy:91.19403076171875%
2023-04-06 17:06:48,221 - Epoch:270/300,Train Accuracy:91.49253845214844%
2023-04-06 17:06:48,325 - Epoch:271/300,Train Accuracy:90.67163848876953%
2023-04-06 17:06:48,433 - Epoch:272/300,Train Accuracy:91.71641540527344%
2023-04-06 17:06:48,578 - Epoch:273/300,Train Accuracy:91.0447769165039%
2023-04-06 17:06:48,723 - Epoch:274/300,Train Accuracy:91.19403076171875%
2023-04-06 17:06:48,825 - Epoch:275/300,Train Accuracy:91.19403076171875%
2023-04-06 17:06:48,927 - Epoch:276/300,Train Accuracy:91.64179229736328%
2023-04-06 17:06:49,035 - Epoch:277/300,Train Accuracy:90.89552307128906%
2023-04-06 17:06:49,144 - Epoch:278/300,Train Accuracy:90.74626922607422%
2023-04-06 17:06:49,246 - Epoch:279/300,Train Accuracy:91.11940002441406%
2023-04-06 17:06:49,349 - Epoch:280/300,Train Accuracy:91.64179229736328%
2023-04-06 17:06:49,453 - Epoch:281/300,Train Accuracy:90.97014617919922%
2023-04-06 17:06:49,566 - Epoch:282/300,Train Accuracy:91.0447769165039%
2023-04-06 17:06:49,679 - Epoch:283/300,Train Accuracy:90.223876953125%
2023-04-06 17:06:49,810 - Epoch:284/300,Train Accuracy:91.11940002441406%
2023-04-06 17:06:49,930 - Epoch:285/300,Train Accuracy:91.0447769165039%
2023-04-06 17:06:50,077 - Epoch:286/300,Train Accuracy:90.89552307128906%
2023-04-06 17:06:50,225 - Epoch:287/300,Train Accuracy:91.11940002441406%
2023-04-06 17:06:50,373 - Epoch:288/300,Train Accuracy:91.41790771484375%
2023-04-06 17:06:50,520 - Epoch:289/300,Train Accuracy:91.11940002441406%
2023-04-06 17:06:50,668 - Epoch:290/300,Train Accuracy:90.74626922607422%
2023-04-06 17:06:50,816 - Epoch:291/300,Train Accuracy:90.82089233398438%
2023-04-06 17:06:50,964 - Epoch:292/300,Train Accuracy:91.11940002441406%
2023-04-06 17:06:51,111 - Epoch:293/300,Train Accuracy:90.74626922607422%
2023-04-06 17:06:51,258 - Epoch:294/300,Train Accuracy:90.59701538085938%
2023-04-06 17:06:51,406 - Epoch:295/300,Train Accuracy:90.52238464355469%
2023-04-06 17:06:51,554 - Epoch:296/300,Train Accuracy:91.19403076171875%
2023-04-06 17:06:51,701 - Epoch:297/300,Train Accuracy:90.97014617919922%
2023-04-06 17:06:51,849 - Epoch:298/300,Train Accuracy:91.5671615600586%
2023-04-06 17:06:51,997 - Epoch:299/300,Train Accuracy:91.49253845214844%
2023-04-06 17:06:52,351 - 
Test set: Avg. loss: 0.0145, Accuracy: 594/660 (90.00%)

2023-04-06 17:06:52,355 - fpr:[0.         0.07210031 1.        ],tpr:[0.         0.87390029 1.        ],threshold:[2 1 0],auc:0.900899989887754
2023-04-06 17:06:52,356 - This is for user12
2023-04-06 17:06:52,825 - Epoch:0/300,Train Accuracy:41.7164192199707%
2023-04-06 17:06:52,969 - Epoch:1/300,Train Accuracy:52.238807678222656%
2023-04-06 17:06:53,116 - Epoch:2/300,Train Accuracy:58.13432693481445%
2023-04-06 17:06:53,264 - Epoch:3/300,Train Accuracy:61.19403076171875%
2023-04-06 17:06:53,412 - Epoch:4/300,Train Accuracy:62.46268844604492%
2023-04-06 17:06:53,561 - Epoch:5/300,Train Accuracy:65.59701538085938%
2023-04-06 17:06:53,709 - Epoch:6/300,Train Accuracy:66.2686538696289%
2023-04-06 17:06:53,858 - Epoch:7/300,Train Accuracy:66.71641540527344%
2023-04-06 17:06:54,004 - Epoch:8/300,Train Accuracy:67.3880615234375%
2023-04-06 17:06:54,113 - Epoch:9/300,Train Accuracy:68.13433074951172%
2023-04-06 17:06:54,218 - Epoch:10/300,Train Accuracy:68.35820770263672%
2023-04-06 17:06:54,322 - Epoch:11/300,Train Accuracy:69.10447692871094%
2023-04-06 17:06:54,426 - Epoch:12/300,Train Accuracy:69.32836151123047%
2023-04-06 17:06:54,533 - Epoch:13/300,Train Accuracy:70.37313079833984%
2023-04-06 17:06:54,639 - Epoch:14/300,Train Accuracy:69.47761535644531%
2023-04-06 17:06:54,752 - Epoch:15/300,Train Accuracy:70.14925384521484%
2023-04-06 17:06:54,857 - Epoch:16/300,Train Accuracy:69.92537689208984%
2023-04-06 17:06:54,961 - Epoch:17/300,Train Accuracy:70.37313079833984%
2023-04-06 17:06:55,075 - Epoch:18/300,Train Accuracy:70.0%
2023-04-06 17:06:55,179 - Epoch:19/300,Train Accuracy:70.89552307128906%
2023-04-06 17:06:55,283 - Epoch:20/300,Train Accuracy:71.71641540527344%
2023-04-06 17:06:55,387 - Epoch:21/300,Train Accuracy:70.74626922607422%
2023-04-06 17:06:55,490 - Epoch:22/300,Train Accuracy:70.89552307128906%
2023-04-06 17:06:55,593 - Epoch:23/300,Train Accuracy:71.19403076171875%
2023-04-06 17:06:55,703 - Epoch:24/300,Train Accuracy:71.86566925048828%
2023-04-06 17:06:55,808 - Epoch:25/300,Train Accuracy:71.3432846069336%
2023-04-06 17:06:55,913 - Epoch:26/300,Train Accuracy:71.79104614257812%
2023-04-06 17:06:56,018 - Epoch:27/300,Train Accuracy:71.19403076171875%
2023-04-06 17:06:56,123 - Epoch:28/300,Train Accuracy:72.01492309570312%
2023-04-06 17:06:56,228 - Epoch:29/300,Train Accuracy:71.2686538696289%
2023-04-06 17:06:56,332 - Epoch:30/300,Train Accuracy:71.86566925048828%
2023-04-06 17:06:56,437 - Epoch:31/300,Train Accuracy:71.0447769165039%
2023-04-06 17:06:56,541 - Epoch:32/300,Train Accuracy:72.01492309570312%
2023-04-06 17:06:56,645 - Epoch:33/300,Train Accuracy:71.11940002441406%
2023-04-06 17:06:56,750 - Epoch:34/300,Train Accuracy:71.3432846069336%
2023-04-06 17:06:56,854 - Epoch:35/300,Train Accuracy:71.5671615600586%
2023-04-06 17:06:56,958 - Epoch:36/300,Train Accuracy:72.3880615234375%
2023-04-06 17:06:57,063 - Epoch:37/300,Train Accuracy:71.49253845214844%
2023-04-06 17:06:57,166 - Epoch:38/300,Train Accuracy:72.31343078613281%
2023-04-06 17:06:57,270 - Epoch:39/300,Train Accuracy:72.23880767822266%
2023-04-06 17:06:57,374 - Epoch:40/300,Train Accuracy:71.5671615600586%
2023-04-06 17:06:57,478 - Epoch:41/300,Train Accuracy:71.5671615600586%
2023-04-06 17:06:57,583 - Epoch:42/300,Train Accuracy:71.64179229736328%
2023-04-06 17:06:57,687 - Epoch:43/300,Train Accuracy:72.53731536865234%
2023-04-06 17:06:57,791 - Epoch:44/300,Train Accuracy:72.68656921386719%
2023-04-06 17:06:57,895 - Epoch:45/300,Train Accuracy:71.49253845214844%
2023-04-06 17:06:57,999 - Epoch:46/300,Train Accuracy:72.08955383300781%
2023-04-06 17:06:58,103 - Epoch:47/300,Train Accuracy:72.01492309570312%
2023-04-06 17:06:58,207 - Epoch:48/300,Train Accuracy:71.94029998779297%
2023-04-06 17:06:58,310 - Epoch:49/300,Train Accuracy:72.3880615234375%
2023-04-06 17:06:58,414 - Epoch:50/300,Train Accuracy:72.83582305908203%
2023-04-06 17:06:58,518 - Epoch:51/300,Train Accuracy:72.68656921386719%
2023-04-06 17:06:58,622 - Epoch:52/300,Train Accuracy:73.20895385742188%
2023-04-06 17:06:58,727 - Epoch:53/300,Train Accuracy:71.19403076171875%
2023-04-06 17:06:58,831 - Epoch:54/300,Train Accuracy:72.16417694091797%
2023-04-06 17:06:58,935 - Epoch:55/300,Train Accuracy:73.58209228515625%
2023-04-06 17:06:59,039 - Epoch:56/300,Train Accuracy:72.91044616699219%
2023-04-06 17:06:59,143 - Epoch:57/300,Train Accuracy:71.5671615600586%
2023-04-06 17:06:59,261 - Epoch:58/300,Train Accuracy:72.01492309570312%
2023-04-06 17:06:59,365 - Epoch:59/300,Train Accuracy:72.3880615234375%
2023-04-06 17:06:59,469 - Epoch:60/300,Train Accuracy:73.05970001220703%
2023-04-06 17:06:59,573 - Epoch:61/300,Train Accuracy:72.23880767822266%
2023-04-06 17:06:59,676 - Epoch:62/300,Train Accuracy:73.58209228515625%
2023-04-06 17:06:59,781 - Epoch:63/300,Train Accuracy:71.94029998779297%
2023-04-06 17:06:59,884 - Epoch:64/300,Train Accuracy:72.76119232177734%
2023-04-06 17:06:59,989 - Epoch:65/300,Train Accuracy:72.68656921386719%
2023-04-06 17:07:00,103 - Epoch:66/300,Train Accuracy:72.08955383300781%
2023-04-06 17:07:00,208 - Epoch:67/300,Train Accuracy:73.28358459472656%
2023-04-06 17:07:00,313 - Epoch:68/300,Train Accuracy:73.13433074951172%
2023-04-06 17:07:00,417 - Epoch:69/300,Train Accuracy:72.98507690429688%
2023-04-06 17:07:00,521 - Epoch:70/300,Train Accuracy:71.86566925048828%
2023-04-06 17:07:00,625 - Epoch:71/300,Train Accuracy:72.98507690429688%
2023-04-06 17:07:00,730 - Epoch:72/300,Train Accuracy:72.53731536865234%
2023-04-06 17:07:00,835 - Epoch:73/300,Train Accuracy:72.91044616699219%
2023-04-06 17:07:00,938 - Epoch:74/300,Train Accuracy:73.05970001220703%
2023-04-06 17:07:01,043 - Epoch:75/300,Train Accuracy:72.16417694091797%
2023-04-06 17:07:01,146 - Epoch:76/300,Train Accuracy:72.91044616699219%
2023-04-06 17:07:01,247 - Epoch:77/300,Train Accuracy:72.46268463134766%
2023-04-06 17:07:01,352 - Epoch:78/300,Train Accuracy:72.31343078613281%
2023-04-06 17:07:01,456 - Epoch:79/300,Train Accuracy:72.53731536865234%
2023-04-06 17:07:01,560 - Epoch:80/300,Train Accuracy:72.53731536865234%
2023-04-06 17:07:01,674 - Epoch:81/300,Train Accuracy:72.01492309570312%
2023-04-06 17:07:01,780 - Epoch:82/300,Train Accuracy:72.53731536865234%
2023-04-06 17:07:01,884 - Epoch:83/300,Train Accuracy:71.94029998779297%
2023-04-06 17:07:01,989 - Epoch:84/300,Train Accuracy:72.3880615234375%
2023-04-06 17:07:02,093 - Epoch:85/300,Train Accuracy:73.58209228515625%
2023-04-06 17:07:02,197 - Epoch:86/300,Train Accuracy:72.16417694091797%
2023-04-06 17:07:02,301 - Epoch:87/300,Train Accuracy:71.94029998779297%
2023-04-06 17:07:02,406 - Epoch:88/300,Train Accuracy:72.6119384765625%
2023-04-06 17:07:02,510 - Epoch:89/300,Train Accuracy:73.9552230834961%
2023-04-06 17:07:02,629 - Epoch:90/300,Train Accuracy:72.3880615234375%
2023-04-06 17:07:02,780 - Epoch:91/300,Train Accuracy:72.6119384765625%
2023-04-06 17:07:02,916 - Epoch:92/300,Train Accuracy:73.28358459472656%
2023-04-06 17:07:03,018 - Epoch:93/300,Train Accuracy:71.41790771484375%
2023-04-06 17:07:03,118 - Epoch:94/300,Train Accuracy:73.20895385742188%
2023-04-06 17:07:03,240 - Epoch:95/300,Train Accuracy:73.35820770263672%
2023-04-06 17:07:03,359 - Epoch:96/300,Train Accuracy:73.4328384399414%
2023-04-06 17:07:03,471 - Epoch:97/300,Train Accuracy:72.83582305908203%
2023-04-06 17:07:03,582 - Epoch:98/300,Train Accuracy:73.7313461303711%
