2023-04-19 11:07:45,797 - lr:0.0001,weight_decay:0.01,batch_size:40
2023-04-19 11:07:45,797 - FullConnect(
  (linear1): Linear(in_features=33, out_features=256, bias=True)
  (linear2): Linear(in_features=256, out_features=128, bias=True)
  (linear3): Linear(in_features=128, out_features=64, bias=True)
  (linear4): Linear(in_features=64, out_features=40, bias=True)
  (linear5): Linear(in_features=40, out_features=2, bias=True)
  (relu): ReLU()
)
2023-04-19 11:07:45,797 - This is for user0
2023-04-19 11:07:57,744 - Epoch:0/100,Train Accuracy:57.660438537597656%
2023-04-19 11:08:00,879 - Epoch:1/100,Train Accuracy:59.5465087890625%
2023-04-19 11:08:04,127 - Epoch:2/100,Train Accuracy:60.4080696105957%
2023-04-19 11:08:07,279 - Epoch:3/100,Train Accuracy:61.13788604736328%
2023-04-19 11:08:10,225 - Epoch:4/100,Train Accuracy:61.794891357421875%
2023-04-19 11:08:13,158 - Epoch:5/100,Train Accuracy:62.261207580566406%
2023-04-19 11:08:16,124 - Epoch:6/100,Train Accuracy:62.670318603515625%
2023-04-19 11:08:19,084 - Epoch:7/100,Train Accuracy:63.211177825927734%
2023-04-19 11:08:22,025 - Epoch:8/100,Train Accuracy:63.34465789794922%
2023-04-19 11:08:25,037 - Epoch:9/100,Train Accuracy:64.06753540039062%
2023-04-19 11:08:28,016 - Epoch:10/100,Train Accuracy:64.2790298461914%
2023-04-19 11:08:30,963 - Epoch:11/100,Train Accuracy:64.80081939697266%
2023-04-19 11:08:33,935 - Epoch:12/100,Train Accuracy:65.08511352539062%
2023-04-19 11:08:36,874 - Epoch:13/100,Train Accuracy:65.26886749267578%
2023-04-19 11:08:39,805 - Epoch:14/100,Train Accuracy:65.63117218017578%
2023-04-19 11:08:42,741 - Epoch:15/100,Train Accuracy:65.89640808105469%
2023-04-19 11:08:45,705 - Epoch:16/100,Train Accuracy:66.298583984375%
2023-04-19 11:08:48,654 - Epoch:17/100,Train Accuracy:66.52914428710938%
2023-04-19 11:08:51,613 - Epoch:18/100,Train Accuracy:66.7042236328125%
2023-04-19 11:08:54,562 - Epoch:19/100,Train Accuracy:67.0491943359375%
2023-04-19 11:08:57,517 - Epoch:20/100,Train Accuracy:67.18788146972656%
2023-04-19 11:09:00,464 - Epoch:21/100,Train Accuracy:67.6455307006836%
2023-04-19 11:09:03,667 - Epoch:22/100,Train Accuracy:67.88995361328125%
2023-04-19 11:09:06,630 - Epoch:23/100,Train Accuracy:68.11705017089844%
2023-04-19 11:09:09,605 - Epoch:24/100,Train Accuracy:68.3857421875%
2023-04-19 11:09:12,797 - Epoch:25/100,Train Accuracy:68.49322509765625%
2023-04-19 11:09:15,878 - Epoch:26/100,Train Accuracy:68.84686279296875%
2023-04-19 11:09:18,886 - Epoch:27/100,Train Accuracy:68.99594116210938%
2023-04-19 11:09:21,841 - Epoch:28/100,Train Accuracy:69.31491088867188%
2023-04-19 11:09:24,781 - Epoch:29/100,Train Accuracy:69.4189224243164%
2023-04-19 11:09:27,866 - Epoch:30/100,Train Accuracy:69.74309539794922%
2023-04-19 11:09:30,841 - Epoch:31/100,Train Accuracy:70.00312042236328%
2023-04-19 11:09:33,801 - Epoch:32/100,Train Accuracy:70.19207763671875%
2023-04-19 11:09:37,414 - Epoch:33/100,Train Accuracy:70.4295654296875%
2023-04-19 11:09:40,330 - Epoch:34/100,Train Accuracy:70.67225646972656%
2023-04-19 11:09:43,237 - Epoch:35/100,Train Accuracy:70.77800750732422%
2023-04-19 11:09:46,144 - Epoch:36/100,Train Accuracy:71.27379608154297%
2023-04-19 11:09:49,049 - Epoch:37/100,Train Accuracy:71.16978454589844%
2023-04-19 11:09:51,953 - Epoch:38/100,Train Accuracy:71.54248809814453%
2023-04-19 11:09:54,855 - Epoch:39/100,Train Accuracy:71.51995086669922%
2023-04-19 11:09:57,760 - Epoch:40/100,Train Accuracy:71.59449768066406%
2023-04-19 11:10:00,682 - Epoch:41/100,Train Accuracy:71.99840545654297%
2023-04-19 11:10:03,611 - Epoch:42/100,Train Accuracy:72.0781478881836%
2023-04-19 11:10:06,530 - Epoch:43/100,Train Accuracy:71.98800659179688%
2023-04-19 11:10:09,450 - Epoch:44/100,Train Accuracy:72.41618347167969%
2023-04-19 11:10:12,404 - Epoch:45/100,Train Accuracy:72.64154052734375%
2023-04-19 11:10:15,361 - Epoch:46/100,Train Accuracy:72.99864959716797%
2023-04-19 11:10:18,274 - Epoch:47/100,Train Accuracy:72.99344635009766%
2023-04-19 11:10:21,204 - Epoch:48/100,Train Accuracy:73.1026611328125%
2023-04-19 11:10:24,110 - Epoch:49/100,Train Accuracy:73.43376159667969%
2023-04-19 11:10:27,073 - Epoch:50/100,Train Accuracy:73.51177215576172%
2023-04-19 11:10:29,994 - Epoch:51/100,Train Accuracy:73.60711669921875%
2023-04-19 11:10:32,917 - Epoch:52/100,Train Accuracy:73.89661407470703%
2023-04-19 11:10:35,828 - Epoch:53/100,Train Accuracy:73.99369049072266%
2023-04-19 11:10:38,736 - Epoch:54/100,Train Accuracy:74.10116577148438%
2023-04-19 11:10:41,635 - Epoch:55/100,Train Accuracy:74.45654296875%
2023-04-19 11:10:44,578 - Epoch:56/100,Train Accuracy:74.5068130493164%
2023-04-19 11:10:47,526 - Epoch:57/100,Train Accuracy:74.59868621826172%
2023-04-19 11:10:50,455 - Epoch:58/100,Train Accuracy:74.39759826660156%
2023-04-19 11:10:53,362 - Epoch:59/100,Train Accuracy:74.96446228027344%
2023-04-19 11:10:56,325 - Epoch:60/100,Train Accuracy:75.05460357666016%
2023-04-19 11:10:59,294 - Epoch:61/100,Train Accuracy:75.43077850341797%
2023-04-19 11:11:02,266 - Epoch:62/100,Train Accuracy:75.36144256591797%
2023-04-19 11:11:05,191 - Epoch:63/100,Train Accuracy:75.4671859741211%
2023-04-19 11:11:08,139 - Epoch:64/100,Train Accuracy:75.5590591430664%
2023-04-19 11:11:11,085 - Epoch:65/100,Train Accuracy:75.8121566772461%
2023-04-19 11:11:13,991 - Epoch:66/100,Train Accuracy:76.15192413330078%
