2023-04-21 15:03:52,122 - lr:0.001,weight_decay:0.01,batch_size:64
2023-04-21 15:03:52,122 - CZHNet(
  (linear1): Linear(in_features=33, out_features=32, bias=True)
  (linear2): Linear(in_features=32, out_features=64, bias=True)
  (linear3): Linear(in_features=64, out_features=64, bias=True)
  (linear4): Linear(in_features=64, out_features=32, bias=True)
  (linear5): Linear(in_features=64, out_features=64, bias=True)
  (linear6): Linear(in_features=64, out_features=64, bias=True)
  (linear7): Linear(in_features=64, out_features=64, bias=True)
  (linear8): Linear(in_features=32, out_features=2, bias=True)
  (relu): ReLU()
)
2023-04-21 15:03:52,122 - This is for user0
2023-04-21 15:04:02,507 - Epoch:0/100,Train Accuracy:58.07128143310547%
2023-04-21 15:04:04,103 - Epoch:1/100,Train Accuracy:59.71639633178711%
2023-04-21 15:04:05,727 - Epoch:2/100,Train Accuracy:60.64209747314453%
2023-04-21 15:04:07,350 - Epoch:3/100,Train Accuracy:61.316436767578125%
2023-04-21 15:04:08,938 - Epoch:4/100,Train Accuracy:61.81916046142578%
2023-04-21 15:04:10,511 - Epoch:5/100,Train Accuracy:62.238670349121094%
2023-04-21 15:04:12,082 - Epoch:6/100,Train Accuracy:62.60791015625%
2023-04-21 15:04:13,658 - Epoch:7/100,Train Accuracy:62.98235321044922%
2023-04-21 15:04:15,261 - Epoch:8/100,Train Accuracy:63.48507308959961%
2023-04-21 15:04:16,847 - Epoch:9/100,Train Accuracy:63.75723648071289%
2023-04-21 15:04:18,432 - Epoch:10/100,Train Accuracy:64.00859832763672%
2023-04-21 15:04:20,018 - Epoch:11/100,Train Accuracy:64.43157958984375%
2023-04-21 15:04:21,631 - Epoch:12/100,Train Accuracy:64.39170837402344%
2023-04-21 15:04:23,238 - Epoch:13/100,Train Accuracy:64.76441192626953%
2023-04-21 15:04:24,842 - Epoch:14/100,Train Accuracy:65.0140380859375%
2023-04-21 15:04:26,454 - Epoch:15/100,Train Accuracy:65.55143737792969%
2023-04-21 15:04:28,060 - Epoch:16/100,Train Accuracy:65.49422454833984%
2023-04-21 15:04:29,663 - Epoch:17/100,Train Accuracy:65.74038696289062%
2023-04-21 15:04:31,276 - Epoch:18/100,Train Accuracy:65.97441101074219%
2023-04-21 15:04:32,896 - Epoch:19/100,Train Accuracy:66.40432739257812%
2023-04-21 15:04:34,506 - Epoch:20/100,Train Accuracy:66.51873779296875%
2023-04-21 15:04:36,117 - Epoch:21/100,Train Accuracy:66.92784881591797%
2023-04-21 15:04:37,740 - Epoch:22/100,Train Accuracy:66.87064361572266%
2023-04-21 15:04:39,346 - Epoch:23/100,Train Accuracy:67.15840911865234%
2023-04-21 15:04:41,003 - Epoch:24/100,Train Accuracy:67.24335479736328%
2023-04-21 15:04:42,606 - Epoch:25/100,Train Accuracy:67.47217559814453%
2023-04-21 15:04:44,229 - Epoch:26/100,Train Accuracy:67.6801986694336%
2023-04-21 15:04:45,838 - Epoch:27/100,Train Accuracy:67.72354125976562%
2023-04-21 15:04:47,435 - Epoch:28/100,Train Accuracy:67.81021118164062%
2023-04-21 15:04:49,055 - Epoch:29/100,Train Accuracy:68.0997085571289%
2023-04-21 15:04:50,691 - Epoch:30/100,Train Accuracy:68.3250732421875%
2023-04-21 15:04:52,302 - Epoch:31/100,Train Accuracy:68.29906463623047%
2023-04-21 15:04:53,926 - Epoch:32/100,Train Accuracy:68.33893585205078%
2023-04-21 15:04:55,538 - Epoch:33/100,Train Accuracy:68.6457748413086%
2023-04-21 15:04:57,163 - Epoch:34/100,Train Accuracy:68.74285125732422%
2023-04-21 15:04:58,769 - Epoch:35/100,Train Accuracy:68.81565856933594%
2023-04-21 15:05:00,379 - Epoch:36/100,Train Accuracy:68.97687530517578%
2023-04-21 15:05:01,991 - Epoch:37/100,Train Accuracy:69.041015625%
2023-04-21 15:05:03,603 - Epoch:38/100,Train Accuracy:69.0514144897461%
2023-04-21 15:05:05,211 - Epoch:39/100,Train Accuracy:69.4033203125%
2023-04-21 15:05:06,816 - Epoch:40/100,Train Accuracy:69.53853607177734%
2023-04-21 15:05:08,413 - Epoch:41/100,Train Accuracy:69.58880615234375%
2023-04-21 15:05:10,018 - Epoch:42/100,Train Accuracy:69.6806869506836%
2023-04-21 15:05:11,622 - Epoch:43/100,Train Accuracy:69.79336547851562%
2023-04-21 15:05:13,231 - Epoch:44/100,Train Accuracy:69.95285034179688%
2023-04-21 15:05:14,858 - Epoch:45/100,Train Accuracy:70.15913391113281%
2023-04-21 15:05:16,460 - Epoch:46/100,Train Accuracy:69.97538757324219%
2023-04-21 15:05:18,069 - Epoch:47/100,Train Accuracy:70.10366821289062%
2023-04-21 15:05:19,665 - Epoch:48/100,Train Accuracy:70.4018325805664%
2023-04-21 15:05:21,271 - Epoch:49/100,Train Accuracy:70.3844985961914%
2023-04-21 15:05:22,872 - Epoch:50/100,Train Accuracy:70.54744720458984%
2023-04-21 15:05:24,473 - Epoch:51/100,Train Accuracy:70.50064086914062%
2023-04-21 15:05:26,072 - Epoch:52/100,Train Accuracy:70.90454864501953%
2023-04-21 15:05:27,687 - Epoch:53/100,Train Accuracy:71.09696960449219%
2023-04-21 15:05:29,339 - Epoch:54/100,Train Accuracy:70.88548278808594%
2023-04-21 15:05:30,994 - Epoch:55/100,Train Accuracy:70.93055725097656%
2023-04-21 15:05:32,657 - Epoch:56/100,Train Accuracy:71.0172348022461%
2023-04-21 15:05:34,310 - Epoch:57/100,Train Accuracy:71.26859283447266%
2023-04-21 15:05:35,942 - Epoch:58/100,Train Accuracy:71.16284942626953%
2023-04-21 15:05:37,564 - Epoch:59/100,Train Accuracy:71.36393737792969%
2023-04-21 15:05:39,147 - Epoch:60/100,Train Accuracy:71.4714126586914%
2023-04-21 15:05:40,749 - Epoch:61/100,Train Accuracy:71.4315414428711%
2023-04-21 15:05:42,341 - Epoch:62/100,Train Accuracy:71.19231414794922%
2023-04-21 15:05:43,938 - Epoch:63/100,Train Accuracy:71.55809020996094%
2023-04-21 15:05:45,546 - Epoch:64/100,Train Accuracy:71.68810272216797%
2023-04-21 15:05:47,161 - Epoch:65/100,Train Accuracy:71.55635833740234%
2023-04-21 15:05:48,778 - Epoch:66/100,Train Accuracy:71.7851791381836%
2023-04-21 15:05:50,398 - Epoch:67/100,Train Accuracy:71.63783264160156%
2023-04-21 15:05:52,009 - Epoch:68/100,Train Accuracy:71.87705993652344%
2023-04-21 15:05:53,620 - Epoch:69/100,Train Accuracy:71.93946838378906%
2023-04-21 15:05:55,245 - Epoch:70/100,Train Accuracy:71.89785766601562%
2023-04-21 15:05:57,059 - Epoch:71/100,Train Accuracy:72.18562316894531%
2023-04-21 15:05:58,888 - Epoch:72/100,Train Accuracy:72.15789031982422%
2023-04-21 15:06:00,712 - Epoch:73/100,Train Accuracy:72.09721374511719%
2023-04-21 15:06:02,543 - Epoch:74/100,Train Accuracy:72.0868148803711%
2023-04-21 15:06:04,359 - Epoch:75/100,Train Accuracy:72.22549438476562%
2023-04-21 15:06:06,176 - Epoch:76/100,Train Accuracy:72.34857940673828%
2023-04-21 15:06:07,983 - Epoch:77/100,Train Accuracy:72.48552703857422%
2023-04-21 15:06:09,780 - Epoch:78/100,Train Accuracy:72.53406524658203%
2023-04-21 15:06:11,584 - Epoch:79/100,Train Accuracy:72.51846313476562%
2023-04-21 15:06:13,403 - Epoch:80/100,Train Accuracy:72.80622863769531%
2023-04-21 15:06:15,113 - Epoch:81/100,Train Accuracy:72.4560546875%
2023-04-21 15:06:16,713 - Epoch:82/100,Train Accuracy:72.53059387207031%
2023-04-21 15:06:18,319 - Epoch:83/100,Train Accuracy:72.71781921386719%
2023-04-21 15:06:19,924 - Epoch:84/100,Train Accuracy:72.78715515136719%
2023-04-21 15:06:21,557 - Epoch:85/100,Train Accuracy:72.68488311767578%
2023-04-21 15:06:23,158 - Epoch:86/100,Train Accuracy:72.77155303955078%
2023-04-21 15:06:24,754 - Epoch:87/100,Train Accuracy:72.64501190185547%
2023-04-21 15:06:26,380 - Epoch:88/100,Train Accuracy:73.09745788574219%
2023-04-21 15:06:28,011 - Epoch:89/100,Train Accuracy:72.99864959716797%
2023-04-21 15:06:29,698 - Epoch:90/100,Train Accuracy:72.8200912475586%
2023-04-21 15:06:31,369 - Epoch:91/100,Train Accuracy:73.08879089355469%
2023-04-21 15:06:32,999 - Epoch:92/100,Train Accuracy:72.95877838134766%
2023-04-21 15:06:34,608 - Epoch:93/100,Train Accuracy:73.59324645996094%
2023-04-21 15:06:36,227 - Epoch:94/100,Train Accuracy:73.25694274902344%
2023-04-21 15:06:37,861 - Epoch:95/100,Train Accuracy:73.1303939819336%
2023-04-21 15:06:39,482 - Epoch:96/100,Train Accuracy:73.02118682861328%
2023-04-21 15:06:41,099 - Epoch:97/100,Train Accuracy:73.40776062011719%
2023-04-21 15:06:42,715 - Epoch:98/100,Train Accuracy:73.50830078125%
2023-04-21 15:06:44,347 - Epoch:99/100,Train Accuracy:73.38695526123047%
2023-04-21 15:06:53,259 - 
Test set: Avg. loss: 0.0144, Accuracy: 7121/12488 (57.02%)

2023-04-21 15:06:53,268 - fpr:[0.         0.40038437 1.        ],tpr:[0.         0.54083921 1.        ],threshold:[2 1 0],auc:0.5702274183215887
2023-04-21 15:06:53,268 - This is for user1
2023-04-21 15:07:04,161 - Epoch:0/100,Train Accuracy:56.45161437988281%
2023-04-21 15:07:06,115 - Epoch:1/100,Train Accuracy:59.59275817871094%
2023-04-21 15:07:08,081 - Epoch:2/100,Train Accuracy:60.442256927490234%
2023-04-21 15:07:10,059 - Epoch:3/100,Train Accuracy:60.867008209228516%
2023-04-21 15:07:12,036 - Epoch:4/100,Train Accuracy:61.135345458984375%
2023-04-21 15:07:13,983 - Epoch:5/100,Train Accuracy:61.825565338134766%
2023-04-21 15:07:15,942 - Epoch:6/100,Train Accuracy:61.9834098815918%
2023-04-21 15:07:17,898 - Epoch:7/100,Train Accuracy:62.31488800048828%
2023-04-21 15:07:19,850 - Epoch:8/100,Train Accuracy:62.55022430419922%
2023-04-21 15:07:21,826 - Epoch:9/100,Train Accuracy:62.831478118896484%
2023-04-21 15:07:23,784 - Epoch:10/100,Train Accuracy:63.2734489440918%
2023-04-21 15:07:25,747 - Epoch:11/100,Train Accuracy:63.520259857177734%
2023-04-21 15:07:27,707 - Epoch:12/100,Train Accuracy:63.942142486572266%
2023-04-21 15:07:29,643 - Epoch:13/100,Train Accuracy:64.05120086669922%
2023-04-21 15:07:31,585 - Epoch:14/100,Train Accuracy:64.22769927978516%
2023-04-21 15:07:33,523 - Epoch:15/100,Train Accuracy:64.5462646484375%
2023-04-21 15:07:35,443 - Epoch:16/100,Train Accuracy:64.8791732788086%
2023-04-21 15:07:37,376 - Epoch:17/100,Train Accuracy:64.88922119140625%
2023-04-21 15:07:39,303 - Epoch:18/100,Train Accuracy:65.20491027832031%
2023-04-21 15:07:41,239 - Epoch:19/100,Train Accuracy:65.43307495117188%
2023-04-21 15:07:43,177 - Epoch:20/100,Train Accuracy:65.66984558105469%
2023-04-21 15:07:45,114 - Epoch:21/100,Train Accuracy:65.62105560302734%
2023-04-21 15:07:47,036 - Epoch:22/100,Train Accuracy:65.96544647216797%
2023-04-21 15:07:48,985 - Epoch:23/100,Train Accuracy:66.14337921142578%
2023-04-21 15:07:50,909 - Epoch:24/100,Train Accuracy:66.33423614501953%
2023-04-21 15:07:52,844 - Epoch:25/100,Train Accuracy:66.48633575439453%
2023-04-21 15:07:54,771 - Epoch:26/100,Train Accuracy:66.58821868896484%
2023-04-21 15:07:56,696 - Epoch:27/100,Train Accuracy:66.94839477539062%
2023-04-21 15:07:58,637 - Epoch:28/100,Train Accuracy:66.96562194824219%
2023-04-21 15:08:00,569 - Epoch:29/100,Train Accuracy:67.20238494873047%
2023-04-21 15:08:02,496 - Epoch:30/100,Train Accuracy:67.07467651367188%
2023-04-21 15:08:04,413 - Epoch:31/100,Train Accuracy:67.52525329589844%
2023-04-21 15:08:06,326 - Epoch:32/100,Train Accuracy:67.50516510009766%
2023-04-21 15:08:08,239 - Epoch:33/100,Train Accuracy:67.60848236083984%
2023-04-21 15:08:10,167 - Epoch:34/100,Train Accuracy:67.6888427734375%
2023-04-21 15:08:12,088 - Epoch:35/100,Train Accuracy:67.9184341430664%
2023-04-21 15:08:13,999 - Epoch:36/100,Train Accuracy:68.03323364257812%
2023-04-21 15:08:15,949 - Epoch:37/100,Train Accuracy:68.04615020751953%
2023-04-21 15:08:17,905 - Epoch:38/100,Train Accuracy:68.1178970336914%
2023-04-21 15:08:19,857 - Epoch:39/100,Train Accuracy:68.06193542480469%
2023-04-21 15:08:21,817 - Epoch:40/100,Train Accuracy:68.30874633789062%
2023-04-21 15:08:23,767 - Epoch:41/100,Train Accuracy:68.51969146728516%
2023-04-21 15:08:25,714 - Epoch:42/100,Train Accuracy:68.66461944580078%
2023-04-21 15:08:27,672 - Epoch:43/100,Train Accuracy:68.88560485839844%
2023-04-21 15:08:29,628 - Epoch:44/100,Train Accuracy:68.65313720703125%
2023-04-21 15:08:31,574 - Epoch:45/100,Train Accuracy:68.96165466308594%
2023-04-21 15:08:33,520 - Epoch:46/100,Train Accuracy:68.8626480102539%
2023-04-21 15:08:35,455 - Epoch:47/100,Train Accuracy:68.99752807617188%
2023-04-21 15:08:37,388 - Epoch:48/100,Train Accuracy:69.07215118408203%
2023-04-21 15:08:39,299 - Epoch:49/100,Train Accuracy:69.28308868408203%
2023-04-21 15:08:41,226 - Epoch:50/100,Train Accuracy:69.17833709716797%
2023-04-21 15:08:43,123 - Epoch:51/100,Train Accuracy:69.29600524902344%
2023-04-21 15:08:45,084 - Epoch:52/100,Train Accuracy:69.52559661865234%
2023-04-21 15:08:47,025 - Epoch:53/100,Train Accuracy:69.47968292236328%
2023-04-21 15:08:48,966 - Epoch:54/100,Train Accuracy:69.40219116210938%
2023-04-21 15:08:50,863 - Epoch:55/100,Train Accuracy:69.62317657470703%
2023-04-21 15:08:52,778 - Epoch:56/100,Train Accuracy:69.75806427001953%
2023-04-21 15:08:54,680 - Epoch:57/100,Train Accuracy:69.5930404663086%
2023-04-21 15:08:56,604 - Epoch:58/100,Train Accuracy:69.74514770507812%
2023-04-21 15:08:58,573 - Epoch:59/100,Train Accuracy:69.86425018310547%
2023-04-21 15:09:00,480 - Epoch:60/100,Train Accuracy:69.89151763916016%
2023-04-21 15:09:02,406 - Epoch:61/100,Train Accuracy:69.8628158569336%
2023-04-21 15:09:04,327 - Epoch:62/100,Train Accuracy:69.81546020507812%
2023-04-21 15:09:06,273 - Epoch:63/100,Train Accuracy:70.25025939941406%
2023-04-21 15:09:08,175 - Epoch:64/100,Train Accuracy:70.23590850830078%
2023-04-21 15:09:10,099 - Epoch:65/100,Train Accuracy:70.15411376953125%
2023-04-21 15:09:12,000 - Epoch:66/100,Train Accuracy:70.30191802978516%
2023-04-21 15:09:13,909 - Epoch:67/100,Train Accuracy:70.29761505126953%
2023-04-21 15:09:15,841 - Epoch:68/100,Train Accuracy:70.6319580078125%
2023-04-21 15:09:17,741 - Epoch:69/100,Train Accuracy:70.33635711669922%
2023-04-21 15:09:19,640 - Epoch:70/100,Train Accuracy:70.5616455078125%
2023-04-21 15:09:21,551 - Epoch:71/100,Train Accuracy:70.49850463867188%
2023-04-21 15:09:23,453 - Epoch:72/100,Train Accuracy:70.71805572509766%
2023-04-21 15:09:25,354 - Epoch:73/100,Train Accuracy:70.4784164428711%
2023-04-21 15:09:27,284 - Epoch:74/100,Train Accuracy:70.59178161621094%
2023-04-21 15:09:29,195 - Epoch:75/100,Train Accuracy:70.68218231201172%
2023-04-21 15:09:31,139 - Epoch:76/100,Train Accuracy:70.72380065917969%
2023-04-21 15:09:33,082 - Epoch:77/100,Train Accuracy:70.7022705078125%
2023-04-21 15:09:35,026 - Epoch:78/100,Train Accuracy:70.82280731201172%
2023-04-21 15:09:36,978 - Epoch:79/100,Train Accuracy:70.80702209472656%
2023-04-21 15:09:38,949 - Epoch:80/100,Train Accuracy:70.93904113769531%
2023-04-21 15:09:40,910 - Epoch:81/100,Train Accuracy:70.97348022460938%
2023-04-21 15:09:42,848 - Epoch:82/100,Train Accuracy:70.91034698486328%
2023-04-21 15:09:44,802 - Epoch:83/100,Train Accuracy:70.85724639892578%
2023-04-21 15:09:46,741 - Epoch:84/100,Train Accuracy:70.6506118774414%
2023-04-21 15:09:48,690 - Epoch:85/100,Train Accuracy:70.9533920288086%
2023-04-21 15:09:50,599 - Epoch:86/100,Train Accuracy:71.1011962890625%
2023-04-21 15:09:52,502 - Epoch:87/100,Train Accuracy:71.00791931152344%
2023-04-21 15:09:54,419 - Epoch:88/100,Train Accuracy:71.16864013671875%
2023-04-21 15:09:56,317 - Epoch:89/100,Train Accuracy:71.11841583251953%
2023-04-21 15:09:58,222 - Epoch:90/100,Train Accuracy:70.93473815917969%
2023-04-21 15:10:00,138 - Epoch:91/100,Train Accuracy:71.28630828857422%
2023-04-21 15:10:02,066 - Epoch:92/100,Train Accuracy:71.27626037597656%
2023-04-21 15:10:03,976 - Epoch:93/100,Train Accuracy:70.82137298583984%
2023-04-21 15:10:05,880 - Epoch:94/100,Train Accuracy:71.1255874633789%
2023-04-21 15:10:07,779 - Epoch:95/100,Train Accuracy:71.02657318115234%
2023-04-21 15:10:09,690 - Epoch:96/100,Train Accuracy:71.23320770263672%
2023-04-21 15:10:11,584 - Epoch:97/100,Train Accuracy:71.34226989746094%
2023-04-21 15:10:13,480 - Epoch:98/100,Train Accuracy:71.32935333251953%
2023-04-21 15:10:15,399 - Epoch:99/100,Train Accuracy:71.38531494140625%
2023-04-21 15:10:24,168 - 
Test set: Avg. loss: 0.0142, Accuracy: 8437/14718 (57.32%)

2023-04-21 15:10:24,179 - fpr:[0.         0.38211714 1.        ],tpr:[0.         0.52860443 1.        ],threshold:[2 1 0],auc:0.5732436472346787
2023-04-21 15:10:24,179 - This is for user2
2023-04-21 15:10:34,530 - Epoch:0/100,Train Accuracy:52.73998260498047%
2023-04-21 15:10:36,308 - Epoch:1/100,Train Accuracy:55.227760314941406%
2023-04-21 15:10:38,084 - Epoch:2/100,Train Accuracy:56.54170608520508%
2023-04-21 15:10:39,848 - Epoch:3/100,Train Accuracy:57.11149978637695%
2023-04-21 15:10:41,612 - Epoch:4/100,Train Accuracy:57.49447250366211%
2023-04-21 15:10:43,369 - Epoch:5/100,Train Accuracy:57.90858459472656%
2023-04-21 15:10:45,130 - Epoch:6/100,Train Accuracy:58.51573944091797%
2023-04-21 15:10:46,899 - Epoch:7/100,Train Accuracy:58.648067474365234%
2023-04-21 15:10:48,671 - Epoch:8/100,Train Accuracy:59.40934753417969%
2023-04-21 15:10:50,433 - Epoch:9/100,Train Accuracy:59.87327575683594%
2023-04-21 15:10:52,197 - Epoch:10/100,Train Accuracy:60.13793182373047%
2023-04-21 15:10:53,970 - Epoch:11/100,Train Accuracy:60.87118911743164%
2023-04-21 15:10:55,728 - Epoch:12/100,Train Accuracy:61.19500732421875%
2023-04-21 15:10:57,500 - Epoch:13/100,Train Accuracy:61.5951042175293%
2023-04-21 15:10:59,254 - Epoch:14/100,Train Accuracy:61.755455017089844%
2023-04-21 15:11:01,016 - Epoch:15/100,Train Accuracy:61.769466400146484%
2023-04-21 15:11:02,810 - Epoch:16/100,Train Accuracy:62.4295539855957%
2023-04-21 15:11:04,565 - Epoch:17/100,Train Accuracy:62.493385314941406%
2023-04-21 15:11:06,319 - Epoch:18/100,Train Accuracy:63.00090408325195%
2023-04-21 15:11:08,072 - Epoch:19/100,Train Accuracy:62.99623107910156%
2023-04-21 15:11:09,857 - Epoch:20/100,Train Accuracy:63.18616485595703%
2023-04-21 15:11:11,659 - Epoch:21/100,Train Accuracy:63.66721725463867%
2023-04-21 15:11:13,424 - Epoch:22/100,Train Accuracy:63.85247802734375%
2023-04-21 15:11:15,188 - Epoch:23/100,Train Accuracy:63.84157943725586%
2023-04-21 15:11:16,938 - Epoch:24/100,Train Accuracy:64.0626449584961%
2023-04-21 15:11:18,695 - Epoch:25/100,Train Accuracy:64.2229995727539%
2023-04-21 15:11:20,450 - Epoch:26/100,Train Accuracy:64.42538452148438%
2023-04-21 15:11:22,221 - Epoch:27/100,Train Accuracy:64.543701171875%
2023-04-21 15:11:23,980 - Epoch:28/100,Train Accuracy:64.651123046875%
2023-04-21 15:11:25,733 - Epoch:29/100,Train Accuracy:64.68848419189453%
2023-04-21 15:11:27,529 - Epoch:30/100,Train Accuracy:64.8768539428711%
2023-04-21 15:11:29,285 - Epoch:31/100,Train Accuracy:65.06678771972656%
2023-04-21 15:11:31,034 - Epoch:32/100,Train Accuracy:65.28006744384766%
2023-04-21 15:11:32,797 - Epoch:33/100,Train Accuracy:65.17109680175781%
2023-04-21 15:11:34,551 - Epoch:34/100,Train Accuracy:65.50580596923828%
2023-04-21 15:11:36,308 - Epoch:35/100,Train Accuracy:65.60388946533203%
2023-04-21 15:11:38,074 - Epoch:36/100,Train Accuracy:65.6786117553711%
2023-04-21 15:11:39,823 - Epoch:37/100,Train Accuracy:65.87944030761719%
2023-04-21 15:11:41,587 - Epoch:38/100,Train Accuracy:65.87165832519531%
2023-04-21 15:11:43,339 - Epoch:39/100,Train Accuracy:66.02889251708984%
2023-04-21 15:11:45,129 - Epoch:40/100,Train Accuracy:66.15499877929688%
2023-04-21 15:11:46,873 - Epoch:41/100,Train Accuracy:66.48348236083984%
2023-04-21 15:11:48,636 - Epoch:42/100,Train Accuracy:66.30912017822266%
2023-04-21 15:11:50,389 - Epoch:43/100,Train Accuracy:66.50994873046875%
2023-04-21 15:11:52,143 - Epoch:44/100,Train Accuracy:66.59712982177734%
2023-04-21 15:11:53,907 - Epoch:45/100,Train Accuracy:66.4865951538086%
2023-04-21 15:11:55,660 - Epoch:46/100,Train Accuracy:66.66407012939453%
2023-04-21 15:11:57,423 - Epoch:47/100,Train Accuracy:66.78861999511719%
2023-04-21 15:11:59,185 - Epoch:48/100,Train Accuracy:67.1747055053711%
2023-04-21 15:12:00,945 - Epoch:49/100,Train Accuracy:67.16692352294922%
2023-04-21 15:12:02,707 - Epoch:50/100,Train Accuracy:67.09375%
2023-04-21 15:12:04,462 - Epoch:51/100,Train Accuracy:67.22919464111328%
2023-04-21 15:12:06,214 - Epoch:52/100,Train Accuracy:67.59660339355469%
2023-04-21 15:12:07,974 - Epoch:53/100,Train Accuracy:67.24320220947266%
2023-04-21 15:12:09,772 - Epoch:54/100,Train Accuracy:67.53121185302734%
2023-04-21 15:12:11,528 - Epoch:55/100,Train Accuracy:67.62462615966797%
2023-04-21 15:12:13,277 - Epoch:56/100,Train Accuracy:67.68378448486328%
2023-04-21 15:12:15,031 - Epoch:57/100,Train Accuracy:67.69001007080078%
2023-04-21 15:12:16,780 - Epoch:58/100,Train Accuracy:67.65576171875%
2023-04-21 15:12:18,530 - Epoch:59/100,Train Accuracy:67.84101867675781%
2023-04-21 15:12:20,286 - Epoch:60/100,Train Accuracy:67.89862060546875%
2023-04-21 15:12:22,056 - Epoch:61/100,Train Accuracy:67.8565902709961%
2023-04-21 15:12:23,810 - Epoch:62/100,Train Accuracy:68.17417907714844%
2023-04-21 15:12:25,557 - Epoch:63/100,Train Accuracy:67.88304901123047%
2023-04-21 15:12:27,333 - Epoch:64/100,Train Accuracy:68.02316284179688%
2023-04-21 15:12:29,130 - Epoch:65/100,Train Accuracy:68.13369750976562%
2023-04-21 15:12:30,926 - Epoch:66/100,Train Accuracy:68.13681030273438%
2023-04-21 15:12:32,735 - Epoch:67/100,Train Accuracy:68.28314971923828%
2023-04-21 15:12:34,529 - Epoch:68/100,Train Accuracy:68.32207489013672%
2023-04-21 15:12:36,283 - Epoch:69/100,Train Accuracy:68.16327667236328%
2023-04-21 15:12:38,054 - Epoch:70/100,Train Accuracy:68.77198791503906%
2023-04-21 15:12:39,820 - Epoch:71/100,Train Accuracy:68.37033081054688%
2023-04-21 15:12:41,591 - Epoch:72/100,Train Accuracy:68.48397827148438%
2023-04-21 15:12:43,347 - Epoch:73/100,Train Accuracy:68.55403900146484%
2023-04-21 15:12:45,146 - Epoch:74/100,Train Accuracy:68.58984375%
2023-04-21 15:12:46,900 - Epoch:75/100,Train Accuracy:68.602294921875%
2023-04-21 15:12:48,655 - Epoch:76/100,Train Accuracy:68.88407897949219%
2023-04-21 15:12:50,406 - Epoch:77/100,Train Accuracy:68.54780578613281%
2023-04-21 15:12:52,155 - Epoch:78/100,Train Accuracy:68.81558227539062%
2023-04-21 15:12:53,917 - Epoch:79/100,Train Accuracy:68.79534149169922%
2023-04-21 15:12:55,670 - Epoch:80/100,Train Accuracy:68.69103240966797%
2023-04-21 15:12:57,439 - Epoch:81/100,Train Accuracy:68.86072540283203%
2023-04-21 15:12:59,193 - Epoch:82/100,Train Accuracy:68.8622817993164%
2023-04-21 15:13:00,949 - Epoch:83/100,Train Accuracy:68.95413970947266%
2023-04-21 15:13:02,718 - Epoch:84/100,Train Accuracy:68.98838806152344%
2023-04-21 15:13:04,467 - Epoch:85/100,Train Accuracy:68.98216247558594%
2023-04-21 15:13:06,221 - Epoch:86/100,Train Accuracy:69.0506591796875%
2023-04-21 15:13:07,984 - Epoch:87/100,Train Accuracy:69.12850189208984%
2023-04-21 15:13:09,747 - Epoch:88/100,Train Accuracy:69.22813415527344%
2023-04-21 15:13:11,538 - Epoch:89/100,Train Accuracy:69.18610382080078%
2023-04-21 15:13:13,334 - Epoch:90/100,Train Accuracy:69.17364501953125%
2023-04-21 15:13:15,146 - Epoch:91/100,Train Accuracy:69.37447357177734%
2023-04-21 15:13:16,935 - Epoch:92/100,Train Accuracy:69.19544219970703%
2023-04-21 15:13:18,726 - Epoch:93/100,Train Accuracy:69.49279022216797%
2023-04-21 15:13:20,481 - Epoch:94/100,Train Accuracy:69.31998443603516%
2023-04-21 15:13:22,277 - Epoch:95/100,Train Accuracy:69.49901580810547%
2023-04-21 15:13:24,075 - Epoch:96/100,Train Accuracy:69.57063293457031%
2023-04-21 15:13:25,864 - Epoch:97/100,Train Accuracy:69.41651153564453%
2023-04-21 15:13:27,669 - Epoch:98/100,Train Accuracy:69.4102783203125%
2023-04-21 15:13:29,460 - Epoch:99/100,Train Accuracy:69.643798828125%
2023-04-21 15:13:38,297 - 
Test set: Avg. loss: 0.0146, Accuracy: 7195/13804 (52.12%)

2023-04-21 15:13:38,307 - fpr:[0.         0.32845552 1.        ],tpr:[0.         0.37090698 1.        ],threshold:[2 1 0],auc:0.5212257316719792
2023-04-21 15:13:38,307 - This is for user3
2023-04-21 15:13:49,261 - Epoch:0/100,Train Accuracy:56.80032730102539%
2023-04-21 15:13:51,733 - Epoch:1/100,Train Accuracy:59.18586349487305%
2023-04-21 15:13:54,226 - Epoch:2/100,Train Accuracy:60.01681900024414%
2023-04-21 15:13:56,715 - Epoch:3/100,Train Accuracy:60.542388916015625%
2023-04-21 15:13:59,663 - Epoch:4/100,Train Accuracy:61.02812576293945%
2023-04-21 15:14:03,150 - Epoch:5/100,Train Accuracy:61.23945999145508%
2023-04-21 15:14:06,079 - Epoch:6/100,Train Accuracy:61.89227294921875%
2023-04-21 15:14:09,191 - Epoch:7/100,Train Accuracy:62.00624084472656%
2023-04-21 15:14:11,957 - Epoch:8/100,Train Accuracy:62.40456771850586%
2023-04-21 15:14:15,035 - Epoch:9/100,Train Accuracy:62.650203704833984%
2023-04-21 15:14:17,757 - Epoch:10/100,Train Accuracy:63.06623458862305%
2023-04-21 15:14:20,398 - Epoch:11/100,Train Accuracy:63.08946990966797%
2023-04-21 15:14:22,945 - Epoch:12/100,Train Accuracy:63.49443435668945%
2023-04-21 15:14:25,445 - Epoch:13/100,Train Accuracy:63.63385009765625%
2023-04-21 15:14:27,963 - Epoch:14/100,Train Accuracy:63.58737564086914%
2023-04-21 15:14:30,445 - Epoch:15/100,Train Accuracy:63.87948226928711%
2023-04-21 15:14:32,953 - Epoch:16/100,Train Accuracy:64.20589447021484%
2023-04-21 15:14:35,473 - Epoch:17/100,Train Accuracy:64.34420013427734%
2023-04-21 15:14:37,986 - Epoch:18/100,Train Accuracy:64.5710220336914%
2023-04-21 15:14:40,506 - Epoch:19/100,Train Accuracy:64.6462631225586%
2023-04-21 15:14:42,996 - Epoch:20/100,Train Accuracy:64.75138092041016%
2023-04-21 15:14:45,492 - Epoch:21/100,Train Accuracy:64.8808364868164%
2023-04-21 15:14:47,973 - Epoch:22/100,Train Accuracy:64.96160888671875%
2023-04-21 15:14:50,474 - Epoch:23/100,Train Accuracy:65.23711395263672%
2023-04-21 15:14:52,972 - Epoch:24/100,Train Accuracy:65.41525268554688%
2023-04-21 15:14:55,491 - Epoch:25/100,Train Accuracy:65.55024719238281%
2023-04-21 15:14:58,048 - Epoch:26/100,Train Accuracy:65.49934387207031%
2023-04-21 15:15:00,534 - Epoch:27/100,Train Accuracy:65.79145050048828%
2023-04-21 15:15:03,038 - Epoch:28/100,Train Accuracy:65.78260040283203%
2023-04-21 15:15:05,552 - Epoch:29/100,Train Accuracy:65.94193267822266%
2023-04-21 15:15:08,021 - Epoch:30/100,Train Accuracy:66.1466293334961%
2023-04-21 15:15:10,521 - Epoch:31/100,Train Accuracy:66.1643295288086%
2023-04-21 15:15:12,999 - Epoch:32/100,Train Accuracy:66.15326690673828%
2023-04-21 15:15:15,490 - Epoch:33/100,Train Accuracy:66.45643615722656%
2023-04-21 15:15:18,005 - Epoch:34/100,Train Accuracy:66.39669036865234%
2023-04-21 15:15:20,499 - Epoch:35/100,Train Accuracy:66.55270385742188%
2023-04-21 15:15:22,973 - Epoch:36/100,Train Accuracy:66.52393341064453%
2023-04-21 15:15:25,449 - Epoch:37/100,Train Accuracy:66.66777038574219%
2023-04-21 15:15:27,922 - Epoch:38/100,Train Accuracy:66.80608367919922%
2023-04-21 15:15:30,387 - Epoch:39/100,Train Accuracy:66.88131713867188%
2023-04-21 15:15:32,861 - Epoch:40/100,Train Accuracy:66.80276489257812%
2023-04-21 15:15:35,340 - Epoch:41/100,Train Accuracy:66.88685607910156%
2023-04-21 15:15:37,825 - Epoch:42/100,Train Accuracy:66.82046508789062%
2023-04-21 15:15:40,285 - Epoch:43/100,Train Accuracy:67.12916564941406%
2023-04-21 15:15:42,765 - Epoch:44/100,Train Accuracy:67.20661926269531%
2023-04-21 15:15:45,255 - Epoch:45/100,Train Accuracy:67.31063079833984%
2023-04-21 15:15:47,766 - Epoch:46/100,Train Accuracy:67.1645736694336%
2023-04-21 15:15:50,306 - Epoch:47/100,Train Accuracy:67.31837463378906%
2023-04-21 15:15:52,796 - Epoch:48/100,Train Accuracy:67.48102569580078%
2023-04-21 15:15:55,279 - Epoch:49/100,Train Accuracy:67.60052490234375%
2023-04-21 15:15:57,761 - Epoch:50/100,Train Accuracy:67.54187774658203%
2023-04-21 15:16:00,232 - Epoch:51/100,Train Accuracy:67.58834838867188%
2023-04-21 15:16:02,731 - Epoch:52/100,Train Accuracy:67.63814544677734%
2023-04-21 15:16:05,202 - Epoch:53/100,Train Accuracy:67.64810180664062%
2023-04-21 15:16:07,677 - Epoch:54/100,Train Accuracy:67.67022705078125%
2023-04-21 15:16:10,151 - Epoch:55/100,Train Accuracy:67.72776794433594%
2023-04-21 15:16:12,609 - Epoch:56/100,Train Accuracy:67.7786636352539%
2023-04-21 15:16:15,074 - Epoch:57/100,Train Accuracy:67.83840942382812%
2023-04-21 15:16:17,547 - Epoch:58/100,Train Accuracy:67.90922546386719%
2023-04-21 15:16:20,056 - Epoch:59/100,Train Accuracy:67.8030014038086%
2023-04-21 15:16:22,582 - Epoch:60/100,Train Accuracy:67.99884796142578%
2023-04-21 15:16:25,043 - Epoch:61/100,Train Accuracy:67.98667907714844%
2023-04-21 15:16:27,515 - Epoch:62/100,Train Accuracy:67.8882064819336%
2023-04-21 15:16:29,984 - Epoch:63/100,Train Accuracy:68.11945343017578%
2023-04-21 15:16:32,482 - Epoch:64/100,Train Accuracy:68.127197265625%
2023-04-21 15:16:34,959 - Epoch:65/100,Train Accuracy:68.12166595458984%
2023-04-21 15:16:37,438 - Epoch:66/100,Train Accuracy:68.27767944335938%
2023-04-21 15:16:39,923 - Epoch:67/100,Train Accuracy:68.21792602539062%
2023-04-21 15:16:42,405 - Epoch:68/100,Train Accuracy:68.0962142944336%
2023-04-21 15:16:44,936 - Epoch:69/100,Train Accuracy:68.3507080078125%
2023-04-21 15:16:47,397 - Epoch:70/100,Train Accuracy:68.44807434082031%
2023-04-21 15:16:49,869 - Epoch:71/100,Train Accuracy:68.26882934570312%
2023-04-21 15:16:52,337 - Epoch:72/100,Train Accuracy:68.29869842529297%
2023-04-21 15:16:54,870 - Epoch:73/100,Train Accuracy:68.40824127197266%
2023-04-21 15:16:57,350 - Epoch:74/100,Train Accuracy:68.52442169189453%
2023-04-21 15:16:59,866 - Epoch:75/100,Train Accuracy:68.3507080078125%
2023-04-21 15:17:02,379 - Epoch:76/100,Train Accuracy:68.62842559814453%
2023-04-21 15:17:04,879 - Epoch:77/100,Train Accuracy:68.53659057617188%
2023-04-21 15:17:07,359 - Epoch:78/100,Train Accuracy:68.4856948852539%
2023-04-21 15:17:09,836 - Epoch:79/100,Train Accuracy:68.60519409179688%
2023-04-21 15:17:12,322 - Epoch:80/100,Train Accuracy:68.73133087158203%
2023-04-21 15:17:14,809 - Epoch:81/100,Train Accuracy:68.64170837402344%
2023-04-21 15:17:17,345 - Epoch:82/100,Train Accuracy:68.72469329833984%
2023-04-21 15:17:19,831 - Epoch:83/100,Train Accuracy:68.66162109375%
2023-04-21 15:17:22,320 - Epoch:84/100,Train Accuracy:68.78333282470703%
2023-04-21 15:17:24,832 - Epoch:85/100,Train Accuracy:68.66825866699219%
2023-04-21 15:17:27,343 - Epoch:86/100,Train Accuracy:68.86078643798828%
2023-04-21 15:17:29,805 - Epoch:87/100,Train Accuracy:68.93824005126953%
2023-04-21 15:17:32,309 - Epoch:88/100,Train Accuracy:68.7966079711914%
2023-04-21 15:17:34,793 - Epoch:89/100,Train Accuracy:68.7966079711914%
2023-04-21 15:17:37,262 - Epoch:90/100,Train Accuracy:68.81431579589844%
2023-04-21 15:17:39,722 - Epoch:91/100,Train Accuracy:69.01347351074219%
2023-04-21 15:17:42,199 - Epoch:92/100,Train Accuracy:68.99577331542969%
2023-04-21 15:17:44,672 - Epoch:93/100,Train Accuracy:68.954833984375%
2023-04-21 15:17:47,134 - Epoch:94/100,Train Accuracy:69.04888153076172%
2023-04-21 15:17:49,609 - Epoch:95/100,Train Accuracy:69.10310363769531%
2023-04-21 15:17:52,083 - Epoch:96/100,Train Accuracy:69.12080383300781%
2023-04-21 15:17:54,564 - Epoch:97/100,Train Accuracy:68.98139190673828%
2023-04-21 15:17:57,031 - Epoch:98/100,Train Accuracy:69.12854766845703%
2023-04-21 15:17:59,504 - Epoch:99/100,Train Accuracy:68.94155883789062%
2023-04-21 15:18:08,138 - 
Test set: Avg. loss: 0.0127, Accuracy: 10471/18820 (55.64%)

2023-04-21 15:18:08,151 - fpr:[0.         0.39659936 1.        ],tpr:[0.         0.50935175 1.        ],threshold:[2 1 0],auc:0.5563761955366631
2023-04-21 15:18:08,154 - This is for user4
2023-04-21 15:18:18,483 - Epoch:0/100,Train Accuracy:60.81147766113281%
2023-04-21 15:18:20,350 - Epoch:1/100,Train Accuracy:63.1909065246582%
2023-04-21 15:18:22,252 - Epoch:2/100,Train Accuracy:63.98114013671875%
2023-04-21 15:18:24,164 - Epoch:3/100,Train Accuracy:64.3100357055664%
2023-04-21 15:18:26,085 - Epoch:4/100,Train Accuracy:64.9256362915039%
2023-04-21 15:18:28,000 - Epoch:5/100,Train Accuracy:65.3098373413086%
2023-04-21 15:18:29,922 - Epoch:6/100,Train Accuracy:65.50048065185547%
2023-04-21 15:18:31,830 - Epoch:7/100,Train Accuracy:65.90650939941406%
2023-04-21 15:18:33,730 - Epoch:8/100,Train Accuracy:66.24996185302734%
2023-04-21 15:18:35,611 - Epoch:9/100,Train Accuracy:66.57886505126953%
2023-04-21 15:18:37,503 - Epoch:10/100,Train Accuracy:66.79279327392578%
2023-04-21 15:18:39,395 - Epoch:11/100,Train Accuracy:66.88884735107422%
2023-04-21 15:18:41,296 - Epoch:12/100,Train Accuracy:67.25558471679688%
2023-04-21 15:18:43,182 - Epoch:13/100,Train Accuracy:67.6004867553711%
2023-04-21 15:18:45,083 - Epoch:14/100,Train Accuracy:67.88572692871094%
2023-04-21 15:18:46,971 - Epoch:15/100,Train Accuracy:67.86972045898438%
2023-04-21 15:18:48,862 - Epoch:16/100,Train Accuracy:68.23355102539062%
2023-04-21 15:18:50,738 - Epoch:17/100,Train Accuracy:68.5362548828125%
2023-04-21 15:18:52,620 - Epoch:18/100,Train Accuracy:68.4984130859375%
2023-04-21 15:18:54,507 - Epoch:19/100,Train Accuracy:68.7749252319336%
2023-04-21 15:18:56,392 - Epoch:20/100,Train Accuracy:68.87679290771484%
2023-04-21 15:18:58,298 - Epoch:21/100,Train Accuracy:69.13292694091797%
2023-04-21 15:19:00,170 - Epoch:22/100,Train Accuracy:69.17513275146484%
2023-04-21 15:19:02,037 - Epoch:23/100,Train Accuracy:69.15621185302734%
2023-04-21 15:19:03,936 - Epoch:24/100,Train Accuracy:69.56951904296875%
2023-04-21 15:19:05,806 - Epoch:25/100,Train Accuracy:69.45455169677734%
2023-04-21 15:19:07,672 - Epoch:26/100,Train Accuracy:69.52586364746094%
2023-04-21 15:19:09,561 - Epoch:27/100,Train Accuracy:69.77617645263672%
2023-04-21 15:19:11,454 - Epoch:28/100,Train Accuracy:69.84165954589844%
2023-04-21 15:19:13,327 - Epoch:29/100,Train Accuracy:69.81546783447266%
2023-04-21 15:19:15,223 - Epoch:30/100,Train Accuracy:70.23313903808594%
2023-04-21 15:19:17,134 - Epoch:31/100,Train Accuracy:70.26370239257812%
2023-04-21 15:19:19,001 - Epoch:32/100,Train Accuracy:70.23313903808594%
2023-04-21 15:19:20,865 - Epoch:33/100,Train Accuracy:70.43833923339844%
2023-04-21 15:19:22,752 - Epoch:34/100,Train Accuracy:70.41796112060547%
2023-04-21 15:19:24,630 - Epoch:35/100,Train Accuracy:70.67700958251953%
2023-04-21 15:19:26,507 - Epoch:36/100,Train Accuracy:70.62316131591797%
2023-04-21 15:19:28,393 - Epoch:37/100,Train Accuracy:70.82544708251953%
2023-04-21 15:19:30,264 - Epoch:38/100,Train Accuracy:70.8487319946289%
2023-04-21 15:19:32,143 - Epoch:39/100,Train Accuracy:70.87783813476562%
2023-04-21 15:19:34,016 - Epoch:40/100,Train Accuracy:71.02919006347656%
2023-04-21 15:19:35,886 - Epoch:41/100,Train Accuracy:71.00881958007812%
2023-04-21 15:19:37,794 - Epoch:42/100,Train Accuracy:71.32025146484375%
2023-04-21 15:19:39,671 - Epoch:43/100,Train Accuracy:71.07431030273438%
2023-04-21 15:19:41,550 - Epoch:44/100,Train Accuracy:71.23584747314453%
2023-04-21 15:19:43,446 - Epoch:45/100,Train Accuracy:71.24457550048828%
2023-04-21 15:19:45,322 - Epoch:46/100,Train Accuracy:71.29842376708984%
2023-04-21 15:19:47,183 - Epoch:47/100,Train Accuracy:71.41339111328125%
2023-04-21 15:19:49,069 - Epoch:48/100,Train Accuracy:71.4643325805664%
2023-04-21 15:19:50,965 - Epoch:49/100,Train Accuracy:71.67534637451172%
2023-04-21 15:19:52,872 - Epoch:50/100,Train Accuracy:71.64479064941406%
2023-04-21 15:19:54,750 - Epoch:51/100,Train Accuracy:71.7175521850586%
2023-04-21 15:19:56,615 - Epoch:52/100,Train Accuracy:71.8296127319336%
2023-04-21 15:19:58,502 - Epoch:53/100,Train Accuracy:71.82815551757812%
2023-04-21 15:20:00,412 - Epoch:54/100,Train Accuracy:71.77867889404297%
2023-04-21 15:20:02,349 - Epoch:55/100,Train Accuracy:71.85289764404297%
2023-04-21 15:20:04,257 - Epoch:56/100,Train Accuracy:71.90819549560547%
2023-04-21 15:20:06,152 - Epoch:57/100,Train Accuracy:71.95040130615234%
2023-04-21 15:20:08,065 - Epoch:58/100,Train Accuracy:72.14832305908203%
2023-04-21 15:20:09,983 - Epoch:59/100,Train Accuracy:72.05081939697266%
2023-04-21 15:20:11,897 - Epoch:60/100,Train Accuracy:72.0348129272461%
2023-04-21 15:20:13,804 - Epoch:61/100,Train Accuracy:72.2094497680664%
2023-04-21 15:20:15,683 - Epoch:62/100,Train Accuracy:72.0595474243164%
2023-04-21 15:20:17,550 - Epoch:63/100,Train Accuracy:72.29822540283203%
2023-04-21 15:20:19,421 - Epoch:64/100,Train Accuracy:72.25601959228516%
2023-04-21 15:20:21,319 - Epoch:65/100,Train Accuracy:72.39863586425781%
2023-04-21 15:20:23,199 - Epoch:66/100,Train Accuracy:72.24728393554688%
2023-04-21 15:20:25,065 - Epoch:67/100,Train Accuracy:72.40445709228516%
2023-04-21 15:20:26,941 - Epoch:68/100,Train Accuracy:72.41609954833984%
2023-04-21 15:20:28,812 - Epoch:69/100,Train Accuracy:72.4073715209961%
2023-04-21 15:20:30,725 - Epoch:70/100,Train Accuracy:72.48013305664062%
2023-04-21 15:20:32,602 - Epoch:71/100,Train Accuracy:72.42192077636719%
2023-04-21 15:20:34,471 - Epoch:72/100,Train Accuracy:72.49032592773438%
2023-04-21 15:20:36,336 - Epoch:73/100,Train Accuracy:72.4699478149414%
2023-04-21 15:20:38,223 - Epoch:74/100,Train Accuracy:72.57327270507812%
2023-04-21 15:20:40,090 - Epoch:75/100,Train Accuracy:72.62566375732422%
2023-04-21 15:20:42,000 - Epoch:76/100,Train Accuracy:72.45394134521484%
2023-04-21 15:20:43,917 - Epoch:77/100,Train Accuracy:72.70716094970703%
2023-04-21 15:20:45,814 - Epoch:78/100,Train Accuracy:72.63003540039062%
2023-04-21 15:20:47,718 - Epoch:79/100,Train Accuracy:72.7610092163086%
2023-04-21 15:20:49,640 - Epoch:80/100,Train Accuracy:72.90363311767578%
2023-04-21 15:20:51,605 - Epoch:81/100,Train Accuracy:72.76974487304688%
2023-04-21 15:20:53,588 - Epoch:82/100,Train Accuracy:72.80030059814453%
2023-04-21 15:20:55,514 - Epoch:83/100,Train Accuracy:72.85560607910156%
2023-04-21 15:20:57,438 - Epoch:84/100,Train Accuracy:72.95602416992188%
2023-04-21 15:20:59,351 - Epoch:85/100,Train Accuracy:72.79011535644531%
2023-04-21 15:21:01,273 - Epoch:86/100,Train Accuracy:72.96766662597656%
2023-04-21 15:21:03,415 - Epoch:87/100,Train Accuracy:72.92691802978516%
2023-04-21 15:21:05,368 - Epoch:88/100,Train Accuracy:72.95602416992188%
2023-04-21 15:21:07,334 - Epoch:89/100,Train Accuracy:72.89781188964844%
2023-04-21 15:21:09,269 - Epoch:90/100,Train Accuracy:72.9327392578125%
2023-04-21 15:21:11,200 - Epoch:91/100,Train Accuracy:73.06080627441406%
2023-04-21 15:21:13,119 - Epoch:92/100,Train Accuracy:73.12920379638672%
2023-04-21 15:21:15,054 - Epoch:93/100,Train Accuracy:73.20196533203125%
2023-04-21 15:21:16,962 - Epoch:94/100,Train Accuracy:73.19178009033203%
2023-04-21 15:21:18,899 - Epoch:95/100,Train Accuracy:72.99385833740234%
2023-04-21 15:21:20,854 - Epoch:96/100,Train Accuracy:73.03170013427734%
2023-04-21 15:21:22,797 - Epoch:97/100,Train Accuracy:73.1335678100586%
2023-04-21 15:21:24,770 - Epoch:98/100,Train Accuracy:73.37078094482422%
2023-04-21 15:21:26,744 - Epoch:99/100,Train Accuracy:73.35331726074219%
2023-04-21 15:21:35,785 - 
Test set: Avg. loss: 0.0126, Accuracy: 8902/14554 (61.17%)

2023-04-21 15:21:35,796 - fpr:[0.         0.41706747 1.        ],tpr:[0.         0.64037378 1.        ],threshold:[2 1 0],auc:0.6116531537721588
2023-04-21 15:21:35,796 - This is for user5
2023-04-21 15:21:46,323 - Epoch:0/100,Train Accuracy:52.72187423706055%
2023-04-21 15:21:47,953 - Epoch:1/100,Train Accuracy:54.99326705932617%
2023-04-21 15:21:49,594 - Epoch:2/100,Train Accuracy:55.868343353271484%
2023-04-21 15:21:51,243 - Epoch:3/100,Train Accuracy:56.79692077636719%
2023-04-21 15:21:52,893 - Epoch:4/100,Train Accuracy:57.609859466552734%
2023-04-21 15:21:54,520 - Epoch:5/100,Train Accuracy:57.92744064331055%
2023-04-21 15:21:56,143 - Epoch:6/100,Train Accuracy:58.61610794067383%
2023-04-21 15:21:57,810 - Epoch:7/100,Train Accuracy:59.047603607177734%
2023-04-21 15:21:59,515 - Epoch:8/100,Train Accuracy:59.565399169921875%
2023-04-21 15:22:01,324 - Epoch:9/100,Train Accuracy:60.103904724121094%
2023-04-21 15:22:03,092 - Epoch:10/100,Train Accuracy:60.56474304199219%
2023-04-21 15:22:04,781 - Epoch:11/100,Train Accuracy:61.35179138183594%
2023-04-21 15:22:06,455 - Epoch:12/100,Train Accuracy:61.34315872192383%
2023-04-21 15:22:08,130 - Epoch:13/100,Train Accuracy:61.63139724731445%
2023-04-21 15:22:09,793 - Epoch:14/100,Train Accuracy:61.83506393432617%
2023-04-21 15:22:11,499 - Epoch:15/100,Train Accuracy:62.10604476928711%
2023-04-21 15:22:13,212 - Epoch:16/100,Train Accuracy:62.42017364501953%
2023-04-21 15:22:14,861 - Epoch:17/100,Train Accuracy:62.841312408447266%
2023-04-21 15:22:16,520 - Epoch:18/100,Train Accuracy:63.146812438964844%
2023-04-21 15:22:18,167 - Epoch:19/100,Train Accuracy:63.252098083496094%
2023-04-21 15:22:19,808 - Epoch:20/100,Train Accuracy:63.47647476196289%
2023-04-21 15:22:21,495 - Epoch:21/100,Train Accuracy:63.61110305786133%
2023-04-21 15:22:23,138 - Epoch:22/100,Train Accuracy:63.730194091796875%
2023-04-21 15:22:24,762 - Epoch:23/100,Train Accuracy:64.14788055419922%
2023-04-21 15:22:26,390 - Epoch:24/100,Train Accuracy:64.48445129394531%
2023-04-21 15:22:28,037 - Epoch:25/100,Train Accuracy:64.54312896728516%
2023-04-21 15:22:29,657 - Epoch:26/100,Train Accuracy:64.82447052001953%
2023-04-21 15:22:31,286 - Epoch:27/100,Train Accuracy:64.80030059814453%
2023-04-21 15:22:32,921 - Epoch:28/100,Train Accuracy:64.89695739746094%
2023-04-21 15:22:34,549 - Epoch:29/100,Train Accuracy:65.23870086669922%
2023-04-21 15:22:36,171 - Epoch:30/100,Train Accuracy:65.2801284790039%
2023-04-21 15:22:37,798 - Epoch:31/100,Train Accuracy:65.51313781738281%
2023-04-21 15:22:39,421 - Epoch:32/100,Train Accuracy:65.38886260986328%
2023-04-21 15:22:41,045 - Epoch:33/100,Train Accuracy:65.666748046875%
2023-04-21 15:22:42,705 - Epoch:34/100,Train Accuracy:65.73406219482422%
2023-04-21 15:22:44,331 - Epoch:35/100,Train Accuracy:65.74959564208984%
2023-04-21 15:22:45,973 - Epoch:36/100,Train Accuracy:65.86178588867188%
2023-04-21 15:22:47,595 - Epoch:37/100,Train Accuracy:65.84107208251953%
2023-04-21 15:22:49,232 - Epoch:38/100,Train Accuracy:66.18627166748047%
2023-04-21 15:22:50,866 - Epoch:39/100,Train Accuracy:66.2742919921875%
2023-04-21 15:22:52,489 - Epoch:40/100,Train Accuracy:66.54354858398438%
2023-04-21 15:22:54,136 - Epoch:41/100,Train Accuracy:66.67817687988281%
2023-04-21 15:22:55,769 - Epoch:42/100,Train Accuracy:66.56253051757812%
2023-04-21 15:22:57,409 - Epoch:43/100,Train Accuracy:66.74203491210938%
2023-04-21 15:22:59,063 - Epoch:44/100,Train Accuracy:66.77310180664062%
2023-04-21 15:23:00,734 - Epoch:45/100,Train Accuracy:66.94224548339844%
2023-04-21 15:23:02,561 - Epoch:46/100,Train Accuracy:67.00611114501953%
2023-04-21 15:23:04,275 - Epoch:47/100,Train Accuracy:67.05615997314453%
2023-04-21 15:23:05,922 - Epoch:48/100,Train Accuracy:67.00093078613281%
2023-04-21 15:23:07,586 - Epoch:49/100,Train Accuracy:67.21495056152344%
2023-04-21 15:23:09,247 - Epoch:50/100,Train Accuracy:67.36856842041016%
2023-04-21 15:23:10,910 - Epoch:51/100,Train Accuracy:67.65853118896484%
2023-04-21 15:23:12,558 - Epoch:52/100,Train Accuracy:67.34613037109375%
2023-04-21 15:23:14,225 - Epoch:53/100,Train Accuracy:67.66716003417969%
2023-04-21 15:23:15,878 - Epoch:54/100,Train Accuracy:67.46694946289062%
2023-04-21 15:23:17,535 - Epoch:55/100,Train Accuracy:67.7120361328125%
2023-04-21 15:23:19,161 - Epoch:56/100,Train Accuracy:67.82767486572266%
2023-04-21 15:23:20,784 - Epoch:57/100,Train Accuracy:67.7223892211914%
2023-04-21 15:23:22,428 - Epoch:58/100,Train Accuracy:68.01580810546875%
2023-04-21 15:23:24,051 - Epoch:59/100,Train Accuracy:67.73619842529297%
2023-04-21 15:23:25,674 - Epoch:60/100,Train Accuracy:67.95885467529297%
2023-04-21 15:23:27,300 - Epoch:61/100,Train Accuracy:68.10728454589844%
2023-04-21 15:23:28,919 - Epoch:62/100,Train Accuracy:68.15043640136719%
2023-04-21 15:23:30,543 - Epoch:63/100,Train Accuracy:68.06414031982422%
2023-04-21 15:23:32,184 - Epoch:64/100,Train Accuracy:67.94849395751953%
2023-04-21 15:23:33,765 - Epoch:65/100,Train Accuracy:68.07276916503906%
2023-04-21 15:23:35,423 - Epoch:66/100,Train Accuracy:68.28678894042969%
2023-04-21 15:23:37,007 - Epoch:67/100,Train Accuracy:68.2798843383789%
2023-04-21 15:23:38,609 - Epoch:68/100,Train Accuracy:68.1832275390625%
2023-04-21 15:23:40,198 - Epoch:69/100,Train Accuracy:68.45075988769531%
2023-04-21 15:23:41,790 - Epoch:70/100,Train Accuracy:68.3661880493164%
2023-04-21 15:23:43,432 - Epoch:71/100,Train Accuracy:68.36963653564453%
2023-04-21 15:23:45,054 - Epoch:72/100,Train Accuracy:68.67340850830078%
2023-04-21 15:23:46,734 - Epoch:73/100,Train Accuracy:68.90814208984375%
2023-04-21 15:23:48,393 - Epoch:74/100,Train Accuracy:68.82701873779297%
2023-04-21 15:23:50,067 - Epoch:75/100,Train Accuracy:68.68203735351562%
2023-04-21 15:23:51,657 - Epoch:76/100,Train Accuracy:68.79422760009766%
2023-04-21 15:23:53,328 - Epoch:77/100,Train Accuracy:68.89088439941406%
2023-04-21 15:23:54,959 - Epoch:78/100,Train Accuracy:68.74417114257812%
2023-04-21 15:23:56,603 - Epoch:79/100,Train Accuracy:68.77178955078125%
2023-04-21 15:23:58,272 - Epoch:80/100,Train Accuracy:69.01515197753906%
2023-04-21 15:23:59,925 - Epoch:81/100,Train Accuracy:68.58538818359375%
2023-04-21 15:24:01,617 - Epoch:82/100,Train Accuracy:68.99961853027344%
2023-04-21 15:24:03,289 - Epoch:83/100,Train Accuracy:69.04104614257812%
2023-04-21 15:24:04,926 - Epoch:84/100,Train Accuracy:68.99444580078125%
2023-04-21 15:24:06,573 - Epoch:85/100,Train Accuracy:69.08937072753906%
2023-04-21 15:24:08,159 - Epoch:86/100,Train Accuracy:69.12043762207031%
2023-04-21 15:24:09,764 - Epoch:87/100,Train Accuracy:69.04967498779297%
2023-04-21 15:24:11,401 - Epoch:88/100,Train Accuracy:69.06693267822266%
2023-04-21 15:24:13,031 - Epoch:89/100,Train Accuracy:69.17049407958984%
2023-04-21 15:24:14,697 - Epoch:90/100,Train Accuracy:69.27232360839844%
2023-04-21 15:24:16,339 - Epoch:91/100,Train Accuracy:69.21709442138672%
2023-04-21 15:24:17,982 - Epoch:92/100,Train Accuracy:69.22227478027344%
2023-04-21 15:24:19,628 - Epoch:93/100,Train Accuracy:69.18084716796875%
2023-04-21 15:24:21,271 - Epoch:94/100,Train Accuracy:69.5070571899414%
2023-04-21 15:24:22,910 - Epoch:95/100,Train Accuracy:69.45873260498047%
2023-04-21 15:24:24,501 - Epoch:96/100,Train Accuracy:69.12561798095703%
2023-04-21 15:24:26,142 - Epoch:97/100,Train Accuracy:69.47771453857422%
2023-04-21 15:24:27,806 - Epoch:98/100,Train Accuracy:69.35862731933594%
2023-04-21 15:24:29,417 - Epoch:99/100,Train Accuracy:69.49152374267578%
2023-04-21 15:24:38,241 - 
Test set: Avg. loss: 0.0167, Accuracy: 5980/11798 (50.69%)

2023-04-21 15:24:38,249 - fpr:[0.         0.47703001 1.        ],tpr:[0.         0.49076115 1.        ],threshold:[2 1 0],auc:0.506865570435667
2023-04-21 15:24:38,250 - This is for user6
2023-04-21 15:24:48,482 - Epoch:0/100,Train Accuracy:58.306671142578125%
2023-04-21 15:24:49,894 - Epoch:1/100,Train Accuracy:61.6501350402832%
2023-04-21 15:24:51,312 - Epoch:2/100,Train Accuracy:62.34002685546875%
2023-04-21 15:24:52,704 - Epoch:3/100,Train Accuracy:62.643978118896484%
2023-04-21 15:24:54,115 - Epoch:4/100,Train Accuracy:62.94192886352539%
2023-04-21 15:24:55,545 - Epoch:5/100,Train Accuracy:63.233882904052734%
2023-04-21 15:24:56,965 - Epoch:6/100,Train Accuracy:63.32386779785156%
2023-04-21 15:24:58,405 - Epoch:7/100,Train Accuracy:63.739803314208984%
2023-04-21 15:24:59,857 - Epoch:8/100,Train Accuracy:64.06175231933594%
2023-04-21 15:25:01,387 - Epoch:9/100,Train Accuracy:64.45368957519531%
2023-04-21 15:25:02,945 - Epoch:10/100,Train Accuracy:64.72164154052734%
2023-04-21 15:25:04,385 - Epoch:11/100,Train Accuracy:65.02359771728516%
2023-04-21 15:25:05,834 - Epoch:12/100,Train Accuracy:65.25556182861328%
2023-04-21 15:25:07,303 - Epoch:13/100,Train Accuracy:65.65149688720703%
2023-04-21 15:25:08,751 - Epoch:14/100,Train Accuracy:65.8494644165039%
2023-04-21 15:25:10,176 - Epoch:15/100,Train Accuracy:66.17741394042969%
2023-04-21 15:25:11,564 - Epoch:16/100,Train Accuracy:66.29339599609375%
2023-04-21 15:25:12,941 - Epoch:17/100,Train Accuracy:66.3233871459961%
2023-04-21 15:25:14,316 - Epoch:18/100,Train Accuracy:66.74532318115234%
2023-04-21 15:25:15,738 - Epoch:19/100,Train Accuracy:66.93128967285156%
2023-04-21 15:25:17,112 - Epoch:20/100,Train Accuracy:67.0552749633789%
2023-04-21 15:25:18,497 - Epoch:21/100,Train Accuracy:67.40721130371094%
2023-04-21 15:25:19,950 - Epoch:22/100,Train Accuracy:67.7171630859375%
2023-04-21 15:25:21,392 - Epoch:23/100,Train Accuracy:67.78315734863281%
2023-04-21 15:25:22,821 - Epoch:24/100,Train Accuracy:67.81514739990234%
2023-04-21 15:25:24,260 - Epoch:25/100,Train Accuracy:68.14509582519531%
2023-04-21 15:25:25,670 - Epoch:26/100,Train Accuracy:68.28507232666016%
2023-04-21 15:25:27,105 - Epoch:27/100,Train Accuracy:68.4450454711914%
2023-04-21 15:25:28,549 - Epoch:28/100,Train Accuracy:68.50103759765625%
2023-04-21 15:25:29,999 - Epoch:29/100,Train Accuracy:68.64901733398438%
2023-04-21 15:25:31,447 - Epoch:30/100,Train Accuracy:68.88497924804688%
2023-04-21 15:25:32,916 - Epoch:31/100,Train Accuracy:68.84698486328125%
2023-04-21 15:25:34,372 - Epoch:32/100,Train Accuracy:69.18892669677734%
2023-04-21 15:25:35,820 - Epoch:33/100,Train Accuracy:69.16893005371094%
2023-04-21 15:25:37,268 - Epoch:34/100,Train Accuracy:69.28691101074219%
2023-04-21 15:25:38,691 - Epoch:35/100,Train Accuracy:69.50287628173828%
2023-04-21 15:25:40,142 - Epoch:36/100,Train Accuracy:69.5208740234375%
2023-04-21 15:25:41,545 - Epoch:37/100,Train Accuracy:69.69084930419922%
2023-04-21 15:25:42,925 - Epoch:38/100,Train Accuracy:69.78683471679688%
2023-04-21 15:25:44,377 - Epoch:39/100,Train Accuracy:69.87281799316406%
2023-04-21 15:25:45,812 - Epoch:40/100,Train Accuracy:69.96680450439453%
2023-04-21 15:25:47,266 - Epoch:41/100,Train Accuracy:70.15677642822266%
2023-04-21 15:25:48,660 - Epoch:42/100,Train Accuracy:70.13478088378906%
2023-04-21 15:25:50,037 - Epoch:43/100,Train Accuracy:70.28075408935547%
2023-04-21 15:25:51,433 - Epoch:44/100,Train Accuracy:70.4267349243164%
2023-04-21 15:25:52,838 - Epoch:45/100,Train Accuracy:70.69468688964844%
2023-04-21 15:25:54,244 - Epoch:46/100,Train Accuracy:70.6366958618164%
2023-04-21 15:25:55,674 - Epoch:47/100,Train Accuracy:70.58271026611328%
2023-04-21 15:25:57,122 - Epoch:48/100,Train Accuracy:70.64669799804688%
2023-04-21 15:25:58,524 - Epoch:49/100,Train Accuracy:70.7266845703125%
2023-04-21 15:25:59,954 - Epoch:50/100,Train Accuracy:70.84266662597656%
2023-04-21 15:26:01,404 - Epoch:51/100,Train Accuracy:70.73268127441406%
2023-04-21 15:26:02,893 - Epoch:52/100,Train Accuracy:70.8946533203125%
2023-04-21 15:26:04,324 - Epoch:53/100,Train Accuracy:71.07062530517578%
2023-04-21 15:26:05,769 - Epoch:54/100,Train Accuracy:71.2186050415039%
2023-04-21 15:26:07,151 - Epoch:55/100,Train Accuracy:71.38457489013672%
2023-04-21 15:26:08,548 - Epoch:56/100,Train Accuracy:71.42857360839844%
2023-04-21 15:26:09,958 - Epoch:57/100,Train Accuracy:71.3445816040039%
2023-04-21 15:26:11,407 - Epoch:58/100,Train Accuracy:71.40457153320312%
2023-04-21 15:26:12,869 - Epoch:59/100,Train Accuracy:71.55255126953125%
2023-04-21 15:26:14,297 - Epoch:60/100,Train Accuracy:71.62454223632812%
2023-04-21 15:26:15,703 - Epoch:61/100,Train Accuracy:71.72852325439453%
2023-04-21 15:26:17,150 - Epoch:62/100,Train Accuracy:71.66853332519531%
2023-04-21 15:26:18,585 - Epoch:63/100,Train Accuracy:71.73052215576172%
2023-04-21 15:26:20,009 - Epoch:64/100,Train Accuracy:71.87650299072266%
2023-04-21 15:26:21,443 - Epoch:65/100,Train Accuracy:71.83050537109375%
2023-04-21 15:26:22,855 - Epoch:66/100,Train Accuracy:71.77851867675781%
2023-04-21 15:26:24,282 - Epoch:67/100,Train Accuracy:71.89649963378906%
2023-04-21 15:26:25,727 - Epoch:68/100,Train Accuracy:71.83850860595703%
2023-04-21 15:26:27,148 - Epoch:69/100,Train Accuracy:71.90249633789062%
2023-04-21 15:26:28,609 - Epoch:70/100,Train Accuracy:71.95048522949219%
2023-04-21 15:26:30,039 - Epoch:71/100,Train Accuracy:71.89849853515625%
2023-04-21 15:26:31,486 - Epoch:72/100,Train Accuracy:72.08846282958984%
2023-04-21 15:26:32,939 - Epoch:73/100,Train Accuracy:72.1004638671875%
2023-04-21 15:26:34,378 - Epoch:74/100,Train Accuracy:72.14845275878906%
2023-04-21 15:26:35,820 - Epoch:75/100,Train Accuracy:72.28843688964844%
2023-04-21 15:26:37,203 - Epoch:76/100,Train Accuracy:72.19844818115234%
2023-04-21 15:26:38,652 - Epoch:77/100,Train Accuracy:72.40841674804688%
2023-04-21 15:26:40,031 - Epoch:78/100,Train Accuracy:72.11446380615234%
2023-04-21 15:26:41,424 - Epoch:79/100,Train Accuracy:72.35042572021484%
2023-04-21 15:26:42,841 - Epoch:80/100,Train Accuracy:72.4884033203125%
2023-04-21 15:26:44,307 - Epoch:81/100,Train Accuracy:72.34042358398438%
2023-04-21 15:26:45,763 - Epoch:82/100,Train Accuracy:72.42041015625%
2023-04-21 15:26:47,197 - Epoch:83/100,Train Accuracy:72.51839447021484%
2023-04-21 15:26:48,671 - Epoch:84/100,Train Accuracy:72.60238647460938%
2023-04-21 15:26:50,132 - Epoch:85/100,Train Accuracy:72.50039672851562%
2023-04-21 15:26:51,575 - Epoch:86/100,Train Accuracy:72.5303955078125%
2023-04-21 15:26:53,030 - Epoch:87/100,Train Accuracy:72.62238311767578%
2023-04-21 15:26:54,434 - Epoch:88/100,Train Accuracy:72.69636535644531%
2023-04-21 15:26:55,848 - Epoch:89/100,Train Accuracy:72.69837188720703%
2023-04-21 15:26:57,277 - Epoch:90/100,Train Accuracy:72.62238311767578%
2023-04-21 15:26:58,702 - Epoch:91/100,Train Accuracy:72.72036743164062%
2023-04-21 15:27:00,184 - Epoch:92/100,Train Accuracy:72.7883529663086%
2023-04-21 15:27:01,773 - Epoch:93/100,Train Accuracy:72.57838439941406%
2023-04-21 15:27:03,403 - Epoch:94/100,Train Accuracy:72.766357421875%
2023-04-21 15:27:04,850 - Epoch:95/100,Train Accuracy:73.00631713867188%
2023-04-21 15:27:06,291 - Epoch:96/100,Train Accuracy:72.80435180664062%
2023-04-21 15:27:07,705 - Epoch:97/100,Train Accuracy:73.04830932617188%
2023-04-21 15:27:09,127 - Epoch:98/100,Train Accuracy:73.00831604003906%
2023-04-21 15:27:10,556 - Epoch:99/100,Train Accuracy:73.01831817626953%
2023-04-21 15:27:19,391 - 
Test set: Avg. loss: 0.0146, Accuracy: 5981/10268 (58.25%)

2023-04-21 15:27:19,399 - fpr:[0.         0.37845734 1.        ],tpr:[0.         0.54343592 1.        ],threshold:[2 1 0],auc:0.5824892871055707
2023-04-21 15:27:19,400 - This is for user7
2023-04-21 15:27:30,370 - Epoch:0/100,Train Accuracy:55.05109405517578%
2023-04-21 15:27:32,575 - Epoch:1/100,Train Accuracy:57.462806701660156%
2023-04-21 15:27:34,712 - Epoch:2/100,Train Accuracy:58.149784088134766%
2023-04-21 15:27:36,857 - Epoch:3/100,Train Accuracy:58.673954010009766%
2023-04-21 15:27:38,998 - Epoch:4/100,Train Accuracy:59.480064392089844%
2023-04-21 15:27:41,188 - Epoch:5/100,Train Accuracy:59.807010650634766%
2023-04-21 15:27:43,380 - Epoch:6/100,Train Accuracy:60.32720947265625%
2023-04-21 15:27:45,637 - Epoch:7/100,Train Accuracy:60.85667419433594%
2023-04-21 15:27:47,783 - Epoch:8/100,Train Accuracy:61.36231231689453%
2023-04-21 15:27:49,968 - Epoch:9/100,Train Accuracy:61.45893859863281%
2023-04-21 15:27:52,108 - Epoch:10/100,Train Accuracy:61.874568939208984%
2023-04-21 15:27:54,283 - Epoch:11/100,Train Accuracy:62.2597541809082%
2023-04-21 15:27:56,475 - Epoch:12/100,Train Accuracy:62.53904724121094%
2023-04-21 15:27:58,706 - Epoch:13/100,Train Accuracy:62.717742919921875%
2023-04-21 15:28:00,887 - Epoch:14/100,Train Accuracy:63.01953887939453%
2023-04-21 15:28:03,077 - Epoch:15/100,Train Accuracy:63.14263916015625%
2023-04-21 15:28:05,257 - Epoch:16/100,Train Accuracy:63.33456802368164%
2023-04-21 15:28:07,442 - Epoch:17/100,Train Accuracy:63.685340881347656%
2023-04-21 15:28:09,619 - Epoch:18/100,Train Accuracy:63.7038688659668%
2023-04-21 15:28:11,803 - Epoch:19/100,Train Accuracy:63.76343536376953%
2023-04-21 15:28:13,959 - Epoch:20/100,Train Accuracy:64.13008880615234%
2023-04-21 15:28:16,134 - Epoch:21/100,Train Accuracy:64.28099060058594%
2023-04-21 15:28:18,337 - Epoch:22/100,Train Accuracy:64.65558624267578%
2023-04-21 15:28:20,546 - Epoch:23/100,Train Accuracy:64.53778076171875%
2023-04-21 15:28:22,770 - Epoch:24/100,Train Accuracy:64.77206420898438%
2023-04-21 15:28:24,985 - Epoch:25/100,Train Accuracy:64.88457489013672%
2023-04-21 15:28:27,199 - Epoch:26/100,Train Accuracy:64.89119720458984%
2023-04-21 15:28:29,400 - Epoch:27/100,Train Accuracy:65.21019744873047%
2023-04-21 15:28:31,641 - Epoch:28/100,Train Accuracy:65.31874084472656%
2023-04-21 15:28:33,784 - Epoch:29/100,Train Accuracy:65.1996078491211%
2023-04-21 15:28:35,885 - Epoch:30/100,Train Accuracy:65.57817840576172%
2023-04-21 15:28:37,988 - Epoch:31/100,Train Accuracy:65.45243072509766%
2023-04-21 15:28:40,086 - Epoch:32/100,Train Accuracy:65.71054077148438%
2023-04-21 15:28:42,198 - Epoch:33/100,Train Accuracy:65.81775665283203%
2023-04-21 15:28:44,318 - Epoch:34/100,Train Accuracy:65.88790893554688%
2023-04-21 15:28:46,428 - Epoch:35/100,Train Accuracy:65.95409393310547%
2023-04-21 15:28:48,527 - Epoch:36/100,Train Accuracy:66.00968933105469%
2023-04-21 15:28:50,640 - Epoch:37/100,Train Accuracy:66.29560089111328%
2023-04-21 15:28:52,745 - Epoch:38/100,Train Accuracy:66.2055892944336%
2023-04-21 15:28:54,904 - Epoch:39/100,Train Accuracy:66.40678405761719%
2023-04-21 15:28:57,245 - Epoch:40/100,Train Accuracy:66.50209045410156%
2023-04-21 15:28:59,972 - Epoch:41/100,Train Accuracy:66.39222717285156%
2023-04-21 15:29:02,711 - Epoch:42/100,Train Accuracy:66.3578109741211%
2023-04-21 15:29:05,446 - Epoch:43/100,Train Accuracy:66.4372329711914%
2023-04-21 15:29:08,189 - Epoch:44/100,Train Accuracy:66.6318130493164%
2023-04-21 15:29:10,933 - Epoch:45/100,Train Accuracy:66.69402313232422%
2023-04-21 15:29:13,658 - Epoch:46/100,Train Accuracy:66.7416763305664%
2023-04-21 15:29:16,330 - Epoch:47/100,Train Accuracy:66.88462829589844%
2023-04-21 15:29:18,485 - Epoch:48/100,Train Accuracy:66.74564361572266%
2023-04-21 15:29:20,627 - Epoch:49/100,Train Accuracy:66.5947494506836%
2023-04-21 15:29:22,936 - Epoch:50/100,Train Accuracy:66.8343276977539%
2023-04-21 15:29:25,116 - Epoch:51/100,Train Accuracy:67.04214477539062%
2023-04-21 15:29:27,400 - Epoch:52/100,Train Accuracy:67.10435485839844%
2023-04-21 15:29:30,047 - Epoch:53/100,Train Accuracy:67.28834533691406%
2023-04-21 15:29:32,812 - Epoch:54/100,Train Accuracy:67.26451873779297%
2023-04-21 15:29:35,456 - Epoch:55/100,Train Accuracy:67.2711410522461%
2023-04-21 15:29:37,793 - Epoch:56/100,Train Accuracy:67.20892333984375%
2023-04-21 15:29:39,925 - Epoch:57/100,Train Accuracy:67.37438201904297%
2023-04-21 15:29:42,197 - Epoch:58/100,Train Accuracy:67.36114501953125%
2023-04-21 15:29:44,421 - Epoch:59/100,Train Accuracy:67.52395629882812%
2023-04-21 15:29:46,602 - Epoch:60/100,Train Accuracy:67.36776733398438%
2023-04-21 15:29:48,853 - Epoch:61/100,Train Accuracy:67.56896209716797%
2023-04-21 15:29:51,063 - Epoch:62/100,Train Accuracy:67.57293701171875%
2023-04-21 15:29:53,295 - Epoch:63/100,Train Accuracy:67.61528778076172%
2023-04-21 15:29:55,507 - Epoch:64/100,Train Accuracy:67.78868865966797%
2023-04-21 15:29:57,717 - Epoch:65/100,Train Accuracy:67.6682357788086%
2023-04-21 15:29:59,890 - Epoch:66/100,Train Accuracy:67.81913757324219%
2023-04-21 15:30:02,132 - Epoch:67/100,Train Accuracy:67.67882537841797%
2023-04-21 15:30:04,269 - Epoch:68/100,Train Accuracy:67.82575225830078%
2023-04-21 15:30:06,405 - Epoch:69/100,Train Accuracy:67.90119934082031%
2023-04-21 15:30:08,740 - Epoch:70/100,Train Accuracy:67.90914154052734%
2023-04-21 15:30:11,050 - Epoch:71/100,Train Accuracy:67.94488525390625%
2023-04-21 15:30:13,163 - Epoch:72/100,Train Accuracy:67.88928985595703%
2023-04-21 15:30:15,306 - Epoch:73/100,Train Accuracy:67.90119934082031%
2023-04-21 15:30:17,478 - Epoch:74/100,Train Accuracy:67.95414733886719%
2023-04-21 15:30:19,632 - Epoch:75/100,Train Accuracy:68.06930541992188%
2023-04-21 15:30:21,855 - Epoch:76/100,Train Accuracy:68.06136322021484%
2023-04-21 15:30:23,975 - Epoch:77/100,Train Accuracy:68.21623229980469%
2023-04-21 15:30:26,109 - Epoch:78/100,Train Accuracy:68.3022689819336%
2023-04-21 15:30:28,255 - Epoch:79/100,Train Accuracy:68.10107421875%
2023-04-21 15:30:30,378 - Epoch:80/100,Train Accuracy:68.1685791015625%
2023-04-21 15:30:32,522 - Epoch:81/100,Train Accuracy:68.22152709960938%
2023-04-21 15:30:34,672 - Epoch:82/100,Train Accuracy:68.33403778076172%
2023-04-21 15:30:36,817 - Epoch:83/100,Train Accuracy:68.21491241455078%
2023-04-21 15:30:38,961 - Epoch:84/100,Train Accuracy:68.39360046386719%
2023-04-21 15:30:41,102 - Epoch:85/100,Train Accuracy:68.47037506103516%
2023-04-21 15:30:43,224 - Epoch:86/100,Train Accuracy:68.3816909790039%
2023-04-21 15:30:45,350 - Epoch:87/100,Train Accuracy:68.48229217529297%
2023-04-21 15:30:47,484 - Epoch:88/100,Train Accuracy:68.2771224975586%
2023-04-21 15:30:49,621 - Epoch:89/100,Train Accuracy:68.60406494140625%
2023-04-21 15:30:51,876 - Epoch:90/100,Train Accuracy:68.4240493774414%
2023-04-21 15:30:54,029 - Epoch:91/100,Train Accuracy:68.42536926269531%
2023-04-21 15:30:56,177 - Epoch:92/100,Train Accuracy:68.5087661743164%
2023-04-21 15:30:58,371 - Epoch:93/100,Train Accuracy:68.68215942382812%
2023-04-21 15:31:00,537 - Epoch:94/100,Train Accuracy:68.51802825927734%
2023-04-21 15:31:02,784 - Epoch:95/100,Train Accuracy:68.68878173828125%
2023-04-21 15:31:04,894 - Epoch:96/100,Train Accuracy:68.56832885742188%
2023-04-21 15:31:07,045 - Epoch:97/100,Train Accuracy:68.50479125976562%
2023-04-21 15:31:09,231 - Epoch:98/100,Train Accuracy:68.69804382324219%
2023-04-21 15:31:11,368 - Epoch:99/100,Train Accuracy:68.71790313720703%
2023-04-21 15:31:20,173 - 
Test set: Avg. loss: 0.0132, Accuracy: 9120/16258 (56.10%)

2023-04-21 15:31:20,185 - fpr:[0.         0.45331529 1.        ],tpr:[0.        0.5752245 1.       ],threshold:[2 1 0],auc:0.560954606962726
2023-04-21 15:31:20,185 - This is for user8
2023-04-21 15:31:30,442 - Epoch:0/100,Train Accuracy:56.25342559814453%
2023-04-21 15:31:31,986 - Epoch:1/100,Train Accuracy:58.90345764160156%
2023-04-21 15:31:33,552 - Epoch:2/100,Train Accuracy:60.03031921386719%
2023-04-21 15:31:35,110 - Epoch:3/100,Train Accuracy:60.62388229370117%
2023-04-21 15:31:36,663 - Epoch:4/100,Train Accuracy:61.221099853515625%
2023-04-21 15:31:38,228 - Epoch:5/100,Train Accuracy:62.17262649536133%
2023-04-21 15:31:39,779 - Epoch:6/100,Train Accuracy:62.486759185791016%
2023-04-21 15:31:41,351 - Epoch:7/100,Train Accuracy:63.058406829833984%
2023-04-21 15:31:42,929 - Epoch:8/100,Train Accuracy:63.25017166137695%
2023-04-21 15:31:44,523 - Epoch:9/100,Train Accuracy:63.89670181274414%
2023-04-21 15:31:46,105 - Epoch:10/100,Train Accuracy:64.18708801269531%
2023-04-21 15:31:47,689 - Epoch:11/100,Train Accuracy:64.46834564208984%
2023-04-21 15:31:49,308 - Epoch:12/100,Train Accuracy:64.93406677246094%
2023-04-21 15:31:50,869 - Epoch:13/100,Train Accuracy:65.26280975341797%
2023-04-21 15:31:52,390 - Epoch:14/100,Train Accuracy:65.47467041015625%
2023-04-21 15:31:53,926 - Epoch:15/100,Train Accuracy:65.591552734375%
2023-04-21 15:31:55,456 - Epoch:16/100,Train Accuracy:65.93490600585938%
2023-04-21 15:31:56,990 - Epoch:17/100,Train Accuracy:66.41158294677734%
2023-04-21 15:31:58,594 - Epoch:18/100,Train Accuracy:66.5394287109375%
2023-04-21 15:32:00,164 - Epoch:19/100,Train Accuracy:66.82251739501953%
2023-04-21 15:32:01,733 - Epoch:20/100,Train Accuracy:66.92662048339844%
2023-04-21 15:32:03,286 - Epoch:21/100,Train Accuracy:66.94305419921875%
2023-04-21 15:32:04,839 - Epoch:22/100,Train Accuracy:67.3941650390625%
2023-04-21 15:32:06,394 - Epoch:23/100,Train Accuracy:67.43617248535156%
2023-04-21 15:32:07,947 - Epoch:24/100,Train Accuracy:67.69551086425781%
2023-04-21 15:32:09,520 - Epoch:25/100,Train Accuracy:67.60419464111328%
2023-04-21 15:32:11,073 - Epoch:26/100,Train Accuracy:67.83248901367188%
2023-04-21 15:32:12,628 - Epoch:27/100,Train Accuracy:67.92562866210938%
2023-04-21 15:32:14,191 - Epoch:28/100,Train Accuracy:68.27081298828125%
2023-04-21 15:32:15,761 - Epoch:29/100,Train Accuracy:68.12287902832031%
2023-04-21 15:32:17,312 - Epoch:30/100,Train Accuracy:68.69452667236328%
2023-04-21 15:32:18,875 - Epoch:31/100,Train Accuracy:68.64704132080078%
2023-04-21 15:32:20,426 - Epoch:32/100,Train Accuracy:68.59955596923828%
2023-04-21 15:32:22,005 - Epoch:33/100,Train Accuracy:68.94656372070312%
2023-04-21 15:32:23,558 - Epoch:34/100,Train Accuracy:68.69452667236328%
2023-04-21 15:32:25,113 - Epoch:35/100,Train Accuracy:68.9191665649414%
2023-04-21 15:32:26,665 - Epoch:36/100,Train Accuracy:69.17485809326172%
2023-04-21 15:32:28,225 - Epoch:37/100,Train Accuracy:69.18946838378906%
2023-04-21 15:32:29,783 - Epoch:38/100,Train Accuracy:69.3355712890625%
2023-04-21 15:32:31,340 - Epoch:39/100,Train Accuracy:69.2332992553711%
2023-04-21 15:32:32,915 - Epoch:40/100,Train Accuracy:69.43601989746094%
2023-04-21 15:32:34,565 - Epoch:41/100,Train Accuracy:69.5748291015625%
2023-04-21 15:32:36,580 - Epoch:42/100,Train Accuracy:69.77572631835938%
2023-04-21 15:32:38,332 - Epoch:43/100,Train Accuracy:69.35383605957031%
2023-04-21 15:32:39,894 - Epoch:44/100,Train Accuracy:69.82138061523438%
2023-04-21 15:32:41,459 - Epoch:45/100,Train Accuracy:69.94922637939453%
2023-04-21 15:32:43,018 - Epoch:46/100,Train Accuracy:70.11724853515625%
2023-04-21 15:32:44,591 - Epoch:47/100,Train Accuracy:70.0478515625%
2023-04-21 15:32:46,132 - Epoch:48/100,Train Accuracy:69.97296905517578%
2023-04-21 15:32:47,679 - Epoch:49/100,Train Accuracy:70.23961639404297%
2023-04-21 15:32:49,231 - Epoch:50/100,Train Accuracy:70.283447265625%
2023-04-21 15:32:50,758 - Epoch:51/100,Train Accuracy:70.36563873291016%
2023-04-21 15:32:52,301 - Epoch:52/100,Train Accuracy:70.52635192871094%
2023-04-21 15:32:53,871 - Epoch:53/100,Train Accuracy:70.5135726928711%
2023-04-21 15:32:55,423 - Epoch:54/100,Train Accuracy:70.30536651611328%
2023-04-21 15:32:56,977 - Epoch:55/100,Train Accuracy:70.44234466552734%
2023-04-21 15:32:58,542 - Epoch:56/100,Train Accuracy:70.54827117919922%
2023-04-21 15:33:00,078 - Epoch:57/100,Train Accuracy:70.5610580444336%
2023-04-21 15:33:01,618 - Epoch:58/100,Train Accuracy:70.46060180664062%
2023-04-21 15:33:03,178 - Epoch:59/100,Train Accuracy:70.88249206542969%
2023-04-21 15:33:04,722 - Epoch:60/100,Train Accuracy:70.7016830444336%
2023-04-21 15:33:06,271 - Epoch:61/100,Train Accuracy:70.86605834960938%
2023-04-21 15:33:07,819 - Epoch:62/100,Train Accuracy:70.87153625488281%
2023-04-21 15:33:09,378 - Epoch:63/100,Train Accuracy:70.94093322753906%
2023-04-21 15:33:10,926 - Epoch:64/100,Train Accuracy:71.0340805053711%
2023-04-21 15:33:12,480 - Epoch:65/100,Train Accuracy:70.90623474121094%
2023-04-21 15:33:14,025 - Epoch:66/100,Train Accuracy:70.93728637695312%
2023-04-21 15:33:15,579 - Epoch:67/100,Train Accuracy:71.27333068847656%
2023-04-21 15:33:17,112 - Epoch:68/100,Train Accuracy:71.08338928222656%
2023-04-21 15:33:18,689 - Epoch:69/100,Train Accuracy:71.12539672851562%
2023-04-21 15:33:20,306 - Epoch:70/100,Train Accuracy:71.04686737060547%
2023-04-21 15:33:21,905 - Epoch:71/100,Train Accuracy:71.02860260009766%
2023-04-21 15:33:23,511 - Epoch:72/100,Train Accuracy:71.31351470947266%
2023-04-21 15:33:25,131 - Epoch:73/100,Train Accuracy:71.44683837890625%
2023-04-21 15:33:26,745 - Epoch:74/100,Train Accuracy:71.23863220214844%
2023-04-21 15:33:28,322 - Epoch:75/100,Train Accuracy:71.49614715576172%
2023-04-21 15:33:29,846 - Epoch:76/100,Train Accuracy:71.73905181884766%
2023-04-21 15:33:31,355 - Epoch:77/100,Train Accuracy:71.47970581054688%
2023-04-21 15:33:32,905 - Epoch:78/100,Train Accuracy:71.59477233886719%
2023-04-21 15:33:34,504 - Epoch:79/100,Train Accuracy:71.62216186523438%
2023-04-21 15:33:36,114 - Epoch:80/100,Train Accuracy:71.56006622314453%
2023-04-21 15:33:37,736 - Epoch:81/100,Train Accuracy:71.86141967773438%
2023-04-21 15:33:39,317 - Epoch:82/100,Train Accuracy:71.90159606933594%
2023-04-21 15:33:40,911 - Epoch:83/100,Train Accuracy:71.73722839355469%
2023-04-21 15:33:42,500 - Epoch:84/100,Train Accuracy:71.70435333251953%
2023-04-21 15:33:44,104 - Epoch:85/100,Train Accuracy:71.82306671142578%
2023-04-21 15:33:45,727 - Epoch:86/100,Train Accuracy:71.88880920410156%
2023-04-21 15:33:47,292 - Epoch:87/100,Train Accuracy:71.97830200195312%
2023-04-21 15:33:48,866 - Epoch:88/100,Train Accuracy:71.82671356201172%
2023-04-21 15:33:50,385 - Epoch:89/100,Train Accuracy:72.02578735351562%
2023-04-21 15:33:51,897 - Epoch:90/100,Train Accuracy:72.01117706298828%
2023-04-21 15:33:53,428 - Epoch:91/100,Train Accuracy:72.03309631347656%
2023-04-21 15:33:54,956 - Epoch:92/100,Train Accuracy:72.03857421875%
2023-04-21 15:33:56,513 - Epoch:93/100,Train Accuracy:72.25408172607422%
2023-04-21 15:33:58,112 - Epoch:94/100,Train Accuracy:72.08058166503906%
2023-04-21 15:33:59,681 - Epoch:95/100,Train Accuracy:72.274169921875%
2023-04-21 15:34:01,273 - Epoch:96/100,Train Accuracy:72.17555236816406%
2023-04-21 15:34:02,841 - Epoch:97/100,Train Accuracy:72.38558197021484%
2023-04-21 15:34:04,396 - Epoch:98/100,Train Accuracy:72.24677276611328%
2023-04-21 15:34:05,949 - Epoch:99/100,Train Accuracy:72.32713317871094%
2023-04-21 15:34:14,771 - 
Test set: Avg. loss: 0.0149, Accuracy: 5854/11348 (51.59%)

2023-04-21 15:34:14,779 - fpr:[0.        0.4117025 1.       ],tpr:[0.         0.44342615 1.        ],threshold:[2 1 0],auc:0.5158618258724005
2023-04-21 15:34:14,779 - This is for user9
2023-04-21 15:34:25,365 - Epoch:0/100,Train Accuracy:54.558937072753906%
2023-04-21 15:34:27,413 - Epoch:1/100,Train Accuracy:56.421878814697266%
2023-04-21 15:34:29,452 - Epoch:2/100,Train Accuracy:57.5889892578125%
2023-04-21 15:34:31,473 - Epoch:3/100,Train Accuracy:58.280662536621094%
2023-04-21 15:34:33,530 - Epoch:4/100,Train Accuracy:58.98480987548828%
2023-04-21 15:34:35,580 - Epoch:5/100,Train Accuracy:59.45193099975586%
2023-04-21 15:34:37,718 - Epoch:6/100,Train Accuracy:59.95647430419922%
2023-04-21 15:34:39,815 - Epoch:7/100,Train Accuracy:60.375083923339844%
2023-04-21 15:34:41,898 - Epoch:8/100,Train Accuracy:60.709136962890625%
2023-04-21 15:34:43,986 - Epoch:9/100,Train Accuracy:61.15823745727539%
2023-04-21 15:34:46,082 - Epoch:10/100,Train Accuracy:61.50615310668945%
2023-04-21 15:34:48,155 - Epoch:11/100,Train Accuracy:61.76951599121094%
2023-04-21 15:34:50,251 - Epoch:12/100,Train Accuracy:62.06614685058594%
2023-04-21 15:34:52,325 - Epoch:13/100,Train Accuracy:62.203369140625%
2023-04-21 15:34:54,413 - Epoch:14/100,Train Accuracy:62.487525939941406%
2023-04-21 15:34:56,490 - Epoch:15/100,Train Accuracy:62.78831100463867%
2023-04-21 15:34:58,565 - Epoch:16/100,Train Accuracy:62.621978759765625%
2023-04-21 15:35:00,645 - Epoch:17/100,Train Accuracy:63.008705139160156%
2023-04-21 15:35:02,860 - Epoch:18/100,Train Accuracy:63.22216796875%
2023-04-21 15:35:04,895 - Epoch:19/100,Train Accuracy:63.39265823364258%
2023-04-21 15:35:06,961 - Epoch:20/100,Train Accuracy:63.674041748046875%
2023-04-21 15:35:09,027 - Epoch:21/100,Train Accuracy:63.69760513305664%
2023-04-21 15:35:11,145 - Epoch:22/100,Train Accuracy:63.92770004272461%
2023-04-21 15:35:13,250 - Epoch:23/100,Train Accuracy:63.95957946777344%
2023-04-21 15:35:15,374 - Epoch:24/100,Train Accuracy:64.07185363769531%
2023-04-21 15:35:17,454 - Epoch:25/100,Train Accuracy:64.22987365722656%
2023-04-21 15:35:19,501 - Epoch:26/100,Train Accuracy:64.50293731689453%
2023-04-21 15:35:21,546 - Epoch:27/100,Train Accuracy:64.52788543701172%
2023-04-21 15:35:23,582 - Epoch:28/100,Train Accuracy:64.68590545654297%
2023-04-21 15:35:25,607 - Epoch:29/100,Train Accuracy:64.74412536621094%
2023-04-21 15:35:27,651 - Epoch:30/100,Train Accuracy:64.96312713623047%
2023-04-21 15:35:29,725 - Epoch:31/100,Train Accuracy:65.0851058959961%
2023-04-21 15:35:31,794 - Epoch:32/100,Train Accuracy:65.1904525756836%
2023-04-21 15:35:33,828 - Epoch:33/100,Train Accuracy:65.4981689453125%
2023-04-21 15:35:35,849 - Epoch:34/100,Train Accuracy:65.30133819580078%
2023-04-21 15:35:37,872 - Epoch:35/100,Train Accuracy:65.37065124511719%
2023-04-21 15:35:39,885 - Epoch:36/100,Train Accuracy:65.46629333496094%
2023-04-21 15:35:41,911 - Epoch:37/100,Train Accuracy:65.57440948486328%
2023-04-21 15:35:43,935 - Epoch:38/100,Train Accuracy:65.56886291503906%
2023-04-21 15:35:45,966 - Epoch:39/100,Train Accuracy:65.71302032470703%
2023-04-21 15:35:47,977 - Epoch:40/100,Train Accuracy:65.9237060546875%
2023-04-21 15:35:50,002 - Epoch:41/100,Train Accuracy:65.857177734375%
2023-04-21 15:35:52,013 - Epoch:42/100,Train Accuracy:65.94866180419922%
2023-04-21 15:35:54,044 - Epoch:43/100,Train Accuracy:66.00687408447266%
2023-04-21 15:35:56,061 - Epoch:44/100,Train Accuracy:66.19123077392578%
2023-04-21 15:35:58,089 - Epoch:45/100,Train Accuracy:66.25914764404297%
2023-04-21 15:36:00,107 - Epoch:46/100,Train Accuracy:66.61122131347656%
2023-04-21 15:36:02,165 - Epoch:47/100,Train Accuracy:66.44072723388672%
2023-04-21 15:36:04,224 - Epoch:48/100,Train Accuracy:66.5044937133789%
2023-04-21 15:36:06,278 - Epoch:49/100,Train Accuracy:66.60983276367188%
2023-04-21 15:36:08,329 - Epoch:50/100,Train Accuracy:66.56686401367188%
2023-04-21 15:36:10,411 - Epoch:51/100,Train Accuracy:66.36726379394531%
2023-04-21 15:36:12,466 - Epoch:52/100,Train Accuracy:66.77616882324219%
2023-04-21 15:36:14,483 - Epoch:53/100,Train Accuracy:66.8135986328125%
2023-04-21 15:36:16,509 - Epoch:54/100,Train Accuracy:66.66250610351562%
2023-04-21 15:36:18,557 - Epoch:55/100,Train Accuracy:66.72627258300781%
2023-04-21 15:36:20,595 - Epoch:56/100,Train Accuracy:66.89398956298828%
2023-04-21 15:36:22,643 - Epoch:57/100,Train Accuracy:67.11992645263672%
2023-04-21 15:36:24,660 - Epoch:58/100,Train Accuracy:66.98824310302734%
2023-04-21 15:36:26,684 - Epoch:59/100,Train Accuracy:67.05062103271484%
2023-04-21 15:36:28,710 - Epoch:60/100,Train Accuracy:67.29734802246094%
2023-04-21 15:36:30,727 - Epoch:61/100,Train Accuracy:67.29873657226562%
2023-04-21 15:36:32,761 - Epoch:62/100,Train Accuracy:67.21833801269531%
2023-04-21 15:36:34,774 - Epoch:63/100,Train Accuracy:67.54962158203125%
2023-04-21 15:36:36,797 - Epoch:64/100,Train Accuracy:67.18230438232422%
2023-04-21 15:36:38,826 - Epoch:65/100,Train Accuracy:67.47615814208984%
2023-04-21 15:36:40,853 - Epoch:66/100,Train Accuracy:67.4415054321289%
2023-04-21 15:36:42,867 - Epoch:67/100,Train Accuracy:67.55793762207031%
2023-04-21 15:36:44,891 - Epoch:68/100,Train Accuracy:67.52606201171875%
2023-04-21 15:36:46,946 - Epoch:69/100,Train Accuracy:67.67436981201172%
2023-04-21 15:36:49,019 - Epoch:70/100,Train Accuracy:67.61892700195312%
2023-04-21 15:36:51,038 - Epoch:71/100,Train Accuracy:67.73258972167969%
2023-04-21 15:36:53,062 - Epoch:72/100,Train Accuracy:67.84486389160156%
2023-04-21 15:36:55,075 - Epoch:73/100,Train Accuracy:67.73258972167969%
2023-04-21 15:36:57,095 - Epoch:74/100,Train Accuracy:67.91694641113281%
2023-04-21 15:36:59,119 - Epoch:75/100,Train Accuracy:68.22050476074219%
2023-04-21 15:37:01,165 - Epoch:76/100,Train Accuracy:67.94882202148438%
2023-04-21 15:37:03,227 - Epoch:77/100,Train Accuracy:67.89337921142578%
2023-04-21 15:37:05,295 - Epoch:78/100,Train Accuracy:67.95852661132812%
2023-04-21 15:37:07,354 - Epoch:79/100,Train Accuracy:67.95575714111328%
2023-04-21 15:37:09,423 - Epoch:80/100,Train Accuracy:68.12208557128906%
2023-04-21 15:37:11,435 - Epoch:81/100,Train Accuracy:67.99317932128906%
2023-04-21 15:37:13,452 - Epoch:82/100,Train Accuracy:68.23574829101562%
2023-04-21 15:37:15,469 - Epoch:83/100,Train Accuracy:68.1636734008789%
2023-04-21 15:37:17,481 - Epoch:84/100,Train Accuracy:68.23574829101562%
2023-04-21 15:37:19,499 - Epoch:85/100,Train Accuracy:68.13040924072266%
2023-04-21 15:37:21,517 - Epoch:86/100,Train Accuracy:68.42703247070312%
2023-04-21 15:37:23,526 - Epoch:87/100,Train Accuracy:68.39376831054688%
2023-04-21 15:37:25,532 - Epoch:88/100,Train Accuracy:68.19001007080078%
2023-04-21 15:37:27,557 - Epoch:89/100,Train Accuracy:68.45614624023438%
2023-04-21 15:37:29,567 - Epoch:90/100,Train Accuracy:68.51158905029297%
2023-04-21 15:37:31,576 - Epoch:91/100,Train Accuracy:68.51851654052734%
2023-04-21 15:37:33,601 - Epoch:92/100,Train Accuracy:68.496337890625%
2023-04-21 15:37:35,617 - Epoch:93/100,Train Accuracy:68.47832489013672%
2023-04-21 15:37:37,648 - Epoch:94/100,Train Accuracy:68.55732727050781%
2023-04-21 15:37:39,661 - Epoch:95/100,Train Accuracy:68.7804946899414%
2023-04-21 15:37:41,691 - Epoch:96/100,Train Accuracy:68.67376708984375%
2023-04-21 15:37:43,719 - Epoch:97/100,Train Accuracy:68.58366394042969%
2023-04-21 15:37:45,761 - Epoch:98/100,Train Accuracy:68.5088119506836%
2023-04-21 15:37:47,781 - Epoch:99/100,Train Accuracy:68.73613739013672%
2023-04-21 15:37:56,487 - 
Test set: Avg. loss: 0.0139, Accuracy: 8020/15092 (53.14%)

2023-04-21 15:37:56,496 - fpr:[0.         0.36641929 1.        ],tpr:[0.         0.42923403 1.        ],threshold:[2 1 0],auc:0.531407368142062
