2023-04-17 16:34:36,716 - lr:0.001,weight_decay:0.001,batch_size:40
2023-04-17 16:34:36,716 - FullConnect(
  (linear1): Linear(in_features=33, out_features=128, bias=True)
  (linear2): Linear(in_features=128, out_features=128, bias=True)
  (linear3): Linear(in_features=128, out_features=64, bias=True)
  (linear4): Linear(in_features=64, out_features=64, bias=True)
  (linear5): Linear(in_features=64, out_features=40, bias=True)
  (linear6): Linear(in_features=40, out_features=2, bias=True)
  (relu): ReLU()
)
2023-04-17 16:34:36,716 - This is for user0
2023-04-17 16:34:48,442 - Epoch:0/100,Train Accuracy:58.41798782348633%
2023-04-17 16:34:51,420 - Epoch:1/100,Train Accuracy:59.99549102783203%
2023-04-17 16:34:54,432 - Epoch:2/100,Train Accuracy:60.811981201171875%
2023-04-17 16:34:57,357 - Epoch:3/100,Train Accuracy:61.60073471069336%
2023-04-17 16:35:00,427 - Epoch:4/100,Train Accuracy:62.429359436035156%
2023-04-17 16:35:03,692 - Epoch:5/100,Train Accuracy:62.80379867553711%
2023-04-17 16:35:07,032 - Epoch:6/100,Train Accuracy:63.492008209228516%
2023-04-17 16:35:10,489 - Epoch:7/100,Train Accuracy:63.901119232177734%
2023-04-17 16:35:14,099 - Epoch:8/100,Train Accuracy:64.3223648071289%
2023-04-17 16:35:17,448 - Epoch:9/100,Train Accuracy:65.07817840576172%
2023-04-17 16:35:21,722 - Epoch:10/100,Train Accuracy:65.37635040283203%
2023-04-17 16:35:25,054 - Epoch:11/100,Train Accuracy:65.96574401855469%
2023-04-17 16:35:28,429 - Epoch:12/100,Train Accuracy:66.28644561767578%
2023-04-17 16:35:31,734 - Epoch:13/100,Train Accuracy:66.91224670410156%
2023-04-17 16:35:35,048 - Epoch:14/100,Train Accuracy:67.09947204589844%
2023-04-17 16:35:38,359 - Epoch:15/100,Train Accuracy:67.74260711669922%
2023-04-17 16:35:41,696 - Epoch:16/100,Train Accuracy:68.16732025146484%
2023-04-17 16:35:45,358 - Epoch:17/100,Train Accuracy:68.57816314697266%
2023-04-17 16:35:48,676 - Epoch:18/100,Train Accuracy:69.15715789794922%
2023-04-17 16:35:52,001 - Epoch:19/100,Train Accuracy:69.56800842285156%
2023-04-17 16:35:55,441 - Epoch:20/100,Train Accuracy:69.85057067871094%
2023-04-17 16:35:58,733 - Epoch:21/100,Train Accuracy:70.15913391113281%
2023-04-17 16:36:02,108 - Epoch:22/100,Train Accuracy:70.57865142822266%
2023-04-17 16:36:05,425 - Epoch:23/100,Train Accuracy:70.97216033935547%
2023-04-17 16:36:08,692 - Epoch:24/100,Train Accuracy:71.32059478759766%
2023-04-17 16:36:11,953 - Epoch:25/100,Train Accuracy:71.8337173461914%
2023-04-17 16:36:15,243 - Epoch:26/100,Train Accuracy:72.1544189453125%
2023-04-17 16:36:18,522 - Epoch:27/100,Train Accuracy:72.53233337402344%
2023-04-17 16:36:21,808 - Epoch:28/100,Train Accuracy:72.7992935180664%
2023-04-17 16:36:25,071 - Epoch:29/100,Train Accuracy:73.15813446044922%
2023-04-17 16:36:28,297 - Epoch:30/100,Train Accuracy:73.4233627319336%
2023-04-17 16:36:31,571 - Epoch:31/100,Train Accuracy:73.7943344116211%
2023-04-17 16:36:34,794 - Epoch:32/100,Train Accuracy:74.23118591308594%
2023-04-17 16:36:38,019 - Epoch:33/100,Train Accuracy:74.47734069824219%
2023-04-17 16:36:41,276 - Epoch:34/100,Train Accuracy:74.96446228027344%
2023-04-17 16:36:44,517 - Epoch:35/100,Train Accuracy:75.01300048828125%
2023-04-17 16:36:47,772 - Epoch:36/100,Train Accuracy:75.42037963867188%
2023-04-17 16:36:51,004 - Epoch:37/100,Train Accuracy:75.59373474121094%
2023-04-17 16:36:54,183 - Epoch:38/100,Train Accuracy:75.99764251708984%
2023-04-17 16:36:57,428 - Epoch:39/100,Train Accuracy:76.04791259765625%
2023-04-17 16:37:00,639 - Epoch:40/100,Train Accuracy:76.47956085205078%
2023-04-17 16:37:03,831 - Epoch:41/100,Train Accuracy:76.78813171386719%
2023-04-17 16:37:07,009 - Epoch:42/100,Train Accuracy:76.90774536132812%
2023-04-17 16:37:10,179 - Epoch:43/100,Train Accuracy:77.25271606445312%
2023-04-17 16:37:13,372 - Epoch:44/100,Train Accuracy:77.29605102539062%
2023-04-17 16:37:16,545 - Epoch:45/100,Train Accuracy:77.59768676757812%
2023-04-17 16:37:19,744 - Epoch:46/100,Train Accuracy:77.83690643310547%
2023-04-17 16:37:22,928 - Epoch:47/100,Train Accuracy:78.02932739257812%
2023-04-17 16:37:26,115 - Epoch:48/100,Train Accuracy:77.8906478881836%
2023-04-17 16:37:29,317 - Epoch:49/100,Train Accuracy:78.33789825439453%
2023-04-17 16:37:32,484 - Epoch:50/100,Train Accuracy:78.58232879638672%
2023-04-17 16:37:35,701 - Epoch:51/100,Train Accuracy:78.9567642211914%
2023-04-17 16:37:38,859 - Epoch:52/100,Train Accuracy:78.8648910522461%
2023-04-17 16:37:42,090 - Epoch:53/100,Train Accuracy:79.2358627319336%
2023-04-17 16:37:45,263 - Epoch:54/100,Train Accuracy:79.12664794921875%
2023-04-17 16:37:48,404 - Epoch:55/100,Train Accuracy:79.38668060302734%
2023-04-17 16:37:51,575 - Epoch:56/100,Train Accuracy:79.69698333740234%
2023-04-17 16:37:54,756 - Epoch:57/100,Train Accuracy:79.82006072998047%
2023-04-17 16:37:57,984 - Epoch:58/100,Train Accuracy:80.00901794433594%
2023-04-17 16:38:01,170 - Epoch:59/100,Train Accuracy:80.13036346435547%
2023-04-17 16:38:04,304 - Epoch:60/100,Train Accuracy:80.18930053710938%
2023-04-17 16:38:07,433 - Epoch:61/100,Train Accuracy:80.28984832763672%
2023-04-17 16:38:10,587 - Epoch:62/100,Train Accuracy:80.66082000732422%
2023-04-17 16:38:13,734 - Epoch:63/100,Train Accuracy:80.42679595947266%
2023-04-17 16:38:16,895 - Epoch:64/100,Train Accuracy:80.82550048828125%
2023-04-17 16:38:20,065 - Epoch:65/100,Train Accuracy:80.87751007080078%
2023-04-17 16:38:23,253 - Epoch:66/100,Train Accuracy:81.2190170288086%
2023-04-17 16:38:26,385 - Epoch:67/100,Train Accuracy:81.2675552368164%
2023-04-17 16:38:29,601 - Epoch:68/100,Train Accuracy:81.16180419921875%
2023-04-17 16:38:32,835 - Epoch:69/100,Train Accuracy:81.40969848632812%
2023-04-17 16:38:36,031 - Epoch:70/100,Train Accuracy:81.44610595703125%
2023-04-17 16:38:39,248 - Epoch:71/100,Train Accuracy:81.50851440429688%
2023-04-17 16:38:42,460 - Epoch:72/100,Train Accuracy:81.86734771728516%
2023-04-17 16:38:45,659 - Epoch:73/100,Train Accuracy:81.89682006835938%
2023-04-17 16:38:48,765 - Epoch:74/100,Train Accuracy:81.9782943725586%
2023-04-17 16:38:51,975 - Epoch:75/100,Train Accuracy:82.0198974609375%
2023-04-17 16:38:55,146 - Epoch:76/100,Train Accuracy:82.26605987548828%
2023-04-17 16:38:58,307 - Epoch:77/100,Train Accuracy:82.28166198730469%
2023-04-17 16:39:01,480 - Epoch:78/100,Train Accuracy:82.52262115478516%
2023-04-17 16:39:04,687 - Epoch:79/100,Train Accuracy:82.65263366699219%
2023-04-17 16:39:07,866 - Epoch:80/100,Train Accuracy:82.82252502441406%
2023-04-17 16:39:10,990 - Epoch:81/100,Train Accuracy:82.6821060180664%
2023-04-17 16:39:14,202 - Epoch:82/100,Train Accuracy:82.994140625%
2023-04-17 16:39:17,349 - Epoch:83/100,Train Accuracy:82.95426940917969%
2023-04-17 16:39:20,496 - Epoch:84/100,Train Accuracy:83.12935638427734%
2023-04-17 16:39:23,593 - Epoch:85/100,Train Accuracy:82.86932373046875%
2023-04-17 16:39:26,691 - Epoch:86/100,Train Accuracy:83.29924011230469%
2023-04-17 16:39:29,834 - Epoch:87/100,Train Accuracy:83.35991668701172%
2023-04-17 16:39:32,961 - Epoch:88/100,Train Accuracy:83.32177734375%
2023-04-17 16:39:36,045 - Epoch:89/100,Train Accuracy:83.42058563232422%
2023-04-17 16:39:39,176 - Epoch:90/100,Train Accuracy:83.66154479980469%
2023-04-17 16:39:42,343 - Epoch:91/100,Train Accuracy:83.54540252685547%
2023-04-17 16:39:45,562 - Epoch:92/100,Train Accuracy:83.6684799194336%
2023-04-17 16:39:48,675 - Epoch:93/100,Train Accuracy:83.81236267089844%
2023-04-17 16:39:51,845 - Epoch:94/100,Train Accuracy:83.84529876708984%
2023-04-17 16:39:54,998 - Epoch:95/100,Train Accuracy:84.15039825439453%
2023-04-17 16:39:58,206 - Epoch:96/100,Train Accuracy:84.0377197265625%
2023-04-17 16:40:01,367 - Epoch:97/100,Train Accuracy:84.15733337402344%
2023-04-17 16:40:04,480 - Epoch:98/100,Train Accuracy:84.23534393310547%
2023-04-17 16:40:07,673 - Epoch:99/100,Train Accuracy:84.10533142089844%
2023-04-17 16:40:17,123 - 
Test set: Avg. loss: 0.0421, Accuracy: 6915/12488 (55.37%)

2023-04-17 16:40:17,133 - fpr:[0.         0.38709161 1.        ],tpr:[0.         0.49455477 1.        ],threshold:[2 1 0],auc:0.5537315823190262
2023-04-17 16:40:17,133 - This is for user1
2023-04-17 16:40:29,668 - Epoch:0/100,Train Accuracy:53.42526626586914%
2023-04-17 16:40:33,451 - Epoch:1/100,Train Accuracy:58.05160140991211%
2023-04-17 16:40:37,265 - Epoch:2/100,Train Accuracy:60.05337905883789%
2023-04-17 16:40:41,014 - Epoch:3/100,Train Accuracy:61.10090637207031%
2023-04-17 16:40:44,786 - Epoch:4/100,Train Accuracy:61.92744827270508%
