2023-04-20 21:52:34,926 - lr:1e-05,weight_decay:0.01,batch_size:40
2023-04-20 21:52:34,926 - CZHNet(
  (linear1): Linear(in_features=33, out_features=256, bias=True)
  (linear2): Linear(in_features=256, out_features=256, bias=True)
  (linear3): Linear(in_features=256, out_features=128, bias=True)
  (linear4): Linear(in_features=128, out_features=128, bias=True)
  (linear5): Linear(in_features=128, out_features=64, bias=True)
  (linear6): Linear(in_features=64, out_features=64, bias=True)
  (linear7): Linear(in_features=64, out_features=40, bias=True)
  (linear8): Linear(in_features=40, out_features=2, bias=True)
  (relu): ReLU()
)
2023-04-20 21:52:34,926 - This is for user0
2023-04-20 21:52:49,287 - Epoch:0/100,Train Accuracy:50.0%
2023-04-20 21:52:53,737 - Epoch:1/100,Train Accuracy:50.0%
2023-04-20 21:52:58,235 - Epoch:2/100,Train Accuracy:50.0%
2023-04-20 21:53:02,661 - Epoch:3/100,Train Accuracy:50.0%
2023-04-20 21:53:07,478 - Epoch:4/100,Train Accuracy:50.0%
2023-04-20 21:53:12,359 - Epoch:5/100,Train Accuracy:50.0%
2023-04-20 21:53:17,536 - Epoch:6/100,Train Accuracy:50.0%
2023-04-20 21:53:22,698 - Epoch:7/100,Train Accuracy:50.0%
2023-04-20 21:53:27,103 - Epoch:8/100,Train Accuracy:50.0%
2023-04-20 21:53:31,500 - Epoch:9/100,Train Accuracy:50.0%
2023-04-20 21:53:35,852 - Epoch:10/100,Train Accuracy:50.0%
2023-04-20 21:53:40,261 - Epoch:11/100,Train Accuracy:50.0%
2023-04-20 21:53:44,689 - Epoch:12/100,Train Accuracy:50.0%
2023-04-20 21:53:49,177 - Epoch:13/100,Train Accuracy:50.0%
2023-04-20 21:53:53,586 - Epoch:14/100,Train Accuracy:50.0%
2023-04-20 21:53:57,984 - Epoch:15/100,Train Accuracy:50.0%
2023-04-20 21:54:02,501 - Epoch:16/100,Train Accuracy:50.0%
2023-04-20 21:54:06,922 - Epoch:17/100,Train Accuracy:50.0%
2023-04-20 21:54:11,351 - Epoch:18/100,Train Accuracy:50.0%
2023-04-20 21:54:15,841 - Epoch:19/100,Train Accuracy:50.0%
2023-04-20 21:54:20,200 - Epoch:20/100,Train Accuracy:50.0%
2023-04-20 21:54:24,533 - Epoch:21/100,Train Accuracy:50.0%
2023-04-20 21:54:28,865 - Epoch:22/100,Train Accuracy:50.0%
2023-04-20 21:54:33,170 - Epoch:23/100,Train Accuracy:50.0%
2023-04-20 21:54:37,529 - Epoch:24/100,Train Accuracy:50.0%
2023-04-20 21:54:42,698 - Epoch:25/100,Train Accuracy:50.0%
2023-04-20 21:54:47,158 - Epoch:26/100,Train Accuracy:50.0%
2023-04-20 21:54:51,533 - Epoch:27/100,Train Accuracy:50.0%
2023-04-20 21:54:55,976 - Epoch:28/100,Train Accuracy:50.0%
2023-04-20 21:55:00,411 - Epoch:29/100,Train Accuracy:50.0%
2023-04-20 21:55:04,795 - Epoch:30/100,Train Accuracy:50.0%
2023-04-20 21:55:09,191 - Epoch:31/100,Train Accuracy:50.0%
2023-04-20 21:55:13,671 - Epoch:32/100,Train Accuracy:50.0%
2023-04-20 21:55:18,386 - Epoch:33/100,Train Accuracy:50.0%
2023-04-20 21:55:23,043 - Epoch:34/100,Train Accuracy:50.0%
2023-04-20 21:55:27,995 - Epoch:35/100,Train Accuracy:50.0%
2023-04-20 21:55:33,153 - Epoch:36/100,Train Accuracy:50.0%
2023-04-20 21:55:37,759 - Epoch:37/100,Train Accuracy:50.0%
2023-04-20 21:55:42,083 - Epoch:38/100,Train Accuracy:50.0%
2023-04-20 21:55:46,481 - Epoch:39/100,Train Accuracy:50.0%
2023-04-20 21:55:50,948 - Epoch:40/100,Train Accuracy:50.0%
2023-04-20 21:55:55,425 - Epoch:41/100,Train Accuracy:50.0%
2023-04-20 21:55:59,913 - Epoch:42/100,Train Accuracy:50.0%
2023-04-20 21:56:04,395 - Epoch:43/100,Train Accuracy:50.0%
2023-04-20 21:56:08,879 - Epoch:44/100,Train Accuracy:50.0%
2023-04-20 21:56:13,343 - Epoch:45/100,Train Accuracy:50.0%
2023-04-20 21:56:17,829 - Epoch:46/100,Train Accuracy:50.0%
2023-04-20 21:56:22,278 - Epoch:47/100,Train Accuracy:50.0%
2023-04-20 21:56:26,786 - Epoch:48/100,Train Accuracy:50.0%
2023-04-20 21:56:31,244 - Epoch:49/100,Train Accuracy:50.0%
2023-04-20 21:56:35,690 - Epoch:50/100,Train Accuracy:50.0%
2023-04-20 21:56:40,161 - Epoch:51/100,Train Accuracy:50.0%
2023-04-20 21:56:44,634 - Epoch:52/100,Train Accuracy:50.0%
2023-04-20 21:56:49,154 - Epoch:53/100,Train Accuracy:50.0%
2023-04-20 21:56:53,616 - Epoch:54/100,Train Accuracy:50.0%
2023-04-20 21:56:58,094 - Epoch:55/100,Train Accuracy:50.0%
2023-04-20 21:57:02,594 - Epoch:56/100,Train Accuracy:50.0%
2023-04-20 21:57:07,067 - Epoch:57/100,Train Accuracy:50.0%
2023-04-20 21:57:11,542 - Epoch:58/100,Train Accuracy:50.0%
2023-04-20 21:57:16,018 - Epoch:59/100,Train Accuracy:50.0%
2023-04-20 21:57:20,399 - Epoch:60/100,Train Accuracy:50.0%
2023-04-20 21:57:24,879 - Epoch:61/100,Train Accuracy:50.0%
2023-04-20 21:57:29,296 - Epoch:62/100,Train Accuracy:50.0%
2023-04-20 21:57:33,712 - Epoch:63/100,Train Accuracy:50.0%
2023-04-20 21:57:38,082 - Epoch:64/100,Train Accuracy:50.0%
2023-04-20 21:57:42,500 - Epoch:65/100,Train Accuracy:50.0%
2023-04-20 21:57:46,852 - Epoch:66/100,Train Accuracy:50.0%
2023-04-20 21:57:51,209 - Epoch:67/100,Train Accuracy:50.0%
2023-04-20 21:57:55,511 - Epoch:68/100,Train Accuracy:50.0%
2023-04-20 21:57:59,884 - Epoch:69/100,Train Accuracy:50.0%
2023-04-20 21:58:04,326 - Epoch:70/100,Train Accuracy:50.0%
2023-04-20 21:58:08,678 - Epoch:71/100,Train Accuracy:50.0%
2023-04-20 21:58:13,179 - Epoch:72/100,Train Accuracy:50.0%
2023-04-20 21:58:17,542 - Epoch:73/100,Train Accuracy:50.0%
2023-04-20 21:58:22,486 - Epoch:74/100,Train Accuracy:50.0%
2023-04-20 21:58:26,870 - Epoch:75/100,Train Accuracy:50.0%
2023-04-20 21:58:31,245 - Epoch:76/100,Train Accuracy:50.0%
2023-04-20 21:58:35,717 - Epoch:77/100,Train Accuracy:50.0%
2023-04-20 21:58:40,048 - Epoch:78/100,Train Accuracy:50.0%
2023-04-20 21:58:44,449 - Epoch:79/100,Train Accuracy:50.0%
2023-04-20 21:58:49,014 - Epoch:80/100,Train Accuracy:50.0%
2023-04-20 21:58:53,489 - Epoch:81/100,Train Accuracy:50.0%
2023-04-20 21:58:57,966 - Epoch:82/100,Train Accuracy:50.0%
2023-04-20 21:59:02,427 - Epoch:83/100,Train Accuracy:50.0%
2023-04-20 21:59:06,901 - Epoch:84/100,Train Accuracy:50.0%
2023-04-20 21:59:11,293 - Epoch:85/100,Train Accuracy:50.0%
2023-04-20 21:59:15,708 - Epoch:86/100,Train Accuracy:50.0%
2023-04-20 21:59:20,107 - Epoch:87/100,Train Accuracy:50.0%
2023-04-20 21:59:24,533 - Epoch:88/100,Train Accuracy:50.0%
2023-04-20 21:59:28,913 - Epoch:89/100,Train Accuracy:50.0%
2023-04-20 21:59:33,282 - Epoch:90/100,Train Accuracy:50.0%
2023-04-20 21:59:37,752 - Epoch:91/100,Train Accuracy:50.0%
2023-04-20 21:59:42,800 - Epoch:92/100,Train Accuracy:50.0%
2023-04-20 21:59:47,173 - Epoch:93/100,Train Accuracy:50.0%
2023-04-20 21:59:51,520 - Epoch:94/100,Train Accuracy:50.0%
2023-04-20 21:59:55,947 - Epoch:95/100,Train Accuracy:50.0%
2023-04-20 22:00:00,481 - Epoch:96/100,Train Accuracy:50.0%
2023-04-20 22:00:04,871 - Epoch:97/100,Train Accuracy:50.0%
2023-04-20 22:00:09,271 - Epoch:98/100,Train Accuracy:50.0%
2023-04-20 22:00:13,662 - Epoch:99/100,Train Accuracy:50.0%
2023-04-20 22:00:22,711 - 
Test set: Avg. loss: 0.0174, Accuracy: 6244/12488 (50.00%)

2023-04-20 22:00:22,719 - fpr:[0. 1.],tpr:[0. 1.],threshold:[1 0],auc:0.5
2023-04-20 22:00:22,720 - This is for user1
2023-04-20 22:00:36,721 - Epoch:0/100,Train Accuracy:50.0%
2023-04-20 22:00:42,039 - Epoch:1/100,Train Accuracy:50.0%
2023-04-20 22:00:47,357 - Epoch:2/100,Train Accuracy:50.0%
2023-04-20 22:00:52,667 - Epoch:3/100,Train Accuracy:50.0%
2023-04-20 22:00:57,948 - Epoch:4/100,Train Accuracy:50.0%
2023-04-20 22:01:04,280 - Epoch:5/100,Train Accuracy:50.0%
2023-04-20 22:01:10,012 - Epoch:6/100,Train Accuracy:50.0%
2023-04-20 22:01:15,467 - Epoch:7/100,Train Accuracy:50.0%
2023-04-20 22:01:20,747 - Epoch:8/100,Train Accuracy:50.0%
2023-04-20 22:01:26,072 - Epoch:9/100,Train Accuracy:50.0%
2023-04-20 22:01:31,387 - Epoch:10/100,Train Accuracy:50.0%
2023-04-20 22:01:36,733 - Epoch:11/100,Train Accuracy:50.0%
2023-04-20 22:01:42,740 - Epoch:12/100,Train Accuracy:50.0%
2023-04-20 22:01:48,633 - Epoch:13/100,Train Accuracy:50.0%
2023-04-20 22:01:53,937 - Epoch:14/100,Train Accuracy:50.0%
2023-04-20 22:01:59,231 - Epoch:15/100,Train Accuracy:50.0%
2023-04-20 22:02:04,634 - Epoch:16/100,Train Accuracy:50.0%
2023-04-20 22:02:09,964 - Epoch:17/100,Train Accuracy:50.0%
2023-04-20 22:02:15,263 - Epoch:18/100,Train Accuracy:50.0%
2023-04-20 22:02:20,685 - Epoch:19/100,Train Accuracy:50.0%
2023-04-20 22:02:26,011 - Epoch:20/100,Train Accuracy:50.0%
2023-04-20 22:02:31,411 - Epoch:21/100,Train Accuracy:50.0%
2023-04-20 22:02:36,812 - Epoch:22/100,Train Accuracy:50.0%
2023-04-20 22:02:42,233 - Epoch:23/100,Train Accuracy:50.0%
2023-04-20 22:02:47,647 - Epoch:24/100,Train Accuracy:50.0%
2023-04-20 22:02:53,033 - Epoch:25/100,Train Accuracy:49.96556091308594%
2023-04-20 22:02:58,460 - Epoch:26/100,Train Accuracy:50.0%
2023-04-20 22:03:03,939 - Epoch:27/100,Train Accuracy:50.0%
2023-04-20 22:03:09,353 - Epoch:28/100,Train Accuracy:50.0%
2023-04-20 22:03:14,777 - Epoch:29/100,Train Accuracy:50.0%
2023-04-20 22:03:20,242 - Epoch:30/100,Train Accuracy:50.0%
2023-04-20 22:03:25,666 - Epoch:31/100,Train Accuracy:50.0%
2023-04-20 22:03:31,091 - Epoch:32/100,Train Accuracy:50.0%
2023-04-20 22:03:36,454 - Epoch:33/100,Train Accuracy:50.0%
2023-04-20 22:03:41,899 - Epoch:34/100,Train Accuracy:50.0%
2023-04-20 22:03:47,301 - Epoch:35/100,Train Accuracy:50.0%
2023-04-20 22:03:52,644 - Epoch:36/100,Train Accuracy:50.0%
2023-04-20 22:03:58,007 - Epoch:37/100,Train Accuracy:50.0%
2023-04-20 22:04:03,333 - Epoch:38/100,Train Accuracy:50.0%
2023-04-20 22:04:08,740 - Epoch:39/100,Train Accuracy:50.0%
2023-04-20 22:04:14,109 - Epoch:40/100,Train Accuracy:50.0%
2023-04-20 22:04:19,471 - Epoch:41/100,Train Accuracy:50.0%
2023-04-20 22:04:24,815 - Epoch:42/100,Train Accuracy:50.0%
2023-04-20 22:04:30,376 - Epoch:43/100,Train Accuracy:50.0%
2023-04-20 22:04:35,726 - Epoch:44/100,Train Accuracy:50.0%
2023-04-20 22:04:41,053 - Epoch:45/100,Train Accuracy:50.0%
2023-04-20 22:04:46,370 - Epoch:46/100,Train Accuracy:50.0%
2023-04-20 22:04:51,714 - Epoch:47/100,Train Accuracy:50.0%
2023-04-20 22:04:57,006 - Epoch:48/100,Train Accuracy:50.0%
2023-04-20 22:05:02,371 - Epoch:49/100,Train Accuracy:50.0%
2023-04-20 22:05:07,669 - Epoch:50/100,Train Accuracy:50.0%
2023-04-20 22:05:13,040 - Epoch:51/100,Train Accuracy:50.0%
2023-04-20 22:05:18,449 - Epoch:52/100,Train Accuracy:50.0%
2023-04-20 22:05:23,850 - Epoch:53/100,Train Accuracy:50.0%
2023-04-20 22:05:29,267 - Epoch:54/100,Train Accuracy:50.0%
2023-04-20 22:05:34,666 - Epoch:55/100,Train Accuracy:50.0%
2023-04-20 22:05:40,076 - Epoch:56/100,Train Accuracy:50.0%
2023-04-20 22:05:45,500 - Epoch:57/100,Train Accuracy:50.0%
2023-04-20 22:05:50,938 - Epoch:58/100,Train Accuracy:50.0%
2023-04-20 22:05:56,374 - Epoch:59/100,Train Accuracy:50.0%
2023-04-20 22:06:01,778 - Epoch:60/100,Train Accuracy:50.0%
2023-04-20 22:06:07,270 - Epoch:61/100,Train Accuracy:50.0%
2023-04-20 22:06:12,666 - Epoch:62/100,Train Accuracy:50.0%
2023-04-20 22:06:18,041 - Epoch:63/100,Train Accuracy:50.0%
2023-04-20 22:06:23,374 - Epoch:64/100,Train Accuracy:50.0%
2023-04-20 22:06:28,699 - Epoch:65/100,Train Accuracy:50.0%
2023-04-20 22:06:34,016 - Epoch:66/100,Train Accuracy:50.0%
2023-04-20 22:06:39,392 - Epoch:67/100,Train Accuracy:50.0%
2023-04-20 22:06:44,760 - Epoch:68/100,Train Accuracy:50.0%
2023-04-20 22:06:50,102 - Epoch:69/100,Train Accuracy:50.0%
2023-04-20 22:06:55,494 - Epoch:70/100,Train Accuracy:50.0%
2023-04-20 22:07:00,846 - Epoch:71/100,Train Accuracy:50.0%
2023-04-20 22:07:06,163 - Epoch:72/100,Train Accuracy:50.0%
2023-04-20 22:07:11,535 - Epoch:73/100,Train Accuracy:50.0%
2023-04-20 22:07:16,842 - Epoch:74/100,Train Accuracy:50.0%
2023-04-20 22:07:21,958 - Epoch:75/100,Train Accuracy:50.0%
2023-04-20 22:07:27,016 - Epoch:76/100,Train Accuracy:50.0%
2023-04-20 22:07:32,192 - Epoch:77/100,Train Accuracy:50.0%
2023-04-20 22:07:37,209 - Epoch:78/100,Train Accuracy:50.0%
2023-04-20 22:07:42,401 - Epoch:79/100,Train Accuracy:50.0%
2023-04-20 22:07:47,432 - Epoch:80/100,Train Accuracy:50.0%
2023-04-20 22:07:52,471 - Epoch:81/100,Train Accuracy:50.0%
2023-04-20 22:07:57,519 - Epoch:82/100,Train Accuracy:50.0%
2023-04-20 22:08:02,607 - Epoch:83/100,Train Accuracy:50.0%
2023-04-20 22:08:07,951 - Epoch:84/100,Train Accuracy:50.0%
2023-04-20 22:08:12,976 - Epoch:85/100,Train Accuracy:50.0%
2023-04-20 22:08:18,157 - Epoch:86/100,Train Accuracy:50.0%
2023-04-20 22:08:23,332 - Epoch:87/100,Train Accuracy:50.0%
2023-04-20 22:08:28,395 - Epoch:88/100,Train Accuracy:50.0%
2023-04-20 22:08:33,726 - Epoch:89/100,Train Accuracy:50.0%
2023-04-20 22:08:38,737 - Epoch:90/100,Train Accuracy:50.0%
2023-04-20 22:08:43,765 - Epoch:91/100,Train Accuracy:50.0%
2023-04-20 22:08:48,823 - Epoch:92/100,Train Accuracy:50.0%
2023-04-20 22:08:53,879 - Epoch:93/100,Train Accuracy:50.0%
2023-04-20 22:08:58,896 - Epoch:94/100,Train Accuracy:50.0%
2023-04-20 22:09:03,930 - Epoch:95/100,Train Accuracy:50.0%
2023-04-20 22:09:08,952 - Epoch:96/100,Train Accuracy:50.0%
2023-04-20 22:09:14,072 - Epoch:97/100,Train Accuracy:50.0%
2023-04-20 22:09:19,121 - Epoch:98/100,Train Accuracy:50.0%
2023-04-20 22:09:24,151 - Epoch:99/100,Train Accuracy:50.0%
2023-04-20 22:09:33,131 - 
Test set: Avg. loss: 0.0173, Accuracy: 7359/14718 (50.00%)

2023-04-20 22:09:33,140 - fpr:[0. 1.],tpr:[0. 1.],threshold:[1 0],auc:0.5
2023-04-20 22:09:33,140 - This is for user2
2023-04-20 22:09:46,446 - Epoch:0/100,Train Accuracy:50.0%
2023-04-20 22:09:51,053 - Epoch:1/100,Train Accuracy:50.0%
2023-04-20 22:09:55,671 - Epoch:2/100,Train Accuracy:50.0%
2023-04-20 22:10:00,312 - Epoch:3/100,Train Accuracy:50.0%
2023-04-20 22:10:05,102 - Epoch:4/100,Train Accuracy:50.0%
2023-04-20 22:10:09,868 - Epoch:5/100,Train Accuracy:50.0%
2023-04-20 22:10:14,556 - Epoch:6/100,Train Accuracy:50.0%
2023-04-20 22:10:19,323 - Epoch:7/100,Train Accuracy:50.0%
2023-04-20 22:10:24,107 - Epoch:8/100,Train Accuracy:50.0%
2023-04-20 22:10:28,888 - Epoch:9/100,Train Accuracy:50.0%
2023-04-20 22:10:33,658 - Epoch:10/100,Train Accuracy:50.0%
2023-04-20 22:10:38,450 - Epoch:11/100,Train Accuracy:50.0%
2023-04-20 22:10:43,211 - Epoch:12/100,Train Accuracy:50.0%
2023-04-20 22:10:47,887 - Epoch:13/100,Train Accuracy:50.0%
2023-04-20 22:10:52,591 - Epoch:14/100,Train Accuracy:50.0%
2023-04-20 22:10:57,337 - Epoch:15/100,Train Accuracy:50.0%
2023-04-20 22:11:02,389 - Epoch:16/100,Train Accuracy:50.0%
2023-04-20 22:11:07,180 - Epoch:17/100,Train Accuracy:50.0%
2023-04-20 22:11:11,810 - Epoch:18/100,Train Accuracy:50.0%
2023-04-20 22:11:16,430 - Epoch:19/100,Train Accuracy:50.0%
2023-04-20 22:11:21,221 - Epoch:20/100,Train Accuracy:50.0%
2023-04-20 22:11:26,003 - Epoch:21/100,Train Accuracy:50.0%
2023-04-20 22:11:30,777 - Epoch:22/100,Train Accuracy:50.0%
2023-04-20 22:11:35,560 - Epoch:23/100,Train Accuracy:50.0%
2023-04-20 22:11:40,343 - Epoch:24/100,Train Accuracy:50.0%
2023-04-20 22:11:45,119 - Epoch:25/100,Train Accuracy:50.0%
2023-04-20 22:11:49,884 - Epoch:26/100,Train Accuracy:50.0%
2023-04-20 22:11:54,671 - Epoch:27/100,Train Accuracy:50.0%
2023-04-20 22:11:59,442 - Epoch:28/100,Train Accuracy:50.0%
2023-04-20 22:12:04,214 - Epoch:29/100,Train Accuracy:50.0%
2023-04-20 22:12:08,974 - Epoch:30/100,Train Accuracy:50.0%
2023-04-20 22:12:13,742 - Epoch:31/100,Train Accuracy:50.0%
2023-04-20 22:12:18,505 - Epoch:32/100,Train Accuracy:50.0%
2023-04-20 22:12:23,272 - Epoch:33/100,Train Accuracy:50.0%
2023-04-20 22:12:28,045 - Epoch:34/100,Train Accuracy:50.0%
2023-04-20 22:12:32,834 - Epoch:35/100,Train Accuracy:50.0%
2023-04-20 22:12:37,607 - Epoch:36/100,Train Accuracy:50.0%
2023-04-20 22:12:42,404 - Epoch:37/100,Train Accuracy:50.0%
2023-04-20 22:12:47,180 - Epoch:38/100,Train Accuracy:50.0%
2023-04-20 22:12:51,959 - Epoch:39/100,Train Accuracy:50.0%
2023-04-20 22:12:56,731 - Epoch:40/100,Train Accuracy:50.0%
2023-04-20 22:13:01,542 - Epoch:41/100,Train Accuracy:50.0%
2023-04-20 22:13:06,328 - Epoch:42/100,Train Accuracy:50.0%
2023-04-20 22:13:11,109 - Epoch:43/100,Train Accuracy:50.0%
2023-04-20 22:13:15,965 - Epoch:44/100,Train Accuracy:50.0%
2023-04-20 22:13:20,778 - Epoch:45/100,Train Accuracy:50.0%
2023-04-20 22:13:25,555 - Epoch:46/100,Train Accuracy:50.0%
2023-04-20 22:13:30,306 - Epoch:47/100,Train Accuracy:50.0%
2023-04-20 22:13:35,071 - Epoch:48/100,Train Accuracy:50.0%
2023-04-20 22:13:39,893 - Epoch:49/100,Train Accuracy:50.0%
2023-04-20 22:13:44,767 - Epoch:50/100,Train Accuracy:50.0%
2023-04-20 22:13:49,552 - Epoch:51/100,Train Accuracy:50.0%
2023-04-20 22:13:54,321 - Epoch:52/100,Train Accuracy:50.0%
2023-04-20 22:13:59,087 - Epoch:53/100,Train Accuracy:50.0%
2023-04-20 22:14:03,877 - Epoch:54/100,Train Accuracy:50.0%
2023-04-20 22:14:08,667 - Epoch:55/100,Train Accuracy:50.0%
2023-04-20 22:14:13,420 - Epoch:56/100,Train Accuracy:50.0%
2023-04-20 22:14:18,188 - Epoch:57/100,Train Accuracy:50.0%
2023-04-20 22:14:22,941 - Epoch:58/100,Train Accuracy:50.0%
2023-04-20 22:14:27,705 - Epoch:59/100,Train Accuracy:50.0%
2023-04-20 22:14:32,459 - Epoch:60/100,Train Accuracy:50.0%
2023-04-20 22:14:37,265 - Epoch:61/100,Train Accuracy:50.0%
2023-04-20 22:14:42,057 - Epoch:62/100,Train Accuracy:50.0%
2023-04-20 22:14:46,847 - Epoch:63/100,Train Accuracy:50.0%
2023-04-20 22:14:51,638 - Epoch:64/100,Train Accuracy:50.0%
2023-04-20 22:14:56,426 - Epoch:65/100,Train Accuracy:50.0%
2023-04-20 22:15:01,232 - Epoch:66/100,Train Accuracy:50.0%
2023-04-20 22:15:06,022 - Epoch:67/100,Train Accuracy:50.0%
2023-04-20 22:15:10,805 - Epoch:68/100,Train Accuracy:50.0%
2023-04-20 22:15:15,645 - Epoch:69/100,Train Accuracy:50.0%
2023-04-20 22:15:20,421 - Epoch:70/100,Train Accuracy:50.0%
2023-04-20 22:15:25,185 - Epoch:71/100,Train Accuracy:50.0%
2023-04-20 22:15:29,976 - Epoch:72/100,Train Accuracy:50.0%
2023-04-20 22:15:34,789 - Epoch:73/100,Train Accuracy:50.0%
2023-04-20 22:15:39,572 - Epoch:74/100,Train Accuracy:50.0%
2023-04-20 22:15:44,430 - Epoch:75/100,Train Accuracy:50.0%
2023-04-20 22:15:49,214 - Epoch:76/100,Train Accuracy:50.0%
2023-04-20 22:15:53,835 - Epoch:77/100,Train Accuracy:50.0%
2023-04-20 22:15:58,445 - Epoch:78/100,Train Accuracy:50.0%
2023-04-20 22:16:03,130 - Epoch:79/100,Train Accuracy:50.0%
2023-04-20 22:16:07,988 - Epoch:80/100,Train Accuracy:50.0%
2023-04-20 22:16:12,670 - Epoch:81/100,Train Accuracy:50.0%
2023-04-20 22:16:17,458 - Epoch:82/100,Train Accuracy:50.0%
2023-04-20 22:16:22,212 - Epoch:83/100,Train Accuracy:50.0%
2023-04-20 22:16:26,982 - Epoch:84/100,Train Accuracy:50.0%
2023-04-20 22:16:31,748 - Epoch:85/100,Train Accuracy:50.0%
2023-04-20 22:16:36,524 - Epoch:86/100,Train Accuracy:50.0%
2023-04-20 22:16:41,297 - Epoch:87/100,Train Accuracy:50.0%
2023-04-20 22:16:46,068 - Epoch:88/100,Train Accuracy:50.0%
2023-04-20 22:16:50,853 - Epoch:89/100,Train Accuracy:50.0%
2023-04-20 22:16:55,641 - Epoch:90/100,Train Accuracy:50.0%
2023-04-20 22:17:00,429 - Epoch:91/100,Train Accuracy:50.0%
2023-04-20 22:17:05,241 - Epoch:92/100,Train Accuracy:50.0%
2023-04-20 22:17:10,020 - Epoch:93/100,Train Accuracy:50.0%
2023-04-20 22:17:14,790 - Epoch:94/100,Train Accuracy:50.0%
2023-04-20 22:17:19,568 - Epoch:95/100,Train Accuracy:50.0%
2023-04-20 22:17:24,319 - Epoch:96/100,Train Accuracy:50.0%
2023-04-20 22:17:29,092 - Epoch:97/100,Train Accuracy:50.0%
2023-04-20 22:17:33,866 - Epoch:98/100,Train Accuracy:50.0%
2023-04-20 22:17:38,630 - Epoch:99/100,Train Accuracy:50.0%
2023-04-20 22:17:47,506 - 
Test set: Avg. loss: 0.0174, Accuracy: 6902/13804 (50.00%)

2023-04-20 22:17:47,515 - fpr:[0. 1.],tpr:[0. 1.],threshold:[1 0],auc:0.5
2023-04-20 22:17:47,515 - This is for user3
2023-04-20 22:18:02,744 - Epoch:0/100,Train Accuracy:50.0%
2023-04-20 22:18:09,538 - Epoch:1/100,Train Accuracy:50.0%
2023-04-20 22:18:16,265 - Epoch:2/100,Train Accuracy:50.0%
2023-04-20 22:18:22,996 - Epoch:3/100,Train Accuracy:50.0%
2023-04-20 22:18:29,713 - Epoch:4/100,Train Accuracy:50.0%
2023-04-20 22:18:36,458 - Epoch:5/100,Train Accuracy:50.0%
2023-04-20 22:18:43,189 - Epoch:6/100,Train Accuracy:50.0%
2023-04-20 22:18:49,957 - Epoch:7/100,Train Accuracy:49.93361282348633%
2023-04-20 22:18:56,716 - Epoch:8/100,Train Accuracy:50.0%
2023-04-20 22:19:03,477 - Epoch:9/100,Train Accuracy:50.0%
2023-04-20 22:19:10,266 - Epoch:10/100,Train Accuracy:50.0%
2023-04-20 22:19:17,014 - Epoch:11/100,Train Accuracy:50.0%
2023-04-20 22:19:23,860 - Epoch:12/100,Train Accuracy:50.0%
2023-04-20 22:19:30,575 - Epoch:13/100,Train Accuracy:50.0%
2023-04-20 22:19:37,294 - Epoch:14/100,Train Accuracy:50.0%
2023-04-20 22:19:44,035 - Epoch:15/100,Train Accuracy:49.840667724609375%
2023-04-20 22:19:50,940 - Epoch:16/100,Train Accuracy:50.0%
2023-04-20 22:19:57,759 - Epoch:17/100,Train Accuracy:50.0%
2023-04-20 22:20:04,563 - Epoch:18/100,Train Accuracy:50.0%
2023-04-20 22:20:11,264 - Epoch:19/100,Train Accuracy:50.0%
2023-04-20 22:20:18,023 - Epoch:20/100,Train Accuracy:50.0%
2023-04-20 22:20:24,763 - Epoch:21/100,Train Accuracy:50.0%
2023-04-20 22:20:31,560 - Epoch:22/100,Train Accuracy:50.0%
2023-04-20 22:20:38,322 - Epoch:23/100,Train Accuracy:50.0%
2023-04-20 22:20:45,045 - Epoch:24/100,Train Accuracy:50.0%
2023-04-20 22:20:51,759 - Epoch:25/100,Train Accuracy:50.0%
2023-04-20 22:20:58,467 - Epoch:26/100,Train Accuracy:50.0%
2023-04-20 22:21:05,216 - Epoch:27/100,Train Accuracy:50.0%
2023-04-20 22:21:11,951 - Epoch:28/100,Train Accuracy:50.0%
2023-04-20 22:21:18,680 - Epoch:29/100,Train Accuracy:49.92033386230469%
2023-04-20 22:21:25,198 - Epoch:30/100,Train Accuracy:50.0%
2023-04-20 22:21:31,750 - Epoch:31/100,Train Accuracy:50.0%
2023-04-20 22:21:38,259 - Epoch:32/100,Train Accuracy:50.0%
2023-04-20 22:21:44,776 - Epoch:33/100,Train Accuracy:50.0%
2023-04-20 22:21:51,262 - Epoch:34/100,Train Accuracy:50.0%
2023-04-20 22:21:57,809 - Epoch:35/100,Train Accuracy:50.0%
2023-04-20 22:22:04,371 - Epoch:36/100,Train Accuracy:50.0%
2023-04-20 22:22:10,889 - Epoch:37/100,Train Accuracy:50.0%
2023-04-20 22:22:17,450 - Epoch:38/100,Train Accuracy:50.0%
2023-04-20 22:22:23,965 - Epoch:39/100,Train Accuracy:50.0%
2023-04-20 22:22:30,473 - Epoch:40/100,Train Accuracy:50.0%
2023-04-20 22:22:36,954 - Epoch:41/100,Train Accuracy:50.0%
2023-04-20 22:22:43,512 - Epoch:42/100,Train Accuracy:50.0%
2023-04-20 22:22:50,189 - Epoch:43/100,Train Accuracy:49.884925842285156%
2023-04-20 22:22:56,773 - Epoch:44/100,Train Accuracy:50.0%
2023-04-20 22:23:03,300 - Epoch:45/100,Train Accuracy:50.0%
2023-04-20 22:23:09,836 - Epoch:46/100,Train Accuracy:50.0%
2023-04-20 22:23:16,344 - Epoch:47/100,Train Accuracy:50.0%
2023-04-20 22:23:22,858 - Epoch:48/100,Train Accuracy:50.0%
2023-04-20 22:23:29,399 - Epoch:49/100,Train Accuracy:50.0%
2023-04-20 22:23:35,933 - Epoch:50/100,Train Accuracy:50.0%
2023-04-20 22:23:42,438 - Epoch:51/100,Train Accuracy:50.0%
2023-04-20 22:23:48,924 - Epoch:52/100,Train Accuracy:50.0%
2023-04-20 22:23:55,471 - Epoch:53/100,Train Accuracy:50.0%
2023-04-20 22:24:02,046 - Epoch:54/100,Train Accuracy:50.0%
2023-04-20 22:24:08,592 - Epoch:55/100,Train Accuracy:49.90152359008789%
2023-04-20 22:24:15,137 - Epoch:56/100,Train Accuracy:50.0%
2023-04-20 22:24:21,727 - Epoch:57/100,Train Accuracy:49.89377975463867%
2023-04-20 22:24:28,265 - Epoch:58/100,Train Accuracy:50.0%
2023-04-20 22:24:34,785 - Epoch:59/100,Train Accuracy:49.839561462402344%
2023-04-20 22:24:41,347 - Epoch:60/100,Train Accuracy:50.0%
2023-04-20 22:24:47,894 - Epoch:61/100,Train Accuracy:50.0%
2023-04-20 22:24:54,427 - Epoch:62/100,Train Accuracy:50.0%
2023-04-20 22:25:01,006 - Epoch:63/100,Train Accuracy:50.0%
2023-04-20 22:25:07,514 - Epoch:64/100,Train Accuracy:50.0%
2023-04-20 22:25:14,124 - Epoch:65/100,Train Accuracy:50.0%
2023-04-20 22:25:20,652 - Epoch:66/100,Train Accuracy:50.0%
2023-04-20 22:25:27,210 - Epoch:67/100,Train Accuracy:50.0%
2023-04-20 22:25:33,770 - Epoch:68/100,Train Accuracy:50.0%
2023-04-20 22:25:40,374 - Epoch:69/100,Train Accuracy:50.0%
2023-04-20 22:25:46,971 - Epoch:70/100,Train Accuracy:50.0%
2023-04-20 22:25:53,544 - Epoch:71/100,Train Accuracy:50.0%
2023-04-20 22:26:00,087 - Epoch:72/100,Train Accuracy:50.0%
2023-04-20 22:26:06,621 - Epoch:73/100,Train Accuracy:49.895992279052734%
2023-04-20 22:26:13,155 - Epoch:74/100,Train Accuracy:50.0%
2023-04-20 22:26:19,672 - Epoch:75/100,Train Accuracy:49.973445892333984%
2023-04-20 22:26:26,249 - Epoch:76/100,Train Accuracy:49.95574188232422%
2023-04-20 22:26:32,866 - Epoch:77/100,Train Accuracy:50.0%
2023-04-20 22:26:39,427 - Epoch:78/100,Train Accuracy:50.0%
2023-04-20 22:26:45,949 - Epoch:79/100,Train Accuracy:50.0%
2023-04-20 22:26:52,521 - Epoch:80/100,Train Accuracy:50.0%
2023-04-20 22:26:59,111 - Epoch:81/100,Train Accuracy:50.0%
2023-04-20 22:27:05,694 - Epoch:82/100,Train Accuracy:50.0%
2023-04-20 22:27:12,221 - Epoch:83/100,Train Accuracy:50.0%
2023-04-20 22:27:18,770 - Epoch:84/100,Train Accuracy:50.0%
2023-04-20 22:27:25,343 - Epoch:85/100,Train Accuracy:49.88050079345703%
2023-04-20 22:27:31,868 - Epoch:86/100,Train Accuracy:50.0%
2023-04-20 22:27:38,372 - Epoch:87/100,Train Accuracy:50.0%
2023-04-20 22:27:44,901 - Epoch:88/100,Train Accuracy:50.0%
2023-04-20 22:27:51,463 - Epoch:89/100,Train Accuracy:50.0%
2023-04-20 22:27:58,024 - Epoch:90/100,Train Accuracy:50.0%
2023-04-20 22:28:04,582 - Epoch:91/100,Train Accuracy:50.0%
2023-04-20 22:28:11,191 - Epoch:92/100,Train Accuracy:50.0%
2023-04-20 22:28:17,767 - Epoch:93/100,Train Accuracy:50.0%
2023-04-20 22:28:24,293 - Epoch:94/100,Train Accuracy:50.0%
2023-04-20 22:28:30,880 - Epoch:95/100,Train Accuracy:49.818538665771484%
2023-04-20 22:28:37,469 - Epoch:96/100,Train Accuracy:50.0%
2023-04-20 22:28:44,013 - Epoch:97/100,Train Accuracy:50.0%
2023-04-20 22:28:50,534 - Epoch:98/100,Train Accuracy:50.0%
2023-04-20 22:28:57,108 - Epoch:99/100,Train Accuracy:50.0%
2023-04-20 22:29:06,015 - 
Test set: Avg. loss: 0.0173, Accuracy: 9410/18820 (50.00%)

2023-04-20 22:29:06,025 - fpr:[0. 1.],tpr:[0. 1.],threshold:[1 0],auc:0.5
2023-04-20 22:29:06,025 - This is for user4
2023-04-20 22:29:19,591 - Epoch:0/100,Train Accuracy:50.0%
2023-04-20 22:29:24,553 - Epoch:1/100,Train Accuracy:50.0%
2023-04-20 22:29:29,542 - Epoch:2/100,Train Accuracy:50.0%
2023-04-20 22:29:34,512 - Epoch:3/100,Train Accuracy:50.0%
2023-04-20 22:29:39,460 - Epoch:4/100,Train Accuracy:50.0%
2023-04-20 22:29:44,433 - Epoch:5/100,Train Accuracy:50.0%
2023-04-20 22:29:49,556 - Epoch:6/100,Train Accuracy:50.0%
2023-04-20 22:29:54,602 - Epoch:7/100,Train Accuracy:49.962162017822266%
2023-04-20 22:29:59,584 - Epoch:8/100,Train Accuracy:50.0%
2023-04-20 22:30:04,548 - Epoch:9/100,Train Accuracy:50.0%
2023-04-20 22:30:09,546 - Epoch:10/100,Train Accuracy:50.0%
2023-04-20 22:30:14,515 - Epoch:11/100,Train Accuracy:50.0%
2023-04-20 22:30:19,450 - Epoch:12/100,Train Accuracy:50.0%
2023-04-20 22:30:24,410 - Epoch:13/100,Train Accuracy:50.0%
2023-04-20 22:30:29,416 - Epoch:14/100,Train Accuracy:50.0%
2023-04-20 22:30:34,417 - Epoch:15/100,Train Accuracy:50.0%
2023-04-20 22:30:39,391 - Epoch:16/100,Train Accuracy:50.0%
2023-04-20 22:30:44,355 - Epoch:17/100,Train Accuracy:50.0%
2023-04-20 22:30:49,341 - Epoch:18/100,Train Accuracy:50.0%
2023-04-20 22:30:54,289 - Epoch:19/100,Train Accuracy:50.0%
2023-04-20 22:30:59,261 - Epoch:20/100,Train Accuracy:50.0%
2023-04-20 22:31:04,254 - Epoch:21/100,Train Accuracy:50.0%
2023-04-20 22:31:09,258 - Epoch:22/100,Train Accuracy:50.0%
2023-04-20 22:31:14,210 - Epoch:23/100,Train Accuracy:49.82536315917969%
2023-04-20 22:31:19,209 - Epoch:24/100,Train Accuracy:50.0%
2023-04-20 22:31:24,163 - Epoch:25/100,Train Accuracy:49.74968719482422%
2023-04-20 22:31:29,137 - Epoch:26/100,Train Accuracy:50.0%
2023-04-20 22:31:34,089 - Epoch:27/100,Train Accuracy:50.0%
2023-04-20 22:31:39,076 - Epoch:28/100,Train Accuracy:50.0%
2023-04-20 22:31:44,035 - Epoch:29/100,Train Accuracy:50.0%
2023-04-20 22:31:49,000 - Epoch:30/100,Train Accuracy:49.758419036865234%
2023-04-20 22:31:53,973 - Epoch:31/100,Train Accuracy:50.0%
2023-04-20 22:31:58,940 - Epoch:32/100,Train Accuracy:49.898128509521484%
2023-04-20 22:32:03,982 - Epoch:33/100,Train Accuracy:49.837005615234375%
2023-04-20 22:32:08,929 - Epoch:34/100,Train Accuracy:49.93305587768555%
2023-04-20 22:32:13,881 - Epoch:35/100,Train Accuracy:50.0%
2023-04-20 22:32:18,831 - Epoch:36/100,Train Accuracy:50.0%
2023-04-20 22:32:23,769 - Epoch:37/100,Train Accuracy:50.0%
2023-04-20 22:32:28,724 - Epoch:38/100,Train Accuracy:50.0%
2023-04-20 22:32:33,643 - Epoch:39/100,Train Accuracy:50.0%
2023-04-20 22:32:38,640 - Epoch:40/100,Train Accuracy:50.0%
2023-04-20 22:32:43,586 - Epoch:41/100,Train Accuracy:50.0%
2023-04-20 22:32:48,545 - Epoch:42/100,Train Accuracy:49.93305587768555%
2023-04-20 22:32:53,498 - Epoch:43/100,Train Accuracy:50.0%
2023-04-20 22:32:58,445 - Epoch:44/100,Train Accuracy:50.0%
2023-04-20 22:33:03,548 - Epoch:45/100,Train Accuracy:50.0%
2023-04-20 22:33:08,509 - Epoch:46/100,Train Accuracy:50.0%
2023-04-20 22:33:13,479 - Epoch:47/100,Train Accuracy:49.9272346496582%
2023-04-20 22:33:18,421 - Epoch:48/100,Train Accuracy:49.87193298339844%
2023-04-20 22:33:23,373 - Epoch:49/100,Train Accuracy:50.0%
2023-04-20 22:33:28,275 - Epoch:50/100,Train Accuracy:50.0%
2023-04-20 22:33:33,162 - Epoch:51/100,Train Accuracy:50.0%
2023-04-20 22:33:38,137 - Epoch:52/100,Train Accuracy:50.0%
2023-04-20 22:33:43,131 - Epoch:53/100,Train Accuracy:49.84864807128906%
2023-04-20 22:33:48,090 - Epoch:54/100,Train Accuracy:50.0%
2023-04-20 22:33:53,027 - Epoch:55/100,Train Accuracy:49.88939666748047%
2023-04-20 22:33:57,950 - Epoch:56/100,Train Accuracy:50.0%
2023-04-20 22:34:02,964 - Epoch:57/100,Train Accuracy:50.0%
2023-04-20 22:34:07,955 - Epoch:58/100,Train Accuracy:50.0%
2023-04-20 22:34:12,921 - Epoch:59/100,Train Accuracy:49.88939666748047%
2023-04-20 22:34:17,943 - Epoch:60/100,Train Accuracy:50.0%
2023-04-20 22:34:22,905 - Epoch:61/100,Train Accuracy:50.0%
2023-04-20 22:34:27,866 - Epoch:62/100,Train Accuracy:50.0%
2023-04-20 22:34:32,818 - Epoch:63/100,Train Accuracy:50.0%
2023-04-20 22:34:37,760 - Epoch:64/100,Train Accuracy:50.0%
2023-04-20 22:34:42,713 - Epoch:65/100,Train Accuracy:50.0%
2023-04-20 22:34:47,660 - Epoch:66/100,Train Accuracy:50.0%
2023-04-20 22:34:52,621 - Epoch:67/100,Train Accuracy:50.0%
2023-04-20 22:34:57,579 - Epoch:68/100,Train Accuracy:49.65654754638672%
2023-04-20 22:35:02,603 - Epoch:69/100,Train Accuracy:50.0%
2023-04-20 22:35:07,586 - Epoch:70/100,Train Accuracy:50.0%
2023-04-20 22:35:12,566 - Epoch:71/100,Train Accuracy:50.0%
2023-04-20 22:35:17,531 - Epoch:72/100,Train Accuracy:50.0%
2023-04-20 22:35:22,560 - Epoch:73/100,Train Accuracy:49.790435791015625%
2023-04-20 22:35:27,519 - Epoch:74/100,Train Accuracy:50.0%
2023-04-20 22:35:32,679 - Epoch:75/100,Train Accuracy:50.0%
2023-04-20 22:35:37,806 - Epoch:76/100,Train Accuracy:50.0%
2023-04-20 22:35:42,945 - Epoch:77/100,Train Accuracy:50.0%
2023-04-20 22:35:48,124 - Epoch:78/100,Train Accuracy:50.0%
2023-04-20 22:35:53,287 - Epoch:79/100,Train Accuracy:49.83118438720703%
2023-04-20 22:35:58,424 - Epoch:80/100,Train Accuracy:50.0%
2023-04-20 22:36:03,575 - Epoch:81/100,Train Accuracy:50.0%
2023-04-20 22:36:08,719 - Epoch:82/100,Train Accuracy:49.89230728149414%
2023-04-20 22:36:13,823 - Epoch:83/100,Train Accuracy:50.0%
2023-04-20 22:36:18,960 - Epoch:84/100,Train Accuracy:50.0%
2023-04-20 22:36:24,099 - Epoch:85/100,Train Accuracy:50.0%
2023-04-20 22:36:29,243 - Epoch:86/100,Train Accuracy:49.93887710571289%
2023-04-20 22:36:34,369 - Epoch:87/100,Train Accuracy:50.0%
2023-04-20 22:36:39,474 - Epoch:88/100,Train Accuracy:49.679832458496094%
2023-04-20 22:36:44,578 - Epoch:89/100,Train Accuracy:49.944698333740234%
2023-04-20 22:36:49,706 - Epoch:90/100,Train Accuracy:50.0%
2023-04-20 22:36:54,859 - Epoch:91/100,Train Accuracy:49.93596649169922%
2023-04-20 22:36:59,993 - Epoch:92/100,Train Accuracy:50.0%
2023-04-20 22:37:05,142 - Epoch:93/100,Train Accuracy:50.0%
2023-04-20 22:37:10,224 - Epoch:94/100,Train Accuracy:50.0%
2023-04-20 22:37:15,346 - Epoch:95/100,Train Accuracy:49.92432403564453%
2023-04-20 22:37:20,447 - Epoch:96/100,Train Accuracy:50.0%
2023-04-20 22:37:25,483 - Epoch:97/100,Train Accuracy:50.0%
2023-04-20 22:37:30,442 - Epoch:98/100,Train Accuracy:50.0%
2023-04-20 22:37:35,408 - Epoch:99/100,Train Accuracy:50.0%
2023-04-20 22:37:44,329 - 
Test set: Avg. loss: 0.0173, Accuracy: 7277/14554 (50.00%)

2023-04-20 22:37:44,338 - fpr:[0. 1.],tpr:[0. 1.],threshold:[1 0],auc:0.5
2023-04-20 22:37:44,338 - This is for user5
