2023-04-20 23:16:26,044 - lr:0.01,weight_decay:0.01,batch_size:40
2023-04-20 23:16:26,044 - CZHNet(
  (linear1): Linear(in_features=33, out_features=64, bias=True)
  (linear2): Linear(in_features=64, out_features=64, bias=True)
  (linear3): Linear(in_features=64, out_features=64, bias=True)
  (linear4): Linear(in_features=64, out_features=64, bias=True)
  (linear5): Linear(in_features=64, out_features=64, bias=True)
  (linear6): Linear(in_features=64, out_features=64, bias=True)
  (linear7): Linear(in_features=64, out_features=64, bias=True)
  (linear8): Linear(in_features=64, out_features=2, bias=True)
  (relu): ReLU()
)
2023-04-20 23:16:26,044 - This is for user0
2023-04-20 23:16:36,305 - Epoch:0/100,Train Accuracy:57.377872467041016%
2023-04-20 23:16:38,011 - Epoch:1/100,Train Accuracy:58.520263671875%
2023-04-20 23:16:39,704 - Epoch:2/100,Train Accuracy:58.910308837890625%
2023-04-20 23:16:41,408 - Epoch:3/100,Train Accuracy:59.17380142211914%
2023-04-20 23:16:43,146 - Epoch:4/100,Train Accuracy:59.22234344482422%
2023-04-20 23:16:44,971 - Epoch:5/100,Train Accuracy:59.25007629394531%
2023-04-20 23:16:46,832 - Epoch:6/100,Train Accuracy:59.518775939941406%
2023-04-20 23:16:48,697 - Epoch:7/100,Train Accuracy:59.645320892333984%
2023-04-20 23:16:50,559 - Epoch:8/100,Train Accuracy:59.56557846069336%
2023-04-20 23:16:52,439 - Epoch:9/100,Train Accuracy:59.832542419433594%
2023-04-20 23:16:54,313 - Epoch:10/100,Train Accuracy:59.77533721923828%
2023-04-20 23:16:56,193 - Epoch:11/100,Train Accuracy:59.93828582763672%
2023-04-20 23:16:58,071 - Epoch:12/100,Train Accuracy:60.208717346191406%
2023-04-20 23:16:59,948 - Epoch:13/100,Train Accuracy:60.17057800292969%
2023-04-20 23:17:01,826 - Epoch:14/100,Train Accuracy:60.068302154541016%
2023-04-20 23:17:03,705 - Epoch:15/100,Train Accuracy:60.12377166748047%
2023-04-20 23:17:05,591 - Epoch:16/100,Train Accuracy:60.33006286621094%
2023-04-20 23:17:07,481 - Epoch:17/100,Train Accuracy:59.98335647583008%
2023-04-20 23:17:09,362 - Epoch:18/100,Train Accuracy:60.3994026184082%
2023-04-20 23:17:11,252 - Epoch:19/100,Train Accuracy:60.477413177490234%
2023-04-20 23:17:13,135 - Epoch:20/100,Train Accuracy:60.07003402709961%
2023-04-20 23:17:15,015 - Epoch:21/100,Train Accuracy:60.467010498046875%
2023-04-20 23:17:16,900 - Epoch:22/100,Train Accuracy:60.0370979309082%
2023-04-20 23:17:18,780 - Epoch:23/100,Train Accuracy:59.95735549926758%
2023-04-20 23:17:20,659 - Epoch:24/100,Train Accuracy:60.25898742675781%
2023-04-20 23:17:22,541 - Epoch:25/100,Train Accuracy:60.194847106933594%
2023-04-20 23:17:24,419 - Epoch:26/100,Train Accuracy:60.32486343383789%
2023-04-20 23:17:26,314 - Epoch:27/100,Train Accuracy:60.413272857666016%
2023-04-20 23:17:28,205 - Epoch:28/100,Train Accuracy:59.962554931640625%
2023-04-20 23:17:30,092 - Epoch:29/100,Train Accuracy:59.99549102783203%
2023-04-20 23:17:31,974 - Epoch:30/100,Train Accuracy:60.28672409057617%
2023-04-20 23:17:33,859 - Epoch:31/100,Train Accuracy:60.309261322021484%
2023-04-20 23:17:35,738 - Epoch:32/100,Train Accuracy:59.74760055541992%
2023-04-20 23:17:37,616 - Epoch:33/100,Train Accuracy:60.3647346496582%
2023-04-20 23:17:39,498 - Epoch:34/100,Train Accuracy:60.441009521484375%
2023-04-20 23:17:41,378 - Epoch:35/100,Train Accuracy:60.47047805786133%
2023-04-20 23:17:43,261 - Epoch:36/100,Train Accuracy:60.3820686340332%
2023-04-20 23:17:45,148 - Epoch:37/100,Train Accuracy:60.47914505004883%
2023-04-20 23:17:47,043 - Epoch:38/100,Train Accuracy:60.245121002197266%
2023-04-20 23:17:48,926 - Epoch:39/100,Train Accuracy:60.539817810058594%
2023-04-20 23:17:50,810 - Epoch:40/100,Train Accuracy:60.18098068237305%
2023-04-20 23:17:52,685 - Epoch:41/100,Train Accuracy:60.484344482421875%
2023-04-20 23:17:54,566 - Epoch:42/100,Train Accuracy:60.36126708984375%
2023-04-20 23:17:56,453 - Epoch:43/100,Train Accuracy:60.30405807495117%
2023-04-20 23:17:58,342 - Epoch:44/100,Train Accuracy:60.371665954589844%
2023-04-20 23:18:00,233 - Epoch:45/100,Train Accuracy:60.53635025024414%
2023-04-20 23:18:02,130 - Epoch:46/100,Train Accuracy:60.43754196166992%
2023-04-20 23:18:04,027 - Epoch:47/100,Train Accuracy:60.06136703491211%
2023-04-20 23:18:05,919 - Epoch:48/100,Train Accuracy:60.094303131103516%
2023-04-20 23:18:07,807 - Epoch:49/100,Train Accuracy:60.484344482421875%
2023-04-20 23:18:09,698 - Epoch:50/100,Train Accuracy:60.34739685058594%
2023-04-20 23:18:11,602 - Epoch:51/100,Train Accuracy:60.31446075439453%
2023-04-20 23:18:13,534 - Epoch:52/100,Train Accuracy:60.51034927368164%
2023-04-20 23:18:15,442 - Epoch:53/100,Train Accuracy:60.290191650390625%
2023-04-20 23:18:17,340 - Epoch:54/100,Train Accuracy:60.48088073730469%
2023-04-20 23:18:19,237 - Epoch:55/100,Train Accuracy:60.598758697509766%
2023-04-20 23:18:21,142 - Epoch:56/100,Train Accuracy:60.51034927368164%
2023-04-20 23:18:23,069 - Epoch:57/100,Train Accuracy:60.548484802246094%
2023-04-20 23:18:24,972 - Epoch:58/100,Train Accuracy:60.643829345703125%
2023-04-20 23:18:26,875 - Epoch:59/100,Train Accuracy:60.58662414550781%
2023-04-20 23:18:28,774 - Epoch:60/100,Train Accuracy:60.47914505004883%
2023-04-20 23:18:30,674 - Epoch:61/100,Train Accuracy:60.55715560913086%
2023-04-20 23:18:32,569 - Epoch:62/100,Train Accuracy:60.48954772949219%
2023-04-20 23:18:34,481 - Epoch:63/100,Train Accuracy:60.48954772949219%
2023-04-20 23:18:36,390 - Epoch:64/100,Train Accuracy:60.539817810058594%
2023-04-20 23:18:38,294 - Epoch:65/100,Train Accuracy:60.45661163330078%
2023-04-20 23:18:40,193 - Epoch:66/100,Train Accuracy:60.52768325805664%
2023-04-20 23:18:42,096 - Epoch:67/100,Train Accuracy:60.245121002197266%
2023-04-20 23:18:43,999 - Epoch:68/100,Train Accuracy:60.42887496948242%
2023-04-20 23:18:45,901 - Epoch:69/100,Train Accuracy:60.43407440185547%
2023-04-20 23:18:47,808 - Epoch:70/100,Train Accuracy:60.66983413696289%
2023-04-20 23:18:49,717 - Epoch:71/100,Train Accuracy:60.47220993041992%
2023-04-20 23:18:51,626 - Epoch:72/100,Train Accuracy:60.531150817871094%
2023-04-20 23:18:53,554 - Epoch:73/100,Train Accuracy:60.18791198730469%
2023-04-20 23:18:55,482 - Epoch:74/100,Train Accuracy:60.75130844116211%
2023-04-20 23:18:57,406 - Epoch:75/100,Train Accuracy:60.41674041748047%
2023-04-20 23:18:59,308 - Epoch:76/100,Train Accuracy:60.46007537841797%
2023-04-20 23:19:01,206 - Epoch:77/100,Train Accuracy:60.430606842041016%
2023-04-20 23:19:03,100 - Epoch:78/100,Train Accuracy:60.16537857055664%
2023-04-20 23:19:04,999 - Epoch:79/100,Train Accuracy:60.000694274902344%
2023-04-20 23:19:06,893 - Epoch:80/100,Train Accuracy:60.20698165893555%
2023-04-20 23:19:08,780 - Epoch:81/100,Train Accuracy:60.096038818359375%
2023-04-20 23:19:10,674 - Epoch:82/100,Train Accuracy:60.279788970947266%
2023-04-20 23:19:12,574 - Epoch:83/100,Train Accuracy:60.149776458740234%
2023-04-20 23:19:14,471 - Epoch:84/100,Train Accuracy:60.52768325805664%
2023-04-20 23:19:16,370 - Epoch:85/100,Train Accuracy:60.16191101074219%
2023-04-20 23:19:18,266 - Epoch:86/100,Train Accuracy:60.46007537841797%
2023-04-20 23:19:20,158 - Epoch:87/100,Train Accuracy:60.21218490600586%
2023-04-20 23:19:22,054 - Epoch:88/100,Train Accuracy:60.34219741821289%
2023-04-20 23:19:23,947 - Epoch:89/100,Train Accuracy:60.636898040771484%
2023-04-20 23:19:25,844 - Epoch:90/100,Train Accuracy:60.34219741821289%
2023-04-20 23:19:27,738 - Epoch:91/100,Train Accuracy:60.458343505859375%
2023-04-20 23:19:29,629 - Epoch:92/100,Train Accuracy:60.42887496948242%
2023-04-20 23:19:31,522 - Epoch:93/100,Train Accuracy:60.35260009765625%
2023-04-20 23:19:33,414 - Epoch:94/100,Train Accuracy:60.449676513671875%
2023-04-20 23:19:35,318 - Epoch:95/100,Train Accuracy:60.494747161865234%
2023-04-20 23:19:37,224 - Epoch:96/100,Train Accuracy:60.132442474365234%
2023-04-20 23:19:39,128 - Epoch:97/100,Train Accuracy:60.5640869140625%
2023-04-20 23:19:41,025 - Epoch:98/100,Train Accuracy:60.35086441040039%
2023-04-20 23:19:42,927 - Epoch:99/100,Train Accuracy:60.52595138549805%
2023-04-20 23:19:51,650 - 
Test set: Avg. loss: 0.0168, Accuracy: 7549/12488 (60.45%)

2023-04-20 23:19:51,660 - fpr:[0.         0.46620756 1.        ],tpr:[0.        0.6752082 1.       ],threshold:[2 1 0],auc:0.6045003203074951
2023-04-20 23:19:51,660 - This is for user1
2023-04-20 23:20:02,514 - Epoch:0/100,Train Accuracy:56.641029357910156%
2023-04-20 23:20:04,795 - Epoch:1/100,Train Accuracy:58.285499572753906%
2023-04-20 23:20:07,086 - Epoch:2/100,Train Accuracy:57.9913330078125%
2023-04-20 23:20:09,394 - Epoch:3/100,Train Accuracy:58.62702178955078%
2023-04-20 23:20:11,713 - Epoch:4/100,Train Accuracy:58.51509475708008%
2023-04-20 23:20:14,027 - Epoch:5/100,Train Accuracy:58.58684539794922%
2023-04-20 23:20:16,362 - Epoch:6/100,Train Accuracy:58.84657287597656%
2023-04-20 23:20:18,686 - Epoch:7/100,Train Accuracy:58.88675308227539%
2023-04-20 23:20:21,004 - Epoch:8/100,Train Accuracy:58.89679718017578%
2023-04-20 23:20:23,320 - Epoch:9/100,Train Accuracy:58.91258239746094%
2023-04-20 23:20:25,638 - Epoch:10/100,Train Accuracy:58.83796310424805%
2023-04-20 23:20:27,966 - Epoch:11/100,Train Accuracy:58.86522674560547%
2023-04-20 23:20:30,292 - Epoch:12/100,Train Accuracy:59.06755828857422%
2023-04-20 23:20:32,624 - Epoch:13/100,Train Accuracy:59.02450942993164%
2023-04-20 23:20:34,961 - Epoch:14/100,Train Accuracy:59.07473373413086%
2023-04-20 23:20:37,299 - Epoch:15/100,Train Accuracy:58.93984603881836%
2023-04-20 23:20:39,639 - Epoch:16/100,Train Accuracy:58.84226989746094%
2023-04-20 23:20:41,979 - Epoch:17/100,Train Accuracy:58.888187408447266%
2023-04-20 23:20:44,310 - Epoch:18/100,Train Accuracy:58.81644058227539%
2023-04-20 23:20:46,643 - Epoch:19/100,Train Accuracy:58.595455169677734%
2023-04-20 23:20:48,977 - Epoch:20/100,Train Accuracy:59.06325149536133%
2023-04-20 23:20:51,314 - Epoch:21/100,Train Accuracy:58.95993423461914%
2023-04-20 23:20:53,649 - Epoch:22/100,Train Accuracy:59.19670486450195%
2023-04-20 23:20:55,978 - Epoch:23/100,Train Accuracy:59.02164077758789%
2023-04-20 23:20:58,309 - Epoch:24/100,Train Accuracy:59.139305114746094%
2023-04-20 23:21:00,649 - Epoch:25/100,Train Accuracy:58.94271469116211%
2023-04-20 23:21:02,992 - Epoch:26/100,Train Accuracy:58.7647819519043%
2023-04-20 23:21:05,342 - Epoch:27/100,Train Accuracy:59.10199737548828%
2023-04-20 23:21:07,693 - Epoch:28/100,Train Accuracy:59.087646484375%
2023-04-20 23:21:10,043 - Epoch:29/100,Train Accuracy:58.98720169067383%
2023-04-20 23:21:12,394 - Epoch:30/100,Train Accuracy:58.548099517822266%
2023-04-20 23:21:14,737 - Epoch:31/100,Train Accuracy:58.86953353881836%
2023-04-20 23:21:17,069 - Epoch:32/100,Train Accuracy:58.64280700683594%
2023-04-20 23:21:19,398 - Epoch:33/100,Train Accuracy:59.076168060302734%
2023-04-20 23:21:21,735 - Epoch:34/100,Train Accuracy:59.025943756103516%
2023-04-20 23:21:24,081 - Epoch:35/100,Train Accuracy:59.096256256103516%
2023-04-20 23:21:26,423 - Epoch:36/100,Train Accuracy:59.07473373413086%
2023-04-20 23:21:28,759 - Epoch:37/100,Train Accuracy:58.7705192565918%
2023-04-20 23:21:31,092 - Epoch:38/100,Train Accuracy:58.73464584350586%
2023-04-20 23:21:33,418 - Epoch:39/100,Train Accuracy:59.066123962402344%
2023-04-20 23:21:35,745 - Epoch:40/100,Train Accuracy:58.9886360168457%
2023-04-20 23:21:38,076 - Epoch:41/100,Train Accuracy:58.95706558227539%
2023-04-20 23:21:40,412 - Epoch:42/100,Train Accuracy:58.945587158203125%
2023-04-20 23:21:42,752 - Epoch:43/100,Train Accuracy:58.92119216918945%
2023-04-20 23:21:45,073 - Epoch:44/100,Train Accuracy:59.34737777709961%
2023-04-20 23:21:47,358 - Epoch:45/100,Train Accuracy:59.05177307128906%
2023-04-20 23:21:49,634 - Epoch:46/100,Train Accuracy:59.05464172363281%
2023-04-20 23:21:51,907 - Epoch:47/100,Train Accuracy:59.19240188598633%
2023-04-20 23:21:54,190 - Epoch:48/100,Train Accuracy:59.1995735168457%
2023-04-20 23:21:56,491 - Epoch:49/100,Train Accuracy:59.25697326660156%
2023-04-20 23:21:58,836 - Epoch:50/100,Train Accuracy:58.92119216918945%
2023-04-20 23:22:01,171 - Epoch:51/100,Train Accuracy:58.931236267089844%
2023-04-20 23:22:03,561 - Epoch:52/100,Train Accuracy:59.27993392944336%
2023-04-20 23:22:05,941 - Epoch:53/100,Train Accuracy:59.087646484375%
2023-04-20 23:22:08,311 - Epoch:54/100,Train Accuracy:59.1751823425293%
2023-04-20 23:22:10,653 - Epoch:55/100,Train Accuracy:59.18809509277344%
2023-04-20 23:22:12,993 - Epoch:56/100,Train Accuracy:58.8824462890625%
2023-04-20 23:22:15,339 - Epoch:57/100,Train Accuracy:59.04890441894531%
2023-04-20 23:22:17,688 - Epoch:58/100,Train Accuracy:59.37464141845703%
2023-04-20 23:22:20,027 - Epoch:59/100,Train Accuracy:58.89966583251953%
2023-04-20 23:22:22,403 - Epoch:60/100,Train Accuracy:58.81500244140625%
2023-04-20 23:22:24,802 - Epoch:61/100,Train Accuracy:59.139305114746094%
2023-04-20 23:22:27,227 - Epoch:62/100,Train Accuracy:58.83939743041992%
2023-04-20 23:22:29,612 - Epoch:63/100,Train Accuracy:59.096256256103516%
2023-04-20 23:22:32,034 - Epoch:64/100,Train Accuracy:59.46504592895508%
2023-04-20 23:22:34,499 - Epoch:65/100,Train Accuracy:59.14791488647461%
2023-04-20 23:22:37,152 - Epoch:66/100,Train Accuracy:59.14791488647461%
2023-04-20 23:22:39,499 - Epoch:67/100,Train Accuracy:58.958499908447266%
2023-04-20 23:22:41,845 - Epoch:68/100,Train Accuracy:58.895362854003906%
2023-04-20 23:22:44,176 - Epoch:69/100,Train Accuracy:59.344505310058594%
2023-04-20 23:22:46,509 - Epoch:70/100,Train Accuracy:59.24979782104492%
2023-04-20 23:22:48,848 - Epoch:71/100,Train Accuracy:59.157962799072266%
2023-04-20 23:22:51,184 - Epoch:72/100,Train Accuracy:58.97141647338867%
2023-04-20 23:22:53,526 - Epoch:73/100,Train Accuracy:59.10773849487305%
2023-04-20 23:22:55,866 - Epoch:74/100,Train Accuracy:58.90827560424805%
2023-04-20 23:22:58,207 - Epoch:75/100,Train Accuracy:59.19527053833008%
2023-04-20 23:23:00,551 - Epoch:76/100,Train Accuracy:59.35311508178711%
2023-04-20 23:23:02,897 - Epoch:77/100,Train Accuracy:58.97715377807617%
2023-04-20 23:23:05,530 - Epoch:78/100,Train Accuracy:59.344505310058594%
2023-04-20 23:23:07,867 - Epoch:79/100,Train Accuracy:59.206748962402344%
2023-04-20 23:23:10,203 - Epoch:80/100,Train Accuracy:59.24262237548828%
2023-04-20 23:23:12,545 - Epoch:81/100,Train Accuracy:58.7705192565918%
2023-04-20 23:23:14,892 - Epoch:82/100,Train Accuracy:59.013031005859375%
2023-04-20 23:23:17,243 - Epoch:83/100,Train Accuracy:59.06468963623047%
2023-04-20 23:23:19,582 - Epoch:84/100,Train Accuracy:59.1235237121582%
2023-04-20 23:23:21,928 - Epoch:85/100,Train Accuracy:59.41051483154297%
2023-04-20 23:23:24,271 - Epoch:86/100,Train Accuracy:59.11491394042969%
2023-04-20 23:23:26,615 - Epoch:87/100,Train Accuracy:59.096256256103516%
2023-04-20 23:23:28,959 - Epoch:88/100,Train Accuracy:59.103431701660156%
2023-04-20 23:23:31,303 - Epoch:89/100,Train Accuracy:59.426300048828125%
2023-04-20 23:23:33,647 - Epoch:90/100,Train Accuracy:59.436344146728516%
2023-04-20 23:23:35,993 - Epoch:91/100,Train Accuracy:58.87527084350586%
2023-04-20 23:23:38,328 - Epoch:92/100,Train Accuracy:59.26128005981445%
2023-04-20 23:23:40,664 - Epoch:93/100,Train Accuracy:59.50235366821289%
2023-04-20 23:23:43,007 - Epoch:94/100,Train Accuracy:59.12495803833008%
2023-04-20 23:23:45,350 - Epoch:95/100,Train Accuracy:59.09482192993164%
2023-04-20 23:23:47,694 - Epoch:96/100,Train Accuracy:59.39329528808594%
2023-04-20 23:23:50,037 - Epoch:97/100,Train Accuracy:59.19527053833008%
2023-04-20 23:23:52,386 - Epoch:98/100,Train Accuracy:59.60136795043945%
2023-04-20 23:23:54,727 - Epoch:99/100,Train Accuracy:59.203880310058594%
2023-04-20 23:24:03,430 - 
Test set: Avg. loss: 0.0168, Accuracy: 8576/14718 (58.27%)

2023-04-20 23:24:03,439 - fpr:[0.         0.21062644 1.        ],tpr:[0.         0.37600217 1.        ],threshold:[2 1 0],auc:0.582687865199076
2023-04-20 23:24:03,439 - This is for user2
2023-04-20 23:24:14,698 - Epoch:0/100,Train Accuracy:50.07783889770508%
2023-04-20 23:24:16,809 - Epoch:1/100,Train Accuracy:50.4234504699707%
2023-04-20 23:24:18,917 - Epoch:2/100,Train Accuracy:50.93875503540039%
2023-04-20 23:24:21,030 - Epoch:3/100,Train Accuracy:51.40579605102539%
2023-04-20 23:24:23,164 - Epoch:4/100,Train Accuracy:51.72650146484375%
2023-04-20 23:24:25,272 - Epoch:5/100,Train Accuracy:51.83858871459961%
2023-04-20 23:24:27,376 - Epoch:6/100,Train Accuracy:52.297847747802734%
2023-04-20 23:24:29,483 - Epoch:7/100,Train Accuracy:52.38970184326172%
2023-04-20 23:24:31,595 - Epoch:8/100,Train Accuracy:52.33832550048828%
2023-04-20 23:24:33,742 - Epoch:9/100,Train Accuracy:52.24180221557617%
2023-04-20 23:24:35,918 - Epoch:10/100,Train Accuracy:51.83858871459961%
2023-04-20 23:24:38,117 - Epoch:11/100,Train Accuracy:52.075225830078125%
2023-04-20 23:24:40,262 - Epoch:12/100,Train Accuracy:52.13282775878906%
2023-04-20 23:24:42,373 - Epoch:13/100,Train Accuracy:52.22779083251953%
2023-04-20 23:24:44,479 - Epoch:14/100,Train Accuracy:52.35700607299805%
2023-04-20 23:24:46,596 - Epoch:15/100,Train Accuracy:52.33209991455078%
2023-04-20 23:24:48,707 - Epoch:16/100,Train Accuracy:52.2729377746582%
2023-04-20 23:24:50,817 - Epoch:17/100,Train Accuracy:52.72597122192383%
2023-04-20 23:24:52,923 - Epoch:18/100,Train Accuracy:52.46287155151367%
2023-04-20 23:24:55,034 - Epoch:19/100,Train Accuracy:52.56250762939453%
2023-04-20 23:24:57,171 - Epoch:20/100,Train Accuracy:52.70261764526367%
2023-04-20 23:24:59,321 - Epoch:21/100,Train Accuracy:52.93925476074219%
2023-04-20 23:25:01,432 - Epoch:22/100,Train Accuracy:52.37724685668945%
2023-04-20 23:25:03,542 - Epoch:23/100,Train Accuracy:53.3891716003418%
2023-04-20 23:25:05,658 - Epoch:24/100,Train Accuracy:53.39072799682617%
2023-04-20 23:25:07,779 - Epoch:25/100,Train Accuracy:53.253726959228516%
2023-04-20 23:25:09,905 - Epoch:26/100,Train Accuracy:53.05601501464844%
2023-04-20 23:25:12,017 - Epoch:27/100,Train Accuracy:53.474796295166016%
2023-04-20 23:25:14,127 - Epoch:28/100,Train Accuracy:53.236602783203125%
2023-04-20 23:25:16,239 - Epoch:29/100,Train Accuracy:52.95949172973633%
2023-04-20 23:25:18,353 - Epoch:30/100,Train Accuracy:52.53759765625%
2023-04-20 23:25:20,465 - Epoch:31/100,Train Accuracy:53.24594497680664%
2023-04-20 23:25:22,582 - Epoch:32/100,Train Accuracy:52.861412048339844%
2023-04-20 23:25:24,695 - Epoch:33/100,Train Accuracy:53.48569107055664%
2023-04-20 23:25:26,818 - Epoch:34/100,Train Accuracy:52.94081115722656%
2023-04-20 23:25:28,931 - Epoch:35/100,Train Accuracy:53.42653274536133%
2023-04-20 23:25:31,042 - Epoch:36/100,Train Accuracy:52.92212677001953%
2023-04-20 23:25:33,154 - Epoch:37/100,Train Accuracy:52.93925476074219%
2023-04-20 23:25:35,753 - Epoch:38/100,Train Accuracy:52.803810119628906%
2023-04-20 23:25:38,424 - Epoch:39/100,Train Accuracy:52.97350311279297%
2023-04-20 23:25:41,130 - Epoch:40/100,Train Accuracy:52.9610481262207%
2023-04-20 23:25:43,631 - Epoch:41/100,Train Accuracy:53.32845687866211%
2023-04-20 23:25:45,736 - Epoch:42/100,Train Accuracy:52.62010955810547%
2023-04-20 23:25:47,849 - Epoch:43/100,Train Accuracy:53.255287170410156%
2023-04-20 23:25:49,960 - Epoch:44/100,Train Accuracy:52.917457580566406%
2023-04-20 23:25:52,097 - Epoch:45/100,Train Accuracy:53.30354690551758%
2023-04-20 23:25:54,222 - Epoch:46/100,Train Accuracy:52.864524841308594%
2023-04-20 23:25:56,361 - Epoch:47/100,Train Accuracy:53.261512756347656%
2023-04-20 23:25:58,506 - Epoch:48/100,Train Accuracy:52.72441482543945%
2023-04-20 23:26:00,647 - Epoch:49/100,Train Accuracy:53.12139892578125%
2023-04-20 23:26:02,774 - Epoch:50/100,Train Accuracy:52.85363006591797%
2023-04-20 23:26:04,897 - Epoch:51/100,Train Accuracy:52.752437591552734%
2023-04-20 23:26:07,032 - Epoch:52/100,Train Accuracy:53.261512756347656%
2023-04-20 23:26:09,156 - Epoch:53/100,Train Accuracy:53.30354690551758%
2023-04-20 23:26:11,274 - Epoch:54/100,Train Accuracy:53.28019332885742%
2023-04-20 23:26:13,383 - Epoch:55/100,Train Accuracy:53.333126068115234%
2023-04-20 23:26:15,498 - Epoch:56/100,Train Accuracy:53.031105041503906%
2023-04-20 23:26:17,614 - Epoch:57/100,Train Accuracy:53.1945686340332%
2023-04-20 23:26:19,749 - Epoch:58/100,Train Accuracy:52.93769836425781%
2023-04-20 23:26:21,865 - Epoch:59/100,Train Accuracy:53.108943939208984%
2023-04-20 23:26:23,983 - Epoch:60/100,Train Accuracy:52.93769836425781%
2023-04-20 23:26:26,107 - Epoch:61/100,Train Accuracy:53.09337615966797%
2023-04-20 23:26:28,246 - Epoch:62/100,Train Accuracy:53.23193359375%
2023-04-20 23:26:30,381 - Epoch:63/100,Train Accuracy:53.15409469604492%
2023-04-20 23:26:32,539 - Epoch:64/100,Train Accuracy:53.30510330200195%
2023-04-20 23:26:34,662 - Epoch:65/100,Train Accuracy:53.03577423095703%
2023-04-20 23:26:36,781 - Epoch:66/100,Train Accuracy:52.86296844482422%
2023-04-20 23:26:38,898 - Epoch:67/100,Train Accuracy:53.04044723510742%
2023-04-20 23:26:41,010 - Epoch:68/100,Train Accuracy:53.4218635559082%
2023-04-20 23:26:43,180 - Epoch:69/100,Train Accuracy:53.24283218383789%
2023-04-20 23:26:45,335 - Epoch:70/100,Train Accuracy:53.37360382080078%
2023-04-20 23:26:47,480 - Epoch:71/100,Train Accuracy:53.378273010253906%
2023-04-20 23:26:49,610 - Epoch:72/100,Train Accuracy:53.39228439331055%
2023-04-20 23:26:51,730 - Epoch:73/100,Train Accuracy:53.244388580322266%
2023-04-20 23:26:53,846 - Epoch:74/100,Train Accuracy:53.59311294555664%
2023-04-20 23:26:55,963 - Epoch:75/100,Train Accuracy:52.92991256713867%
2023-04-20 23:26:58,118 - Epoch:76/100,Train Accuracy:53.31444549560547%
2023-04-20 23:27:00,266 - Epoch:77/100,Train Accuracy:53.1618766784668%
2023-04-20 23:27:02,397 - Epoch:78/100,Train Accuracy:53.471683502197266%
2023-04-20 23:27:04,521 - Epoch:79/100,Train Accuracy:53.085594177246094%
2023-04-20 23:27:06,654 - Epoch:80/100,Train Accuracy:53.17744445800781%
2023-04-20 23:27:08,776 - Epoch:81/100,Train Accuracy:53.33156967163086%
2023-04-20 23:27:10,925 - Epoch:82/100,Train Accuracy:52.99062728881836%
2023-04-20 23:27:13,070 - Epoch:83/100,Train Accuracy:53.094932556152344%
2023-04-20 23:27:15,195 - Epoch:84/100,Train Accuracy:53.438987731933594%
2023-04-20 23:27:17,325 - Epoch:85/100,Train Accuracy:53.697418212890625%
2023-04-20 23:27:19,468 - Epoch:86/100,Train Accuracy:53.65071487426758%
2023-04-20 23:27:21,594 - Epoch:87/100,Train Accuracy:53.22103500366211%
2023-04-20 23:27:23,716 - Epoch:88/100,Train Accuracy:53.22414779663086%
2023-04-20 23:27:25,842 - Epoch:89/100,Train Accuracy:53.37982940673828%
2023-04-20 23:27:27,968 - Epoch:90/100,Train Accuracy:53.43120574951172%
2023-04-20 23:27:30,093 - Epoch:91/100,Train Accuracy:53.17900085449219%
2023-04-20 23:27:32,230 - Epoch:92/100,Train Accuracy:53.467010498046875%
2023-04-20 23:27:34,368 - Epoch:93/100,Train Accuracy:53.031105041503906%
2023-04-20 23:27:36,502 - Epoch:94/100,Train Accuracy:53.16654586791992%
2023-04-20 23:27:38,636 - Epoch:95/100,Train Accuracy:53.05912780761719%
2023-04-20 23:27:40,769 - Epoch:96/100,Train Accuracy:53.230377197265625%
2023-04-20 23:27:42,905 - Epoch:97/100,Train Accuracy:53.227264404296875%
2023-04-20 23:27:45,036 - Epoch:98/100,Train Accuracy:52.91901397705078%
2023-04-20 23:27:47,181 - Epoch:99/100,Train Accuracy:53.339351654052734%
2023-04-20 23:27:55,959 - 
Test set: Avg. loss: 0.0174, Accuracy: 7007/13804 (50.76%)

2023-04-20 23:27:55,969 - fpr:[0.         0.04534917 1.        ],tpr:[0.         0.06056216 1.        ],threshold:[2 1 0],auc:0.507606490872211
2023-04-20 23:27:55,969 - This is for user3
2023-04-20 23:28:07,341 - Epoch:0/100,Train Accuracy:52.00048828125%
2023-04-20 23:28:10,303 - Epoch:1/100,Train Accuracy:52.0369987487793%
2023-04-20 23:28:13,269 - Epoch:2/100,Train Accuracy:54.27980422973633%
2023-04-20 23:28:16,218 - Epoch:3/100,Train Accuracy:57.8116340637207%
2023-04-20 23:28:19,181 - Epoch:4/100,Train Accuracy:58.248687744140625%
2023-04-20 23:28:22,134 - Epoch:5/100,Train Accuracy:58.5529670715332%
2023-04-20 23:28:25,089 - Epoch:6/100,Train Accuracy:58.47551345825195%
2023-04-20 23:28:28,082 - Epoch:7/100,Train Accuracy:58.52309036254883%
2023-04-20 23:28:31,041 - Epoch:8/100,Train Accuracy:58.57288360595703%
2023-04-20 23:28:33,999 - Epoch:9/100,Train Accuracy:58.68795394897461%
2023-04-20 23:28:36,955 - Epoch:10/100,Train Accuracy:58.692378997802734%
2023-04-20 23:28:39,909 - Epoch:11/100,Train Accuracy:58.81077194213867%
2023-04-20 23:28:42,860 - Epoch:12/100,Train Accuracy:58.727787017822266%
2023-04-20 23:28:45,811 - Epoch:13/100,Train Accuracy:58.80081558227539%
2023-04-20 23:28:48,833 - Epoch:14/100,Train Accuracy:58.82958221435547%
2023-04-20 23:28:51,822 - Epoch:15/100,Train Accuracy:58.89596939086914%
2023-04-20 23:28:54,785 - Epoch:16/100,Train Accuracy:58.900394439697266%
2023-04-20 23:28:57,737 - Epoch:17/100,Train Accuracy:58.882694244384766%
2023-04-20 23:29:00,690 - Epoch:18/100,Train Accuracy:58.75102233886719%
2023-04-20 23:29:03,648 - Epoch:19/100,Train Accuracy:58.85945510864258%
2023-04-20 23:29:06,601 - Epoch:20/100,Train Accuracy:58.78089904785156%
2023-04-20 23:29:09,559 - Epoch:21/100,Train Accuracy:58.9169921875%
2023-04-20 23:29:12,530 - Epoch:22/100,Train Accuracy:59.10398483276367%
2023-04-20 23:29:15,478 - Epoch:23/100,Train Accuracy:58.85060501098633%
2023-04-20 23:29:18,426 - Epoch:24/100,Train Accuracy:58.78643035888672%
2023-04-20 23:29:21,390 - Epoch:25/100,Train Accuracy:58.91035461425781%
2023-04-20 23:29:24,341 - Epoch:26/100,Train Accuracy:58.8306884765625%
2023-04-20 23:29:27,292 - Epoch:27/100,Train Accuracy:58.913673400878906%
2023-04-20 23:29:30,251 - Epoch:28/100,Train Accuracy:58.97342300415039%
2023-04-20 23:29:33,210 - Epoch:29/100,Train Accuracy:58.82073211669922%
2023-04-20 23:29:36,177 - Epoch:30/100,Train Accuracy:58.96125030517578%
2023-04-20 23:29:39,132 - Epoch:31/100,Train Accuracy:58.864990234375%
2023-04-20 23:29:42,086 - Epoch:32/100,Train Accuracy:58.9015007019043%
2023-04-20 23:29:45,043 - Epoch:33/100,Train Accuracy:58.93801498413086%
2023-04-20 23:29:48,007 - Epoch:34/100,Train Accuracy:58.90592956542969%
2023-04-20 23:29:50,978 - Epoch:35/100,Train Accuracy:58.87384033203125%
2023-04-20 23:29:53,927 - Epoch:36/100,Train Accuracy:58.65586853027344%
2023-04-20 23:29:56,894 - Epoch:37/100,Train Accuracy:58.47330093383789%
2023-04-20 23:29:59,899 - Epoch:38/100,Train Accuracy:58.53526306152344%
2023-04-20 23:30:02,846 - Epoch:39/100,Train Accuracy:58.71561813354492%
2023-04-20 23:30:05,817 - Epoch:40/100,Train Accuracy:58.76540756225586%
2023-04-20 23:30:08,777 - Epoch:41/100,Train Accuracy:59.03759765625%
2023-04-20 23:30:11,741 - Epoch:42/100,Train Accuracy:58.88822555541992%
2023-04-20 23:30:14,710 - Epoch:43/100,Train Accuracy:58.92805862426758%
2023-04-20 23:30:17,676 - Epoch:44/100,Train Accuracy:58.738853454589844%
2023-04-20 23:30:20,637 - Epoch:45/100,Train Accuracy:59.05972671508789%
2023-04-20 23:30:23,611 - Epoch:46/100,Train Accuracy:59.07411193847656%
2023-04-20 23:30:26,580 - Epoch:47/100,Train Accuracy:58.95018768310547%
2023-04-20 23:30:29,546 - Epoch:48/100,Train Accuracy:58.70897674560547%
2023-04-20 23:30:32,517 - Epoch:49/100,Train Accuracy:58.782005310058594%
2023-04-20 23:30:35,475 - Epoch:50/100,Train Accuracy:58.87162780761719%
2023-04-20 23:30:38,440 - Epoch:51/100,Train Accuracy:58.84175491333008%
2023-04-20 23:30:41,416 - Epoch:52/100,Train Accuracy:59.032066345214844%
2023-04-20 23:30:44,395 - Epoch:53/100,Train Accuracy:58.985595703125%
2023-04-20 23:30:47,372 - Epoch:54/100,Train Accuracy:58.84286117553711%
2023-04-20 23:30:50,331 - Epoch:55/100,Train Accuracy:58.946868896484375%
2023-04-20 23:30:53,293 - Epoch:56/100,Train Accuracy:59.0187873840332%
2023-04-20 23:30:56,267 - Epoch:57/100,Train Accuracy:59.03981018066406%
2023-04-20 23:30:59,239 - Epoch:58/100,Train Accuracy:58.97121047973633%
2023-04-20 23:31:02,210 - Epoch:59/100,Train Accuracy:58.89265060424805%
2023-04-20 23:31:05,228 - Epoch:60/100,Train Accuracy:58.83843231201172%
2023-04-20 23:31:08,241 - Epoch:61/100,Train Accuracy:58.934696197509766%
2023-04-20 23:31:11,222 - Epoch:62/100,Train Accuracy:58.977848052978516%
2023-04-20 23:31:14,191 - Epoch:63/100,Train Accuracy:59.01657485961914%
2023-04-20 23:31:17,186 - Epoch:64/100,Train Accuracy:59.11505126953125%
2023-04-20 23:31:20,183 - Epoch:65/100,Train Accuracy:58.90592956542969%
2023-04-20 23:31:23,176 - Epoch:66/100,Train Accuracy:58.991127014160156%
2023-04-20 23:31:26,156 - Epoch:67/100,Train Accuracy:59.0187873840332%
2023-04-20 23:31:29,127 - Epoch:68/100,Train Accuracy:58.97121047973633%
2023-04-20 23:31:32,117 - Epoch:69/100,Train Accuracy:59.00661849975586%
2023-04-20 23:31:35,118 - Epoch:70/100,Train Accuracy:59.210205078125%
2023-04-20 23:31:38,154 - Epoch:71/100,Train Accuracy:58.9701042175293%
2023-04-20 23:31:41,149 - Epoch:72/100,Train Accuracy:59.05751419067383%
2023-04-20 23:31:44,139 - Epoch:73/100,Train Accuracy:58.942440032958984%
2023-04-20 23:31:47,127 - Epoch:74/100,Train Accuracy:58.89707565307617%
2023-04-20 23:31:50,104 - Epoch:75/100,Train Accuracy:58.87384033203125%
2023-04-20 23:31:53,081 - Epoch:76/100,Train Accuracy:58.94355010986328%
2023-04-20 23:31:56,051 - Epoch:77/100,Train Accuracy:58.77204513549805%
2023-04-20 23:31:59,026 - Epoch:78/100,Train Accuracy:58.93027114868164%
2023-04-20 23:32:02,001 - Epoch:79/100,Train Accuracy:59.00108337402344%
2023-04-20 23:32:04,976 - Epoch:80/100,Train Accuracy:58.85060501098633%
2023-04-20 23:32:07,958 - Epoch:81/100,Train Accuracy:58.7100830078125%
2023-04-20 23:32:10,937 - Epoch:82/100,Train Accuracy:58.870521545410156%
2023-04-20 23:32:13,915 - Epoch:83/100,Train Accuracy:58.902610778808594%
2023-04-20 23:32:16,894 - Epoch:84/100,Train Accuracy:58.869415283203125%
2023-04-20 23:32:19,880 - Epoch:85/100,Train Accuracy:58.9324836730957%
2023-04-20 23:32:22,888 - Epoch:86/100,Train Accuracy:58.839542388916016%
2023-04-20 23:32:25,900 - Epoch:87/100,Train Accuracy:58.955718994140625%
2023-04-20 23:32:28,880 - Epoch:88/100,Train Accuracy:58.769832611083984%
2023-04-20 23:32:31,895 - Epoch:89/100,Train Accuracy:58.98006057739258%
2023-04-20 23:32:34,973 - Epoch:90/100,Train Accuracy:58.92916488647461%
2023-04-20 23:32:38,023 - Epoch:91/100,Train Accuracy:59.14824295043945%
2023-04-20 23:32:41,038 - Epoch:92/100,Train Accuracy:59.12500762939453%
2023-04-20 23:32:44,105 - Epoch:93/100,Train Accuracy:58.78089904785156%
2023-04-20 23:32:47,233 - Epoch:94/100,Train Accuracy:58.98337936401367%
2023-04-20 23:32:50,407 - Epoch:95/100,Train Accuracy:59.00108337402344%
2023-04-20 23:32:53,610 - Epoch:96/100,Train Accuracy:58.783111572265625%
2023-04-20 23:32:56,805 - Epoch:97/100,Train Accuracy:58.71340560913086%
2023-04-20 23:33:00,005 - Epoch:98/100,Train Accuracy:58.87494659423828%
2023-04-20 23:33:03,221 - Epoch:99/100,Train Accuracy:58.82847595214844%
2023-04-20 23:33:11,939 - 
Test set: Avg. loss: 0.0171, Accuracy: 10986/18820 (58.37%)

2023-04-20 23:33:11,952 - fpr:[0.         0.40393199 1.        ],tpr:[0.         0.57141339 1.        ],threshold:[2 1 0],auc:0.583740701381509
2023-04-20 23:33:11,953 - This is for user4
2023-04-20 23:33:22,906 - Epoch:0/100,Train Accuracy:60.289024353027344%
2023-04-20 23:33:25,359 - Epoch:1/100,Train Accuracy:62.22312927246094%
2023-04-20 23:33:27,831 - Epoch:2/100,Train Accuracy:62.73539733886719%
2023-04-20 23:33:30,316 - Epoch:3/100,Train Accuracy:62.94059371948242%
2023-04-20 23:33:32,806 - Epoch:4/100,Train Accuracy:63.022090911865234%
2023-04-20 23:33:35,283 - Epoch:5/100,Train Accuracy:63.0759391784668%
2023-04-20 23:33:37,753 - Epoch:6/100,Train Accuracy:63.03082275390625%
2023-04-20 23:33:40,225 - Epoch:7/100,Train Accuracy:63.17490005493164%
2023-04-20 23:33:42,699 - Epoch:8/100,Train Accuracy:63.22874450683594%
2023-04-20 23:33:45,173 - Epoch:9/100,Train Accuracy:63.26512908935547%
2023-04-20 23:33:47,644 - Epoch:10/100,Train Accuracy:63.30878829956055%
2023-04-20 23:33:50,120 - Epoch:11/100,Train Accuracy:63.369911193847656%
2023-04-20 23:33:52,599 - Epoch:12/100,Train Accuracy:63.33061599731445%
2023-04-20 23:33:55,088 - Epoch:13/100,Train Accuracy:63.40192794799805%
2023-04-20 23:33:57,582 - Epoch:14/100,Train Accuracy:63.416481018066406%
2023-04-20 23:34:00,103 - Epoch:15/100,Train Accuracy:63.48487854003906%
2023-04-20 23:34:02,643 - Epoch:16/100,Train Accuracy:63.301509857177734%
2023-04-20 23:34:05,148 - Epoch:17/100,Train Accuracy:63.151615142822266%
2023-04-20 23:34:07,663 - Epoch:18/100,Train Accuracy:63.26076126098633%
2023-04-20 23:34:10,180 - Epoch:19/100,Train Accuracy:63.30878829956055%
2023-04-20 23:34:12,718 - Epoch:20/100,Train Accuracy:63.2622184753418%
2023-04-20 23:34:15,237 - Epoch:21/100,Train Accuracy:63.38300704956055%
2023-04-20 23:34:17,775 - Epoch:22/100,Train Accuracy:63.56201171875%
2023-04-20 23:34:20,327 - Epoch:23/100,Train Accuracy:63.46159362792969%
2023-04-20 23:34:22,860 - Epoch:24/100,Train Accuracy:63.37864303588867%
2023-04-20 23:34:25,376 - Epoch:25/100,Train Accuracy:63.380096435546875%
2023-04-20 23:34:27,896 - Epoch:26/100,Train Accuracy:63.26512908935547%
2023-04-20 23:34:30,432 - Epoch:27/100,Train Accuracy:63.22874450683594%
2023-04-20 23:34:32,987 - Epoch:28/100,Train Accuracy:63.27531433105469%
2023-04-20 23:34:35,540 - Epoch:29/100,Train Accuracy:63.4703254699707%
2023-04-20 23:34:38,092 - Epoch:30/100,Train Accuracy:63.166168212890625%
2023-04-20 23:34:40,636 - Epoch:31/100,Train Accuracy:63.29568862915039%
2023-04-20 23:34:43,188 - Epoch:32/100,Train Accuracy:63.115230560302734%
2023-04-20 23:34:45,739 - Epoch:33/100,Train Accuracy:63.195274353027344%
2023-04-20 23:34:48,300 - Epoch:34/100,Train Accuracy:63.3553581237793%
2023-04-20 23:34:50,866 - Epoch:35/100,Train Accuracy:63.42084503173828%
2023-04-20 23:34:53,442 - Epoch:36/100,Train Accuracy:63.46596145629883%
2023-04-20 23:34:56,013 - Epoch:37/100,Train Accuracy:63.47178268432617%
2023-04-20 23:34:58,569 - Epoch:38/100,Train Accuracy:63.43248748779297%
2023-04-20 23:35:01,135 - Epoch:39/100,Train Accuracy:63.14433670043945%
2023-04-20 23:35:03,706 - Epoch:40/100,Train Accuracy:63.42230224609375%
2023-04-20 23:35:06,292 - Epoch:41/100,Train Accuracy:63.394649505615234%
2023-04-20 23:35:08,880 - Epoch:42/100,Train Accuracy:63.49361038208008%
2023-04-20 23:35:11,470 - Epoch:43/100,Train Accuracy:63.31460952758789%
2023-04-20 23:35:14,029 - Epoch:44/100,Train Accuracy:63.27095031738281%
2023-04-20 23:35:16,597 - Epoch:45/100,Train Accuracy:63.43539810180664%
2023-04-20 23:35:19,168 - Epoch:46/100,Train Accuracy:63.43976593017578%
2023-04-20 23:35:21,747 - Epoch:47/100,Train Accuracy:63.50379943847656%
2023-04-20 23:35:24,330 - Epoch:48/100,Train Accuracy:63.43830871582031%
2023-04-20 23:35:26,952 - Epoch:49/100,Train Accuracy:63.43830871582031%
2023-04-20 23:35:29,517 - Epoch:50/100,Train Accuracy:63.36408996582031%
2023-04-20 23:35:32,103 - Epoch:51/100,Train Accuracy:63.39319610595703%
2023-04-20 23:35:34,708 - Epoch:52/100,Train Accuracy:63.32479476928711%
2023-04-20 23:35:37,318 - Epoch:53/100,Train Accuracy:63.35826873779297%
2023-04-20 23:35:39,906 - Epoch:54/100,Train Accuracy:63.4703254699707%
2023-04-20 23:35:42,495 - Epoch:55/100,Train Accuracy:63.45140838623047%
2023-04-20 23:35:45,078 - Epoch:56/100,Train Accuracy:63.49943161010742%
2023-04-20 23:35:47,668 - Epoch:57/100,Train Accuracy:63.43248748779297%
2023-04-20 23:35:50,257 - Epoch:58/100,Train Accuracy:63.49652099609375%
2023-04-20 23:35:52,865 - Epoch:59/100,Train Accuracy:63.259307861328125%
2023-04-20 23:35:55,452 - Epoch:60/100,Train Accuracy:63.22874450683594%
2023-04-20 23:35:58,039 - Epoch:61/100,Train Accuracy:63.42230224609375%
2023-04-20 23:36:00,635 - Epoch:62/100,Train Accuracy:63.51689529418945%
2023-04-20 23:36:03,218 - Epoch:63/100,Train Accuracy:63.455772399902344%
2023-04-20 23:36:05,818 - Epoch:64/100,Train Accuracy:63.38300704956055%
2023-04-20 23:36:08,413 - Epoch:65/100,Train Accuracy:63.333526611328125%
2023-04-20 23:36:11,008 - Epoch:66/100,Train Accuracy:63.473236083984375%
2023-04-20 23:36:13,622 - Epoch:67/100,Train Accuracy:63.4484977722168%
2023-04-20 23:36:16,227 - Epoch:68/100,Train Accuracy:63.22001266479492%
2023-04-20 23:36:18,819 - Epoch:69/100,Train Accuracy:63.50088882446289%
2023-04-20 23:36:21,417 - Epoch:70/100,Train Accuracy:63.25057601928711%
2023-04-20 23:36:24,020 - Epoch:71/100,Train Accuracy:63.48633575439453%
2023-04-20 23:36:26,620 - Epoch:72/100,Train Accuracy:63.41065979003906%
2023-04-20 23:36:29,218 - Epoch:73/100,Train Accuracy:63.42375564575195%
2023-04-20 23:36:31,809 - Epoch:74/100,Train Accuracy:63.33207321166992%
2023-04-20 23:36:34,395 - Epoch:75/100,Train Accuracy:63.222923278808594%
2023-04-20 23:36:36,995 - Epoch:76/100,Train Accuracy:63.25348663330078%
2023-04-20 23:36:39,596 - Epoch:77/100,Train Accuracy:63.25202941894531%
2023-04-20 23:36:42,190 - Epoch:78/100,Train Accuracy:63.32625198364258%
2023-04-20 23:36:44,787 - Epoch:79/100,Train Accuracy:63.36117935180664%
2023-04-20 23:36:47,384 - Epoch:80/100,Train Accuracy:63.39028549194336%
2023-04-20 23:36:49,972 - Epoch:81/100,Train Accuracy:63.35972213745117%
2023-04-20 23:36:52,560 - Epoch:82/100,Train Accuracy:63.29859924316406%
2023-04-20 23:36:55,147 - Epoch:83/100,Train Accuracy:63.27968215942383%
2023-04-20 23:36:57,740 - Epoch:84/100,Train Accuracy:63.3029670715332%
2023-04-20 23:37:00,353 - Epoch:85/100,Train Accuracy:63.100677490234375%
2023-04-20 23:37:02,959 - Epoch:86/100,Train Accuracy:63.352447509765625%
2023-04-20 23:37:05,571 - Epoch:87/100,Train Accuracy:63.1690788269043%
2023-04-20 23:37:08,183 - Epoch:88/100,Train Accuracy:63.40483856201172%
2023-04-20 23:37:10,796 - Epoch:89/100,Train Accuracy:63.33207321166992%
2023-04-20 23:37:13,390 - Epoch:90/100,Train Accuracy:63.56492233276367%
2023-04-20 23:37:15,985 - Epoch:91/100,Train Accuracy:63.24620819091797%
2023-04-20 23:37:18,580 - Epoch:92/100,Train Accuracy:63.320430755615234%
2023-04-20 23:37:21,184 - Epoch:93/100,Train Accuracy:63.474693298339844%
2023-04-20 23:37:23,796 - Epoch:94/100,Train Accuracy:63.455772399902344%
2023-04-20 23:37:26,419 - Epoch:95/100,Train Accuracy:63.5227165222168%
2023-04-20 23:37:29,023 - Epoch:96/100,Train Accuracy:63.441219329833984%
2023-04-20 23:37:31,661 - Epoch:97/100,Train Accuracy:63.49506759643555%
2023-04-20 23:37:34,306 - Epoch:98/100,Train Accuracy:63.337894439697266%
2023-04-20 23:37:36,925 - Epoch:99/100,Train Accuracy:63.350990295410156%
2023-04-20 23:37:45,658 - 
Test set: Avg. loss: 0.0160, Accuracy: 8952/14554 (61.51%)

2023-04-20 23:37:45,669 - fpr:[0.         0.25133984 1.        ],tpr:[0.         0.48151711 1.        ],threshold:[2 1 0],auc:0.6150886354266868
2023-04-20 23:37:45,669 - This is for user5
2023-04-20 23:37:56,451 - Epoch:0/100,Train Accuracy:50.31412887573242%
2023-04-20 23:37:58,633 - Epoch:1/100,Train Accuracy:50.81466293334961%
2023-04-20 23:38:00,797 - Epoch:2/100,Train Accuracy:51.37215805053711%
2023-04-20 23:38:02,954 - Epoch:3/100,Train Accuracy:51.22890090942383%
2023-04-20 23:38:05,114 - Epoch:4/100,Train Accuracy:51.36697769165039%
2023-04-20 23:38:07,284 - Epoch:5/100,Train Accuracy:51.77948760986328%
2023-04-20 23:38:09,439 - Epoch:6/100,Train Accuracy:51.22890090942383%
2023-04-20 23:38:11,596 - Epoch:7/100,Train Accuracy:52.10224533081055%
2023-04-20 23:38:13,745 - Epoch:8/100,Train Accuracy:52.041839599609375%
2023-04-20 23:38:15,891 - Epoch:9/100,Train Accuracy:52.14884948730469%
2023-04-20 23:38:18,019 - Epoch:10/100,Train Accuracy:51.75532531738281%
2023-04-20 23:38:20,134 - Epoch:11/100,Train Accuracy:52.17991638183594%
2023-04-20 23:38:22,253 - Epoch:12/100,Train Accuracy:52.475059509277344%
2023-04-20 23:38:24,367 - Epoch:13/100,Train Accuracy:52.49922180175781%
2023-04-20 23:38:26,490 - Epoch:14/100,Train Accuracy:52.513031005859375%
2023-04-20 23:38:28,618 - Epoch:15/100,Train Accuracy:52.43708801269531%
2023-04-20 23:38:30,756 - Epoch:16/100,Train Accuracy:52.74258804321289%
2023-04-20 23:38:32,904 - Epoch:17/100,Train Accuracy:52.46815490722656%
2023-04-20 23:38:35,057 - Epoch:18/100,Train Accuracy:52.349063873291016%
2023-04-20 23:38:37,198 - Epoch:19/100,Train Accuracy:52.78401184082031%
2023-04-20 23:38:39,327 - Epoch:20/100,Train Accuracy:52.49922180175781%
2023-04-20 23:38:41,452 - Epoch:21/100,Train Accuracy:52.76675033569336%
2023-04-20 23:38:43,597 - Epoch:22/100,Train Accuracy:52.74604034423828%
2023-04-20 23:38:45,717 - Epoch:23/100,Train Accuracy:53.003211975097656%
2023-04-20 23:38:47,837 - Epoch:24/100,Train Accuracy:52.86513137817383%
2023-04-20 23:38:49,955 - Epoch:25/100,Train Accuracy:53.10331726074219%
2023-04-20 23:38:52,074 - Epoch:26/100,Train Accuracy:53.11367416381836%
2023-04-20 23:38:54,191 - Epoch:27/100,Train Accuracy:52.90827941894531%
2023-04-20 23:38:56,312 - Epoch:28/100,Train Accuracy:52.87376022338867%
2023-04-20 23:38:58,439 - Epoch:29/100,Train Accuracy:52.97386932373047%
2023-04-20 23:39:00,569 - Epoch:30/100,Train Accuracy:52.580345153808594%
2023-04-20 23:39:02,698 - Epoch:31/100,Train Accuracy:52.9013786315918%
2023-04-20 23:39:04,829 - Epoch:32/100,Train Accuracy:53.16890335083008%
2023-04-20 23:39:06,954 - Epoch:33/100,Train Accuracy:52.76675033569336%
2023-04-20 23:39:09,073 - Epoch:34/100,Train Accuracy:53.231040954589844%
2023-04-20 23:39:11,198 - Epoch:35/100,Train Accuracy:53.034278869628906%
2023-04-20 23:39:13,333 - Epoch:36/100,Train Accuracy:53.00148391723633%
2023-04-20 23:39:15,470 - Epoch:37/100,Train Accuracy:52.77365493774414%
2023-04-20 23:39:17,587 - Epoch:38/100,Train Accuracy:52.62694549560547%
2023-04-20 23:39:19,711 - Epoch:39/100,Train Accuracy:52.74604034423828%
2023-04-20 23:39:21,836 - Epoch:40/100,Train Accuracy:52.3663215637207%
2023-04-20 23:39:23,966 - Epoch:41/100,Train Accuracy:52.47333526611328%
2023-04-20 23:39:26,114 - Epoch:42/100,Train Accuracy:52.915184020996094%
2023-04-20 23:39:28,282 - Epoch:43/100,Train Accuracy:52.516483306884766%
2023-04-20 23:39:30,443 - Epoch:44/100,Train Accuracy:52.66664505004883%
2023-04-20 23:39:32,592 - Epoch:45/100,Train Accuracy:52.851322174072266%
2023-04-20 23:39:34,724 - Epoch:46/100,Train Accuracy:52.90655517578125%
2023-04-20 23:39:36,853 - Epoch:47/100,Train Accuracy:52.69598388671875%
2023-04-20 23:39:38,986 - Epoch:48/100,Train Accuracy:52.75984573364258%
2023-04-20 23:39:41,117 - Epoch:49/100,Train Accuracy:52.309364318847656%
2023-04-20 23:39:43,255 - Epoch:50/100,Train Accuracy:52.81507873535156%
2023-04-20 23:39:45,395 - Epoch:51/100,Train Accuracy:52.443992614746094%
2023-04-20 23:39:47,542 - Epoch:52/100,Train Accuracy:52.7650260925293%
2023-04-20 23:39:49,677 - Epoch:53/100,Train Accuracy:52.56135940551758%
2023-04-20 23:39:51,812 - Epoch:54/100,Train Accuracy:53.17580795288086%
2023-04-20 23:39:53,966 - Epoch:55/100,Train Accuracy:52.7391357421875%
2023-04-20 23:39:56,128 - Epoch:56/100,Train Accuracy:52.72187423706055%
2023-04-20 23:39:58,240 - Epoch:57/100,Train Accuracy:53.22758865356445%
2023-04-20 23:40:00,364 - Epoch:58/100,Train Accuracy:53.16200256347656%
2023-04-20 23:40:02,495 - Epoch:59/100,Train Accuracy:53.1844367980957%
2023-04-20 23:40:04,603 - Epoch:60/100,Train Accuracy:53.06879806518555%
2023-04-20 23:40:06,707 - Epoch:61/100,Train Accuracy:53.25002670288086%
2023-04-20 23:40:08,809 - Epoch:62/100,Train Accuracy:53.362213134765625%
2023-04-20 23:40:10,908 - Epoch:63/100,Train Accuracy:53.30180358886719%
2023-04-20 23:40:13,002 - Epoch:64/100,Train Accuracy:53.23966979980469%
2023-04-20 23:40:15,111 - Epoch:65/100,Train Accuracy:53.263832092285156%
2023-04-20 23:40:17,218 - Epoch:66/100,Train Accuracy:53.187889099121094%
2023-04-20 23:40:19,323 - Epoch:67/100,Train Accuracy:52.992855072021484%
2023-04-20 23:40:21,422 - Epoch:68/100,Train Accuracy:53.00838851928711%
2023-04-20 23:40:23,529 - Epoch:69/100,Train Accuracy:53.04636001586914%
2023-04-20 23:40:25,627 - Epoch:70/100,Train Accuracy:53.306983947753906%
2023-04-20 23:40:27,729 - Epoch:71/100,Train Accuracy:52.887569427490234%
2023-04-20 23:40:29,830 - Epoch:72/100,Train Accuracy:53.15336990356445%
2023-04-20 23:40:31,935 - Epoch:73/100,Train Accuracy:52.75984573364258%
2023-04-20 23:40:34,042 - Epoch:74/100,Train Accuracy:53.52790832519531%
2023-04-20 23:40:36,149 - Epoch:75/100,Train Accuracy:53.35358428955078%
2023-04-20 23:40:38,258 - Epoch:76/100,Train Accuracy:52.84096908569336%
2023-04-20 23:40:40,360 - Epoch:77/100,Train Accuracy:52.9013786315918%
2023-04-20 23:40:42,463 - Epoch:78/100,Train Accuracy:53.436431884765625%
2023-04-20 23:40:44,562 - Epoch:79/100,Train Accuracy:52.730506896972656%
2023-04-20 23:40:46,668 - Epoch:80/100,Train Accuracy:53.11022186279297%
2023-04-20 23:40:48,766 - Epoch:81/100,Train Accuracy:52.5768928527832%
2023-04-20 23:40:50,870 - Epoch:82/100,Train Accuracy:52.723602294921875%
2023-04-20 23:40:52,964 - Epoch:83/100,Train Accuracy:53.18098831176758%
2023-04-20 23:40:55,071 - Epoch:84/100,Train Accuracy:52.69425964355469%
2023-04-20 23:40:57,173 - Epoch:85/100,Train Accuracy:52.51475524902344%
2023-04-20 23:40:59,310 - Epoch:86/100,Train Accuracy:52.74431228637695%
2023-04-20 23:41:01,476 - Epoch:87/100,Train Accuracy:52.63212585449219%
2023-04-20 23:41:03,590 - Epoch:88/100,Train Accuracy:52.720149993896484%
2023-04-20 23:41:05,714 - Epoch:89/100,Train Accuracy:52.74085998535156%
2023-04-20 23:41:07,834 - Epoch:90/100,Train Accuracy:53.08433151245117%
2023-04-20 23:41:09,944 - Epoch:91/100,Train Accuracy:53.061893463134766%
2023-04-20 23:41:12,068 - Epoch:92/100,Train Accuracy:52.996307373046875%
2023-04-20 23:41:14,213 - Epoch:93/100,Train Accuracy:52.989402770996094%
2023-04-20 23:41:16,342 - Epoch:94/100,Train Accuracy:53.13438415527344%
2023-04-20 23:41:18,469 - Epoch:95/100,Train Accuracy:52.47160720825195%
2023-04-20 23:41:20,609 - Epoch:96/100,Train Accuracy:52.45262145996094%
2023-04-20 23:41:22,731 - Epoch:97/100,Train Accuracy:52.66836929321289%
2023-04-20 23:41:24,836 - Epoch:98/100,Train Accuracy:52.75639343261719%
2023-04-20 23:41:26,939 - Epoch:99/100,Train Accuracy:52.730506896972656%
2023-04-20 23:41:35,614 - 
Test set: Avg. loss: 0.0175, Accuracy: 5905/11798 (50.05%)

2023-04-20 23:41:35,621 - fpr:[0.         0.12425835 1.        ],tpr:[0.         0.12527547 1.        ],threshold:[2 1 0],auc:0.5005085607730124
2023-04-20 23:41:35,622 - This is for user6
2023-04-20 23:41:46,074 - Epoch:0/100,Train Accuracy:56.472965240478516%
2023-04-20 23:41:47,990 - Epoch:1/100,Train Accuracy:60.36833953857422%
2023-04-20 23:41:49,919 - Epoch:2/100,Train Accuracy:61.308189392089844%
2023-04-20 23:41:51,809 - Epoch:3/100,Train Accuracy:61.654136657714844%
2023-04-20 23:41:53,745 - Epoch:4/100,Train Accuracy:61.59214401245117%
2023-04-20 23:41:55,625 - Epoch:5/100,Train Accuracy:61.62614059448242%
2023-04-20 23:41:57,497 - Epoch:6/100,Train Accuracy:61.690128326416016%
2023-04-20 23:41:59,404 - Epoch:7/100,Train Accuracy:61.690128326416016%
2023-04-20 23:42:01,237 - Epoch:8/100,Train Accuracy:61.972084045410156%
2023-04-20 23:42:03,081 - Epoch:9/100,Train Accuracy:61.73212432861328%
2023-04-20 23:42:04,933 - Epoch:10/100,Train Accuracy:61.6081428527832%
2023-04-20 23:42:06,777 - Epoch:11/100,Train Accuracy:61.766117095947266%
2023-04-20 23:42:08,599 - Epoch:12/100,Train Accuracy:61.91609191894531%
2023-04-20 23:42:10,424 - Epoch:13/100,Train Accuracy:61.872100830078125%
2023-04-20 23:42:12,248 - Epoch:14/100,Train Accuracy:62.17405319213867%
2023-04-20 23:42:14,154 - Epoch:15/100,Train Accuracy:61.98208236694336%
2023-04-20 23:42:16,379 - Epoch:16/100,Train Accuracy:62.17805099487305%
2023-04-20 23:42:18,613 - Epoch:17/100,Train Accuracy:62.062068939208984%
2023-04-20 23:42:20,858 - Epoch:18/100,Train Accuracy:61.91609191894531%
2023-04-20 23:42:22,933 - Epoch:19/100,Train Accuracy:61.78811264038086%
2023-04-20 23:42:24,765 - Epoch:20/100,Train Accuracy:61.842105865478516%
2023-04-20 23:42:26,598 - Epoch:21/100,Train Accuracy:61.95808792114258%
2023-04-20 23:42:28,717 - Epoch:22/100,Train Accuracy:62.09806442260742%
2023-04-20 23:42:30,994 - Epoch:23/100,Train Accuracy:62.184051513671875%
2023-04-20 23:42:33,280 - Epoch:24/100,Train Accuracy:62.014076232910156%
2023-04-20 23:42:35,363 - Epoch:25/100,Train Accuracy:62.02207565307617%
2023-04-20 23:42:37,212 - Epoch:26/100,Train Accuracy:62.202049255371094%
2023-04-20 23:42:39,128 - Epoch:27/100,Train Accuracy:62.11406326293945%
2023-04-20 23:42:40,957 - Epoch:28/100,Train Accuracy:62.124061584472656%
2023-04-20 23:42:42,788 - Epoch:29/100,Train Accuracy:61.69812774658203%
2023-04-20 23:42:44,642 - Epoch:30/100,Train Accuracy:62.0600700378418%
2023-04-20 23:42:46,486 - Epoch:31/100,Train Accuracy:61.9960823059082%
2023-04-20 23:42:48,322 - Epoch:32/100,Train Accuracy:62.28203582763672%
2023-04-20 23:42:50,158 - Epoch:33/100,Train Accuracy:62.154056549072266%
2023-04-20 23:42:51,995 - Epoch:34/100,Train Accuracy:62.07206726074219%
2023-04-20 23:42:53,835 - Epoch:35/100,Train Accuracy:61.944087982177734%
2023-04-20 23:42:55,745 - Epoch:36/100,Train Accuracy:61.8241081237793%
2023-04-20 23:42:57,653 - Epoch:37/100,Train Accuracy:62.044071197509766%
2023-04-20 23:42:59,563 - Epoch:38/100,Train Accuracy:62.19205093383789%
2023-04-20 23:43:01,465 - Epoch:39/100,Train Accuracy:62.00407791137695%
2023-04-20 23:43:03,368 - Epoch:40/100,Train Accuracy:62.048072814941406%
2023-04-20 23:43:05,297 - Epoch:41/100,Train Accuracy:62.04207229614258%
2023-04-20 23:43:07,266 - Epoch:42/100,Train Accuracy:62.21604537963867%
2023-04-20 23:43:09,180 - Epoch:43/100,Train Accuracy:61.986083984375%
2023-04-20 23:43:11,028 - Epoch:44/100,Train Accuracy:62.17005157470703%
2023-04-20 23:43:12,873 - Epoch:45/100,Train Accuracy:62.008079528808594%
2023-04-20 23:43:14,724 - Epoch:46/100,Train Accuracy:62.19205093383789%
2023-04-20 23:43:16,566 - Epoch:47/100,Train Accuracy:61.95808792114258%
2023-04-20 23:43:18,413 - Epoch:48/100,Train Accuracy:61.94009017944336%
2023-04-20 23:43:20,302 - Epoch:49/100,Train Accuracy:61.87010192871094%
2023-04-20 23:43:22,365 - Epoch:50/100,Train Accuracy:61.868099212646484%
2023-04-20 23:43:24,211 - Epoch:51/100,Train Accuracy:61.99407958984375%
2023-04-20 23:43:26,060 - Epoch:52/100,Train Accuracy:61.91009521484375%
2023-04-20 23:43:27,906 - Epoch:53/100,Train Accuracy:62.16005325317383%
2023-04-20 23:43:29,757 - Epoch:54/100,Train Accuracy:62.07206726074219%
2023-04-20 23:43:31,608 - Epoch:55/100,Train Accuracy:62.184051513671875%
2023-04-20 23:43:33,465 - Epoch:56/100,Train Accuracy:62.126060485839844%
2023-04-20 23:43:35,307 - Epoch:57/100,Train Accuracy:61.990081787109375%
2023-04-20 23:43:37,158 - Epoch:58/100,Train Accuracy:61.76211929321289%
2023-04-20 23:43:39,017 - Epoch:59/100,Train Accuracy:62.150054931640625%
2023-04-20 23:43:40,993 - Epoch:60/100,Train Accuracy:62.008079528808594%
2023-04-20 23:43:43,047 - Epoch:61/100,Train Accuracy:62.11606216430664%
2023-04-20 23:43:45,069 - Epoch:62/100,Train Accuracy:62.11406326293945%
2023-04-20 23:43:47,103 - Epoch:63/100,Train Accuracy:62.19804763793945%
2023-04-20 23:43:49,028 - Epoch:64/100,Train Accuracy:61.932090759277344%
2023-04-20 23:43:50,891 - Epoch:65/100,Train Accuracy:62.16405487060547%
2023-04-20 23:43:52,751 - Epoch:66/100,Train Accuracy:62.06806945800781%
2023-04-20 23:43:54,610 - Epoch:67/100,Train Accuracy:62.066070556640625%
2023-04-20 23:43:56,467 - Epoch:68/100,Train Accuracy:62.01207733154297%
2023-04-20 23:43:58,326 - Epoch:69/100,Train Accuracy:62.04207229614258%
2023-04-20 23:44:00,191 - Epoch:70/100,Train Accuracy:62.0600700378418%
2023-04-20 23:44:02,056 - Epoch:71/100,Train Accuracy:61.986083984375%
2023-04-20 23:44:03,922 - Epoch:72/100,Train Accuracy:62.048072814941406%
2023-04-20 23:44:05,894 - Epoch:73/100,Train Accuracy:62.00407791137695%
2023-04-20 23:44:07,889 - Epoch:74/100,Train Accuracy:62.03407287597656%
2023-04-20 23:44:09,760 - Epoch:75/100,Train Accuracy:61.86210250854492%
2023-04-20 23:44:11,844 - Epoch:76/100,Train Accuracy:62.10006332397461%
2023-04-20 23:44:13,970 - Epoch:77/100,Train Accuracy:62.238040924072266%
2023-04-20 23:44:15,957 - Epoch:78/100,Train Accuracy:62.03007507324219%
2023-04-20 23:44:17,863 - Epoch:79/100,Train Accuracy:61.96208572387695%
2023-04-20 23:44:19,799 - Epoch:80/100,Train Accuracy:62.10406494140625%
2023-04-20 23:44:21,783 - Epoch:81/100,Train Accuracy:62.126060485839844%
2023-04-20 23:44:23,654 - Epoch:82/100,Train Accuracy:62.1020622253418%
2023-04-20 23:44:25,515 - Epoch:83/100,Train Accuracy:62.138057708740234%
2023-04-20 23:44:27,443 - Epoch:84/100,Train Accuracy:61.77011489868164%
2023-04-20 23:44:29,304 - Epoch:85/100,Train Accuracy:61.98808288574219%
2023-04-20 23:44:31,160 - Epoch:86/100,Train Accuracy:62.15205383300781%
2023-04-20 23:44:33,026 - Epoch:87/100,Train Accuracy:62.032073974609375%
2023-04-20 23:44:34,900 - Epoch:88/100,Train Accuracy:62.06806945800781%
2023-04-20 23:44:36,849 - Epoch:89/100,Train Accuracy:62.07406997680664%
2023-04-20 23:44:38,732 - Epoch:90/100,Train Accuracy:62.020076751708984%
2023-04-20 23:44:40,595 - Epoch:91/100,Train Accuracy:61.78611373901367%
2023-04-20 23:44:42,474 - Epoch:92/100,Train Accuracy:61.96808624267578%
2023-04-20 23:44:44,402 - Epoch:93/100,Train Accuracy:62.028076171875%
2023-04-20 23:44:46,335 - Epoch:94/100,Train Accuracy:61.87810134887695%
2023-04-20 23:44:48,244 - Epoch:95/100,Train Accuracy:62.00008010864258%
2023-04-20 23:44:50,123 - Epoch:96/100,Train Accuracy:61.96808624267578%
2023-04-20 23:44:52,432 - Epoch:97/100,Train Accuracy:61.98008346557617%
2023-04-20 23:44:54,308 - Epoch:98/100,Train Accuracy:61.97008514404297%
2023-04-20 23:44:56,181 - Epoch:99/100,Train Accuracy:62.168052673339844%
2023-04-20 23:45:04,923 - 
Test set: Avg. loss: 0.0167, Accuracy: 6345/10268 (61.79%)

2023-04-20 23:45:04,932 - fpr:[0.         0.41604986 1.        ],tpr:[0.         0.65192832 1.        ],threshold:[2 1 0],auc:0.6179392286716011
2023-04-20 23:45:04,932 - This is for user7
2023-04-20 23:45:16,131 - Epoch:0/100,Train Accuracy:54.21586227416992%
2023-04-20 23:45:18,896 - Epoch:1/100,Train Accuracy:56.632869720458984%
2023-04-20 23:45:21,817 - Epoch:2/100,Train Accuracy:57.4138298034668%
2023-04-20 23:45:25,117 - Epoch:3/100,Train Accuracy:57.266902923583984%
2023-04-20 23:45:28,039 - Epoch:4/100,Train Accuracy:57.85725784301758%
2023-04-20 23:45:31,133 - Epoch:5/100,Train Accuracy:57.769893646240234%
2023-04-20 23:45:33,896 - Epoch:6/100,Train Accuracy:57.74606704711914%
2023-04-20 23:45:36,698 - Epoch:7/100,Train Accuracy:57.881080627441406%
2023-04-20 23:45:39,578 - Epoch:8/100,Train Accuracy:57.855934143066406%
2023-04-20 23:45:42,364 - Epoch:9/100,Train Accuracy:58.22920608520508%
2023-04-20 23:45:45,143 - Epoch:10/100,Train Accuracy:58.12993240356445%
2023-04-20 23:45:47,992 - Epoch:11/100,Train Accuracy:58.27553176879883%
2023-04-20 23:45:50,802 - Epoch:12/100,Train Accuracy:58.184200286865234%
2023-04-20 23:45:53,593 - Epoch:13/100,Train Accuracy:58.19611358642578%
2023-04-20 23:45:56,391 - Epoch:14/100,Train Accuracy:58.385398864746094%
2023-04-20 23:45:59,423 - Epoch:15/100,Train Accuracy:58.10081100463867%
2023-04-20 23:46:02,278 - Epoch:16/100,Train Accuracy:58.124637603759766%
2023-04-20 23:46:05,079 - Epoch:17/100,Train Accuracy:58.0663948059082%
2023-04-20 23:46:08,222 - Epoch:18/100,Train Accuracy:58.074337005615234%
2023-04-20 23:46:11,019 - Epoch:19/100,Train Accuracy:57.95917892456055%
2023-04-20 23:46:13,847 - Epoch:20/100,Train Accuracy:58.21596908569336%
2023-04-20 23:46:17,035 - Epoch:21/100,Train Accuracy:58.403926849365234%
2023-04-20 23:46:19,963 - Epoch:22/100,Train Accuracy:58.20405578613281%
2023-04-20 23:46:22,786 - Epoch:23/100,Train Accuracy:58.02138900756836%
2023-04-20 23:46:25,875 - Epoch:24/100,Train Accuracy:58.29273986816406%
2023-04-20 23:46:28,738 - Epoch:25/100,Train Accuracy:58.28876876831055%
2023-04-20 23:46:31,568 - Epoch:26/100,Train Accuracy:58.04124450683594%
2023-04-20 23:46:34,394 - Epoch:27/100,Train Accuracy:58.08757400512695%
2023-04-20 23:46:37,256 - Epoch:28/100,Train Accuracy:58.36686706542969%
2023-04-20 23:46:40,096 - Epoch:29/100,Train Accuracy:58.43437194824219%
2023-04-20 23:46:42,937 - Epoch:30/100,Train Accuracy:58.19478988647461%
2023-04-20 23:46:45,780 - Epoch:31/100,Train Accuracy:58.16566848754883%
2023-04-20 23:46:48,634 - Epoch:32/100,Train Accuracy:58.20802688598633%
2023-04-20 23:46:51,500 - Epoch:33/100,Train Accuracy:58.337745666503906%
2023-04-20 23:46:54,388 - Epoch:34/100,Train Accuracy:58.20273208618164%
2023-04-20 23:46:57,230 - Epoch:35/100,Train Accuracy:58.31789016723633%
2023-04-20 23:47:00,078 - Epoch:36/100,Train Accuracy:58.21067428588867%
2023-04-20 23:47:02,952 - Epoch:37/100,Train Accuracy:58.28876876831055%
2023-04-20 23:47:05,803 - Epoch:38/100,Train Accuracy:58.255680084228516%
2023-04-20 23:47:08,656 - Epoch:39/100,Train Accuracy:58.2609748840332%
2023-04-20 23:47:11,528 - Epoch:40/100,Train Accuracy:58.15110778808594%
2023-04-20 23:47:14,394 - Epoch:41/100,Train Accuracy:58.2675895690918%
2023-04-20 23:47:17,251 - Epoch:42/100,Train Accuracy:58.37480926513672%
2023-04-20 23:47:20,132 - Epoch:43/100,Train Accuracy:58.18155288696289%
2023-04-20 23:47:22,977 - Epoch:44/100,Train Accuracy:57.947265625%
2023-04-20 23:47:25,820 - Epoch:45/100,Train Accuracy:58.323184967041016%
2023-04-20 23:47:29,491 - Epoch:46/100,Train Accuracy:58.294063568115234%
2023-04-20 23:47:32,460 - Epoch:47/100,Train Accuracy:58.08360290527344%
2023-04-20 23:47:35,434 - Epoch:48/100,Train Accuracy:58.227882385253906%
2023-04-20 23:47:38,598 - Epoch:49/100,Train Accuracy:58.28215026855469%
2023-04-20 23:47:41,469 - Epoch:50/100,Train Accuracy:58.15110778808594%
2023-04-20 23:47:44,319 - Epoch:51/100,Train Accuracy:58.27156066894531%
2023-04-20 23:47:47,178 - Epoch:52/100,Train Accuracy:58.2000846862793%
2023-04-20 23:47:50,025 - Epoch:53/100,Train Accuracy:58.16566848754883%
2023-04-20 23:47:52,881 - Epoch:54/100,Train Accuracy:58.219940185546875%
2023-04-20 23:47:55,739 - Epoch:55/100,Train Accuracy:58.302005767822266%
2023-04-20 23:47:58,595 - Epoch:56/100,Train Accuracy:58.43701934814453%
2023-04-20 23:48:01,449 - Epoch:57/100,Train Accuracy:58.1669921875%
2023-04-20 23:48:04,304 - Epoch:58/100,Train Accuracy:58.26362228393555%
2023-04-20 23:48:07,181 - Epoch:59/100,Train Accuracy:58.19346618652344%
2023-04-20 23:48:10,090 - Epoch:60/100,Train Accuracy:58.372161865234375%
2023-04-20 23:48:12,988 - Epoch:61/100,Train Accuracy:58.24641418457031%
2023-04-20 23:48:15,861 - Epoch:62/100,Train Accuracy:58.04124450683594%
2023-04-20 23:48:18,712 - Epoch:63/100,Train Accuracy:58.0478630065918%
2023-04-20 23:48:21,567 - Epoch:64/100,Train Accuracy:58.29141616821289%
2023-04-20 23:48:24,418 - Epoch:65/100,Train Accuracy:58.386722564697266%
2023-04-20 23:48:27,305 - Epoch:66/100,Train Accuracy:58.36289596557617%
2023-04-20 23:48:30,170 - Epoch:67/100,Train Accuracy:58.12596130371094%
2023-04-20 23:48:33,022 - Epoch:68/100,Train Accuracy:58.04918670654297%
2023-04-20 23:48:35,882 - Epoch:69/100,Train Accuracy:58.336421966552734%
2023-04-20 23:48:38,748 - Epoch:70/100,Train Accuracy:58.385398864746094%
2023-04-20 23:48:41,658 - Epoch:71/100,Train Accuracy:58.34701156616211%
2023-04-20 23:48:44,566 - Epoch:72/100,Train Accuracy:58.24641418457031%
2023-04-20 23:48:47,460 - Epoch:73/100,Train Accuracy:58.37480926513672%
2023-04-20 23:48:50,325 - Epoch:74/100,Train Accuracy:58.52570724487305%
2023-04-20 23:48:53,187 - Epoch:75/100,Train Accuracy:58.44363784790039%
2023-04-20 23:48:56,051 - Epoch:76/100,Train Accuracy:58.30465316772461%
2023-04-20 23:48:58,956 - Epoch:77/100,Train Accuracy:58.433048248291016%
2023-04-20 23:49:01,862 - Epoch:78/100,Train Accuracy:58.251708984375%
2023-04-20 23:49:04,766 - Epoch:79/100,Train Accuracy:58.287445068359375%
2023-04-20 23:49:07,668 - Epoch:80/100,Train Accuracy:58.302005767822266%
2023-04-20 23:49:10,571 - Epoch:81/100,Train Accuracy:58.18287658691406%
2023-04-20 23:49:13,466 - Epoch:82/100,Train Accuracy:58.24509048461914%
2023-04-20 23:49:16,328 - Epoch:83/100,Train Accuracy:58.39731216430664%
2023-04-20 23:49:19,193 - Epoch:84/100,Train Accuracy:58.302005767822266%
2023-04-20 23:49:22,053 - Epoch:85/100,Train Accuracy:58.1669921875%
2023-04-20 23:49:24,960 - Epoch:86/100,Train Accuracy:58.192142486572266%
2023-04-20 23:49:27,860 - Epoch:87/100,Train Accuracy:58.24376678466797%
2023-04-20 23:49:30,717 - Epoch:88/100,Train Accuracy:58.29935836791992%
2023-04-20 23:49:33,599 - Epoch:89/100,Train Accuracy:58.163021087646484%
2023-04-20 23:49:36,466 - Epoch:90/100,Train Accuracy:58.45158004760742%
2023-04-20 23:49:39,324 - Epoch:91/100,Train Accuracy:58.34833526611328%
2023-04-20 23:49:42,183 - Epoch:92/100,Train Accuracy:58.33245086669922%
2023-04-20 23:49:45,042 - Epoch:93/100,Train Accuracy:58.18949508666992%
2023-04-20 23:49:47,909 - Epoch:94/100,Train Accuracy:58.205379486083984%
2023-04-20 23:49:50,785 - Epoch:95/100,Train Accuracy:58.503204345703125%
2023-04-20 23:49:53,697 - Epoch:96/100,Train Accuracy:58.27156066894531%
2023-04-20 23:49:56,622 - Epoch:97/100,Train Accuracy:58.254356384277344%
2023-04-20 23:49:59,517 - Epoch:98/100,Train Accuracy:58.31127166748047%
2023-04-20 23:50:02,432 - Epoch:99/100,Train Accuracy:58.38275146484375%
2023-04-20 23:50:11,058 - 
Test set: Avg. loss: 0.0166, Accuracy: 9746/16258 (59.95%)

2023-04-20 23:50:11,070 - fpr:[0.         0.41296592 1.        ],tpr:[0.         0.61188338 1.        ],threshold:[2 1 0],auc:0.5994587280108254
2023-04-20 23:50:11,070 - This is for user8
2023-04-20 23:50:21,578 - Epoch:0/100,Train Accuracy:57.20130157470703%
2023-04-20 23:50:23,612 - Epoch:1/100,Train Accuracy:58.850494384765625%
2023-04-20 23:50:25,665 - Epoch:2/100,Train Accuracy:59.433101654052734%
2023-04-20 23:50:27,709 - Epoch:3/100,Train Accuracy:59.55729293823242%
2023-04-20 23:50:29,729 - Epoch:4/100,Train Accuracy:59.73444747924805%
2023-04-20 23:50:31,748 - Epoch:5/100,Train Accuracy:59.84768295288086%
2023-04-20 23:50:33,770 - Epoch:6/100,Train Accuracy:59.96821975708008%
2023-04-20 23:50:35,788 - Epoch:7/100,Train Accuracy:60.286006927490234%
2023-04-20 23:50:37,804 - Epoch:8/100,Train Accuracy:60.07049560546875%
2023-04-20 23:50:39,818 - Epoch:9/100,Train Accuracy:60.19286346435547%
2023-04-20 23:50:41,836 - Epoch:10/100,Train Accuracy:60.203819274902344%
2023-04-20 23:50:43,854 - Epoch:11/100,Train Accuracy:60.14902877807617%
2023-04-20 23:50:45,866 - Epoch:12/100,Train Accuracy:60.150856018066406%
2023-04-20 23:50:47,889 - Epoch:13/100,Train Accuracy:60.346275329589844%
2023-04-20 23:50:49,909 - Epoch:14/100,Train Accuracy:60.154510498046875%
2023-04-20 23:50:51,957 - Epoch:15/100,Train Accuracy:60.29148483276367%
2023-04-20 23:50:54,041 - Epoch:16/100,Train Accuracy:60.143550872802734%
2023-04-20 23:50:56,093 - Epoch:17/100,Train Accuracy:60.2330436706543%
2023-04-20 23:50:58,143 - Epoch:18/100,Train Accuracy:60.06319046020508%
2023-04-20 23:51:00,244 - Epoch:19/100,Train Accuracy:60.2330436706543%
2023-04-20 23:51:02,299 - Epoch:20/100,Train Accuracy:60.52891159057617%
2023-04-20 23:51:04,372 - Epoch:21/100,Train Accuracy:60.27687454223633%
2023-04-20 23:51:06,673 - Epoch:22/100,Train Accuracy:60.286006927490234%
2023-04-20 23:51:08,730 - Epoch:23/100,Train Accuracy:60.29696273803711%
2023-04-20 23:51:10,789 - Epoch:24/100,Train Accuracy:60.51612854003906%
2023-04-20 23:51:12,852 - Epoch:25/100,Train Accuracy:60.39011001586914%
2023-04-20 23:51:14,946 - Epoch:26/100,Train Accuracy:60.46864318847656%
2023-04-20 23:51:17,063 - Epoch:27/100,Train Accuracy:60.57456970214844%
2023-04-20 23:51:19,182 - Epoch:28/100,Train Accuracy:60.40837097167969%
2023-04-20 23:51:21,237 - Epoch:29/100,Train Accuracy:60.25495910644531%
2023-04-20 23:51:23,284 - Epoch:30/100,Train Accuracy:60.31340026855469%
2023-04-20 23:51:25,341 - Epoch:31/100,Train Accuracy:60.40837097167969%
2023-04-20 23:51:27,397 - Epoch:32/100,Train Accuracy:60.472293853759766%
2023-04-20 23:51:29,475 - Epoch:33/100,Train Accuracy:60.459510803222656%
2023-04-20 23:51:31,763 - Epoch:34/100,Train Accuracy:60.24034881591797%
2023-04-20 23:51:34,263 - Epoch:35/100,Train Accuracy:60.203819274902344%
2023-04-20 23:51:36,777 - Epoch:36/100,Train Accuracy:60.34810256958008%
2023-04-20 23:51:39,138 - Epoch:37/100,Train Accuracy:60.30792236328125%
2023-04-20 23:51:41,621 - Epoch:38/100,Train Accuracy:60.43211364746094%
2023-04-20 23:51:43,810 - Epoch:39/100,Train Accuracy:60.333492279052734%
2023-04-20 23:51:45,904 - Epoch:40/100,Train Accuracy:60.40289306640625%
2023-04-20 23:51:47,971 - Epoch:41/100,Train Accuracy:60.34444808959961%
2023-04-20 23:51:50,031 - Epoch:42/100,Train Accuracy:60.50516891479492%
2023-04-20 23:51:52,248 - Epoch:43/100,Train Accuracy:60.245826721191406%
2023-04-20 23:51:54,347 - Epoch:44/100,Train Accuracy:60.65310287475586%
2023-04-20 23:51:56,432 - Epoch:45/100,Train Accuracy:60.4302864074707%
2023-04-20 23:51:58,538 - Epoch:46/100,Train Accuracy:60.4777717590332%
2023-04-20 23:52:00,597 - Epoch:47/100,Train Accuracy:60.388282775878906%
2023-04-20 23:52:02,735 - Epoch:48/100,Train Accuracy:60.393760681152344%
2023-04-20 23:52:04,819 - Epoch:49/100,Train Accuracy:60.37184524536133%
2023-04-20 23:52:06,876 - Epoch:50/100,Train Accuracy:60.35540771484375%
2023-04-20 23:52:08,930 - Epoch:51/100,Train Accuracy:60.154510498046875%
2023-04-20 23:52:11,026 - Epoch:52/100,Train Accuracy:60.47959899902344%
2023-04-20 23:52:13,082 - Epoch:53/100,Train Accuracy:60.16546630859375%
2023-04-20 23:52:15,133 - Epoch:54/100,Train Accuracy:60.30244445800781%
2023-04-20 23:52:17,221 - Epoch:55/100,Train Accuracy:60.33897018432617%
2023-04-20 23:52:19,357 - Epoch:56/100,Train Accuracy:60.29513931274414%
2023-04-20 23:52:21,426 - Epoch:57/100,Train Accuracy:60.43394088745117%
2023-04-20 23:52:23,687 - Epoch:58/100,Train Accuracy:60.40837097167969%
2023-04-20 23:52:25,762 - Epoch:59/100,Train Accuracy:60.603790283203125%
2023-04-20 23:52:27,824 - Epoch:60/100,Train Accuracy:60.370018005371094%
2023-04-20 23:52:29,892 - Epoch:61/100,Train Accuracy:60.286006927490234%
2023-04-20 23:52:31,997 - Epoch:62/100,Train Accuracy:60.24399948120117%
2023-04-20 23:52:34,055 - Epoch:63/100,Train Accuracy:60.53986740112305%
2023-04-20 23:52:36,281 - Epoch:64/100,Train Accuracy:60.53986740112305%
2023-04-20 23:52:38,373 - Epoch:65/100,Train Accuracy:60.54169464111328%
2023-04-20 23:52:40,445 - Epoch:66/100,Train Accuracy:60.34262466430664%
2023-04-20 23:52:42,515 - Epoch:67/100,Train Accuracy:60.417503356933594%
2023-04-20 23:52:44,588 - Epoch:68/100,Train Accuracy:60.4302864074707%
2023-04-20 23:52:46,651 - Epoch:69/100,Train Accuracy:60.346275329589844%
2023-04-20 23:52:49,024 - Epoch:70/100,Train Accuracy:60.46864318847656%
2023-04-20 23:52:51,091 - Epoch:71/100,Train Accuracy:60.499691009521484%
2023-04-20 23:52:53,174 - Epoch:72/100,Train Accuracy:60.379150390625%
2023-04-20 23:52:55,267 - Epoch:73/100,Train Accuracy:60.17094802856445%
2023-04-20 23:52:57,339 - Epoch:74/100,Train Accuracy:60.33897018432617%
2023-04-20 23:52:59,426 - Epoch:75/100,Train Accuracy:60.43394088745117%
2023-04-20 23:53:01,507 - Epoch:76/100,Train Accuracy:60.5216064453125%
2023-04-20 23:53:03,582 - Epoch:77/100,Train Accuracy:60.38280487060547%
2023-04-20 23:53:05,670 - Epoch:78/100,Train Accuracy:60.46681594848633%
2023-04-20 23:53:07,755 - Epoch:79/100,Train Accuracy:60.25313186645508%
2023-04-20 23:53:09,839 - Epoch:80/100,Train Accuracy:60.286006927490234%
2023-04-20 23:53:11,944 - Epoch:81/100,Train Accuracy:60.227561950683594%
2023-04-20 23:53:14,061 - Epoch:82/100,Train Accuracy:60.370018005371094%
2023-04-20 23:53:16,193 - Epoch:83/100,Train Accuracy:60.4266357421875%
2023-04-20 23:53:18,261 - Epoch:84/100,Train Accuracy:60.18190383911133%
2023-04-20 23:53:20,321 - Epoch:85/100,Train Accuracy:60.258609771728516%
2023-04-20 23:53:22,379 - Epoch:86/100,Train Accuracy:60.26043701171875%
2023-04-20 23:53:24,454 - Epoch:87/100,Train Accuracy:60.29148483276367%
2023-04-20 23:53:26,514 - Epoch:88/100,Train Accuracy:60.452205657958984%
2023-04-20 23:53:28,567 - Epoch:89/100,Train Accuracy:60.627532958984375%
2023-04-20 23:53:30,625 - Epoch:90/100,Train Accuracy:60.32435989379883%
2023-04-20 23:53:32,707 - Epoch:91/100,Train Accuracy:60.234867095947266%
2023-04-20 23:53:34,756 - Epoch:92/100,Train Accuracy:60.472293853759766%
2023-04-20 23:53:36,803 - Epoch:93/100,Train Accuracy:60.39558792114258%
2023-04-20 23:53:38,883 - Epoch:94/100,Train Accuracy:60.5727424621582%
2023-04-20 23:53:40,932 - Epoch:95/100,Train Accuracy:60.44307327270508%
2023-04-20 23:53:42,985 - Epoch:96/100,Train Accuracy:60.309749603271484%
2023-04-20 23:53:45,056 - Epoch:97/100,Train Accuracy:60.46864318847656%
2023-04-20 23:53:47,133 - Epoch:98/100,Train Accuracy:60.54169464111328%
2023-04-20 23:53:49,207 - Epoch:99/100,Train Accuracy:60.43941879272461%
2023-04-20 23:53:57,881 - 
Test set: Avg. loss: 0.0176, Accuracy: 6040/11348 (53.23%)

2023-04-20 23:53:57,889 - fpr:[0.         0.51691928 1.        ],tpr:[0.         0.58142404 1.        ],threshold:[2 1 0],auc:0.5322523792738808
2023-04-20 23:53:57,889 - This is for user9
2023-04-20 23:54:08,940 - Epoch:0/100,Train Accuracy:55.07041549682617%
2023-04-20 23:54:11,631 - Epoch:1/100,Train Accuracy:55.97832107543945%
2023-04-20 23:54:14,301 - Epoch:2/100,Train Accuracy:56.33039474487305%
2023-04-20 23:54:16,946 - Epoch:3/100,Train Accuracy:56.53415298461914%
2023-04-20 23:54:19,628 - Epoch:4/100,Train Accuracy:56.76702117919922%
2023-04-20 23:54:22,289 - Epoch:5/100,Train Accuracy:56.73929977416992%
2023-04-20 23:54:24,928 - Epoch:6/100,Train Accuracy:56.88345718383789%
2023-04-20 23:54:27,567 - Epoch:7/100,Train Accuracy:57.074737548828125%
2023-04-20 23:54:30,222 - Epoch:8/100,Train Accuracy:57.01929473876953%
2023-04-20 23:54:32,892 - Epoch:9/100,Train Accuracy:56.86127853393555%
2023-04-20 23:54:35,569 - Epoch:10/100,Train Accuracy:57.12602615356445%
2023-04-20 23:54:38,216 - Epoch:11/100,Train Accuracy:56.92642593383789%
2023-04-20 23:54:40,875 - Epoch:12/100,Train Accuracy:56.91810989379883%
2023-04-20 23:54:43,541 - Epoch:13/100,Train Accuracy:57.00959014892578%
2023-04-20 23:54:46,244 - Epoch:14/100,Train Accuracy:57.228599548339844%
2023-04-20 23:54:48,916 - Epoch:15/100,Train Accuracy:57.08998489379883%
2023-04-20 23:54:51,570 - Epoch:16/100,Train Accuracy:56.82662582397461%
2023-04-20 23:54:54,230 - Epoch:17/100,Train Accuracy:56.90563201904297%
2023-04-20 23:54:56,886 - Epoch:18/100,Train Accuracy:57.091373443603516%
2023-04-20 23:54:59,542 - Epoch:19/100,Train Accuracy:57.18840026855469%
2023-04-20 23:55:02,205 - Epoch:20/100,Train Accuracy:56.803062438964844%
2023-04-20 23:55:04,848 - Epoch:21/100,Train Accuracy:56.936126708984375%
2023-04-20 23:55:07,484 - Epoch:22/100,Train Accuracy:57.10939407348633%
2023-04-20 23:55:10,124 - Epoch:23/100,Train Accuracy:56.86543655395508%
2023-04-20 23:55:12,777 - Epoch:24/100,Train Accuracy:57.16483688354492%
2023-04-20 23:55:15,420 - Epoch:25/100,Train Accuracy:56.943058013916016%
2023-04-20 23:55:18,060 - Epoch:26/100,Train Accuracy:56.890384674072266%
2023-04-20 23:55:20,699 - Epoch:27/100,Train Accuracy:57.21473693847656%
2023-04-20 23:55:23,389 - Epoch:28/100,Train Accuracy:56.97355270385742%
2023-04-20 23:55:26,059 - Epoch:29/100,Train Accuracy:56.941673278808594%
2023-04-20 23:55:28,698 - Epoch:30/100,Train Accuracy:57.06087875366211%
2023-04-20 23:55:31,343 - Epoch:31/100,Train Accuracy:56.9998893737793%
2023-04-20 23:55:33,988 - Epoch:32/100,Train Accuracy:57.01236343383789%
2023-04-20 23:55:36,632 - Epoch:33/100,Train Accuracy:57.166221618652344%
2023-04-20 23:55:39,281 - Epoch:34/100,Train Accuracy:57.332557678222656%
2023-04-20 23:55:41,924 - Epoch:35/100,Train Accuracy:57.11909484863281%
2023-04-20 23:55:44,616 - Epoch:36/100,Train Accuracy:57.02899932861328%
2023-04-20 23:55:47,331 - Epoch:37/100,Train Accuracy:57.20364761352539%
2023-04-20 23:55:50,022 - Epoch:38/100,Train Accuracy:57.229984283447266%
2023-04-20 23:55:52,673 - Epoch:39/100,Train Accuracy:57.29374694824219%
2023-04-20 23:55:55,303 - Epoch:40/100,Train Accuracy:57.18146896362305%
2023-04-20 23:55:57,935 - Epoch:41/100,Train Accuracy:57.18146896362305%
2023-04-20 23:56:00,585 - Epoch:42/100,Train Accuracy:57.01652145385742%
2023-04-20 23:56:03,218 - Epoch:43/100,Train Accuracy:57.2064208984375%
2023-04-20 23:56:05,855 - Epoch:44/100,Train Accuracy:57.314537048339844%
2023-04-20 23:56:08,488 - Epoch:45/100,Train Accuracy:57.0428581237793%
2023-04-20 23:56:11,161 - Epoch:46/100,Train Accuracy:57.1911735534668%
2023-04-20 23:56:13,852 - Epoch:47/100,Train Accuracy:57.07889938354492%
2023-04-20 23:56:16,499 - Epoch:48/100,Train Accuracy:57.04978942871094%
2023-04-20 23:56:19,142 - Epoch:49/100,Train Accuracy:56.86959457397461%
2023-04-20 23:56:21,808 - Epoch:50/100,Train Accuracy:57.21335220336914%
2023-04-20 23:56:24,497 - Epoch:51/100,Train Accuracy:56.91672134399414%
2023-04-20 23:56:27,175 - Epoch:52/100,Train Accuracy:56.988800048828125%
2023-04-20 23:56:29,845 - Epoch:53/100,Train Accuracy:57.01791000366211%
2023-04-20 23:56:32,508 - Epoch:54/100,Train Accuracy:56.938899993896484%
2023-04-20 23:56:35,197 - Epoch:55/100,Train Accuracy:57.32008361816406%
2023-04-20 23:56:37,850 - Epoch:56/100,Train Accuracy:56.90424728393555%
2023-04-20 23:56:40,501 - Epoch:57/100,Train Accuracy:57.05394744873047%
2023-04-20 23:56:43,146 - Epoch:58/100,Train Accuracy:57.038700103759766%
2023-04-20 23:56:45,788 - Epoch:59/100,Train Accuracy:57.15236282348633%
2023-04-20 23:56:48,430 - Epoch:60/100,Train Accuracy:57.05672073364258%
2023-04-20 23:56:51,090 - Epoch:61/100,Train Accuracy:57.11909484863281%
2023-04-20 23:56:53,761 - Epoch:62/100,Train Accuracy:57.2064208984375%
2023-04-20 23:56:56,411 - Epoch:63/100,Train Accuracy:57.127410888671875%
2023-04-20 23:56:59,070 - Epoch:64/100,Train Accuracy:57.041473388671875%
2023-04-20 23:57:01,752 - Epoch:65/100,Train Accuracy:57.10523223876953%
2023-04-20 23:57:04,400 - Epoch:66/100,Train Accuracy:57.21751022338867%
2023-04-20 23:57:07,060 - Epoch:67/100,Train Accuracy:57.328399658203125%
2023-04-20 23:57:09,732 - Epoch:68/100,Train Accuracy:57.21751022338867%
2023-04-20 23:57:12,393 - Epoch:69/100,Train Accuracy:57.289588928222656%
2023-04-20 23:57:15,022 - Epoch:70/100,Train Accuracy:56.907020568847656%
2023-04-20 23:57:17,666 - Epoch:71/100,Train Accuracy:56.94444274902344%
2023-04-20 23:57:20,346 - Epoch:72/100,Train Accuracy:57.228599548339844%
2023-04-20 23:57:23,031 - Epoch:73/100,Train Accuracy:57.06919479370117%
2023-04-20 23:57:25,710 - Epoch:74/100,Train Accuracy:57.322853088378906%
2023-04-20 23:57:28,385 - Epoch:75/100,Train Accuracy:56.9569206237793%
2023-04-20 23:57:31,047 - Epoch:76/100,Train Accuracy:57.05394744873047%
2023-04-20 23:57:33,704 - Epoch:77/100,Train Accuracy:56.893157958984375%
2023-04-20 23:57:36,375 - Epoch:78/100,Train Accuracy:56.852962493896484%
2023-04-20 23:57:39,030 - Epoch:79/100,Train Accuracy:57.09691619873047%
2023-04-20 23:57:41,692 - Epoch:80/100,Train Accuracy:56.76702117919922%
2023-04-20 23:57:44,330 - Epoch:81/100,Train Accuracy:57.120479583740234%
2023-04-20 23:57:46,962 - Epoch:82/100,Train Accuracy:56.72266387939453%
2023-04-20 23:57:49,594 - Epoch:83/100,Train Accuracy:57.175926208496094%
2023-04-20 23:57:52,246 - Epoch:84/100,Train Accuracy:57.30622100830078%
2023-04-20 23:57:54,917 - Epoch:85/100,Train Accuracy:57.19671630859375%
2023-04-20 23:57:57,588 - Epoch:86/100,Train Accuracy:57.20919418334961%
2023-04-20 23:58:00,261 - Epoch:87/100,Train Accuracy:57.10523223876953%
2023-04-20 23:58:02,932 - Epoch:88/100,Train Accuracy:57.20780563354492%
2023-04-20 23:58:05,573 - Epoch:89/100,Train Accuracy:57.031768798828125%
2023-04-20 23:58:08,215 - Epoch:90/100,Train Accuracy:57.139888763427734%
2023-04-20 23:58:10,888 - Epoch:91/100,Train Accuracy:57.15097427368164%
2023-04-20 23:58:13,550 - Epoch:92/100,Train Accuracy:57.15513229370117%
2023-04-20 23:58:16,197 - Epoch:93/100,Train Accuracy:56.99711608886719%
2023-04-20 23:58:18,821 - Epoch:94/100,Train Accuracy:56.986026763916016%
2023-04-20 23:58:21,457 - Epoch:95/100,Train Accuracy:56.952762603759766%
2023-04-20 23:58:24,095 - Epoch:96/100,Train Accuracy:56.981868743896484%
2023-04-20 23:58:26,780 - Epoch:97/100,Train Accuracy:57.132957458496094%
2023-04-20 23:58:29,451 - Epoch:98/100,Train Accuracy:57.275726318359375%
2023-04-20 23:58:32,119 - Epoch:99/100,Train Accuracy:56.931968688964844%
2023-04-20 23:58:40,818 - 
Test set: Avg. loss: 0.0174, Accuracy: 8219/15092 (54.46%)

2023-04-20 23:58:40,829 - fpr:[0.         0.57182613 1.        ],tpr:[0.         0.66101246 1.        ],threshold:[2 1 0],auc:0.5445931619401008
