2023-04-21 17:04:30,608 - lr:0.01,weight_decay:0.01,batch_size:64
2023-04-21 17:04:30,608 - CZHNet(
  (linear1): Linear(in_features=33, out_features=32, bias=True)
  (linear2): Linear(in_features=32, out_features=64, bias=True)
  (linear3): Linear(in_features=64, out_features=64, bias=True)
  (linear4): Linear(in_features=64, out_features=64, bias=True)
  (linear5): Linear(in_features=64, out_features=32, bias=True)
  (linear6): Linear(in_features=64, out_features=64, bias=True)
  (linear7): Linear(in_features=64, out_features=64, bias=True)
  (linear8): Linear(in_features=32, out_features=2, bias=True)
  (relu): ReLU()
)
2023-04-21 17:04:30,609 - This is for user0
2023-04-21 17:04:41,645 - Epoch:0/100,Train Accuracy:56.07773208618164%
2023-04-21 17:04:43,500 - Epoch:1/100,Train Accuracy:56.23548126220703%
2023-04-21 17:04:45,353 - Epoch:2/100,Train Accuracy:56.238948822021484%
2023-04-21 17:04:47,203 - Epoch:3/100,Train Accuracy:56.238948822021484%
2023-04-21 17:04:49,029 - Epoch:4/100,Train Accuracy:56.23548126220703%
2023-04-21 17:04:50,904 - Epoch:5/100,Train Accuracy:56.23721694946289%
2023-04-21 17:04:52,737 - Epoch:6/100,Train Accuracy:56.23721694946289%
2023-04-21 17:04:54,765 - Epoch:7/100,Train Accuracy:56.238948822021484%
2023-04-21 17:04:56,793 - Epoch:8/100,Train Accuracy:56.23721694946289%
2023-04-21 17:04:58,816 - Epoch:9/100,Train Accuracy:56.238948822021484%
2023-04-21 17:05:00,812 - Epoch:10/100,Train Accuracy:56.24068069458008%
2023-04-21 17:05:02,802 - Epoch:11/100,Train Accuracy:56.24068069458008%
2023-04-21 17:05:04,808 - Epoch:12/100,Train Accuracy:56.24241638183594%
2023-04-21 17:05:06,824 - Epoch:13/100,Train Accuracy:56.24588394165039%
2023-04-21 17:05:08,841 - Epoch:14/100,Train Accuracy:56.24414825439453%
2023-04-21 17:05:10,877 - Epoch:15/100,Train Accuracy:56.247615814208984%
2023-04-21 17:05:12,907 - Epoch:16/100,Train Accuracy:56.247615814208984%
2023-04-21 17:05:14,952 - Epoch:17/100,Train Accuracy:56.247615814208984%
2023-04-21 17:05:16,972 - Epoch:18/100,Train Accuracy:56.25108337402344%
2023-04-21 17:05:18,981 - Epoch:19/100,Train Accuracy:56.249351501464844%
2023-04-21 17:05:20,983 - Epoch:20/100,Train Accuracy:56.25108337402344%
2023-04-21 17:05:22,985 - Epoch:21/100,Train Accuracy:56.25281524658203%
2023-04-21 17:05:25,004 - Epoch:22/100,Train Accuracy:56.25108337402344%
2023-04-21 17:05:27,005 - Epoch:23/100,Train Accuracy:56.247615814208984%
2023-04-21 17:05:29,025 - Epoch:24/100,Train Accuracy:56.249351501464844%
2023-04-21 17:05:31,021 - Epoch:25/100,Train Accuracy:56.25281524658203%
2023-04-21 17:05:33,029 - Epoch:26/100,Train Accuracy:56.25281524658203%
2023-04-21 17:05:35,052 - Epoch:27/100,Train Accuracy:56.256282806396484%
2023-04-21 17:05:37,057 - Epoch:28/100,Train Accuracy:56.258018493652344%
2023-04-21 17:05:39,080 - Epoch:29/100,Train Accuracy:56.256282806396484%
2023-04-21 17:05:41,094 - Epoch:30/100,Train Accuracy:56.256282806396484%
2023-04-21 17:05:43,088 - Epoch:31/100,Train Accuracy:56.256282806396484%
2023-04-21 17:05:45,107 - Epoch:32/100,Train Accuracy:56.256282806396484%
2023-04-21 17:05:47,126 - Epoch:33/100,Train Accuracy:56.25975036621094%
2023-04-21 17:05:49,117 - Epoch:34/100,Train Accuracy:56.2614860534668%
2023-04-21 17:05:51,146 - Epoch:35/100,Train Accuracy:56.2614860534668%
2023-04-21 17:05:53,161 - Epoch:36/100,Train Accuracy:56.25975036621094%
2023-04-21 17:05:55,187 - Epoch:37/100,Train Accuracy:56.2614860534668%
2023-04-21 17:05:57,210 - Epoch:38/100,Train Accuracy:56.258018493652344%
2023-04-21 17:05:59,226 - Epoch:39/100,Train Accuracy:56.25975036621094%
2023-04-21 17:06:01,238 - Epoch:40/100,Train Accuracy:56.2614860534668%
2023-04-21 17:06:03,268 - Epoch:41/100,Train Accuracy:56.2614860534668%
2023-04-21 17:06:05,287 - Epoch:42/100,Train Accuracy:56.26321792602539%
2023-04-21 17:06:07,294 - Epoch:43/100,Train Accuracy:56.2614860534668%
2023-04-21 17:06:09,302 - Epoch:44/100,Train Accuracy:56.2614860534668%
2023-04-21 17:06:11,325 - Epoch:45/100,Train Accuracy:56.2614860534668%
2023-04-21 17:06:13,333 - Epoch:46/100,Train Accuracy:56.26321792602539%
2023-04-21 17:06:15,330 - Epoch:47/100,Train Accuracy:56.26321792602539%
2023-04-21 17:06:17,361 - Epoch:48/100,Train Accuracy:56.25975036621094%
2023-04-21 17:06:19,353 - Epoch:49/100,Train Accuracy:56.2614860534668%
2023-04-21 17:06:21,350 - Epoch:50/100,Train Accuracy:56.264949798583984%
2023-04-21 17:06:23,370 - Epoch:51/100,Train Accuracy:56.266685485839844%
2023-04-21 17:06:25,374 - Epoch:52/100,Train Accuracy:56.26841735839844%
2023-04-21 17:06:27,367 - Epoch:53/100,Train Accuracy:56.264949798583984%
2023-04-21 17:06:29,366 - Epoch:54/100,Train Accuracy:56.264949798583984%
2023-04-21 17:06:31,354 - Epoch:55/100,Train Accuracy:56.266685485839844%
2023-04-21 17:06:33,383 - Epoch:56/100,Train Accuracy:56.2701530456543%
2023-04-21 17:06:35,388 - Epoch:57/100,Train Accuracy:56.27188491821289%
2023-04-21 17:06:37,412 - Epoch:58/100,Train Accuracy:56.27188491821289%
2023-04-21 17:06:39,441 - Epoch:59/100,Train Accuracy:56.275352478027344%
2023-04-21 17:06:41,440 - Epoch:60/100,Train Accuracy:56.27362060546875%
2023-04-21 17:06:43,456 - Epoch:61/100,Train Accuracy:56.275352478027344%
2023-04-21 17:06:45,457 - Epoch:62/100,Train Accuracy:56.275352478027344%
2023-04-21 17:06:47,459 - Epoch:63/100,Train Accuracy:56.27362060546875%
2023-04-21 17:06:49,441 - Epoch:64/100,Train Accuracy:56.27362060546875%
2023-04-21 17:06:51,459 - Epoch:65/100,Train Accuracy:56.2770881652832%
2023-04-21 17:06:53,453 - Epoch:66/100,Train Accuracy:56.2788200378418%
2023-04-21 17:06:55,452 - Epoch:67/100,Train Accuracy:56.2788200378418%
2023-04-21 17:06:57,444 - Epoch:68/100,Train Accuracy:56.2788200378418%
2023-04-21 17:06:59,474 - Epoch:69/100,Train Accuracy:56.2770881652832%
2023-04-21 17:07:01,502 - Epoch:70/100,Train Accuracy:56.27362060546875%
2023-04-21 17:07:03,573 - Epoch:71/100,Train Accuracy:56.275352478027344%
2023-04-21 17:07:05,581 - Epoch:72/100,Train Accuracy:56.2770881652832%
2023-04-21 17:07:07,613 - Epoch:73/100,Train Accuracy:56.2770881652832%
2023-04-21 17:07:09,636 - Epoch:74/100,Train Accuracy:56.275352478027344%
2023-04-21 17:07:11,651 - Epoch:75/100,Train Accuracy:56.275352478027344%
2023-04-21 17:07:13,659 - Epoch:76/100,Train Accuracy:56.27362060546875%
2023-04-21 17:07:15,677 - Epoch:77/100,Train Accuracy:56.275352478027344%
2023-04-21 17:07:17,708 - Epoch:78/100,Train Accuracy:56.275352478027344%
2023-04-21 17:07:19,717 - Epoch:79/100,Train Accuracy:56.27362060546875%
2023-04-21 17:07:21,722 - Epoch:80/100,Train Accuracy:56.275352478027344%
2023-04-21 17:07:23,752 - Epoch:81/100,Train Accuracy:56.27188491821289%
2023-04-21 17:07:25,772 - Epoch:82/100,Train Accuracy:56.2770881652832%
2023-04-21 17:07:27,793 - Epoch:83/100,Train Accuracy:56.2788200378418%
2023-04-21 17:07:29,817 - Epoch:84/100,Train Accuracy:56.28228759765625%
2023-04-21 17:07:31,814 - Epoch:85/100,Train Accuracy:56.28228759765625%
2023-04-21 17:07:33,824 - Epoch:86/100,Train Accuracy:56.28228759765625%
2023-04-21 17:07:35,812 - Epoch:87/100,Train Accuracy:56.28055191040039%
2023-04-21 17:07:37,830 - Epoch:88/100,Train Accuracy:56.28055191040039%
2023-04-21 17:07:39,844 - Epoch:89/100,Train Accuracy:56.28055191040039%
2023-04-21 17:07:41,840 - Epoch:90/100,Train Accuracy:56.28055191040039%
2023-04-21 17:07:43,835 - Epoch:91/100,Train Accuracy:56.28055191040039%
2023-04-21 17:07:45,864 - Epoch:92/100,Train Accuracy:56.28055191040039%
2023-04-21 17:07:47,857 - Epoch:93/100,Train Accuracy:56.28228759765625%
2023-04-21 17:07:49,868 - Epoch:94/100,Train Accuracy:56.28055191040039%
2023-04-21 17:07:51,861 - Epoch:95/100,Train Accuracy:56.28228759765625%
2023-04-21 17:07:53,864 - Epoch:96/100,Train Accuracy:56.28228759765625%
2023-04-21 17:07:55,890 - Epoch:97/100,Train Accuracy:56.284019470214844%
2023-04-21 17:07:57,930 - Epoch:98/100,Train Accuracy:56.289222717285156%
2023-04-21 17:07:59,968 - Epoch:99/100,Train Accuracy:56.289222717285156%
2023-04-21 17:08:09,169 - 
Test set: Avg. loss: 0.0107, Accuracy: 7031/12488 (56.30%)

2023-04-21 17:08:09,178 - fpr:[0.         0.38981422 1.        ],tpr:[0.         0.51585522 1.        ],threshold:[2 1 0],auc:0.5630204996796926
2023-04-21 17:08:09,179 - This is for user1
2023-04-21 17:08:20,649 - Epoch:0/100,Train Accuracy:48.507633209228516%
2023-04-21 17:08:23,093 - Epoch:1/100,Train Accuracy:48.50906753540039%
2023-04-21 17:08:25,526 - Epoch:2/100,Train Accuracy:48.504764556884766%
2023-04-21 17:08:27,944 - Epoch:3/100,Train Accuracy:48.50619888305664%
2023-04-21 17:08:30,368 - Epoch:4/100,Train Accuracy:48.50333023071289%
2023-04-21 17:08:32,784 - Epoch:5/100,Train Accuracy:48.50333023071289%
2023-04-21 17:08:35,201 - Epoch:6/100,Train Accuracy:48.507633209228516%
2023-04-21 17:08:37,597 - Epoch:7/100,Train Accuracy:48.511940002441406%
2023-04-21 17:08:40,013 - Epoch:8/100,Train Accuracy:48.51050567626953%
2023-04-21 17:08:42,467 - Epoch:9/100,Train Accuracy:48.514808654785156%
2023-04-21 17:08:44,884 - Epoch:10/100,Train Accuracy:48.514808654785156%
2023-04-21 17:08:47,335 - Epoch:11/100,Train Accuracy:48.5219841003418%
2023-04-21 17:08:49,807 - Epoch:12/100,Train Accuracy:48.52772521972656%
2023-04-21 17:08:52,233 - Epoch:13/100,Train Accuracy:48.53059387207031%
2023-04-21 17:08:54,678 - Epoch:14/100,Train Accuracy:48.53202819824219%
2023-04-21 17:08:57,094 - Epoch:15/100,Train Accuracy:48.53346252441406%
2023-04-21 17:08:59,532 - Epoch:16/100,Train Accuracy:48.53059387207031%
2023-04-21 17:09:01,982 - Epoch:17/100,Train Accuracy:48.53346252441406%
2023-04-21 17:09:04,495 - Epoch:18/100,Train Accuracy:48.53633499145508%
2023-04-21 17:09:06,902 - Epoch:19/100,Train Accuracy:48.53776931762695%
2023-04-21 17:09:09,344 - Epoch:20/100,Train Accuracy:48.53776931762695%
2023-04-21 17:09:11,792 - Epoch:21/100,Train Accuracy:48.53489685058594%
2023-04-21 17:09:14,232 - Epoch:22/100,Train Accuracy:48.53776931762695%
2023-04-21 17:09:16,669 - Epoch:23/100,Train Accuracy:48.53489685058594%
2023-04-21 17:09:19,091 - Epoch:24/100,Train Accuracy:48.52772521972656%
2023-04-21 17:09:21,542 - Epoch:25/100,Train Accuracy:48.52054977416992%
2023-04-21 17:09:23,975 - Epoch:26/100,Train Accuracy:48.52628707885742%
2023-04-21 17:09:26,396 - Epoch:27/100,Train Accuracy:48.52772521972656%
2023-04-21 17:09:28,827 - Epoch:28/100,Train Accuracy:48.52915954589844%
2023-04-21 17:09:31,251 - Epoch:29/100,Train Accuracy:48.53202819824219%
2023-04-21 17:09:33,684 - Epoch:30/100,Train Accuracy:48.52915954589844%
2023-04-21 17:09:36,103 - Epoch:31/100,Train Accuracy:48.52772521972656%
2023-04-21 17:09:38,532 - Epoch:32/100,Train Accuracy:48.53059387207031%
2023-04-21 17:09:40,961 - Epoch:33/100,Train Accuracy:48.53489685058594%
2023-04-21 17:09:43,392 - Epoch:34/100,Train Accuracy:48.53346252441406%
2023-04-21 17:09:45,797 - Epoch:35/100,Train Accuracy:48.53059387207031%
2023-04-21 17:09:48,216 - Epoch:36/100,Train Accuracy:48.52341842651367%
2023-04-21 17:09:50,657 - Epoch:37/100,Train Accuracy:48.52341842651367%
2023-04-21 17:09:53,083 - Epoch:38/100,Train Accuracy:48.52341842651367%
2023-04-21 17:09:55,566 - Epoch:39/100,Train Accuracy:48.53202819824219%
2023-04-21 17:09:57,989 - Epoch:40/100,Train Accuracy:48.53489685058594%
2023-04-21 17:10:00,455 - Epoch:41/100,Train Accuracy:48.53346252441406%
2023-04-21 17:10:02,923 - Epoch:42/100,Train Accuracy:48.53633499145508%
2023-04-21 17:10:05,352 - Epoch:43/100,Train Accuracy:48.53633499145508%
2023-04-21 17:10:07,777 - Epoch:44/100,Train Accuracy:48.53920364379883%
2023-04-21 17:10:10,206 - Epoch:45/100,Train Accuracy:48.544944763183594%
2023-04-21 17:10:12,612 - Epoch:46/100,Train Accuracy:48.547813415527344%
2023-04-21 17:10:15,013 - Epoch:47/100,Train Accuracy:48.55355453491211%
2023-04-21 17:10:17,434 - Epoch:48/100,Train Accuracy:48.55355453491211%
2023-04-21 17:10:19,876 - Epoch:49/100,Train Accuracy:48.54924774169922%
2023-04-21 17:10:22,303 - Epoch:50/100,Train Accuracy:48.550682067871094%
2023-04-21 17:10:24,715 - Epoch:51/100,Train Accuracy:48.547813415527344%
2023-04-21 17:10:27,111 - Epoch:52/100,Train Accuracy:48.544944763183594%
2023-04-21 17:10:29,528 - Epoch:53/100,Train Accuracy:48.54637908935547%
2023-04-21 17:10:31,932 - Epoch:54/100,Train Accuracy:48.54924774169922%
2023-04-21 17:10:34,356 - Epoch:55/100,Train Accuracy:48.54924774169922%
2023-04-21 17:10:36,752 - Epoch:56/100,Train Accuracy:48.55211639404297%
2023-04-21 17:10:39,153 - Epoch:57/100,Train Accuracy:48.55355453491211%
2023-04-21 17:10:41,563 - Epoch:58/100,Train Accuracy:48.550682067871094%
2023-04-21 17:10:43,975 - Epoch:59/100,Train Accuracy:48.55355453491211%
2023-04-21 17:10:46,405 - Epoch:60/100,Train Accuracy:48.55642318725586%
2023-04-21 17:10:48,813 - Epoch:61/100,Train Accuracy:48.55355453491211%
2023-04-21 17:10:51,238 - Epoch:62/100,Train Accuracy:48.554988861083984%
2023-04-21 17:10:53,679 - Epoch:63/100,Train Accuracy:48.55642318725586%
2023-04-21 17:10:56,112 - Epoch:64/100,Train Accuracy:48.554988861083984%
2023-04-21 17:10:58,511 - Epoch:65/100,Train Accuracy:48.56646728515625%
2023-04-21 17:11:00,937 - Epoch:66/100,Train Accuracy:48.565032958984375%
2023-04-21 17:11:03,410 - Epoch:67/100,Train Accuracy:48.565032958984375%
2023-04-21 17:11:05,834 - Epoch:68/100,Train Accuracy:48.57077407836914%
2023-04-21 17:11:08,229 - Epoch:69/100,Train Accuracy:48.57077407836914%
2023-04-21 17:11:10,645 - Epoch:70/100,Train Accuracy:48.575077056884766%
2023-04-21 17:11:13,070 - Epoch:71/100,Train Accuracy:48.57364273071289%
2023-04-21 17:11:15,496 - Epoch:72/100,Train Accuracy:48.572208404541016%
2023-04-21 17:11:17,917 - Epoch:73/100,Train Accuracy:48.5693359375%
2023-04-21 17:11:20,368 - Epoch:74/100,Train Accuracy:48.57077407836914%
2023-04-21 17:11:22,782 - Epoch:75/100,Train Accuracy:48.572208404541016%
2023-04-21 17:11:25,180 - Epoch:76/100,Train Accuracy:48.57364273071289%
2023-04-21 17:11:27,581 - Epoch:77/100,Train Accuracy:48.57077407836914%
2023-04-21 17:11:29,991 - Epoch:78/100,Train Accuracy:48.575077056884766%
2023-04-21 17:11:32,419 - Epoch:79/100,Train Accuracy:48.57651138305664%
2023-04-21 17:11:34,842 - Epoch:80/100,Train Accuracy:48.58081817626953%
2023-04-21 17:11:37,242 - Epoch:81/100,Train Accuracy:48.579383850097656%
2023-04-21 17:11:39,659 - Epoch:82/100,Train Accuracy:48.579383850097656%
2023-04-21 17:11:42,083 - Epoch:83/100,Train Accuracy:48.582252502441406%
2023-04-21 17:11:44,478 - Epoch:84/100,Train Accuracy:48.585121154785156%
2023-04-21 17:11:46,888 - Epoch:85/100,Train Accuracy:48.58799362182617%
2023-04-21 17:11:49,282 - Epoch:86/100,Train Accuracy:48.585121154785156%
2023-04-21 17:11:51,714 - Epoch:87/100,Train Accuracy:48.585121154785156%
2023-04-21 17:11:54,136 - Epoch:88/100,Train Accuracy:48.58655548095703%
2023-04-21 17:11:56,538 - Epoch:89/100,Train Accuracy:48.585121154785156%
2023-04-21 17:11:58,964 - Epoch:90/100,Train Accuracy:48.58799362182617%
2023-04-21 17:12:01,454 - Epoch:91/100,Train Accuracy:48.58368682861328%
2023-04-21 17:12:03,822 - Epoch:92/100,Train Accuracy:48.58368682861328%
2023-04-21 17:12:06,180 - Epoch:93/100,Train Accuracy:48.58942794799805%
2023-04-21 17:12:08,541 - Epoch:94/100,Train Accuracy:48.59660339355469%
2023-04-21 17:12:10,914 - Epoch:95/100,Train Accuracy:48.60090637207031%
2023-04-21 17:12:13,262 - Epoch:96/100,Train Accuracy:48.59947204589844%
2023-04-21 17:12:15,613 - Epoch:97/100,Train Accuracy:48.59803771972656%
2023-04-21 17:12:17,981 - Epoch:98/100,Train Accuracy:48.59373092651367%
2023-04-21 17:12:20,340 - Epoch:99/100,Train Accuracy:48.59660339355469%
2023-04-21 17:12:29,387 - 
Test set: Avg. loss: 0.0109, Accuracy: 7445/14718 (50.58%)

2023-04-21 17:12:29,397 - fpr:[0.         0.44435385 1.        ],tpr:[0.         0.45604022 1.        ],threshold:[2 1 0],auc:0.5058431852153825
2023-04-21 17:12:29,398 - This is for user2
2023-04-21 17:12:40,679 - Epoch:0/100,Train Accuracy:49.452003479003906%
2023-04-21 17:12:42,901 - Epoch:1/100,Train Accuracy:49.452003479003906%
2023-04-21 17:12:45,068 - Epoch:2/100,Train Accuracy:49.455116271972656%
2023-04-21 17:12:47,255 - Epoch:3/100,Train Accuracy:49.44733428955078%
2023-04-21 17:12:49,426 - Epoch:4/100,Train Accuracy:49.441104888916016%
2023-04-21 17:12:51,607 - Epoch:5/100,Train Accuracy:49.43643569946289%
2023-04-21 17:12:53,780 - Epoch:6/100,Train Accuracy:49.44266128540039%
2023-04-21 17:12:55,964 - Epoch:7/100,Train Accuracy:49.44266128540039%
2023-04-21 17:12:58,142 - Epoch:8/100,Train Accuracy:49.445777893066406%
2023-04-21 17:13:00,394 - Epoch:9/100,Train Accuracy:49.448890686035156%
2023-04-21 17:13:02,655 - Epoch:10/100,Train Accuracy:49.448890686035156%
2023-04-21 17:13:04,878 - Epoch:11/100,Train Accuracy:49.45044708251953%
2023-04-21 17:13:07,118 - Epoch:12/100,Train Accuracy:49.452003479003906%
2023-04-21 17:13:09,371 - Epoch:13/100,Train Accuracy:49.45355987548828%
2023-04-21 17:13:11,553 - Epoch:14/100,Train Accuracy:49.45667266845703%
2023-04-21 17:13:13,731 - Epoch:15/100,Train Accuracy:49.45044708251953%
2023-04-21 17:13:15,908 - Epoch:16/100,Train Accuracy:49.44733428955078%
2023-04-21 17:13:18,093 - Epoch:17/100,Train Accuracy:49.44733428955078%
2023-04-21 17:13:20,299 - Epoch:18/100,Train Accuracy:49.44733428955078%
2023-04-21 17:13:22,537 - Epoch:19/100,Train Accuracy:49.44733428955078%
2023-04-21 17:13:24,761 - Epoch:20/100,Train Accuracy:49.444217681884766%
2023-04-21 17:13:26,939 - Epoch:21/100,Train Accuracy:49.44266128540039%
2023-04-21 17:13:29,122 - Epoch:22/100,Train Accuracy:49.44733428955078%
2023-04-21 17:13:31,327 - Epoch:23/100,Train Accuracy:49.448890686035156%
2023-04-21 17:13:33,509 - Epoch:24/100,Train Accuracy:49.45044708251953%
2023-04-21 17:13:35,698 - Epoch:25/100,Train Accuracy:49.458229064941406%
2023-04-21 17:13:37,889 - Epoch:26/100,Train Accuracy:49.458229064941406%
2023-04-21 17:13:40,072 - Epoch:27/100,Train Accuracy:49.45667266845703%
2023-04-21 17:13:42,254 - Epoch:28/100,Train Accuracy:49.46134567260742%
2023-04-21 17:13:44,469 - Epoch:29/100,Train Accuracy:49.4691276550293%
2023-04-21 17:13:46,694 - Epoch:30/100,Train Accuracy:49.46757125854492%
2023-04-21 17:13:48,909 - Epoch:31/100,Train Accuracy:49.46601486206055%
2023-04-21 17:13:51,164 - Epoch:32/100,Train Accuracy:49.47691345214844%
2023-04-21 17:13:53,371 - Epoch:33/100,Train Accuracy:49.48002624511719%
2023-04-21 17:13:55,594 - Epoch:34/100,Train Accuracy:49.48002624511719%
2023-04-21 17:13:57,805 - Epoch:35/100,Train Accuracy:49.48469543457031%
2023-04-21 17:14:00,016 - Epoch:36/100,Train Accuracy:49.4893684387207%
2023-04-21 17:14:02,206 - Epoch:37/100,Train Accuracy:49.48781204223633%
2023-04-21 17:14:04,427 - Epoch:38/100,Train Accuracy:49.48625183105469%
2023-04-21 17:14:06,672 - Epoch:39/100,Train Accuracy:49.48781204223633%
2023-04-21 17:14:08,880 - Epoch:40/100,Train Accuracy:49.48781204223633%
2023-04-21 17:14:11,137 - Epoch:41/100,Train Accuracy:49.49092483520508%
2023-04-21 17:14:13,338 - Epoch:42/100,Train Accuracy:49.49403762817383%
2023-04-21 17:14:15,543 - Epoch:43/100,Train Accuracy:49.49248123168945%
2023-04-21 17:14:17,770 - Epoch:44/100,Train Accuracy:49.49092483520508%
2023-04-21 17:14:20,002 - Epoch:45/100,Train Accuracy:49.49248123168945%
2023-04-21 17:14:22,192 - Epoch:46/100,Train Accuracy:49.49248123168945%
2023-04-21 17:14:24,392 - Epoch:47/100,Train Accuracy:49.49870681762695%
2023-04-21 17:14:26,608 - Epoch:48/100,Train Accuracy:49.49715042114258%
2023-04-21 17:14:28,815 - Epoch:49/100,Train Accuracy:49.49870681762695%
2023-04-21 17:14:31,049 - Epoch:50/100,Train Accuracy:49.49715042114258%
2023-04-21 17:14:33,231 - Epoch:51/100,Train Accuracy:49.49248123168945%
2023-04-21 17:14:35,436 - Epoch:52/100,Train Accuracy:49.49248123168945%
2023-04-21 17:14:37,652 - Epoch:53/100,Train Accuracy:49.4893684387207%
2023-04-21 17:14:39,890 - Epoch:54/100,Train Accuracy:49.48625183105469%
2023-04-21 17:14:42,101 - Epoch:55/100,Train Accuracy:49.48469543457031%
2023-04-21 17:14:44,286 - Epoch:56/100,Train Accuracy:49.49403762817383%
2023-04-21 17:14:46,499 - Epoch:57/100,Train Accuracy:49.49715042114258%
2023-04-21 17:14:48,692 - Epoch:58/100,Train Accuracy:49.4955940246582%
2023-04-21 17:14:50,932 - Epoch:59/100,Train Accuracy:49.50026321411133%
2023-04-21 17:14:53,127 - Epoch:60/100,Train Accuracy:49.509605407714844%
2023-04-21 17:14:55,323 - Epoch:61/100,Train Accuracy:49.506492614746094%
2023-04-21 17:14:57,566 - Epoch:62/100,Train Accuracy:49.50493621826172%
2023-04-21 17:14:59,913 - Epoch:63/100,Train Accuracy:49.506492614746094%
2023-04-21 17:15:02,158 - Epoch:64/100,Train Accuracy:49.506492614746094%
2023-04-21 17:15:04,352 - Epoch:65/100,Train Accuracy:49.50493621826172%
2023-04-21 17:15:06,522 - Epoch:66/100,Train Accuracy:49.50804901123047%
2023-04-21 17:15:08,691 - Epoch:67/100,Train Accuracy:49.50493621826172%
2023-04-21 17:15:10,885 - Epoch:68/100,Train Accuracy:49.5018196105957%
2023-04-21 17:15:13,064 - Epoch:69/100,Train Accuracy:49.503379821777344%
2023-04-21 17:15:15,240 - Epoch:70/100,Train Accuracy:49.503379821777344%
2023-04-21 17:15:17,439 - Epoch:71/100,Train Accuracy:49.4955940246582%
2023-04-21 17:15:19,700 - Epoch:72/100,Train Accuracy:49.49870681762695%
2023-04-21 17:15:21,950 - Epoch:73/100,Train Accuracy:49.49870681762695%
2023-04-21 17:15:24,210 - Epoch:74/100,Train Accuracy:49.49248123168945%
2023-04-21 17:15:26,436 - Epoch:75/100,Train Accuracy:49.49092483520508%
2023-04-21 17:15:28,664 - Epoch:76/100,Train Accuracy:49.48313903808594%
2023-04-21 17:15:30,900 - Epoch:77/100,Train Accuracy:49.48781204223633%
2023-04-21 17:15:33,091 - Epoch:78/100,Train Accuracy:49.49092483520508%
2023-04-21 17:15:35,324 - Epoch:79/100,Train Accuracy:49.4893684387207%
2023-04-21 17:15:37,582 - Epoch:80/100,Train Accuracy:49.49248123168945%
2023-04-21 17:15:39,791 - Epoch:81/100,Train Accuracy:49.48781204223633%
2023-04-21 17:15:41,998 - Epoch:82/100,Train Accuracy:49.48625183105469%
2023-04-21 17:15:44,199 - Epoch:83/100,Train Accuracy:49.48313903808594%
2023-04-21 17:15:46,496 - Epoch:84/100,Train Accuracy:49.47691345214844%
2023-04-21 17:15:48,686 - Epoch:85/100,Train Accuracy:49.47068405151367%
2023-04-21 17:15:50,909 - Epoch:86/100,Train Accuracy:49.47224044799805%
2023-04-21 17:15:53,106 - Epoch:87/100,Train Accuracy:49.47224044799805%
2023-04-21 17:15:55,306 - Epoch:88/100,Train Accuracy:49.47224044799805%
2023-04-21 17:15:57,575 - Epoch:89/100,Train Accuracy:49.47380065917969%
2023-04-21 17:15:59,805 - Epoch:90/100,Train Accuracy:49.47535705566406%
2023-04-21 17:16:02,042 - Epoch:91/100,Train Accuracy:49.47535705566406%
2023-04-21 17:16:04,254 - Epoch:92/100,Train Accuracy:49.47691345214844%
2023-04-21 17:16:06,545 - Epoch:93/100,Train Accuracy:49.47068405151367%
2023-04-21 17:16:08,734 - Epoch:94/100,Train Accuracy:49.47068405151367%
2023-04-21 17:16:10,935 - Epoch:95/100,Train Accuracy:49.46445846557617%
2023-04-21 17:16:13,121 - Epoch:96/100,Train Accuracy:49.46601486206055%
2023-04-21 17:16:15,322 - Epoch:97/100,Train Accuracy:49.4629020690918%
2023-04-21 17:16:17,585 - Epoch:98/100,Train Accuracy:49.45667266845703%
2023-04-21 17:16:19,786 - Epoch:99/100,Train Accuracy:49.458229064941406%
2023-04-21 17:16:29,037 - 
Test set: Avg. loss: 0.0108, Accuracy: 7435/13804 (53.86%)

2023-04-21 17:16:29,047 - fpr:[0.         0.41248913 1.        ],tpr:[0.         0.48971313 1.        ],threshold:[2 1 0],auc:0.538611996522747
2023-04-21 17:16:29,047 - This is for user3
2023-04-21 17:16:41,064 - Epoch:0/100,Train Accuracy:51.8300895690918%
2023-04-21 17:16:44,182 - Epoch:1/100,Train Accuracy:51.832305908203125%
2023-04-21 17:16:47,263 - Epoch:2/100,Train Accuracy:51.8300895690918%
2023-04-21 17:16:50,372 - Epoch:3/100,Train Accuracy:51.8267707824707%
2023-04-21 17:16:53,445 - Epoch:4/100,Train Accuracy:51.8267707824707%
2023-04-21 17:16:56,524 - Epoch:5/100,Train Accuracy:51.8300895690918%
2023-04-21 17:16:59,606 - Epoch:6/100,Train Accuracy:51.832305908203125%
2023-04-21 17:17:02,662 - Epoch:7/100,Train Accuracy:51.831199645996094%
2023-04-21 17:17:05,777 - Epoch:8/100,Train Accuracy:51.8300895690918%
2023-04-21 17:17:08,848 - Epoch:9/100,Train Accuracy:51.831199645996094%
2023-04-21 17:17:11,930 - Epoch:10/100,Train Accuracy:51.832305908203125%
2023-04-21 17:17:15,017 - Epoch:11/100,Train Accuracy:51.83451843261719%
2023-04-21 17:17:18,097 - Epoch:12/100,Train Accuracy:51.831199645996094%
2023-04-21 17:17:21,178 - Epoch:13/100,Train Accuracy:51.833412170410156%
2023-04-21 17:17:24,291 - Epoch:14/100,Train Accuracy:51.83451843261719%
2023-04-21 17:17:27,428 - Epoch:15/100,Train Accuracy:51.831199645996094%
2023-04-21 17:17:30,532 - Epoch:16/100,Train Accuracy:51.828983306884766%
2023-04-21 17:17:33,647 - Epoch:17/100,Train Accuracy:51.831199645996094%
2023-04-21 17:17:36,729 - Epoch:18/100,Train Accuracy:51.827877044677734%
2023-04-21 17:17:39,809 - Epoch:19/100,Train Accuracy:51.831199645996094%
2023-04-21 17:17:42,900 - Epoch:20/100,Train Accuracy:51.831199645996094%
2023-04-21 17:17:46,034 - Epoch:21/100,Train Accuracy:51.833412170410156%
2023-04-21 17:17:49,135 - Epoch:22/100,Train Accuracy:51.83783721923828%
2023-04-21 17:17:52,234 - Epoch:23/100,Train Accuracy:51.83894348144531%
2023-04-21 17:17:55,355 - Epoch:24/100,Train Accuracy:51.840049743652344%
2023-04-21 17:17:58,486 - Epoch:25/100,Train Accuracy:51.840049743652344%
2023-04-21 17:18:01,666 - Epoch:26/100,Train Accuracy:51.83894348144531%
2023-04-21 17:18:04,826 - Epoch:27/100,Train Accuracy:51.83673095703125%
2023-04-21 17:18:07,952 - Epoch:28/100,Train Accuracy:51.83783721923828%
2023-04-21 17:18:11,134 - Epoch:29/100,Train Accuracy:51.840049743652344%
2023-04-21 17:18:14,317 - Epoch:30/100,Train Accuracy:51.840049743652344%
2023-04-21 17:18:17,492 - Epoch:31/100,Train Accuracy:51.842262268066406%
2023-04-21 17:18:20,619 - Epoch:32/100,Train Accuracy:51.84336853027344%
2023-04-21 17:18:23,779 - Epoch:33/100,Train Accuracy:51.8455810546875%
2023-04-21 17:18:26,920 - Epoch:34/100,Train Accuracy:51.84779357910156%
2023-04-21 17:18:30,034 - Epoch:35/100,Train Accuracy:51.8455810546875%
2023-04-21 17:18:33,127 - Epoch:36/100,Train Accuracy:51.8455810546875%
2023-04-21 17:18:36,257 - Epoch:37/100,Train Accuracy:51.84668731689453%
2023-04-21 17:18:39,431 - Epoch:38/100,Train Accuracy:51.84668731689453%
2023-04-21 17:18:42,577 - Epoch:39/100,Train Accuracy:51.8455810546875%
2023-04-21 17:18:45,693 - Epoch:40/100,Train Accuracy:51.850006103515625%
2023-04-21 17:18:48,885 - Epoch:41/100,Train Accuracy:51.848899841308594%
2023-04-21 17:18:52,052 - Epoch:42/100,Train Accuracy:51.853328704833984%
2023-04-21 17:18:55,194 - Epoch:43/100,Train Accuracy:51.85222244262695%
2023-04-21 17:18:58,317 - Epoch:44/100,Train Accuracy:51.85554122924805%
2023-04-21 17:19:01,546 - Epoch:45/100,Train Accuracy:51.85664749145508%
2023-04-21 17:19:04,702 - Epoch:46/100,Train Accuracy:51.8610725402832%
2023-04-21 17:19:07,891 - Epoch:47/100,Train Accuracy:51.85886001586914%
2023-04-21 17:19:11,018 - Epoch:48/100,Train Accuracy:51.8610725402832%
2023-04-21 17:19:14,102 - Epoch:49/100,Train Accuracy:51.85775375366211%
2023-04-21 17:19:17,237 - Epoch:50/100,Train Accuracy:51.8610725402832%
2023-04-21 17:19:20,370 - Epoch:51/100,Train Accuracy:51.863285064697266%
2023-04-21 17:19:23,552 - Epoch:52/100,Train Accuracy:51.862178802490234%
2023-04-21 17:19:26,689 - Epoch:53/100,Train Accuracy:51.85996627807617%
2023-04-21 17:19:29,826 - Epoch:54/100,Train Accuracy:51.85996627807617%
2023-04-21 17:19:32,960 - Epoch:55/100,Train Accuracy:51.85886001586914%
2023-04-21 17:19:36,091 - Epoch:56/100,Train Accuracy:51.85886001586914%
2023-04-21 17:19:39,245 - Epoch:57/100,Train Accuracy:51.85775375366211%
2023-04-21 17:19:42,386 - Epoch:58/100,Train Accuracy:51.85775375366211%
2023-04-21 17:19:45,465 - Epoch:59/100,Train Accuracy:51.85775375366211%
2023-04-21 17:19:48,561 - Epoch:60/100,Train Accuracy:51.85775375366211%
2023-04-21 17:19:51,665 - Epoch:61/100,Train Accuracy:51.863285064697266%
2023-04-21 17:19:54,748 - Epoch:62/100,Train Accuracy:51.863285064697266%
2023-04-21 17:19:57,825 - Epoch:63/100,Train Accuracy:51.8643913269043%
2023-04-21 17:20:00,913 - Epoch:64/100,Train Accuracy:51.86549758911133%
2023-04-21 17:20:04,011 - Epoch:65/100,Train Accuracy:51.86660385131836%
2023-04-21 17:20:07,133 - Epoch:66/100,Train Accuracy:51.86881637573242%
2023-04-21 17:20:10,219 - Epoch:67/100,Train Accuracy:51.86992263793945%
2023-04-21 17:20:13,302 - Epoch:68/100,Train Accuracy:51.862178802490234%
2023-04-21 17:20:16,385 - Epoch:69/100,Train Accuracy:51.863285064697266%
2023-04-21 17:20:19,472 - Epoch:70/100,Train Accuracy:51.8643913269043%
2023-04-21 17:20:22,559 - Epoch:71/100,Train Accuracy:51.862178802490234%
2023-04-21 17:20:25,629 - Epoch:72/100,Train Accuracy:51.8643913269043%
2023-04-21 17:20:28,739 - Epoch:73/100,Train Accuracy:51.8643913269043%
2023-04-21 17:20:31,825 - Epoch:74/100,Train Accuracy:51.86771011352539%
2023-04-21 17:20:34,911 - Epoch:75/100,Train Accuracy:51.86992263793945%
2023-04-21 17:20:38,028 - Epoch:76/100,Train Accuracy:51.86992263793945%
2023-04-21 17:20:41,151 - Epoch:77/100,Train Accuracy:51.875457763671875%
2023-04-21 17:20:44,261 - Epoch:78/100,Train Accuracy:51.876564025878906%
2023-04-21 17:20:47,339 - Epoch:79/100,Train Accuracy:51.87767028808594%
2023-04-21 17:20:50,452 - Epoch:80/100,Train Accuracy:51.8798828125%
2023-04-21 17:20:53,534 - Epoch:81/100,Train Accuracy:51.88209533691406%
2023-04-21 17:20:56,624 - Epoch:82/100,Train Accuracy:51.885414123535156%
2023-04-21 17:20:59,708 - Epoch:83/100,Train Accuracy:51.885414123535156%
2023-04-21 17:21:02,803 - Epoch:84/100,Train Accuracy:51.885414123535156%
2023-04-21 17:21:05,891 - Epoch:85/100,Train Accuracy:51.883201599121094%
2023-04-21 17:21:08,969 - Epoch:86/100,Train Accuracy:51.884307861328125%
2023-04-21 17:21:12,058 - Epoch:87/100,Train Accuracy:51.88098907470703%
2023-04-21 17:21:15,137 - Epoch:88/100,Train Accuracy:51.87767028808594%
2023-04-21 17:21:18,224 - Epoch:89/100,Train Accuracy:51.8798828125%
2023-04-21 17:21:21,305 - Epoch:90/100,Train Accuracy:51.8798828125%
2023-04-21 17:21:24,424 - Epoch:91/100,Train Accuracy:51.88209533691406%
2023-04-21 17:21:27,519 - Epoch:92/100,Train Accuracy:51.884307861328125%
2023-04-21 17:21:30,602 - Epoch:93/100,Train Accuracy:51.885414123535156%
2023-04-21 17:21:33,690 - Epoch:94/100,Train Accuracy:51.884307861328125%
2023-04-21 17:21:36,777 - Epoch:95/100,Train Accuracy:51.884307861328125%
2023-04-21 17:21:39,885 - Epoch:96/100,Train Accuracy:51.88652038574219%
2023-04-21 17:21:43,041 - Epoch:97/100,Train Accuracy:51.885414123535156%
2023-04-21 17:21:46,130 - Epoch:98/100,Train Accuracy:51.883201599121094%
2023-04-21 17:21:49,201 - Epoch:99/100,Train Accuracy:51.87877655029297%
2023-04-21 17:21:58,284 - 
Test set: Avg. loss: 0.0110, Accuracy: 9144/18820 (48.59%)

2023-04-21 17:21:58,300 - fpr:[0.         0.43007439 1.        ],tpr:[0.         0.40180659 1.        ],threshold:[2 1 0],auc:0.4858660998937301
2023-04-21 17:21:58,300 - This is for user4
2023-04-21 17:22:09,646 - Epoch:0/100,Train Accuracy:48.55924606323242%
2023-04-21 17:22:11,983 - Epoch:1/100,Train Accuracy:48.560699462890625%
2023-04-21 17:22:14,315 - Epoch:2/100,Train Accuracy:48.565067291259766%
2023-04-21 17:22:16,661 - Epoch:3/100,Train Accuracy:48.57088851928711%
2023-04-21 17:22:19,039 - Epoch:4/100,Train Accuracy:48.57379913330078%
2023-04-21 17:22:21,431 - Epoch:5/100,Train Accuracy:48.57379913330078%
2023-04-21 17:22:23,777 - Epoch:6/100,Train Accuracy:48.57670974731445%
2023-04-21 17:22:26,109 - Epoch:7/100,Train Accuracy:48.58689498901367%
2023-04-21 17:22:28,451 - Epoch:8/100,Train Accuracy:48.589805603027344%
2023-04-21 17:22:30,792 - Epoch:9/100,Train Accuracy:48.592716217041016%
2023-04-21 17:22:33,120 - Epoch:10/100,Train Accuracy:48.59853744506836%
2023-04-21 17:22:35,493 - Epoch:11/100,Train Accuracy:48.60144805908203%
2023-04-21 17:22:37,838 - Epoch:12/100,Train Accuracy:48.6029052734375%
2023-04-21 17:22:40,219 - Epoch:13/100,Train Accuracy:48.608726501464844%
2023-04-21 17:22:42,587 - Epoch:14/100,Train Accuracy:48.6043586730957%
2023-04-21 17:22:44,921 - Epoch:15/100,Train Accuracy:48.607269287109375%
2023-04-21 17:22:47,260 - Epoch:16/100,Train Accuracy:48.608726501464844%
2023-04-21 17:22:49,593 - Epoch:17/100,Train Accuracy:48.608726501464844%
2023-04-21 17:22:51,942 - Epoch:18/100,Train Accuracy:48.611637115478516%
2023-04-21 17:22:54,291 - Epoch:19/100,Train Accuracy:48.611637115478516%
2023-04-21 17:22:56,628 - Epoch:20/100,Train Accuracy:48.61745834350586%
2023-04-21 17:22:58,975 - Epoch:21/100,Train Accuracy:48.61309051513672%
2023-04-21 17:23:01,335 - Epoch:22/100,Train Accuracy:48.63201141357422%
2023-04-21 17:23:03,679 - Epoch:23/100,Train Accuracy:48.63346481323242%
2023-04-21 17:23:06,033 - Epoch:24/100,Train Accuracy:48.63783264160156%
2023-04-21 17:23:08,364 - Epoch:25/100,Train Accuracy:48.64219665527344%
2023-04-21 17:23:10,705 - Epoch:26/100,Train Accuracy:48.640743255615234%
2023-04-21 17:23:13,116 - Epoch:27/100,Train Accuracy:48.643653869628906%
2023-04-21 17:23:15,451 - Epoch:28/100,Train Accuracy:48.64801788330078%
2023-04-21 17:23:17,799 - Epoch:29/100,Train Accuracy:48.65092849731445%
2023-04-21 17:23:20,129 - Epoch:30/100,Train Accuracy:48.65238571166992%
2023-04-21 17:23:22,483 - Epoch:31/100,Train Accuracy:48.655296325683594%
2023-04-21 17:23:24,809 - Epoch:32/100,Train Accuracy:48.65966033935547%
2023-04-21 17:23:27,139 - Epoch:33/100,Train Accuracy:48.668392181396484%
2023-04-21 17:23:29,487 - Epoch:34/100,Train Accuracy:48.672760009765625%
2023-04-21 17:23:31,815 - Epoch:35/100,Train Accuracy:48.67858123779297%
2023-04-21 17:23:34,160 - Epoch:36/100,Train Accuracy:48.6771240234375%
2023-04-21 17:23:36,506 - Epoch:37/100,Train Accuracy:48.682945251464844%
2023-04-21 17:23:38,845 - Epoch:38/100,Train Accuracy:48.682945251464844%
2023-04-21 17:23:41,184 - Epoch:39/100,Train Accuracy:48.685855865478516%
2023-04-21 17:23:43,517 - Epoch:40/100,Train Accuracy:48.685855865478516%
2023-04-21 17:23:45,808 - Epoch:41/100,Train Accuracy:48.68876647949219%
2023-04-21 17:23:48,104 - Epoch:42/100,Train Accuracy:48.69167709350586%
2023-04-21 17:23:50,445 - Epoch:43/100,Train Accuracy:48.69167709350586%
2023-04-21 17:23:52,814 - Epoch:44/100,Train Accuracy:48.690223693847656%
2023-04-21 17:23:55,188 - Epoch:45/100,Train Accuracy:48.690223693847656%
2023-04-21 17:23:57,550 - Epoch:46/100,Train Accuracy:48.69167709350586%
2023-04-21 17:23:59,945 - Epoch:47/100,Train Accuracy:48.704776763916016%
2023-04-21 17:24:02,298 - Epoch:48/100,Train Accuracy:48.701866149902344%
2023-04-21 17:24:04,636 - Epoch:49/100,Train Accuracy:48.70623016357422%
2023-04-21 17:24:06,963 - Epoch:50/100,Train Accuracy:48.70623016357422%
2023-04-21 17:24:09,296 - Epoch:51/100,Train Accuracy:48.71059799194336%
2023-04-21 17:24:11,634 - Epoch:52/100,Train Accuracy:48.70914077758789%
2023-04-21 17:24:13,964 - Epoch:53/100,Train Accuracy:48.70331954956055%
2023-04-21 17:24:16,291 - Epoch:54/100,Train Accuracy:48.71205139160156%
2023-04-21 17:24:18,634 - Epoch:55/100,Train Accuracy:48.70914077758789%
2023-04-21 17:24:20,968 - Epoch:56/100,Train Accuracy:48.70914077758789%
2023-04-21 17:24:23,304 - Epoch:57/100,Train Accuracy:48.7164192199707%
2023-04-21 17:24:25,633 - Epoch:58/100,Train Accuracy:48.7164192199707%
2023-04-21 17:24:27,965 - Epoch:59/100,Train Accuracy:48.72224044799805%
2023-04-21 17:24:30,304 - Epoch:60/100,Train Accuracy:48.72224044799805%
2023-04-21 17:24:32,666 - Epoch:61/100,Train Accuracy:48.72660446166992%
2023-04-21 17:24:35,008 - Epoch:62/100,Train Accuracy:48.73533630371094%
2023-04-21 17:24:37,338 - Epoch:63/100,Train Accuracy:48.73824691772461%
2023-04-21 17:24:39,690 - Epoch:64/100,Train Accuracy:48.736793518066406%
2023-04-21 17:24:42,071 - Epoch:65/100,Train Accuracy:48.733882904052734%
2023-04-21 17:24:44,459 - Epoch:66/100,Train Accuracy:48.73824691772461%
2023-04-21 17:24:46,781 - Epoch:67/100,Train Accuracy:48.74552536010742%
2023-04-21 17:24:49,083 - Epoch:68/100,Train Accuracy:48.74406814575195%
2023-04-21 17:24:51,385 - Epoch:69/100,Train Accuracy:48.74552536010742%
2023-04-21 17:24:53,680 - Epoch:70/100,Train Accuracy:48.751346588134766%
2023-04-21 17:24:55,972 - Epoch:71/100,Train Accuracy:48.75279998779297%
2023-04-21 17:24:58,320 - Epoch:72/100,Train Accuracy:48.75862121582031%
2023-04-21 17:25:00,724 - Epoch:73/100,Train Accuracy:48.76007843017578%
2023-04-21 17:25:03,084 - Epoch:74/100,Train Accuracy:48.75716781616211%
2023-04-21 17:25:05,418 - Epoch:75/100,Train Accuracy:48.75425720214844%
2023-04-21 17:25:07,761 - Epoch:76/100,Train Accuracy:48.75425720214844%
2023-04-21 17:25:10,123 - Epoch:77/100,Train Accuracy:48.764442443847656%
2023-04-21 17:25:12,463 - Epoch:78/100,Train Accuracy:48.764442443847656%
2023-04-21 17:25:14,859 - Epoch:79/100,Train Accuracy:48.770263671875%
2023-04-21 17:25:17,252 - Epoch:80/100,Train Accuracy:48.7688102722168%
2023-04-21 17:25:19,625 - Epoch:81/100,Train Accuracy:48.764442443847656%
2023-04-21 17:25:22,019 - Epoch:82/100,Train Accuracy:48.761531829833984%
2023-04-21 17:25:24,400 - Epoch:83/100,Train Accuracy:48.765899658203125%
2023-04-21 17:25:26,691 - Epoch:84/100,Train Accuracy:48.75862121582031%
2023-04-21 17:25:29,015 - Epoch:85/100,Train Accuracy:48.76007843017578%
2023-04-21 17:25:31,350 - Epoch:86/100,Train Accuracy:48.7688102722168%
2023-04-21 17:25:33,715 - Epoch:87/100,Train Accuracy:48.7688102722168%
2023-04-21 17:25:36,088 - Epoch:88/100,Train Accuracy:48.77317428588867%
2023-04-21 17:25:38,382 - Epoch:89/100,Train Accuracy:48.77172088623047%
2023-04-21 17:25:40,761 - Epoch:90/100,Train Accuracy:48.77463150024414%
2023-04-21 17:25:43,077 - Epoch:91/100,Train Accuracy:48.780452728271484%
2023-04-21 17:25:45,360 - Epoch:92/100,Train Accuracy:48.7891845703125%
2023-04-21 17:25:47,660 - Epoch:93/100,Train Accuracy:48.793548583984375%
2023-04-21 17:25:50,029 - Epoch:94/100,Train Accuracy:48.795005798339844%
2023-04-21 17:25:52,359 - Epoch:95/100,Train Accuracy:48.797916412353516%
2023-04-21 17:25:54,720 - Epoch:96/100,Train Accuracy:48.797916412353516%
2023-04-21 17:25:57,088 - Epoch:97/100,Train Accuracy:48.79209518432617%
2023-04-21 17:25:59,455 - Epoch:98/100,Train Accuracy:48.79209518432617%
2023-04-21 17:26:01,793 - Epoch:99/100,Train Accuracy:48.795005798339844%
2023-04-21 17:26:10,895 - 
Test set: Avg. loss: 0.0109, Accuracy: 7440/14554 (51.12%)

2023-04-21 17:26:10,906 - fpr:[0.         0.41267006 1.        ],tpr:[0.        0.4350694 1.       ],threshold:[2 1 0],auc:0.5111996701937611
2023-04-21 17:26:10,906 - This is for user5
2023-04-21 17:26:21,794 - Epoch:0/100,Train Accuracy:50.91994857788086%
2023-04-21 17:26:23,766 - Epoch:1/100,Train Accuracy:50.9182243347168%
2023-04-21 17:26:25,731 - Epoch:2/100,Train Accuracy:50.9182243347168%
2023-04-21 17:26:27,696 - Epoch:3/100,Train Accuracy:50.92167663574219%
2023-04-21 17:26:29,673 - Epoch:4/100,Train Accuracy:50.92512512207031%
2023-04-21 17:26:31,637 - Epoch:5/100,Train Accuracy:50.92685317993164%
2023-04-21 17:26:33,616 - Epoch:6/100,Train Accuracy:50.92685317993164%
2023-04-21 17:26:35,586 - Epoch:7/100,Train Accuracy:50.9285774230957%
2023-04-21 17:26:37,550 - Epoch:8/100,Train Accuracy:50.93030548095703%
2023-04-21 17:26:39,528 - Epoch:9/100,Train Accuracy:50.93030548095703%
2023-04-21 17:26:41,492 - Epoch:10/100,Train Accuracy:50.93030548095703%
2023-04-21 17:26:43,477 - Epoch:11/100,Train Accuracy:50.9285774230957%
2023-04-21 17:26:45,437 - Epoch:12/100,Train Accuracy:50.92685317993164%
2023-04-21 17:26:47,417 - Epoch:13/100,Train Accuracy:50.92340087890625%
2023-04-21 17:26:49,384 - Epoch:14/100,Train Accuracy:50.9285774230957%
2023-04-21 17:26:51,366 - Epoch:15/100,Train Accuracy:50.9285774230957%
2023-04-21 17:26:53,334 - Epoch:16/100,Train Accuracy:50.93030548095703%
2023-04-21 17:26:55,310 - Epoch:17/100,Train Accuracy:50.9285774230957%
2023-04-21 17:26:57,269 - Epoch:18/100,Train Accuracy:50.93030548095703%
2023-04-21 17:26:59,253 - Epoch:19/100,Train Accuracy:50.932029724121094%
2023-04-21 17:27:01,215 - Epoch:20/100,Train Accuracy:50.93030548095703%
2023-04-21 17:27:03,178 - Epoch:21/100,Train Accuracy:50.932029724121094%
2023-04-21 17:27:05,156 - Epoch:22/100,Train Accuracy:50.93375778198242%
2023-04-21 17:27:07,140 - Epoch:23/100,Train Accuracy:50.93030548095703%
2023-04-21 17:27:09,146 - Epoch:24/100,Train Accuracy:50.93721008300781%
2023-04-21 17:27:11,121 - Epoch:25/100,Train Accuracy:50.935482025146484%
2023-04-21 17:27:13,077 - Epoch:26/100,Train Accuracy:50.935482025146484%
2023-04-21 17:27:15,037 - Epoch:27/100,Train Accuracy:50.935482025146484%
2023-04-21 17:27:17,007 - Epoch:28/100,Train Accuracy:50.935482025146484%
2023-04-21 17:27:18,966 - Epoch:29/100,Train Accuracy:50.93375778198242%
2023-04-21 17:27:20,930 - Epoch:30/100,Train Accuracy:50.932029724121094%
2023-04-21 17:27:22,906 - Epoch:31/100,Train Accuracy:50.93030548095703%
2023-04-21 17:27:24,867 - Epoch:32/100,Train Accuracy:50.9285774230957%
2023-04-21 17:27:26,834 - Epoch:33/100,Train Accuracy:50.932029724121094%
2023-04-21 17:27:28,803 - Epoch:34/100,Train Accuracy:50.932029724121094%
2023-04-21 17:27:30,764 - Epoch:35/100,Train Accuracy:50.938934326171875%
2023-04-21 17:27:32,725 - Epoch:36/100,Train Accuracy:50.93721008300781%
2023-04-21 17:27:34,697 - Epoch:37/100,Train Accuracy:50.93375778198242%
2023-04-21 17:27:36,656 - Epoch:38/100,Train Accuracy:50.93375778198242%
2023-04-21 17:27:38,620 - Epoch:39/100,Train Accuracy:50.935482025146484%
2023-04-21 17:27:40,590 - Epoch:40/100,Train Accuracy:50.9406623840332%
2023-04-21 17:27:42,560 - Epoch:41/100,Train Accuracy:50.938934326171875%
2023-04-21 17:27:44,522 - Epoch:42/100,Train Accuracy:50.935482025146484%
2023-04-21 17:27:46,494 - Epoch:43/100,Train Accuracy:50.935482025146484%
2023-04-21 17:27:48,454 - Epoch:44/100,Train Accuracy:50.93721008300781%
2023-04-21 17:27:50,432 - Epoch:45/100,Train Accuracy:50.93721008300781%
2023-04-21 17:27:52,397 - Epoch:46/100,Train Accuracy:50.93721008300781%
2023-04-21 17:27:54,378 - Epoch:47/100,Train Accuracy:50.93375778198242%
2023-04-21 17:27:56,373 - Epoch:48/100,Train Accuracy:50.935482025146484%
2023-04-21 17:27:58,379 - Epoch:49/100,Train Accuracy:50.935482025146484%
2023-04-21 17:28:00,361 - Epoch:50/100,Train Accuracy:50.935482025146484%
2023-04-21 17:28:02,331 - Epoch:51/100,Train Accuracy:50.932029724121094%
2023-04-21 17:28:04,317 - Epoch:52/100,Train Accuracy:50.932029724121094%
2023-04-21 17:28:06,286 - Epoch:53/100,Train Accuracy:50.935482025146484%
2023-04-21 17:28:08,262 - Epoch:54/100,Train Accuracy:50.9406623840332%
2023-04-21 17:28:10,224 - Epoch:55/100,Train Accuracy:50.935482025146484%
2023-04-21 17:28:12,199 - Epoch:56/100,Train Accuracy:50.935482025146484%
2023-04-21 17:28:14,164 - Epoch:57/100,Train Accuracy:50.93030548095703%
2023-04-21 17:28:16,131 - Epoch:58/100,Train Accuracy:50.93030548095703%
2023-04-21 17:28:18,110 - Epoch:59/100,Train Accuracy:50.93030548095703%
2023-04-21 17:28:20,076 - Epoch:60/100,Train Accuracy:50.93030548095703%
2023-04-21 17:28:22,041 - Epoch:61/100,Train Accuracy:50.92512512207031%
2023-04-21 17:28:24,019 - Epoch:62/100,Train Accuracy:50.92685317993164%
2023-04-21 17:28:25,980 - Epoch:63/100,Train Accuracy:50.92340087890625%
2023-04-21 17:28:27,951 - Epoch:64/100,Train Accuracy:50.92685317993164%
2023-04-21 17:28:29,928 - Epoch:65/100,Train Accuracy:50.9285774230957%
2023-04-21 17:28:31,892 - Epoch:66/100,Train Accuracy:50.92685317993164%
2023-04-21 17:28:33,879 - Epoch:67/100,Train Accuracy:50.93030548095703%
2023-04-21 17:28:35,866 - Epoch:68/100,Train Accuracy:50.93030548095703%
2023-04-21 17:28:37,828 - Epoch:69/100,Train Accuracy:50.92512512207031%
2023-04-21 17:28:39,795 - Epoch:70/100,Train Accuracy:50.92685317993164%
2023-04-21 17:28:41,761 - Epoch:71/100,Train Accuracy:50.92512512207031%
2023-04-21 17:28:43,740 - Epoch:72/100,Train Accuracy:50.92340087890625%
2023-04-21 17:28:45,704 - Epoch:73/100,Train Accuracy:50.92512512207031%
2023-04-21 17:28:47,684 - Epoch:74/100,Train Accuracy:50.92512512207031%
2023-04-21 17:28:49,651 - Epoch:75/100,Train Accuracy:50.92685317993164%
2023-04-21 17:28:51,628 - Epoch:76/100,Train Accuracy:50.92512512207031%
2023-04-21 17:28:53,594 - Epoch:77/100,Train Accuracy:50.92512512207031%
2023-04-21 17:28:55,576 - Epoch:78/100,Train Accuracy:50.92340087890625%
2023-04-21 17:28:57,559 - Epoch:79/100,Train Accuracy:50.92340087890625%
2023-04-21 17:28:59,543 - Epoch:80/100,Train Accuracy:50.92512512207031%
2023-04-21 17:29:01,524 - Epoch:81/100,Train Accuracy:50.92512512207031%
2023-04-21 17:29:03,503 - Epoch:82/100,Train Accuracy:50.9285774230957%
2023-04-21 17:29:05,484 - Epoch:83/100,Train Accuracy:50.93030548095703%
2023-04-21 17:29:07,451 - Epoch:84/100,Train Accuracy:50.93030548095703%
2023-04-21 17:29:09,417 - Epoch:85/100,Train Accuracy:50.93030548095703%
2023-04-21 17:29:11,397 - Epoch:86/100,Train Accuracy:50.93030548095703%
2023-04-21 17:29:13,361 - Epoch:87/100,Train Accuracy:50.93030548095703%
2023-04-21 17:29:15,324 - Epoch:88/100,Train Accuracy:50.9285774230957%
2023-04-21 17:29:17,308 - Epoch:89/100,Train Accuracy:50.92512512207031%
2023-04-21 17:29:19,284 - Epoch:90/100,Train Accuracy:50.92512512207031%
2023-04-21 17:29:21,258 - Epoch:91/100,Train Accuracy:50.92685317993164%
2023-04-21 17:29:23,243 - Epoch:92/100,Train Accuracy:50.9285774230957%
2023-04-21 17:29:25,221 - Epoch:93/100,Train Accuracy:50.93030548095703%
2023-04-21 17:29:27,199 - Epoch:94/100,Train Accuracy:50.92685317993164%
2023-04-21 17:29:29,208 - Epoch:95/100,Train Accuracy:50.93030548095703%
2023-04-21 17:29:31,187 - Epoch:96/100,Train Accuracy:50.9285774230957%
2023-04-21 17:29:33,142 - Epoch:97/100,Train Accuracy:50.92512512207031%
2023-04-21 17:29:35,120 - Epoch:98/100,Train Accuracy:50.9285774230957%
2023-04-21 17:29:37,123 - Epoch:99/100,Train Accuracy:50.93030548095703%
2023-04-21 17:29:46,291 - 
Test set: Avg. loss: 0.0110, Accuracy: 5704/11798 (48.35%)

2023-04-21 17:29:46,300 - fpr:[0.         0.42464825 1.        ],tpr:[0.        0.3915918 1.       ],threshold:[2 1 0],auc:0.4834717748770978
2023-04-21 17:29:46,300 - This is for user6
2023-04-21 17:29:57,051 - Epoch:0/100,Train Accuracy:44.50088119506836%
2023-04-21 17:29:58,749 - Epoch:1/100,Train Accuracy:44.504878997802734%
2023-04-21 17:30:00,465 - Epoch:2/100,Train Accuracy:44.50288009643555%
2023-04-21 17:30:02,180 - Epoch:3/100,Train Accuracy:44.50687789916992%
2023-04-21 17:30:03,896 - Epoch:4/100,Train Accuracy:44.50887680053711%
2023-04-21 17:30:05,596 - Epoch:5/100,Train Accuracy:44.504878997802734%
2023-04-21 17:30:07,291 - Epoch:6/100,Train Accuracy:44.50687789916992%
2023-04-21 17:30:08,988 - Epoch:7/100,Train Accuracy:44.51087951660156%
2023-04-21 17:30:10,712 - Epoch:8/100,Train Accuracy:44.51087951660156%
2023-04-21 17:30:12,423 - Epoch:9/100,Train Accuracy:44.51287841796875%
2023-04-21 17:30:14,141 - Epoch:10/100,Train Accuracy:44.516876220703125%
2023-04-21 17:30:15,834 - Epoch:11/100,Train Accuracy:44.51487731933594%
2023-04-21 17:30:17,546 - Epoch:12/100,Train Accuracy:44.516876220703125%
2023-04-21 17:30:19,262 - Epoch:13/100,Train Accuracy:44.516876220703125%
2023-04-21 17:30:20,967 - Epoch:14/100,Train Accuracy:44.516876220703125%
2023-04-21 17:30:22,681 - Epoch:15/100,Train Accuracy:44.520877838134766%
2023-04-21 17:30:24,398 - Epoch:16/100,Train Accuracy:44.516876220703125%
2023-04-21 17:30:26,119 - Epoch:17/100,Train Accuracy:44.520877838134766%
2023-04-21 17:30:27,819 - Epoch:18/100,Train Accuracy:44.52287673950195%
2023-04-21 17:30:29,535 - Epoch:19/100,Train Accuracy:44.52687454223633%
2023-04-21 17:30:31,232 - Epoch:20/100,Train Accuracy:44.52687454223633%
2023-04-21 17:30:32,927 - Epoch:21/100,Train Accuracy:44.52687454223633%
2023-04-21 17:30:34,639 - Epoch:22/100,Train Accuracy:44.52887725830078%
2023-04-21 17:30:36,340 - Epoch:23/100,Train Accuracy:44.52687454223633%
2023-04-21 17:30:38,039 - Epoch:24/100,Train Accuracy:44.532875061035156%
2023-04-21 17:30:39,758 - Epoch:25/100,Train Accuracy:44.534873962402344%
2023-04-21 17:30:41,455 - Epoch:26/100,Train Accuracy:44.532875061035156%
2023-04-21 17:30:43,169 - Epoch:27/100,Train Accuracy:44.53687286376953%
2023-04-21 17:30:44,879 - Epoch:28/100,Train Accuracy:44.534873962402344%
2023-04-21 17:30:46,581 - Epoch:29/100,Train Accuracy:44.53687286376953%
2023-04-21 17:30:48,290 - Epoch:30/100,Train Accuracy:44.538875579833984%
2023-04-21 17:30:49,995 - Epoch:31/100,Train Accuracy:44.53687286376953%
2023-04-21 17:30:51,708 - Epoch:32/100,Train Accuracy:44.52887725830078%
2023-04-21 17:30:53,437 - Epoch:33/100,Train Accuracy:44.52687454223633%
2023-04-21 17:30:55,168 - Epoch:34/100,Train Accuracy:44.532875061035156%
2023-04-21 17:30:56,864 - Epoch:35/100,Train Accuracy:44.538875579833984%
2023-04-21 17:30:58,577 - Epoch:36/100,Train Accuracy:44.54087448120117%
2023-04-21 17:31:00,289 - Epoch:37/100,Train Accuracy:44.538875579833984%
2023-04-21 17:31:01,993 - Epoch:38/100,Train Accuracy:44.538875579833984%
2023-04-21 17:31:03,711 - Epoch:39/100,Train Accuracy:44.54087448120117%
2023-04-21 17:31:05,440 - Epoch:40/100,Train Accuracy:44.54087448120117%
2023-04-21 17:31:07,149 - Epoch:41/100,Train Accuracy:44.54287338256836%
2023-04-21 17:31:08,860 - Epoch:42/100,Train Accuracy:44.54287338256836%
2023-04-21 17:31:10,596 - Epoch:43/100,Train Accuracy:44.532875061035156%
2023-04-21 17:31:12,342 - Epoch:44/100,Train Accuracy:44.53087615966797%
2023-04-21 17:31:14,068 - Epoch:45/100,Train Accuracy:44.538875579833984%
2023-04-21 17:31:15,811 - Epoch:46/100,Train Accuracy:44.54487228393555%
2023-04-21 17:31:17,551 - Epoch:47/100,Train Accuracy:44.54887390136719%
2023-04-21 17:31:19,299 - Epoch:48/100,Train Accuracy:44.54287338256836%
2023-04-21 17:31:21,058 - Epoch:49/100,Train Accuracy:44.550872802734375%
2023-04-21 17:31:22,864 - Epoch:50/100,Train Accuracy:44.54887390136719%
2023-04-21 17:31:24,671 - Epoch:51/100,Train Accuracy:44.54087448120117%
2023-04-21 17:31:26,480 - Epoch:52/100,Train Accuracy:44.53687286376953%
2023-04-21 17:31:28,306 - Epoch:53/100,Train Accuracy:44.53687286376953%
2023-04-21 17:31:30,128 - Epoch:54/100,Train Accuracy:44.54087448120117%
2023-04-21 17:31:31,917 - Epoch:55/100,Train Accuracy:44.54087448120117%
2023-04-21 17:31:33,775 - Epoch:56/100,Train Accuracy:44.538875579833984%
2023-04-21 17:31:35,587 - Epoch:57/100,Train Accuracy:44.53087615966797%
2023-04-21 17:31:37,425 - Epoch:58/100,Train Accuracy:44.53087615966797%
2023-04-21 17:31:39,282 - Epoch:59/100,Train Accuracy:44.532875061035156%
2023-04-21 17:31:41,113 - Epoch:60/100,Train Accuracy:44.534873962402344%
2023-04-21 17:31:42,977 - Epoch:61/100,Train Accuracy:44.534873962402344%
2023-04-21 17:31:44,811 - Epoch:62/100,Train Accuracy:44.534873962402344%
2023-04-21 17:31:46,707 - Epoch:63/100,Train Accuracy:44.53687286376953%
2023-04-21 17:31:48,578 - Epoch:64/100,Train Accuracy:44.53687286376953%
2023-04-21 17:31:50,465 - Epoch:65/100,Train Accuracy:44.538875579833984%
2023-04-21 17:31:52,306 - Epoch:66/100,Train Accuracy:44.54087448120117%
2023-04-21 17:31:54,149 - Epoch:67/100,Train Accuracy:44.53687286376953%
2023-04-21 17:31:56,009 - Epoch:68/100,Train Accuracy:44.54287338256836%
2023-04-21 17:31:57,839 - Epoch:69/100,Train Accuracy:44.54287338256836%
2023-04-21 17:31:59,711 - Epoch:70/100,Train Accuracy:44.54487228393555%
2023-04-21 17:32:01,648 - Epoch:71/100,Train Accuracy:44.54887390136719%
2023-04-21 17:32:03,522 - Epoch:72/100,Train Accuracy:44.54287338256836%
2023-04-21 17:32:05,388 - Epoch:73/100,Train Accuracy:44.538875579833984%
2023-04-21 17:32:07,227 - Epoch:74/100,Train Accuracy:44.53687286376953%
2023-04-21 17:32:09,060 - Epoch:75/100,Train Accuracy:44.534873962402344%
2023-04-21 17:32:10,912 - Epoch:76/100,Train Accuracy:44.538875579833984%
2023-04-21 17:32:12,757 - Epoch:77/100,Train Accuracy:44.54287338256836%
2023-04-21 17:32:14,671 - Epoch:78/100,Train Accuracy:44.538875579833984%
2023-04-21 17:32:16,606 - Epoch:79/100,Train Accuracy:44.538875579833984%
2023-04-21 17:32:18,485 - Epoch:80/100,Train Accuracy:44.538875579833984%
2023-04-21 17:32:20,340 - Epoch:81/100,Train Accuracy:44.538875579833984%
2023-04-21 17:32:22,190 - Epoch:82/100,Train Accuracy:44.538875579833984%
2023-04-21 17:32:24,095 - Epoch:83/100,Train Accuracy:44.53687286376953%
2023-04-21 17:32:25,962 - Epoch:84/100,Train Accuracy:44.538875579833984%
2023-04-21 17:32:27,880 - Epoch:85/100,Train Accuracy:44.53687286376953%
2023-04-21 17:32:29,727 - Epoch:86/100,Train Accuracy:44.534873962402344%
2023-04-21 17:32:31,569 - Epoch:87/100,Train Accuracy:44.534873962402344%
2023-04-21 17:32:33,418 - Epoch:88/100,Train Accuracy:44.54287338256836%
2023-04-21 17:32:35,298 - Epoch:89/100,Train Accuracy:44.54287338256836%
2023-04-21 17:32:37,171 - Epoch:90/100,Train Accuracy:44.54487228393555%
2023-04-21 17:32:39,084 - Epoch:91/100,Train Accuracy:44.54887390136719%
2023-04-21 17:32:40,923 - Epoch:92/100,Train Accuracy:44.54887390136719%
2023-04-21 17:32:42,782 - Epoch:93/100,Train Accuracy:44.550872802734375%
2023-04-21 17:32:44,615 - Epoch:94/100,Train Accuracy:44.55686950683594%
2023-04-21 17:32:46,516 - Epoch:95/100,Train Accuracy:44.55887222290039%
2023-04-21 17:32:48,451 - Epoch:96/100,Train Accuracy:44.55887222290039%
2023-04-21 17:32:50,337 - Epoch:97/100,Train Accuracy:44.562870025634766%
2023-04-21 17:32:52,256 - Epoch:98/100,Train Accuracy:44.56486892700195%
2023-04-21 17:32:54,196 - Epoch:99/100,Train Accuracy:44.562870025634766%
2023-04-21 17:33:03,449 - 
Test set: Avg. loss: 0.0112, Accuracy: 4371/10268 (42.57%)

2023-04-21 17:33:03,456 - fpr:[0.         0.47643163 1.        ],tpr:[0.         0.32781457 1.        ],threshold:[2 1 0],auc:0.4256914686404363
2023-04-21 17:33:03,456 - This is for user7
2023-04-21 17:33:15,297 - Epoch:0/100,Train Accuracy:50.57182312011719%
2023-04-21 17:33:18,167 - Epoch:1/100,Train Accuracy:50.570499420166016%
2023-04-21 17:33:21,036 - Epoch:2/100,Train Accuracy:50.570499420166016%
2023-04-21 17:33:23,900 - Epoch:3/100,Train Accuracy:50.569175720214844%
2023-04-21 17:33:26,754 - Epoch:4/100,Train Accuracy:50.56785202026367%
2023-04-21 17:33:29,628 - Epoch:5/100,Train Accuracy:50.56520462036133%
2023-04-21 17:33:32,494 - Epoch:6/100,Train Accuracy:50.5572624206543%
2023-04-21 17:33:35,304 - Epoch:7/100,Train Accuracy:50.55990982055664%
2023-04-21 17:33:38,205 - Epoch:8/100,Train Accuracy:50.56123352050781%
2023-04-21 17:33:41,042 - Epoch:9/100,Train Accuracy:50.56123352050781%
2023-04-21 17:33:43,894 - Epoch:10/100,Train Accuracy:50.563880920410156%
2023-04-21 17:33:46,743 - Epoch:11/100,Train Accuracy:50.563880920410156%
2023-04-21 17:33:49,589 - Epoch:12/100,Train Accuracy:50.562557220458984%
2023-04-21 17:33:52,473 - Epoch:13/100,Train Accuracy:50.569175720214844%
2023-04-21 17:33:55,323 - Epoch:14/100,Train Accuracy:50.570499420166016%
2023-04-21 17:33:58,087 - Epoch:15/100,Train Accuracy:50.569175720214844%
2023-04-21 17:34:00,897 - Epoch:16/100,Train Accuracy:50.569175720214844%
2023-04-21 17:34:03,801 - Epoch:17/100,Train Accuracy:50.5757942199707%
2023-04-21 17:34:06,695 - Epoch:18/100,Train Accuracy:50.57447052001953%
2023-04-21 17:34:09,550 - Epoch:19/100,Train Accuracy:50.57447052001953%
2023-04-21 17:34:12,415 - Epoch:20/100,Train Accuracy:50.5757942199707%
2023-04-21 17:34:15,270 - Epoch:21/100,Train Accuracy:50.58241271972656%
2023-04-21 17:34:18,088 - Epoch:22/100,Train Accuracy:50.585060119628906%
2023-04-21 17:34:20,862 - Epoch:23/100,Train Accuracy:50.58638381958008%
2023-04-21 17:34:23,754 - Epoch:24/100,Train Accuracy:50.58638381958008%
2023-04-21 17:34:26,639 - Epoch:25/100,Train Accuracy:50.58903121948242%
2023-04-21 17:34:29,525 - Epoch:26/100,Train Accuracy:50.58638381958008%
2023-04-21 17:34:32,373 - Epoch:27/100,Train Accuracy:50.590354919433594%
2023-04-21 17:34:35,242 - Epoch:28/100,Train Accuracy:50.58770751953125%
2023-04-21 17:34:38,084 - Epoch:29/100,Train Accuracy:50.59300231933594%
2023-04-21 17:34:40,940 - Epoch:30/100,Train Accuracy:50.590354919433594%
2023-04-21 17:34:43,812 - Epoch:31/100,Train Accuracy:50.59432601928711%
2023-04-21 17:34:46,680 - Epoch:32/100,Train Accuracy:50.59696960449219%
2023-04-21 17:34:49,534 - Epoch:33/100,Train Accuracy:50.59829330444336%
2023-04-21 17:34:52,406 - Epoch:34/100,Train Accuracy:50.6009407043457%
2023-04-21 17:34:55,274 - Epoch:35/100,Train Accuracy:50.59829330444336%
2023-04-21 17:34:58,142 - Epoch:36/100,Train Accuracy:50.59696960449219%
2023-04-21 17:35:00,999 - Epoch:37/100,Train Accuracy:50.595645904541016%
2023-04-21 17:35:03,861 - Epoch:38/100,Train Accuracy:50.59432601928711%
2023-04-21 17:35:06,729 - Epoch:39/100,Train Accuracy:50.59300231933594%
2023-04-21 17:35:09,608 - Epoch:40/100,Train Accuracy:50.590354919433594%
2023-04-21 17:35:12,521 - Epoch:41/100,Train Accuracy:50.58638381958008%
2023-04-21 17:35:15,408 - Epoch:42/100,Train Accuracy:50.583736419677734%
2023-04-21 17:35:18,285 - Epoch:43/100,Train Accuracy:50.58108901977539%
2023-04-21 17:35:21,163 - Epoch:44/100,Train Accuracy:50.585060119628906%
2023-04-21 17:35:24,041 - Epoch:45/100,Train Accuracy:50.585060119628906%
2023-04-21 17:35:26,891 - Epoch:46/100,Train Accuracy:50.58638381958008%
2023-04-21 17:35:29,758 - Epoch:47/100,Train Accuracy:50.58638381958008%
2023-04-21 17:35:32,618 - Epoch:48/100,Train Accuracy:50.591678619384766%
2023-04-21 17:35:35,486 - Epoch:49/100,Train Accuracy:50.58770751953125%
2023-04-21 17:35:38,355 - Epoch:50/100,Train Accuracy:50.58638381958008%
2023-04-21 17:35:41,214 - Epoch:51/100,Train Accuracy:50.58638381958008%
2023-04-21 17:35:44,066 - Epoch:52/100,Train Accuracy:50.58770751953125%
2023-04-21 17:35:46,925 - Epoch:53/100,Train Accuracy:50.58770751953125%
2023-04-21 17:35:49,779 - Epoch:54/100,Train Accuracy:50.58770751953125%
2023-04-21 17:35:52,642 - Epoch:55/100,Train Accuracy:50.585060119628906%
2023-04-21 17:35:55,510 - Epoch:56/100,Train Accuracy:50.583736419677734%
2023-04-21 17:35:58,362 - Epoch:57/100,Train Accuracy:50.58241271972656%
2023-04-21 17:36:01,243 - Epoch:58/100,Train Accuracy:50.57976531982422%
2023-04-21 17:36:04,133 - Epoch:59/100,Train Accuracy:50.57844161987305%
2023-04-21 17:36:06,972 - Epoch:60/100,Train Accuracy:50.58241271972656%
2023-04-21 17:36:09,824 - Epoch:61/100,Train Accuracy:50.585060119628906%
2023-04-21 17:36:12,699 - Epoch:62/100,Train Accuracy:50.583736419677734%
2023-04-21 17:36:15,577 - Epoch:63/100,Train Accuracy:50.57976531982422%
2023-04-21 17:36:18,428 - Epoch:64/100,Train Accuracy:50.57844161987305%
2023-04-21 17:36:21,279 - Epoch:65/100,Train Accuracy:50.57844161987305%
2023-04-21 17:36:24,146 - Epoch:66/100,Train Accuracy:50.577117919921875%
2023-04-21 17:36:27,045 - Epoch:67/100,Train Accuracy:50.577117919921875%
2023-04-21 17:36:29,948 - Epoch:68/100,Train Accuracy:50.57976531982422%
2023-04-21 17:36:32,821 - Epoch:69/100,Train Accuracy:50.585060119628906%
2023-04-21 17:36:35,688 - Epoch:70/100,Train Accuracy:50.59300231933594%
2023-04-21 17:36:38,553 - Epoch:71/100,Train Accuracy:50.591678619384766%
2023-04-21 17:36:41,412 - Epoch:72/100,Train Accuracy:50.590354919433594%
2023-04-21 17:36:44,272 - Epoch:73/100,Train Accuracy:50.585060119628906%
2023-04-21 17:36:47,130 - Epoch:74/100,Train Accuracy:50.58770751953125%
2023-04-21 17:36:49,987 - Epoch:75/100,Train Accuracy:50.58770751953125%
2023-04-21 17:36:52,858 - Epoch:76/100,Train Accuracy:50.58770751953125%
2023-04-21 17:36:55,743 - Epoch:77/100,Train Accuracy:50.58638381958008%
2023-04-21 17:36:58,588 - Epoch:78/100,Train Accuracy:50.590354919433594%
2023-04-21 17:37:01,447 - Epoch:79/100,Train Accuracy:50.58903121948242%
2023-04-21 17:37:04,322 - Epoch:80/100,Train Accuracy:50.58903121948242%
2023-04-21 17:37:07,180 - Epoch:81/100,Train Accuracy:50.583736419677734%
2023-04-21 17:37:10,024 - Epoch:82/100,Train Accuracy:50.58241271972656%
2023-04-21 17:37:12,890 - Epoch:83/100,Train Accuracy:50.585060119628906%
2023-04-21 17:37:15,749 - Epoch:84/100,Train Accuracy:50.58770751953125%
2023-04-21 17:37:18,615 - Epoch:85/100,Train Accuracy:50.583736419677734%
2023-04-21 17:37:21,466 - Epoch:86/100,Train Accuracy:50.58638381958008%
2023-04-21 17:37:24,323 - Epoch:87/100,Train Accuracy:50.590354919433594%
2023-04-21 17:37:27,182 - Epoch:88/100,Train Accuracy:50.590354919433594%
2023-04-21 17:37:30,042 - Epoch:89/100,Train Accuracy:50.58903121948242%
2023-04-21 17:37:32,887 - Epoch:90/100,Train Accuracy:50.58903121948242%
2023-04-21 17:37:35,754 - Epoch:91/100,Train Accuracy:50.590354919433594%
2023-04-21 17:37:38,599 - Epoch:92/100,Train Accuracy:50.59300231933594%
2023-04-21 17:37:41,463 - Epoch:93/100,Train Accuracy:50.591678619384766%
2023-04-21 17:37:44,311 - Epoch:94/100,Train Accuracy:50.591678619384766%
2023-04-21 17:37:47,173 - Epoch:95/100,Train Accuracy:50.591678619384766%
2023-04-21 17:37:50,023 - Epoch:96/100,Train Accuracy:50.59432601928711%
2023-04-21 17:37:52,886 - Epoch:97/100,Train Accuracy:50.590354919433594%
2023-04-21 17:37:55,746 - Epoch:98/100,Train Accuracy:50.590354919433594%
2023-04-21 17:37:58,604 - Epoch:99/100,Train Accuracy:50.590354919433594%
2023-04-21 17:38:07,710 - 
Test set: Avg. loss: 0.0110, Accuracy: 7867/16258 (48.39%)

2023-04-21 17:38:07,721 - fpr:[0.        0.4143191 1.       ],tpr:[0.         0.38208882 1.        ],threshold:[2 1 0],auc:0.48388485668593917
2023-04-21 17:38:07,722 - This is for user8
2023-04-21 17:38:18,749 - Epoch:0/100,Train Accuracy:49.48131561279297%
2023-04-21 17:38:20,811 - Epoch:1/100,Train Accuracy:49.48131561279297%
2023-04-21 17:38:22,886 - Epoch:2/100,Train Accuracy:49.4831428527832%
2023-04-21 17:38:24,947 - Epoch:3/100,Train Accuracy:49.48497009277344%
2023-04-21 17:38:27,020 - Epoch:4/100,Train Accuracy:49.48862075805664%
2023-04-21 17:38:29,095 - Epoch:5/100,Train Accuracy:49.49775314331055%
2023-04-21 17:38:31,158 - Epoch:6/100,Train Accuracy:49.501407623291016%
2023-04-21 17:38:33,229 - Epoch:7/100,Train Accuracy:49.503231048583984%
2023-04-21 17:38:35,332 - Epoch:8/100,Train Accuracy:49.514190673828125%
2023-04-21 17:38:37,406 - Epoch:9/100,Train Accuracy:49.5214958190918%
2023-04-21 17:38:39,484 - Epoch:10/100,Train Accuracy:49.52332305908203%
2023-04-21 17:38:41,577 - Epoch:11/100,Train Accuracy:49.5214958190918%
2023-04-21 17:38:43,664 - Epoch:12/100,Train Accuracy:49.52332305908203%
2023-04-21 17:38:45,733 - Epoch:13/100,Train Accuracy:49.52880096435547%
2023-04-21 17:38:47,835 - Epoch:14/100,Train Accuracy:49.53245544433594%
2023-04-21 17:38:49,907 - Epoch:15/100,Train Accuracy:49.5306282043457%
2023-04-21 17:38:51,994 - Epoch:16/100,Train Accuracy:49.52880096435547%
2023-04-21 17:38:54,067 - Epoch:17/100,Train Accuracy:49.5306282043457%
2023-04-21 17:38:56,161 - Epoch:18/100,Train Accuracy:49.534278869628906%
2023-04-21 17:38:58,238 - Epoch:19/100,Train Accuracy:49.5306282043457%
2023-04-21 17:39:00,328 - Epoch:20/100,Train Accuracy:49.52880096435547%
2023-04-21 17:39:02,416 - Epoch:21/100,Train Accuracy:49.52332305908203%
2023-04-21 17:39:04,503 - Epoch:22/100,Train Accuracy:49.525150299072266%
2023-04-21 17:39:06,587 - Epoch:23/100,Train Accuracy:49.53245544433594%
2023-04-21 17:39:08,675 - Epoch:24/100,Train Accuracy:49.5306282043457%
2023-04-21 17:39:10,780 - Epoch:25/100,Train Accuracy:49.52332305908203%
2023-04-21 17:39:12,868 - Epoch:26/100,Train Accuracy:49.52332305908203%
2023-04-21 17:39:14,952 - Epoch:27/100,Train Accuracy:49.525150299072266%
2023-04-21 17:39:17,063 - Epoch:28/100,Train Accuracy:49.525150299072266%
2023-04-21 17:39:19,162 - Epoch:29/100,Train Accuracy:49.525150299072266%
2023-04-21 17:39:21,253 - Epoch:30/100,Train Accuracy:49.525150299072266%
2023-04-21 17:39:23,364 - Epoch:31/100,Train Accuracy:49.526973724365234%
2023-04-21 17:39:25,458 - Epoch:32/100,Train Accuracy:49.537933349609375%
2023-04-21 17:39:27,553 - Epoch:33/100,Train Accuracy:49.53976058959961%
2023-04-21 17:39:29,650 - Epoch:34/100,Train Accuracy:49.53976058959961%
2023-04-21 17:39:31,741 - Epoch:35/100,Train Accuracy:49.54523849487305%
2023-04-21 17:39:33,848 - Epoch:36/100,Train Accuracy:49.54706573486328%
2023-04-21 17:39:35,935 - Epoch:37/100,Train Accuracy:49.550716400146484%
2023-04-21 17:39:38,023 - Epoch:38/100,Train Accuracy:49.54706573486328%
2023-04-21 17:39:40,124 - Epoch:39/100,Train Accuracy:49.548892974853516%
2023-04-21 17:39:42,220 - Epoch:40/100,Train Accuracy:49.54341125488281%
2023-04-21 17:39:44,461 - Epoch:41/100,Train Accuracy:49.54523849487305%
2023-04-21 17:39:46,574 - Epoch:42/100,Train Accuracy:49.54523849487305%
2023-04-21 17:39:48,674 - Epoch:43/100,Train Accuracy:49.54341125488281%
2023-04-21 17:39:50,780 - Epoch:44/100,Train Accuracy:49.54341125488281%
2023-04-21 17:39:52,896 - Epoch:45/100,Train Accuracy:49.54706573486328%
2023-04-21 17:39:55,060 - Epoch:46/100,Train Accuracy:49.54523849487305%
2023-04-21 17:39:57,185 - Epoch:47/100,Train Accuracy:49.541587829589844%
2023-04-21 17:39:59,294 - Epoch:48/100,Train Accuracy:49.541587829589844%
2023-04-21 17:40:01,402 - Epoch:49/100,Train Accuracy:49.53976058959961%
2023-04-21 17:40:03,510 - Epoch:50/100,Train Accuracy:49.54341125488281%
2023-04-21 17:40:05,647 - Epoch:51/100,Train Accuracy:49.53976058959961%
2023-04-21 17:40:07,737 - Epoch:52/100,Train Accuracy:49.53976058959961%
2023-04-21 17:40:09,816 - Epoch:53/100,Train Accuracy:49.548892974853516%
2023-04-21 17:40:11,934 - Epoch:54/100,Train Accuracy:49.54706573486328%
2023-04-21 17:40:14,027 - Epoch:55/100,Train Accuracy:49.54706573486328%
2023-04-21 17:40:16,123 - Epoch:56/100,Train Accuracy:49.54341125488281%
2023-04-21 17:40:18,230 - Epoch:57/100,Train Accuracy:49.534278869628906%
2023-04-21 17:40:20,325 - Epoch:58/100,Train Accuracy:49.534278869628906%
2023-04-21 17:40:22,432 - Epoch:59/100,Train Accuracy:49.5306282043457%
2023-04-21 17:40:24,551 - Epoch:60/100,Train Accuracy:49.526973724365234%
2023-04-21 17:40:26,648 - Epoch:61/100,Train Accuracy:49.526973724365234%
2023-04-21 17:40:28,771 - Epoch:62/100,Train Accuracy:49.5306282043457%
2023-04-21 17:40:30,882 - Epoch:63/100,Train Accuracy:49.5306282043457%
2023-04-21 17:40:32,978 - Epoch:64/100,Train Accuracy:49.534278869628906%
2023-04-21 17:40:35,095 - Epoch:65/100,Train Accuracy:49.537933349609375%
2023-04-21 17:40:37,187 - Epoch:66/100,Train Accuracy:49.53976058959961%
2023-04-21 17:40:39,287 - Epoch:67/100,Train Accuracy:49.53976058959961%
2023-04-21 17:40:41,404 - Epoch:68/100,Train Accuracy:49.53976058959961%
2023-04-21 17:40:43,518 - Epoch:69/100,Train Accuracy:49.541587829589844%
2023-04-21 17:40:45,635 - Epoch:70/100,Train Accuracy:49.54523849487305%
2023-04-21 17:40:47,752 - Epoch:71/100,Train Accuracy:49.537933349609375%
2023-04-21 17:40:49,847 - Epoch:72/100,Train Accuracy:49.53976058959961%
2023-04-21 17:40:51,941 - Epoch:73/100,Train Accuracy:49.53610610961914%
2023-04-21 17:40:54,025 - Epoch:74/100,Train Accuracy:49.534278869628906%
2023-04-21 17:40:56,113 - Epoch:75/100,Train Accuracy:49.534278869628906%
2023-04-21 17:40:58,233 - Epoch:76/100,Train Accuracy:49.534278869628906%
2023-04-21 17:41:00,338 - Epoch:77/100,Train Accuracy:49.537933349609375%
2023-04-21 17:41:02,434 - Epoch:78/100,Train Accuracy:49.53976058959961%
2023-04-21 17:41:04,558 - Epoch:79/100,Train Accuracy:49.53976058959961%
2023-04-21 17:41:06,639 - Epoch:80/100,Train Accuracy:49.54341125488281%
2023-04-21 17:41:08,741 - Epoch:81/100,Train Accuracy:49.548892974853516%
2023-04-21 17:41:10,830 - Epoch:82/100,Train Accuracy:49.54523849487305%
2023-04-21 17:41:12,935 - Epoch:83/100,Train Accuracy:49.550716400146484%
2023-04-21 17:41:15,028 - Epoch:84/100,Train Accuracy:49.55254364013672%
2023-04-21 17:41:17,128 - Epoch:85/100,Train Accuracy:49.55619812011719%
2023-04-21 17:41:19,220 - Epoch:86/100,Train Accuracy:49.55437088012695%
2023-04-21 17:41:21,318 - Epoch:87/100,Train Accuracy:49.548892974853516%
2023-04-21 17:41:23,414 - Epoch:88/100,Train Accuracy:49.54523849487305%
2023-04-21 17:41:25,508 - Epoch:89/100,Train Accuracy:49.550716400146484%
2023-04-21 17:41:27,590 - Epoch:90/100,Train Accuracy:49.548892974853516%
2023-04-21 17:41:29,696 - Epoch:91/100,Train Accuracy:49.54341125488281%
2023-04-21 17:41:31,799 - Epoch:92/100,Train Accuracy:49.550716400146484%
2023-04-21 17:41:33,926 - Epoch:93/100,Train Accuracy:49.550716400146484%
2023-04-21 17:41:36,018 - Epoch:94/100,Train Accuracy:49.55254364013672%
2023-04-21 17:41:38,117 - Epoch:95/100,Train Accuracy:49.55437088012695%
2023-04-21 17:41:40,207 - Epoch:96/100,Train Accuracy:49.55254364013672%
2023-04-21 17:41:42,288 - Epoch:97/100,Train Accuracy:49.55254364013672%
2023-04-21 17:41:44,397 - Epoch:98/100,Train Accuracy:49.561676025390625%
2023-04-21 17:41:46,514 - Epoch:99/100,Train Accuracy:49.561676025390625%
2023-04-21 17:41:55,715 - 
Test set: Avg. loss: 0.0109, Accuracy: 5702/11348 (50.25%)

2023-04-21 17:41:55,723 - fpr:[0.         0.41135002 1.        ],tpr:[0.         0.41628481 1.        ],threshold:[2 1 0],auc:0.5024673951357067
2023-04-21 17:41:55,724 - This is for user9
2023-04-21 17:42:07,368 - Epoch:0/100,Train Accuracy:49.108726501464844%
2023-04-21 17:42:10,134 - Epoch:1/100,Train Accuracy:49.108726501464844%
2023-04-21 17:42:12,916 - Epoch:2/100,Train Accuracy:49.10734176635742%
2023-04-21 17:42:15,695 - Epoch:3/100,Train Accuracy:49.108726501464844%
2023-04-21 17:42:18,476 - Epoch:4/100,Train Accuracy:49.10318374633789%
2023-04-21 17:42:21,246 - Epoch:5/100,Train Accuracy:49.1017951965332%
2023-04-21 17:42:24,024 - Epoch:6/100,Train Accuracy:49.10318374633789%
2023-04-21 17:42:26,773 - Epoch:7/100,Train Accuracy:49.10041046142578%
2023-04-21 17:42:29,553 - Epoch:8/100,Train Accuracy:49.10456848144531%
2023-04-21 17:42:32,304 - Epoch:9/100,Train Accuracy:49.105953216552734%
2023-04-21 17:42:35,080 - Epoch:10/100,Train Accuracy:49.10318374633789%
2023-04-21 17:42:37,836 - Epoch:11/100,Train Accuracy:49.09763717651367%
2023-04-21 17:42:40,605 - Epoch:12/100,Train Accuracy:49.1017951965332%
2023-04-21 17:42:43,372 - Epoch:13/100,Train Accuracy:49.110111236572266%
2023-04-21 17:42:46,111 - Epoch:14/100,Train Accuracy:49.112884521484375%
2023-04-21 17:42:48,867 - Epoch:15/100,Train Accuracy:49.112884521484375%
2023-04-21 17:42:51,641 - Epoch:16/100,Train Accuracy:49.108726501464844%
2023-04-21 17:42:54,378 - Epoch:17/100,Train Accuracy:49.11149978637695%
2023-04-21 17:42:57,117 - Epoch:18/100,Train Accuracy:49.117042541503906%
2023-04-21 17:42:59,857 - Epoch:19/100,Train Accuracy:49.118431091308594%
2023-04-21 17:43:02,604 - Epoch:20/100,Train Accuracy:49.12397384643555%
2023-04-21 17:43:05,339 - Epoch:21/100,Train Accuracy:49.119815826416016%
2023-04-21 17:43:08,074 - Epoch:22/100,Train Accuracy:49.118431091308594%
2023-04-21 17:43:10,828 - Epoch:23/100,Train Accuracy:49.12397384643555%
2023-04-21 17:43:13,566 - Epoch:24/100,Train Accuracy:49.122589111328125%
2023-04-21 17:43:16,298 - Epoch:25/100,Train Accuracy:49.119815826416016%
2023-04-21 17:43:19,066 - Epoch:26/100,Train Accuracy:49.122589111328125%
2023-04-21 17:43:21,887 - Epoch:27/100,Train Accuracy:49.117042541503906%
2023-04-21 17:43:24,696 - Epoch:28/100,Train Accuracy:49.112884521484375%
2023-04-21 17:43:27,460 - Epoch:29/100,Train Accuracy:49.112884521484375%
2023-04-21 17:43:30,216 - Epoch:30/100,Train Accuracy:49.11427307128906%
2023-04-21 17:43:33,015 - Epoch:31/100,Train Accuracy:49.11427307128906%
2023-04-21 17:43:35,801 - Epoch:32/100,Train Accuracy:49.118431091308594%
2023-04-21 17:43:38,558 - Epoch:33/100,Train Accuracy:49.122589111328125%
2023-04-21 17:43:41,323 - Epoch:34/100,Train Accuracy:49.12397384643555%
2023-04-21 17:43:44,156 - Epoch:35/100,Train Accuracy:49.129520416259766%
2023-04-21 17:43:46,932 - Epoch:36/100,Train Accuracy:49.129520416259766%
2023-04-21 17:43:49,712 - Epoch:37/100,Train Accuracy:49.122589111328125%
2023-04-21 17:43:52,507 - Epoch:38/100,Train Accuracy:49.122589111328125%
2023-04-21 17:43:55,332 - Epoch:39/100,Train Accuracy:49.129520416259766%
2023-04-21 17:43:58,077 - Epoch:40/100,Train Accuracy:49.13090515136719%
2023-04-21 17:44:00,819 - Epoch:41/100,Train Accuracy:49.13090515136719%
2023-04-21 17:44:03,567 - Epoch:42/100,Train Accuracy:49.126747131347656%
2023-04-21 17:44:06,346 - Epoch:43/100,Train Accuracy:49.13090515136719%
2023-04-21 17:44:09,099 - Epoch:44/100,Train Accuracy:49.12813186645508%
2023-04-21 17:44:11,874 - Epoch:45/100,Train Accuracy:49.12535858154297%
2023-04-21 17:44:14,670 - Epoch:46/100,Train Accuracy:49.126747131347656%
2023-04-21 17:44:17,428 - Epoch:47/100,Train Accuracy:49.129520416259766%
2023-04-21 17:44:20,190 - Epoch:48/100,Train Accuracy:49.129520416259766%
2023-04-21 17:44:22,948 - Epoch:49/100,Train Accuracy:49.1336784362793%
2023-04-21 17:44:25,737 - Epoch:50/100,Train Accuracy:49.1336784362793%
2023-04-21 17:44:28,493 - Epoch:51/100,Train Accuracy:49.13506317138672%
2023-04-21 17:44:31,248 - Epoch:52/100,Train Accuracy:49.13922119140625%
2023-04-21 17:44:34,033 - Epoch:53/100,Train Accuracy:49.13922119140625%
2023-04-21 17:44:36,784 - Epoch:54/100,Train Accuracy:49.14337921142578%
2023-04-21 17:44:39,535 - Epoch:55/100,Train Accuracy:49.14337921142578%
2023-04-21 17:44:42,276 - Epoch:56/100,Train Accuracy:49.13783645629883%
2023-04-21 17:44:45,007 - Epoch:57/100,Train Accuracy:49.13783645629883%
2023-04-21 17:44:47,763 - Epoch:58/100,Train Accuracy:49.14199447631836%
2023-04-21 17:44:50,530 - Epoch:59/100,Train Accuracy:49.14615249633789%
2023-04-21 17:44:53,284 - Epoch:60/100,Train Accuracy:49.15308380126953%
2023-04-21 17:44:56,071 - Epoch:61/100,Train Accuracy:49.151695251464844%
2023-04-21 17:44:58,834 - Epoch:62/100,Train Accuracy:49.155853271484375%
2023-04-21 17:45:01,607 - Epoch:63/100,Train Accuracy:49.155853271484375%
2023-04-21 17:45:04,375 - Epoch:64/100,Train Accuracy:49.15446853637695%
2023-04-21 17:45:07,091 - Epoch:65/100,Train Accuracy:49.155853271484375%
2023-04-21 17:45:09,838 - Epoch:66/100,Train Accuracy:49.155853271484375%
2023-04-21 17:45:12,597 - Epoch:67/100,Train Accuracy:49.15446853637695%
2023-04-21 17:45:15,358 - Epoch:68/100,Train Accuracy:49.15724182128906%
2023-04-21 17:45:18,115 - Epoch:69/100,Train Accuracy:49.16001510620117%
2023-04-21 17:45:20,863 - Epoch:70/100,Train Accuracy:49.161399841308594%
2023-04-21 17:45:23,625 - Epoch:71/100,Train Accuracy:49.16001510620117%
2023-04-21 17:45:26,354 - Epoch:72/100,Train Accuracy:49.165557861328125%
2023-04-21 17:45:29,101 - Epoch:73/100,Train Accuracy:49.165557861328125%
2023-04-21 17:45:31,888 - Epoch:74/100,Train Accuracy:49.165557861328125%
2023-04-21 17:45:34,646 - Epoch:75/100,Train Accuracy:49.1641731262207%
2023-04-21 17:45:37,378 - Epoch:76/100,Train Accuracy:49.162784576416016%
2023-04-21 17:45:40,138 - Epoch:77/100,Train Accuracy:49.162784576416016%
2023-04-21 17:45:42,903 - Epoch:78/100,Train Accuracy:49.162784576416016%
2023-04-21 17:45:45,683 - Epoch:79/100,Train Accuracy:49.1641731262207%
2023-04-21 17:45:48,456 - Epoch:80/100,Train Accuracy:49.16694259643555%
2023-04-21 17:45:51,237 - Epoch:81/100,Train Accuracy:49.17110061645508%
2023-04-21 17:45:53,999 - Epoch:82/100,Train Accuracy:49.169715881347656%
2023-04-21 17:45:56,771 - Epoch:83/100,Train Accuracy:49.175262451171875%
2023-04-21 17:45:59,547 - Epoch:84/100,Train Accuracy:49.175262451171875%
2023-04-21 17:46:02,303 - Epoch:85/100,Train Accuracy:49.179420471191406%
2023-04-21 17:46:05,066 - Epoch:86/100,Train Accuracy:49.1766471862793%
2023-04-21 17:46:07,822 - Epoch:87/100,Train Accuracy:49.17110061645508%
2023-04-21 17:46:10,598 - Epoch:88/100,Train Accuracy:49.17387390136719%
2023-04-21 17:46:13,360 - Epoch:89/100,Train Accuracy:49.17387390136719%
2023-04-21 17:46:16,138 - Epoch:90/100,Train Accuracy:49.169715881347656%
2023-04-21 17:46:18,897 - Epoch:91/100,Train Accuracy:49.172489166259766%
2023-04-21 17:46:21,660 - Epoch:92/100,Train Accuracy:49.17110061645508%
2023-04-21 17:46:24,431 - Epoch:93/100,Train Accuracy:49.169715881347656%
2023-04-21 17:46:27,183 - Epoch:94/100,Train Accuracy:49.169715881347656%
2023-04-21 17:46:29,941 - Epoch:95/100,Train Accuracy:49.17387390136719%
2023-04-21 17:46:32,684 - Epoch:96/100,Train Accuracy:49.1766471862793%
2023-04-21 17:46:35,440 - Epoch:97/100,Train Accuracy:49.18080520629883%
2023-04-21 17:46:38,208 - Epoch:98/100,Train Accuracy:49.18080520629883%
2023-04-21 17:46:40,970 - Epoch:99/100,Train Accuracy:49.18496322631836%
2023-04-21 17:46:50,065 - 
Test set: Avg. loss: 0.0108, Accuracy: 7591/15092 (50.30%)

2023-04-21 17:46:50,075 - fpr:[0.         0.37569573 1.        ],tpr:[0.         0.38165916 1.        ],threshold:[2 1 0],auc:0.5029817121653857
