2023-04-21 16:42:06,358 - lr:0.0001,weight_decay:0.01,batch_size:64
2023-04-21 16:42:06,358 - CZHNet(
  (linear1): Linear(in_features=33, out_features=32, bias=True)
  (linear2): Linear(in_features=32, out_features=64, bias=True)
  (linear3): Linear(in_features=64, out_features=64, bias=True)
  (linear4): Linear(in_features=64, out_features=64, bias=True)
  (linear5): Linear(in_features=64, out_features=32, bias=True)
  (linear6): Linear(in_features=64, out_features=64, bias=True)
  (linear7): Linear(in_features=64, out_features=64, bias=True)
  (linear8): Linear(in_features=32, out_features=2, bias=True)
  (relu): ReLU()
)
2023-04-21 16:42:06,358 - This is for user0
2023-04-21 16:42:16,827 - Epoch:0/100,Train Accuracy:49.9913330078125%
2023-04-21 16:42:18,638 - Epoch:1/100,Train Accuracy:49.993064880371094%
2023-04-21 16:42:20,457 - Epoch:2/100,Train Accuracy:49.99480056762695%
2023-04-21 16:42:22,287 - Epoch:3/100,Train Accuracy:49.99480056762695%
2023-04-21 16:42:24,114 - Epoch:4/100,Train Accuracy:49.99653244018555%
2023-04-21 16:42:25,958 - Epoch:5/100,Train Accuracy:49.99653244018555%
2023-04-21 16:42:27,816 - Epoch:6/100,Train Accuracy:49.99653244018555%
2023-04-21 16:42:29,649 - Epoch:7/100,Train Accuracy:49.99653244018555%
2023-04-21 16:42:31,485 - Epoch:8/100,Train Accuracy:49.99653244018555%
2023-04-21 16:42:33,335 - Epoch:9/100,Train Accuracy:49.99653244018555%
2023-04-21 16:42:35,163 - Epoch:10/100,Train Accuracy:49.99653244018555%
2023-04-21 16:42:36,989 - Epoch:11/100,Train Accuracy:49.99653244018555%
2023-04-21 16:42:38,825 - Epoch:12/100,Train Accuracy:49.99653244018555%
2023-04-21 16:42:40,618 - Epoch:13/100,Train Accuracy:49.998268127441406%
2023-04-21 16:42:42,440 - Epoch:14/100,Train Accuracy:49.998268127441406%
2023-04-21 16:42:44,265 - Epoch:15/100,Train Accuracy:49.998268127441406%
2023-04-21 16:42:46,106 - Epoch:16/100,Train Accuracy:50.0%
2023-04-21 16:42:47,909 - Epoch:17/100,Train Accuracy:49.998268127441406%
2023-04-21 16:42:49,730 - Epoch:18/100,Train Accuracy:49.998268127441406%
2023-04-21 16:42:51,537 - Epoch:19/100,Train Accuracy:50.0%
2023-04-21 16:42:53,342 - Epoch:20/100,Train Accuracy:50.0%
2023-04-21 16:42:55,145 - Epoch:21/100,Train Accuracy:50.0%
2023-04-21 16:42:56,947 - Epoch:22/100,Train Accuracy:50.0%
2023-04-21 16:42:58,774 - Epoch:23/100,Train Accuracy:50.0%
2023-04-21 16:43:00,584 - Epoch:24/100,Train Accuracy:50.0%
2023-04-21 16:43:02,397 - Epoch:25/100,Train Accuracy:50.0%
2023-04-21 16:43:04,209 - Epoch:26/100,Train Accuracy:50.0%
2023-04-21 16:43:06,019 - Epoch:27/100,Train Accuracy:50.0%
2023-04-21 16:43:07,818 - Epoch:28/100,Train Accuracy:49.99480056762695%
2023-04-21 16:43:09,615 - Epoch:29/100,Train Accuracy:49.99480056762695%
2023-04-21 16:43:11,438 - Epoch:30/100,Train Accuracy:49.99480056762695%
2023-04-21 16:43:13,262 - Epoch:31/100,Train Accuracy:49.99480056762695%
2023-04-21 16:43:15,142 - Epoch:32/100,Train Accuracy:49.99480056762695%
2023-04-21 16:43:16,988 - Epoch:33/100,Train Accuracy:49.99480056762695%
2023-04-21 16:43:18,845 - Epoch:34/100,Train Accuracy:49.99480056762695%
2023-04-21 16:43:20,699 - Epoch:35/100,Train Accuracy:49.99480056762695%
2023-04-21 16:43:22,568 - Epoch:36/100,Train Accuracy:49.99653244018555%
2023-04-21 16:43:24,389 - Epoch:37/100,Train Accuracy:49.99653244018555%
2023-04-21 16:43:26,257 - Epoch:38/100,Train Accuracy:49.998268127441406%
2023-04-21 16:43:28,135 - Epoch:39/100,Train Accuracy:49.99653244018555%
2023-04-21 16:43:29,978 - Epoch:40/100,Train Accuracy:49.99653244018555%
2023-04-21 16:43:31,812 - Epoch:41/100,Train Accuracy:49.998268127441406%
2023-04-21 16:43:33,674 - Epoch:42/100,Train Accuracy:50.0%
2023-04-21 16:43:35,522 - Epoch:43/100,Train Accuracy:50.0%
2023-04-21 16:43:37,353 - Epoch:44/100,Train Accuracy:50.00519943237305%
2023-04-21 16:43:39,186 - Epoch:45/100,Train Accuracy:50.00519943237305%
2023-04-21 16:43:41,010 - Epoch:46/100,Train Accuracy:50.006935119628906%
2023-04-21 16:43:42,890 - Epoch:47/100,Train Accuracy:50.006935119628906%
2023-04-21 16:43:44,721 - Epoch:48/100,Train Accuracy:50.006935119628906%
2023-04-21 16:43:46,544 - Epoch:49/100,Train Accuracy:50.00519943237305%
2023-04-21 16:43:48,352 - Epoch:50/100,Train Accuracy:50.00519943237305%
2023-04-21 16:43:50,164 - Epoch:51/100,Train Accuracy:50.00346755981445%
2023-04-21 16:43:51,968 - Epoch:52/100,Train Accuracy:50.00346755981445%
2023-04-21 16:43:53,779 - Epoch:53/100,Train Accuracy:50.00346755981445%
2023-04-21 16:43:55,597 - Epoch:54/100,Train Accuracy:50.00519943237305%
2023-04-21 16:43:57,408 - Epoch:55/100,Train Accuracy:50.00519943237305%
2023-04-21 16:43:59,228 - Epoch:56/100,Train Accuracy:50.00519943237305%
2023-04-21 16:44:01,045 - Epoch:57/100,Train Accuracy:50.00519943237305%
2023-04-21 16:44:02,858 - Epoch:58/100,Train Accuracy:50.00519943237305%
2023-04-21 16:44:04,677 - Epoch:59/100,Train Accuracy:50.006935119628906%
2023-04-21 16:44:06,485 - Epoch:60/100,Train Accuracy:50.0086669921875%
2023-04-21 16:44:08,295 - Epoch:61/100,Train Accuracy:50.01040267944336%
2023-04-21 16:44:10,114 - Epoch:62/100,Train Accuracy:50.01213455200195%
2023-04-21 16:44:11,931 - Epoch:63/100,Train Accuracy:50.01213455200195%
2023-04-21 16:44:13,772 - Epoch:64/100,Train Accuracy:50.01213455200195%
2023-04-21 16:44:15,578 - Epoch:65/100,Train Accuracy:50.01213455200195%
2023-04-21 16:44:17,389 - Epoch:66/100,Train Accuracy:50.01386642456055%
2023-04-21 16:44:19,188 - Epoch:67/100,Train Accuracy:50.015602111816406%
2023-04-21 16:44:20,988 - Epoch:68/100,Train Accuracy:50.017333984375%
2023-04-21 16:44:22,815 - Epoch:69/100,Train Accuracy:50.01906967163086%
2023-04-21 16:44:24,631 - Epoch:70/100,Train Accuracy:50.024269104003906%
2023-04-21 16:44:26,439 - Epoch:71/100,Train Accuracy:50.02253723144531%
2023-04-21 16:44:28,279 - Epoch:72/100,Train Accuracy:50.02253723144531%
2023-04-21 16:44:30,086 - Epoch:73/100,Train Accuracy:50.0260009765625%
2023-04-21 16:44:31,898 - Epoch:74/100,Train Accuracy:50.0260009765625%
2023-04-21 16:44:33,715 - Epoch:75/100,Train Accuracy:50.02773666381836%
2023-04-21 16:44:35,521 - Epoch:76/100,Train Accuracy:50.02946853637695%
2023-04-21 16:44:37,330 - Epoch:77/100,Train Accuracy:50.03120422363281%
2023-04-21 16:44:39,154 - Epoch:78/100,Train Accuracy:50.03813934326172%
2023-04-21 16:44:40,973 - Epoch:79/100,Train Accuracy:50.03813934326172%
2023-04-21 16:44:42,829 - Epoch:80/100,Train Accuracy:50.03813934326172%
2023-04-21 16:44:44,635 - Epoch:81/100,Train Accuracy:50.03813934326172%
2023-04-21 16:44:46,478 - Epoch:82/100,Train Accuracy:50.03813934326172%
2023-04-21 16:44:48,306 - Epoch:83/100,Train Accuracy:50.03987121582031%
2023-04-21 16:44:50,124 - Epoch:84/100,Train Accuracy:50.043338775634766%
2023-04-21 16:44:51,943 - Epoch:85/100,Train Accuracy:50.043338775634766%
2023-04-21 16:44:53,760 - Epoch:86/100,Train Accuracy:50.04507064819336%
2023-04-21 16:44:55,575 - Epoch:87/100,Train Accuracy:50.04853820800781%
2023-04-21 16:44:57,380 - Epoch:88/100,Train Accuracy:50.04853820800781%
2023-04-21 16:44:59,201 - Epoch:89/100,Train Accuracy:50.05027389526367%
2023-04-21 16:45:01,026 - Epoch:90/100,Train Accuracy:50.05027389526367%
2023-04-21 16:45:02,849 - Epoch:91/100,Train Accuracy:50.052005767822266%
2023-04-21 16:45:04,676 - Epoch:92/100,Train Accuracy:50.05373764038086%
2023-04-21 16:45:06,487 - Epoch:93/100,Train Accuracy:50.05547332763672%
2023-04-21 16:45:08,300 - Epoch:94/100,Train Accuracy:50.05547332763672%
2023-04-21 16:45:10,135 - Epoch:95/100,Train Accuracy:50.05720520019531%
2023-04-21 16:45:11,957 - Epoch:96/100,Train Accuracy:50.060672760009766%
2023-04-21 16:45:13,767 - Epoch:97/100,Train Accuracy:50.062408447265625%
2023-04-21 16:45:15,618 - Epoch:98/100,Train Accuracy:50.062408447265625%
2023-04-21 16:45:17,436 - Epoch:99/100,Train Accuracy:50.06587219238281%
2023-04-21 16:45:26,152 - 
Test set: Avg. loss: 0.0109, Accuracy: 6263/12488 (50.15%)

2023-04-21 16:45:26,161 - fpr:[0.         0.99695708 1.        ],tpr:[0. 1. 1.],threshold:[2 1 0],auc:0.5015214606021781
2023-04-21 16:45:26,161 - This is for user1
2023-04-21 16:45:36,975 - Epoch:0/100,Train Accuracy:49.944034576416016%
2023-04-21 16:45:39,167 - Epoch:1/100,Train Accuracy:49.945472717285156%
2023-04-21 16:45:41,350 - Epoch:2/100,Train Accuracy:49.944034576416016%
2023-04-21 16:45:43,572 - Epoch:3/100,Train Accuracy:49.945472717285156%
2023-04-21 16:45:45,797 - Epoch:4/100,Train Accuracy:49.945472717285156%
2023-04-21 16:45:48,016 - Epoch:5/100,Train Accuracy:49.945472717285156%
2023-04-21 16:45:50,289 - Epoch:6/100,Train Accuracy:49.945472717285156%
2023-04-21 16:45:52,554 - Epoch:7/100,Train Accuracy:49.945472717285156%
2023-04-21 16:45:54,781 - Epoch:8/100,Train Accuracy:49.944034576416016%
2023-04-21 16:45:56,973 - Epoch:9/100,Train Accuracy:49.944034576416016%
2023-04-21 16:45:59,187 - Epoch:10/100,Train Accuracy:49.945472717285156%
2023-04-21 16:46:01,390 - Epoch:11/100,Train Accuracy:49.945472717285156%
2023-04-21 16:46:03,603 - Epoch:12/100,Train Accuracy:49.945472717285156%
2023-04-21 16:46:05,809 - Epoch:13/100,Train Accuracy:49.945472717285156%
2023-04-21 16:46:08,038 - Epoch:14/100,Train Accuracy:49.945472717285156%
2023-04-21 16:46:10,260 - Epoch:15/100,Train Accuracy:49.94690704345703%
2023-04-21 16:46:12,453 - Epoch:16/100,Train Accuracy:49.94690704345703%
2023-04-21 16:46:14,637 - Epoch:17/100,Train Accuracy:49.94690704345703%
2023-04-21 16:46:16,831 - Epoch:18/100,Train Accuracy:49.94690704345703%
2023-04-21 16:46:19,012 - Epoch:19/100,Train Accuracy:49.945472717285156%
2023-04-21 16:46:21,198 - Epoch:20/100,Train Accuracy:49.945472717285156%
2023-04-21 16:46:23,411 - Epoch:21/100,Train Accuracy:49.945472717285156%
2023-04-21 16:46:25,605 - Epoch:22/100,Train Accuracy:49.945472717285156%
2023-04-21 16:46:27,794 - Epoch:23/100,Train Accuracy:49.945472717285156%
2023-04-21 16:46:29,986 - Epoch:24/100,Train Accuracy:49.945472717285156%
2023-04-21 16:46:32,187 - Epoch:25/100,Train Accuracy:49.945472717285156%
2023-04-21 16:46:34,403 - Epoch:26/100,Train Accuracy:49.945472717285156%
2023-04-21 16:46:36,606 - Epoch:27/100,Train Accuracy:49.945472717285156%
2023-04-21 16:46:38,829 - Epoch:28/100,Train Accuracy:49.945472717285156%
2023-04-21 16:46:41,021 - Epoch:29/100,Train Accuracy:49.945472717285156%
2023-04-21 16:46:43,207 - Epoch:30/100,Train Accuracy:49.944034576416016%
2023-04-21 16:46:45,395 - Epoch:31/100,Train Accuracy:49.944034576416016%
2023-04-21 16:46:47,598 - Epoch:32/100,Train Accuracy:49.944034576416016%
2023-04-21 16:46:49,796 - Epoch:33/100,Train Accuracy:49.944034576416016%
2023-04-21 16:46:51,997 - Epoch:34/100,Train Accuracy:49.945472717285156%
2023-04-21 16:46:54,231 - Epoch:35/100,Train Accuracy:49.94690704345703%
2023-04-21 16:46:56,423 - Epoch:36/100,Train Accuracy:49.94690704345703%
2023-04-21 16:46:58,632 - Epoch:37/100,Train Accuracy:49.94690704345703%
2023-04-21 16:47:00,833 - Epoch:38/100,Train Accuracy:49.94690704345703%
2023-04-21 16:47:03,022 - Epoch:39/100,Train Accuracy:49.94690704345703%
2023-04-21 16:47:05,220 - Epoch:40/100,Train Accuracy:49.94690704345703%
2023-04-21 16:47:07,404 - Epoch:41/100,Train Accuracy:49.94690704345703%
2023-04-21 16:47:09,597 - Epoch:42/100,Train Accuracy:49.948341369628906%
2023-04-21 16:47:11,822 - Epoch:43/100,Train Accuracy:49.94690704345703%
2023-04-21 16:47:14,029 - Epoch:44/100,Train Accuracy:49.94690704345703%
2023-04-21 16:47:16,254 - Epoch:45/100,Train Accuracy:49.948341369628906%
2023-04-21 16:47:18,461 - Epoch:46/100,Train Accuracy:49.94690704345703%
2023-04-21 16:47:20,669 - Epoch:47/100,Train Accuracy:49.945472717285156%
2023-04-21 16:47:22,880 - Epoch:48/100,Train Accuracy:49.945472717285156%
2023-04-21 16:47:25,072 - Epoch:49/100,Train Accuracy:49.945472717285156%
2023-04-21 16:47:27,265 - Epoch:50/100,Train Accuracy:49.94690704345703%
2023-04-21 16:47:29,466 - Epoch:51/100,Train Accuracy:49.94690704345703%
2023-04-21 16:47:31,655 - Epoch:52/100,Train Accuracy:49.94690704345703%
2023-04-21 16:47:33,872 - Epoch:53/100,Train Accuracy:49.945472717285156%
2023-04-21 16:47:36,094 - Epoch:54/100,Train Accuracy:49.945472717285156%
2023-04-21 16:47:38,303 - Epoch:55/100,Train Accuracy:49.945472717285156%
2023-04-21 16:47:40,496 - Epoch:56/100,Train Accuracy:49.945472717285156%
2023-04-21 16:47:42,693 - Epoch:57/100,Train Accuracy:49.944034576416016%
2023-04-21 16:47:44,881 - Epoch:58/100,Train Accuracy:49.944034576416016%
2023-04-21 16:47:47,077 - Epoch:59/100,Train Accuracy:49.944034576416016%
2023-04-21 16:47:49,268 - Epoch:60/100,Train Accuracy:49.944034576416016%
2023-04-21 16:47:51,467 - Epoch:61/100,Train Accuracy:49.944034576416016%
2023-04-21 16:47:53,656 - Epoch:62/100,Train Accuracy:49.944034576416016%
2023-04-21 16:47:55,887 - Epoch:63/100,Train Accuracy:49.944034576416016%
2023-04-21 16:47:58,129 - Epoch:64/100,Train Accuracy:49.94260025024414%
2023-04-21 16:48:00,353 - Epoch:65/100,Train Accuracy:49.944034576416016%
2023-04-21 16:48:02,575 - Epoch:66/100,Train Accuracy:49.94260025024414%
2023-04-21 16:48:04,793 - Epoch:67/100,Train Accuracy:49.94260025024414%
2023-04-21 16:48:06,999 - Epoch:68/100,Train Accuracy:49.94260025024414%
2023-04-21 16:48:09,216 - Epoch:69/100,Train Accuracy:49.94260025024414%
2023-04-21 16:48:11,440 - Epoch:70/100,Train Accuracy:49.94260025024414%
2023-04-21 16:48:13,648 - Epoch:71/100,Train Accuracy:49.94260025024414%
2023-04-21 16:48:15,850 - Epoch:72/100,Train Accuracy:49.94260025024414%
2023-04-21 16:48:18,075 - Epoch:73/100,Train Accuracy:49.94260025024414%
2023-04-21 16:48:20,288 - Epoch:74/100,Train Accuracy:49.94260025024414%
2023-04-21 16:48:22,530 - Epoch:75/100,Train Accuracy:49.94260025024414%
2023-04-21 16:48:24,760 - Epoch:76/100,Train Accuracy:49.94260025024414%
2023-04-21 16:48:27,003 - Epoch:77/100,Train Accuracy:49.94260025024414%
2023-04-21 16:48:29,251 - Epoch:78/100,Train Accuracy:49.944034576416016%
2023-04-21 16:48:31,490 - Epoch:79/100,Train Accuracy:49.944034576416016%
2023-04-21 16:48:33,772 - Epoch:80/100,Train Accuracy:49.944034576416016%
2023-04-21 16:48:36,027 - Epoch:81/100,Train Accuracy:49.944034576416016%
2023-04-21 16:48:38,267 - Epoch:82/100,Train Accuracy:49.944034576416016%
2023-04-21 16:48:40,528 - Epoch:83/100,Train Accuracy:49.945472717285156%
2023-04-21 16:48:42,787 - Epoch:84/100,Train Accuracy:49.944034576416016%
2023-04-21 16:48:45,016 - Epoch:85/100,Train Accuracy:49.944034576416016%
2023-04-21 16:48:47,225 - Epoch:86/100,Train Accuracy:49.944034576416016%
2023-04-21 16:48:49,422 - Epoch:87/100,Train Accuracy:49.945472717285156%
2023-04-21 16:48:51,631 - Epoch:88/100,Train Accuracy:49.94690704345703%
2023-04-21 16:48:53,848 - Epoch:89/100,Train Accuracy:49.948341369628906%
2023-04-21 16:48:56,048 - Epoch:90/100,Train Accuracy:49.94690704345703%
2023-04-21 16:48:58,251 - Epoch:91/100,Train Accuracy:49.945472717285156%
2023-04-21 16:49:00,456 - Epoch:92/100,Train Accuracy:49.945472717285156%
2023-04-21 16:49:02,662 - Epoch:93/100,Train Accuracy:49.945472717285156%
2023-04-21 16:49:04,889 - Epoch:94/100,Train Accuracy:49.945472717285156%
2023-04-21 16:49:07,113 - Epoch:95/100,Train Accuracy:49.945472717285156%
2023-04-21 16:49:09,324 - Epoch:96/100,Train Accuracy:49.945472717285156%
2023-04-21 16:49:11,529 - Epoch:97/100,Train Accuracy:49.94690704345703%
2023-04-21 16:49:13,732 - Epoch:98/100,Train Accuracy:49.94690704345703%
2023-04-21 16:49:15,938 - Epoch:99/100,Train Accuracy:49.94690704345703%
2023-04-21 16:49:24,656 - 
Test set: Avg. loss: 0.0108, Accuracy: 7338/14718 (49.86%)

2023-04-21 16:49:24,666 - fpr:[0.         0.99809757 1.        ],tpr:[0.         0.99524392 1.        ],threshold:[2 1 0],auc:0.4985731757032206
2023-04-21 16:49:24,666 - This is for user2
2023-04-21 16:49:35,165 - Epoch:0/100,Train Accuracy:49.987545013427734%
2023-04-21 16:49:37,189 - Epoch:1/100,Train Accuracy:49.987545013427734%
2023-04-21 16:49:39,226 - Epoch:2/100,Train Accuracy:49.987545013427734%
2023-04-21 16:49:41,253 - Epoch:3/100,Train Accuracy:49.987545013427734%
2023-04-21 16:49:43,357 - Epoch:4/100,Train Accuracy:49.987545013427734%
2023-04-21 16:49:45,457 - Epoch:5/100,Train Accuracy:49.987545013427734%
2023-04-21 16:49:47,504 - Epoch:6/100,Train Accuracy:49.987545013427734%
2023-04-21 16:49:49,550 - Epoch:7/100,Train Accuracy:49.987545013427734%
2023-04-21 16:49:51,587 - Epoch:8/100,Train Accuracy:49.987545013427734%
2023-04-21 16:49:53,616 - Epoch:9/100,Train Accuracy:49.98598861694336%
2023-04-21 16:49:55,663 - Epoch:10/100,Train Accuracy:49.984432220458984%
2023-04-21 16:49:57,733 - Epoch:11/100,Train Accuracy:49.984432220458984%
2023-04-21 16:49:59,794 - Epoch:12/100,Train Accuracy:49.984432220458984%
2023-04-21 16:50:01,826 - Epoch:13/100,Train Accuracy:49.984432220458984%
2023-04-21 16:50:03,883 - Epoch:14/100,Train Accuracy:49.984432220458984%
2023-04-21 16:50:05,926 - Epoch:15/100,Train Accuracy:49.984432220458984%
2023-04-21 16:50:07,958 - Epoch:16/100,Train Accuracy:49.984432220458984%
2023-04-21 16:50:09,996 - Epoch:17/100,Train Accuracy:49.984432220458984%
2023-04-21 16:50:12,022 - Epoch:18/100,Train Accuracy:49.984432220458984%
2023-04-21 16:50:14,058 - Epoch:19/100,Train Accuracy:49.984432220458984%
2023-04-21 16:50:16,103 - Epoch:20/100,Train Accuracy:49.984432220458984%
2023-04-21 16:50:18,151 - Epoch:21/100,Train Accuracy:49.984432220458984%
2023-04-21 16:50:20,199 - Epoch:22/100,Train Accuracy:49.984432220458984%
2023-04-21 16:50:22,266 - Epoch:23/100,Train Accuracy:49.984432220458984%
2023-04-21 16:50:24,294 - Epoch:24/100,Train Accuracy:49.984432220458984%
2023-04-21 16:50:26,323 - Epoch:25/100,Train Accuracy:49.984432220458984%
2023-04-21 16:50:28,377 - Epoch:26/100,Train Accuracy:49.984432220458984%
2023-04-21 16:50:30,430 - Epoch:27/100,Train Accuracy:49.984432220458984%
2023-04-21 16:50:32,475 - Epoch:28/100,Train Accuracy:49.98287582397461%
2023-04-21 16:50:34,518 - Epoch:29/100,Train Accuracy:49.98287582397461%
2023-04-21 16:50:36,546 - Epoch:30/100,Train Accuracy:49.981319427490234%
2023-04-21 16:50:38,592 - Epoch:31/100,Train Accuracy:49.97976303100586%
2023-04-21 16:50:40,620 - Epoch:32/100,Train Accuracy:49.97976303100586%
2023-04-21 16:50:42,658 - Epoch:33/100,Train Accuracy:49.97976303100586%
2023-04-21 16:50:44,683 - Epoch:34/100,Train Accuracy:49.97976303100586%
2023-04-21 16:50:46,721 - Epoch:35/100,Train Accuracy:49.97976303100586%
2023-04-21 16:50:48,751 - Epoch:36/100,Train Accuracy:49.97976303100586%
2023-04-21 16:50:50,799 - Epoch:37/100,Train Accuracy:49.97820281982422%
2023-04-21 16:50:52,848 - Epoch:38/100,Train Accuracy:49.97820281982422%
2023-04-21 16:50:54,904 - Epoch:39/100,Train Accuracy:49.97820281982422%
2023-04-21 16:50:56,931 - Epoch:40/100,Train Accuracy:49.97820281982422%
2023-04-21 16:50:58,971 - Epoch:41/100,Train Accuracy:49.97820281982422%
2023-04-21 16:51:00,999 - Epoch:42/100,Train Accuracy:49.97820281982422%
2023-04-21 16:51:03,027 - Epoch:43/100,Train Accuracy:49.97820281982422%
2023-04-21 16:51:05,069 - Epoch:44/100,Train Accuracy:49.97820281982422%
2023-04-21 16:51:07,108 - Epoch:45/100,Train Accuracy:49.97976303100586%
2023-04-21 16:51:09,158 - Epoch:46/100,Train Accuracy:49.97976303100586%
2023-04-21 16:51:11,212 - Epoch:47/100,Train Accuracy:49.97976303100586%
2023-04-21 16:51:13,251 - Epoch:48/100,Train Accuracy:49.97976303100586%
2023-04-21 16:51:15,285 - Epoch:49/100,Train Accuracy:49.97976303100586%
2023-04-21 16:51:17,320 - Epoch:50/100,Train Accuracy:49.97976303100586%
2023-04-21 16:51:19,354 - Epoch:51/100,Train Accuracy:49.97976303100586%
2023-04-21 16:51:21,400 - Epoch:52/100,Train Accuracy:49.97976303100586%
2023-04-21 16:51:23,446 - Epoch:53/100,Train Accuracy:49.97976303100586%
2023-04-21 16:51:25,472 - Epoch:54/100,Train Accuracy:49.97976303100586%
2023-04-21 16:51:27,535 - Epoch:55/100,Train Accuracy:49.97976303100586%
2023-04-21 16:51:29,579 - Epoch:56/100,Train Accuracy:49.97976303100586%
2023-04-21 16:51:31,602 - Epoch:57/100,Train Accuracy:49.97976303100586%
2023-04-21 16:51:33,635 - Epoch:58/100,Train Accuracy:49.97976303100586%
2023-04-21 16:51:35,669 - Epoch:59/100,Train Accuracy:49.97976303100586%
2023-04-21 16:51:37,703 - Epoch:60/100,Train Accuracy:49.97976303100586%
2023-04-21 16:51:39,736 - Epoch:61/100,Train Accuracy:49.97976303100586%
2023-04-21 16:51:41,773 - Epoch:62/100,Train Accuracy:49.97820281982422%
2023-04-21 16:51:43,814 - Epoch:63/100,Train Accuracy:49.97820281982422%
2023-04-21 16:51:45,867 - Epoch:64/100,Train Accuracy:49.97820281982422%
2023-04-21 16:51:47,898 - Epoch:65/100,Train Accuracy:49.976646423339844%
2023-04-21 16:51:49,939 - Epoch:66/100,Train Accuracy:49.976646423339844%
2023-04-21 16:51:51,980 - Epoch:67/100,Train Accuracy:49.976646423339844%
2023-04-21 16:51:54,029 - Epoch:68/100,Train Accuracy:49.976646423339844%
2023-04-21 16:51:56,070 - Epoch:69/100,Train Accuracy:49.976646423339844%
2023-04-21 16:51:58,111 - Epoch:70/100,Train Accuracy:49.976646423339844%
2023-04-21 16:52:00,172 - Epoch:71/100,Train Accuracy:49.976646423339844%
2023-04-21 16:52:02,210 - Epoch:72/100,Train Accuracy:49.976646423339844%
2023-04-21 16:52:04,250 - Epoch:73/100,Train Accuracy:49.976646423339844%
2023-04-21 16:52:06,293 - Epoch:74/100,Train Accuracy:49.976646423339844%
2023-04-21 16:52:08,319 - Epoch:75/100,Train Accuracy:49.976646423339844%
2023-04-21 16:52:10,376 - Epoch:76/100,Train Accuracy:49.976646423339844%
2023-04-21 16:52:12,435 - Epoch:77/100,Train Accuracy:49.976646423339844%
2023-04-21 16:52:14,506 - Epoch:78/100,Train Accuracy:49.976646423339844%
2023-04-21 16:52:16,594 - Epoch:79/100,Train Accuracy:49.976646423339844%
2023-04-21 16:52:18,630 - Epoch:80/100,Train Accuracy:49.976646423339844%
2023-04-21 16:52:20,648 - Epoch:81/100,Train Accuracy:49.976646423339844%
2023-04-21 16:52:22,687 - Epoch:82/100,Train Accuracy:49.97509002685547%
2023-04-21 16:52:24,723 - Epoch:83/100,Train Accuracy:49.97509002685547%
2023-04-21 16:52:26,749 - Epoch:84/100,Train Accuracy:49.97509002685547%
2023-04-21 16:52:28,786 - Epoch:85/100,Train Accuracy:49.97509002685547%
2023-04-21 16:52:30,809 - Epoch:86/100,Train Accuracy:49.97509002685547%
2023-04-21 16:52:32,835 - Epoch:87/100,Train Accuracy:49.97509002685547%
2023-04-21 16:52:34,876 - Epoch:88/100,Train Accuracy:49.97509002685547%
2023-04-21 16:52:36,908 - Epoch:89/100,Train Accuracy:49.97509002685547%
2023-04-21 16:52:38,958 - Epoch:90/100,Train Accuracy:49.97509002685547%
2023-04-21 16:52:41,011 - Epoch:91/100,Train Accuracy:49.973533630371094%
2023-04-21 16:52:43,074 - Epoch:92/100,Train Accuracy:49.97197723388672%
2023-04-21 16:52:45,119 - Epoch:93/100,Train Accuracy:49.97197723388672%
2023-04-21 16:52:47,180 - Epoch:94/100,Train Accuracy:49.97197723388672%
2023-04-21 16:52:49,213 - Epoch:95/100,Train Accuracy:49.97197723388672%
2023-04-21 16:52:51,249 - Epoch:96/100,Train Accuracy:49.97197723388672%
2023-04-21 16:52:53,274 - Epoch:97/100,Train Accuracy:49.97197723388672%
2023-04-21 16:52:55,312 - Epoch:98/100,Train Accuracy:49.97197723388672%
2023-04-21 16:52:57,374 - Epoch:99/100,Train Accuracy:49.97197723388672%
2023-04-21 16:53:06,128 - 
Test set: Avg. loss: 0.0109, Accuracy: 6891/13804 (49.92%)

2023-04-21 16:53:06,137 - fpr:[0.        0.9979716 1.       ],tpr:[0.         0.99637786 1.        ],threshold:[2 1 0],auc:0.4992031295276731
2023-04-21 16:53:06,138 - This is for user3
2023-04-21 16:53:17,324 - Epoch:0/100,Train Accuracy:49.99778747558594%
2023-04-21 16:53:20,182 - Epoch:1/100,Train Accuracy:49.996681213378906%
2023-04-21 16:53:23,042 - Epoch:2/100,Train Accuracy:49.996681213378906%
2023-04-21 16:53:25,927 - Epoch:3/100,Train Accuracy:49.995574951171875%
2023-04-21 16:53:28,764 - Epoch:4/100,Train Accuracy:49.995574951171875%
2023-04-21 16:53:31,592 - Epoch:5/100,Train Accuracy:49.99336242675781%
2023-04-21 16:53:34,444 - Epoch:6/100,Train Accuracy:49.99336242675781%
2023-04-21 16:53:37,280 - Epoch:7/100,Train Accuracy:49.99336242675781%
2023-04-21 16:53:40,140 - Epoch:8/100,Train Accuracy:49.994468688964844%
2023-04-21 16:53:42,996 - Epoch:9/100,Train Accuracy:49.994468688964844%
2023-04-21 16:53:45,882 - Epoch:10/100,Train Accuracy:49.994468688964844%
2023-04-21 16:53:48,732 - Epoch:11/100,Train Accuracy:49.995574951171875%
2023-04-21 16:53:51,579 - Epoch:12/100,Train Accuracy:49.995574951171875%
2023-04-21 16:53:54,428 - Epoch:13/100,Train Accuracy:49.99889373779297%
2023-04-21 16:53:57,278 - Epoch:14/100,Train Accuracy:50.00110626220703%
2023-04-21 16:54:00,138 - Epoch:15/100,Train Accuracy:49.99889373779297%
2023-04-21 16:54:02,999 - Epoch:16/100,Train Accuracy:50.0%
2023-04-21 16:54:05,842 - Epoch:17/100,Train Accuracy:49.996681213378906%
2023-04-21 16:54:08,693 - Epoch:18/100,Train Accuracy:49.99778747558594%
2023-04-21 16:54:11,556 - Epoch:19/100,Train Accuracy:49.994468688964844%
2023-04-21 16:54:14,414 - Epoch:20/100,Train Accuracy:49.994468688964844%
2023-04-21 16:54:17,253 - Epoch:21/100,Train Accuracy:49.99336242675781%
2023-04-21 16:54:20,088 - Epoch:22/100,Train Accuracy:49.99114990234375%
2023-04-21 16:54:22,945 - Epoch:23/100,Train Accuracy:49.99225616455078%
2023-04-21 16:54:25,796 - Epoch:24/100,Train Accuracy:49.99336242675781%
2023-04-21 16:54:28,656 - Epoch:25/100,Train Accuracy:49.99225616455078%
2023-04-21 16:54:31,489 - Epoch:26/100,Train Accuracy:49.99225616455078%
2023-04-21 16:54:34,335 - Epoch:27/100,Train Accuracy:49.99336242675781%
2023-04-21 16:54:37,176 - Epoch:28/100,Train Accuracy:49.994468688964844%
2023-04-21 16:54:40,040 - Epoch:29/100,Train Accuracy:49.994468688964844%
2023-04-21 16:54:42,931 - Epoch:30/100,Train Accuracy:49.994468688964844%
2023-04-21 16:54:45,782 - Epoch:31/100,Train Accuracy:49.994468688964844%
2023-04-21 16:54:48,630 - Epoch:32/100,Train Accuracy:49.995574951171875%
2023-04-21 16:54:51,530 - Epoch:33/100,Train Accuracy:49.995574951171875%
2023-04-21 16:54:54,450 - Epoch:34/100,Train Accuracy:49.99778747558594%
2023-04-21 16:54:57,385 - Epoch:35/100,Train Accuracy:50.00110626220703%
2023-04-21 16:55:00,274 - Epoch:36/100,Train Accuracy:50.00221252441406%
2023-04-21 16:55:03,127 - Epoch:37/100,Train Accuracy:49.99778747558594%
2023-04-21 16:55:05,987 - Epoch:38/100,Train Accuracy:49.99889373779297%
2023-04-21 16:55:08,840 - Epoch:39/100,Train Accuracy:49.99778747558594%
2023-04-21 16:55:11,697 - Epoch:40/100,Train Accuracy:50.0%
2023-04-21 16:55:14,536 - Epoch:41/100,Train Accuracy:49.99778747558594%
2023-04-21 16:55:17,387 - Epoch:42/100,Train Accuracy:50.0%
2023-04-21 16:55:20,229 - Epoch:43/100,Train Accuracy:50.00110626220703%
2023-04-21 16:55:23,120 - Epoch:44/100,Train Accuracy:50.00221252441406%
2023-04-21 16:55:26,050 - Epoch:45/100,Train Accuracy:50.005531311035156%
2023-04-21 16:55:28,969 - Epoch:46/100,Train Accuracy:50.00221252441406%
2023-04-21 16:55:31,822 - Epoch:47/100,Train Accuracy:50.00885009765625%
2023-04-21 16:55:34,686 - Epoch:48/100,Train Accuracy:50.005531311035156%
2023-04-21 16:55:37,541 - Epoch:49/100,Train Accuracy:50.00885009765625%
2023-04-21 16:55:40,392 - Epoch:50/100,Train Accuracy:50.00995635986328%
2023-04-21 16:55:43,252 - Epoch:51/100,Train Accuracy:50.00995635986328%
2023-04-21 16:55:46,102 - Epoch:52/100,Train Accuracy:50.01106643676758%
2023-04-21 16:55:48,936 - Epoch:53/100,Train Accuracy:50.00995635986328%
2023-04-21 16:55:51,794 - Epoch:54/100,Train Accuracy:50.01106643676758%
2023-04-21 16:55:54,647 - Epoch:55/100,Train Accuracy:50.01106643676758%
2023-04-21 16:55:57,508 - Epoch:56/100,Train Accuracy:50.01327896118164%
2023-04-21 16:56:00,364 - Epoch:57/100,Train Accuracy:50.0154914855957%
2023-04-21 16:56:03,208 - Epoch:58/100,Train Accuracy:50.02212905883789%
2023-04-21 16:56:06,087 - Epoch:59/100,Train Accuracy:50.02323532104492%
2023-04-21 16:56:08,922 - Epoch:60/100,Train Accuracy:50.02212905883789%
2023-04-21 16:56:11,774 - Epoch:61/100,Train Accuracy:50.02434158325195%
2023-04-21 16:56:14,613 - Epoch:62/100,Train Accuracy:50.026554107666016%
2023-04-21 16:56:17,466 - Epoch:63/100,Train Accuracy:50.025447845458984%
2023-04-21 16:56:20,296 - Epoch:64/100,Train Accuracy:50.03097915649414%
2023-04-21 16:56:23,165 - Epoch:65/100,Train Accuracy:50.03097915649414%
2023-04-21 16:56:26,014 - Epoch:66/100,Train Accuracy:50.02876663208008%
2023-04-21 16:56:28,863 - Epoch:67/100,Train Accuracy:50.02876663208008%
2023-04-21 16:56:31,712 - Epoch:68/100,Train Accuracy:50.03097915649414%
2023-04-21 16:56:34,569 - Epoch:69/100,Train Accuracy:50.02766036987305%
2023-04-21 16:56:37,395 - Epoch:70/100,Train Accuracy:50.02766036987305%
2023-04-21 16:56:40,240 - Epoch:71/100,Train Accuracy:50.026554107666016%
2023-04-21 16:56:43,085 - Epoch:72/100,Train Accuracy:50.02987289428711%
2023-04-21 16:56:45,926 - Epoch:73/100,Train Accuracy:50.03097915649414%
2023-04-21 16:56:48,803 - Epoch:74/100,Train Accuracy:50.0343017578125%
2023-04-21 16:56:51,634 - Epoch:75/100,Train Accuracy:50.03319549560547%
2023-04-21 16:56:54,502 - Epoch:76/100,Train Accuracy:50.03540802001953%
2023-04-21 16:56:57,357 - Epoch:77/100,Train Accuracy:50.03540802001953%
2023-04-21 16:57:00,234 - Epoch:78/100,Train Accuracy:50.03319549560547%
2023-04-21 16:57:03,093 - Epoch:79/100,Train Accuracy:50.03319549560547%
2023-04-21 16:57:05,948 - Epoch:80/100,Train Accuracy:50.03540802001953%
2023-04-21 16:57:08,779 - Epoch:81/100,Train Accuracy:50.038726806640625%
2023-04-21 16:57:11,650 - Epoch:82/100,Train Accuracy:50.038726806640625%
2023-04-21 16:57:14,514 - Epoch:83/100,Train Accuracy:50.04093933105469%
2023-04-21 16:57:17,457 - Epoch:84/100,Train Accuracy:50.04315185546875%
2023-04-21 16:57:20,308 - Epoch:85/100,Train Accuracy:50.04425811767578%
2023-04-21 16:57:23,184 - Epoch:86/100,Train Accuracy:50.04425811767578%
2023-04-21 16:57:26,048 - Epoch:87/100,Train Accuracy:50.046470642089844%
2023-04-21 16:57:28,926 - Epoch:88/100,Train Accuracy:50.046470642089844%
2023-04-21 16:57:31,784 - Epoch:89/100,Train Accuracy:50.04978942871094%
2023-04-21 16:57:34,681 - Epoch:90/100,Train Accuracy:50.04978942871094%
2023-04-21 16:57:37,597 - Epoch:91/100,Train Accuracy:50.05421829223633%
2023-04-21 16:57:40,475 - Epoch:92/100,Train Accuracy:50.05753707885742%
2023-04-21 16:57:43,341 - Epoch:93/100,Train Accuracy:50.060855865478516%
2023-04-21 16:57:46,273 - Epoch:94/100,Train Accuracy:50.05864334106445%
2023-04-21 16:57:49,137 - Epoch:95/100,Train Accuracy:50.060855865478516%
2023-04-21 16:57:52,005 - Epoch:96/100,Train Accuracy:50.06196212768555%
2023-04-21 16:57:54,869 - Epoch:97/100,Train Accuracy:50.06306838989258%
2023-04-21 16:57:57,779 - Epoch:98/100,Train Accuracy:50.06638717651367%
2023-04-21 16:58:00,655 - Epoch:99/100,Train Accuracy:50.06638717651367%
2023-04-21 16:58:09,388 - 
Test set: Avg. loss: 0.0109, Accuracy: 9478/18820 (50.36%)

2023-04-21 16:58:09,400 - fpr:[0.         0.99171095 1.        ],tpr:[0.        0.9989373 1.       ],threshold:[2 1 0],auc:0.5036131774707757
2023-04-21 16:58:09,401 - This is for user4
2023-04-21 16:58:20,144 - Epoch:0/100,Train Accuracy:50.400211334228516%
2023-04-21 16:58:22,385 - Epoch:1/100,Train Accuracy:50.40312194824219%
2023-04-21 16:58:24,564 - Epoch:2/100,Train Accuracy:50.4118537902832%
2023-04-21 16:58:26,753 - Epoch:3/100,Train Accuracy:50.414764404296875%
2023-04-21 16:58:28,980 - Epoch:4/100,Train Accuracy:50.41621780395508%
2023-04-21 16:58:31,195 - Epoch:5/100,Train Accuracy:50.424949645996094%
2023-04-21 16:58:33,428 - Epoch:6/100,Train Accuracy:50.424949645996094%
2023-04-21 16:58:35,625 - Epoch:7/100,Train Accuracy:50.43368148803711%
2023-04-21 16:58:37,847 - Epoch:8/100,Train Accuracy:50.43804931640625%
2023-04-21 16:58:40,090 - Epoch:9/100,Train Accuracy:50.442413330078125%
2023-04-21 16:58:42,328 - Epoch:10/100,Train Accuracy:50.45114517211914%
2023-04-21 16:58:44,529 - Epoch:11/100,Train Accuracy:50.45405578613281%
2023-04-21 16:58:46,753 - Epoch:12/100,Train Accuracy:50.4642448425293%
2023-04-21 16:58:48,988 - Epoch:13/100,Train Accuracy:50.474430084228516%
2023-04-21 16:58:51,196 - Epoch:14/100,Train Accuracy:50.484619140625%
2023-04-21 16:58:53,383 - Epoch:15/100,Train Accuracy:50.49189376831055%
2023-04-21 16:58:55,583 - Epoch:16/100,Train Accuracy:50.506446838378906%
2023-04-21 16:58:57,831 - Epoch:17/100,Train Accuracy:50.51226806640625%
2023-04-21 16:59:00,052 - Epoch:18/100,Train Accuracy:50.51663589477539%
2023-04-21 16:59:02,304 - Epoch:19/100,Train Accuracy:50.520999908447266%
2023-04-21 16:59:04,487 - Epoch:20/100,Train Accuracy:50.52973175048828%
2023-04-21 16:59:06,677 - Epoch:21/100,Train Accuracy:50.53409957885742%
2023-04-21 16:59:08,852 - Epoch:22/100,Train Accuracy:50.5384635925293%
2023-04-21 16:59:11,028 - Epoch:23/100,Train Accuracy:50.54283142089844%
2023-04-21 16:59:13,197 - Epoch:24/100,Train Accuracy:50.54865264892578%
2023-04-21 16:59:15,378 - Epoch:25/100,Train Accuracy:50.550106048583984%
2023-04-21 16:59:17,571 - Epoch:26/100,Train Accuracy:50.5573844909668%
2023-04-21 16:59:19,752 - Epoch:27/100,Train Accuracy:50.56029510498047%
2023-04-21 16:59:21,932 - Epoch:28/100,Train Accuracy:50.558837890625%
2023-04-21 16:59:24,124 - Epoch:29/100,Train Accuracy:50.564659118652344%
2023-04-21 16:59:26,299 - Epoch:30/100,Train Accuracy:50.56320571899414%
2023-04-21 16:59:28,555 - Epoch:31/100,Train Accuracy:50.569026947021484%
2023-04-21 16:59:30,720 - Epoch:32/100,Train Accuracy:50.571937561035156%
2023-04-21 16:59:32,884 - Epoch:33/100,Train Accuracy:50.5792121887207%
2023-04-21 16:59:35,058 - Epoch:34/100,Train Accuracy:50.583580017089844%
2023-04-21 16:59:37,282 - Epoch:35/100,Train Accuracy:50.58503341674805%
2023-04-21 16:59:39,465 - Epoch:36/100,Train Accuracy:50.59231185913086%
2023-04-21 16:59:41,644 - Epoch:37/100,Train Accuracy:50.611228942871094%
2023-04-21 16:59:43,841 - Epoch:38/100,Train Accuracy:50.62287139892578%
2023-04-21 16:59:46,029 - Epoch:39/100,Train Accuracy:50.630149841308594%
2023-04-21 16:59:48,330 - Epoch:40/100,Train Accuracy:50.6316032409668%
2023-04-21 16:59:50,529 - Epoch:41/100,Train Accuracy:50.633060455322266%
2023-04-21 16:59:52,711 - Epoch:42/100,Train Accuracy:50.64033508300781%
2023-04-21 16:59:54,905 - Epoch:43/100,Train Accuracy:50.646156311035156%
2023-04-21 16:59:57,084 - Epoch:44/100,Train Accuracy:50.6505241394043%
2023-04-21 16:59:59,308 - Epoch:45/100,Train Accuracy:50.65925598144531%
2023-04-21 17:00:01,595 - Epoch:46/100,Train Accuracy:50.66653060913086%
2023-04-21 17:00:03,771 - Epoch:47/100,Train Accuracy:50.66798782348633%
2023-04-21 17:00:05,955 - Epoch:48/100,Train Accuracy:50.67380905151367%
2023-04-21 17:00:08,151 - Epoch:49/100,Train Accuracy:50.68108367919922%
2023-04-21 17:00:10,345 - Epoch:50/100,Train Accuracy:50.6912727355957%
2023-04-21 17:00:12,548 - Epoch:51/100,Train Accuracy:50.69709396362305%
2023-04-21 17:00:14,724 - Epoch:52/100,Train Accuracy:50.69854736328125%
2023-04-21 17:00:16,958 - Epoch:53/100,Train Accuracy:50.708736419677734%
2023-04-21 17:00:19,141 - Epoch:54/100,Train Accuracy:50.72911071777344%
2023-04-21 17:00:21,319 - Epoch:55/100,Train Accuracy:50.73784255981445%
2023-04-21 17:00:23,502 - Epoch:56/100,Train Accuracy:50.7451171875%
2023-04-21 17:00:25,684 - Epoch:57/100,Train Accuracy:50.750938415527344%
2023-04-21 17:00:27,886 - Epoch:58/100,Train Accuracy:50.75967025756836%
2023-04-21 17:00:30,065 - Epoch:59/100,Train Accuracy:50.76258087158203%
2023-04-21 17:00:32,238 - Epoch:60/100,Train Accuracy:50.76694869995117%
2023-04-21 17:00:34,468 - Epoch:61/100,Train Accuracy:50.772769927978516%
2023-04-21 17:00:36,644 - Epoch:62/100,Train Accuracy:50.77568054199219%
2023-04-21 17:00:38,857 - Epoch:63/100,Train Accuracy:50.7844123840332%
2023-04-21 17:00:41,041 - Epoch:64/100,Train Accuracy:50.79168701171875%
2023-04-21 17:00:43,254 - Epoch:65/100,Train Accuracy:50.804786682128906%
2023-04-21 17:00:45,442 - Epoch:66/100,Train Accuracy:50.80915069580078%
2023-04-21 17:00:47,631 - Epoch:67/100,Train Accuracy:50.80769729614258%
2023-04-21 17:00:49,833 - Epoch:68/100,Train Accuracy:50.816429138183594%
2023-04-21 17:00:52,029 - Epoch:69/100,Train Accuracy:50.819339752197266%
2023-04-21 17:00:54,252 - Epoch:70/100,Train Accuracy:50.82807159423828%
2023-04-21 17:00:56,431 - Epoch:71/100,Train Accuracy:50.8382568359375%
2023-04-21 17:00:58,644 - Epoch:72/100,Train Accuracy:50.84262466430664%
2023-04-21 17:01:00,869 - Epoch:73/100,Train Accuracy:50.85572052001953%
2023-04-21 17:01:03,036 - Epoch:74/100,Train Accuracy:50.862998962402344%
2023-04-21 17:01:05,289 - Epoch:75/100,Train Accuracy:50.87027359008789%
2023-04-21 17:01:07,496 - Epoch:76/100,Train Accuracy:50.8775520324707%
2023-04-21 17:01:09,730 - Epoch:77/100,Train Accuracy:50.879005432128906%
2023-04-21 17:01:11,926 - Epoch:78/100,Train Accuracy:50.88482666015625%
2023-04-21 17:01:14,144 - Epoch:79/100,Train Accuracy:50.890647888183594%
2023-04-21 17:01:16,363 - Epoch:80/100,Train Accuracy:50.897926330566406%
2023-04-21 17:01:18,586 - Epoch:81/100,Train Accuracy:50.89937973022461%
2023-04-21 17:01:20,825 - Epoch:82/100,Train Accuracy:50.90520095825195%
2023-04-21 17:01:23,050 - Epoch:83/100,Train Accuracy:50.91684341430664%
2023-04-21 17:01:25,271 - Epoch:84/100,Train Accuracy:50.925575256347656%
2023-04-21 17:01:27,507 - Epoch:85/100,Train Accuracy:50.92848587036133%
2023-04-21 17:01:29,744 - Epoch:86/100,Train Accuracy:50.93576431274414%
2023-04-21 17:01:31,967 - Epoch:87/100,Train Accuracy:50.94303894042969%
2023-04-21 17:01:34,207 - Epoch:88/100,Train Accuracy:50.94740676879883%
2023-04-21 17:01:36,424 - Epoch:89/100,Train Accuracy:50.959049224853516%
2023-04-21 17:01:38,662 - Epoch:90/100,Train Accuracy:50.96341323852539%
2023-04-21 17:01:40,888 - Epoch:91/100,Train Accuracy:50.96195983886719%
2023-04-21 17:01:43,143 - Epoch:92/100,Train Accuracy:50.969234466552734%
2023-04-21 17:01:45,374 - Epoch:93/100,Train Accuracy:50.97942352294922%
2023-04-21 17:01:47,599 - Epoch:94/100,Train Accuracy:50.98960876464844%
2023-04-21 17:01:49,828 - Epoch:95/100,Train Accuracy:51.001251220703125%
2023-04-21 17:01:52,029 - Epoch:96/100,Train Accuracy:51.00852966308594%
2023-04-21 17:01:54,291 - Epoch:97/100,Train Accuracy:51.01435089111328%
2023-04-21 17:01:56,502 - Epoch:98/100,Train Accuracy:51.02890396118164%
2023-04-21 17:01:58,745 - Epoch:99/100,Train Accuracy:51.03617858886719%
2023-04-21 17:02:07,692 - 
Test set: Avg. loss: 0.0109, Accuracy: 7470/14554 (51.33%)

2023-04-21 17:02:07,703 - fpr:[0.         0.97251615 1.        ],tpr:[0.         0.99903807 1.        ],threshold:[2 1 0],auc:0.513260959186478
2023-04-21 17:02:07,703 - This is for user5
2023-04-21 17:02:18,322 - Epoch:0/100,Train Accuracy:49.79115676879883%
2023-04-21 17:02:20,188 - Epoch:1/100,Train Accuracy:49.79288101196289%
2023-04-21 17:02:22,048 - Epoch:2/100,Train Accuracy:49.79460906982422%
2023-04-21 17:02:23,949 - Epoch:3/100,Train Accuracy:49.79460906982422%
2023-04-21 17:02:25,833 - Epoch:4/100,Train Accuracy:49.79460906982422%
2023-04-21 17:02:27,696 - Epoch:5/100,Train Accuracy:49.79460906982422%
2023-04-21 17:02:29,571 - Epoch:6/100,Train Accuracy:49.79288101196289%
2023-04-21 17:02:31,408 - Epoch:7/100,Train Accuracy:49.79288101196289%
2023-04-21 17:02:33,241 - Epoch:8/100,Train Accuracy:49.79288101196289%
2023-04-21 17:02:35,085 - Epoch:9/100,Train Accuracy:49.79288101196289%
2023-04-21 17:02:36,908 - Epoch:10/100,Train Accuracy:49.79115676879883%
2023-04-21 17:02:38,753 - Epoch:11/100,Train Accuracy:49.79115676879883%
2023-04-21 17:02:40,586 - Epoch:12/100,Train Accuracy:49.79115676879883%
2023-04-21 17:02:42,431 - Epoch:13/100,Train Accuracy:49.79115676879883%
2023-04-21 17:02:44,309 - Epoch:14/100,Train Accuracy:49.79115676879883%
2023-04-21 17:02:46,142 - Epoch:15/100,Train Accuracy:49.79115676879883%
2023-04-21 17:02:47,965 - Epoch:16/100,Train Accuracy:49.79115676879883%
2023-04-21 17:02:49,805 - Epoch:17/100,Train Accuracy:49.79288101196289%
2023-04-21 17:02:51,624 - Epoch:18/100,Train Accuracy:49.79460906982422%
2023-04-21 17:02:53,445 - Epoch:19/100,Train Accuracy:49.79460906982422%
2023-04-21 17:02:55,274 - Epoch:20/100,Train Accuracy:49.79460906982422%
2023-04-21 17:02:57,093 - Epoch:21/100,Train Accuracy:49.79460906982422%
2023-04-21 17:02:58,928 - Epoch:22/100,Train Accuracy:49.79460906982422%
2023-04-21 17:03:00,750 - Epoch:23/100,Train Accuracy:49.79633331298828%
2023-04-21 17:03:02,571 - Epoch:24/100,Train Accuracy:49.79288101196289%
2023-04-21 17:03:04,409 - Epoch:25/100,Train Accuracy:49.79288101196289%
2023-04-21 17:03:06,227 - Epoch:26/100,Train Accuracy:49.79288101196289%
2023-04-21 17:03:08,043 - Epoch:27/100,Train Accuracy:49.79288101196289%
2023-04-21 17:03:09,864 - Epoch:28/100,Train Accuracy:49.79288101196289%
2023-04-21 17:03:11,713 - Epoch:29/100,Train Accuracy:49.79288101196289%
2023-04-21 17:03:13,554 - Epoch:30/100,Train Accuracy:49.79288101196289%
2023-04-21 17:03:15,406 - Epoch:31/100,Train Accuracy:49.79288101196289%
2023-04-21 17:03:17,263 - Epoch:32/100,Train Accuracy:49.79288101196289%
2023-04-21 17:03:19,141 - Epoch:33/100,Train Accuracy:49.79288101196289%
2023-04-21 17:03:20,987 - Epoch:34/100,Train Accuracy:49.79460906982422%
2023-04-21 17:03:22,855 - Epoch:35/100,Train Accuracy:49.79633331298828%
2023-04-21 17:03:24,717 - Epoch:36/100,Train Accuracy:49.79633331298828%
2023-04-21 17:03:26,590 - Epoch:37/100,Train Accuracy:49.79633331298828%
2023-04-21 17:03:28,472 - Epoch:38/100,Train Accuracy:49.79633331298828%
2023-04-21 17:03:30,338 - Epoch:39/100,Train Accuracy:49.79633331298828%
2023-04-21 17:03:32,200 - Epoch:40/100,Train Accuracy:49.79633331298828%
2023-04-21 17:03:34,074 - Epoch:41/100,Train Accuracy:49.79633331298828%
2023-04-21 17:03:35,958 - Epoch:42/100,Train Accuracy:49.79633331298828%
2023-04-21 17:03:37,821 - Epoch:43/100,Train Accuracy:49.79633331298828%
2023-04-21 17:03:39,727 - Epoch:44/100,Train Accuracy:49.79806137084961%
2023-04-21 17:03:41,584 - Epoch:45/100,Train Accuracy:49.79633331298828%
2023-04-21 17:03:43,457 - Epoch:46/100,Train Accuracy:49.79633331298828%
2023-04-21 17:03:45,327 - Epoch:47/100,Train Accuracy:49.79633331298828%
2023-04-21 17:03:47,225 - Epoch:48/100,Train Accuracy:49.79633331298828%
2023-04-21 17:03:49,085 - Epoch:49/100,Train Accuracy:49.79633331298828%
2023-04-21 17:03:50,944 - Epoch:50/100,Train Accuracy:49.79633331298828%
2023-04-21 17:03:52,814 - Epoch:51/100,Train Accuracy:49.79633331298828%
2023-04-21 17:03:54,693 - Epoch:52/100,Train Accuracy:49.79633331298828%
2023-04-21 17:03:56,550 - Epoch:53/100,Train Accuracy:49.79460906982422%
2023-04-21 17:03:58,413 - Epoch:54/100,Train Accuracy:49.79460906982422%
2023-04-21 17:04:00,285 - Epoch:55/100,Train Accuracy:49.79633331298828%
2023-04-21 17:04:02,155 - Epoch:56/100,Train Accuracy:49.79633331298828%
2023-04-21 17:04:04,076 - Epoch:57/100,Train Accuracy:49.79633331298828%
2023-04-21 17:04:05,924 - Epoch:58/100,Train Accuracy:49.79633331298828%
2023-04-21 17:04:07,776 - Epoch:59/100,Train Accuracy:49.79633331298828%
2023-04-21 17:04:09,625 - Epoch:60/100,Train Accuracy:49.79633331298828%
