2023-04-21 09:43:27,411 - lr:0.01,weight_decay:0.01,batch_size:40
2023-04-21 09:43:27,412 - CZHNet(
  (linear1): Linear(in_features=33, out_features=64, bias=True)
  (linear2): Linear(in_features=64, out_features=64, bias=True)
  (linear3): Linear(in_features=64, out_features=64, bias=True)
  (linear4): Linear(in_features=64, out_features=64, bias=True)
  (linear5): Linear(in_features=64, out_features=64, bias=True)
  (linear6): Linear(in_features=64, out_features=64, bias=True)
  (linear7): Linear(in_features=64, out_features=64, bias=True)
  (linear8): Linear(in_features=64, out_features=2, bias=True)
  (relu): ReLU()
)
2023-04-21 09:43:27,412 - This is for user0
2023-04-21 09:43:38,417 - Epoch:0/100,Train Accuracy:57.62576675415039%
2023-04-21 09:43:40,444 - Epoch:1/100,Train Accuracy:58.917240142822266%
2023-04-21 09:43:42,552 - Epoch:2/100,Train Accuracy:58.96231460571289%
2023-04-21 09:43:44,596 - Epoch:3/100,Train Accuracy:59.17900466918945%
2023-04-21 09:43:46,812 - Epoch:4/100,Train Accuracy:59.65052032470703%
2023-04-21 09:43:49,186 - Epoch:5/100,Train Accuracy:59.78400421142578%
2023-04-21 09:43:51,551 - Epoch:6/100,Train Accuracy:59.8568115234375%
2023-04-21 09:43:53,967 - Epoch:7/100,Train Accuracy:60.2191162109375%
2023-04-21 09:43:56,392 - Epoch:8/100,Train Accuracy:60.104705810546875%
2023-04-21 09:43:58,807 - Epoch:9/100,Train Accuracy:60.253787994384766%
2023-04-21 09:44:01,268 - Epoch:10/100,Train Accuracy:60.3577995300293%
2023-04-21 09:44:03,787 - Epoch:11/100,Train Accuracy:60.10817337036133%
2023-04-21 09:44:06,229 - Epoch:12/100,Train Accuracy:60.555419921875%
2023-04-21 09:44:08,600 - Epoch:13/100,Train Accuracy:60.53288650512695%
2023-04-21 09:44:11,006 - Epoch:14/100,Train Accuracy:60.78251266479492%
2023-04-21 09:44:13,410 - Epoch:15/100,Train Accuracy:60.70450210571289%
2023-04-21 09:44:15,806 - Epoch:16/100,Train Accuracy:60.794647216796875%
2023-04-21 09:44:18,225 - Epoch:17/100,Train Accuracy:60.68716812133789%
2023-04-21 09:44:20,589 - Epoch:18/100,Train Accuracy:60.85358810424805%
2023-04-21 09:44:22,995 - Epoch:19/100,Train Accuracy:60.83451843261719%
2023-04-21 09:44:25,359 - Epoch:20/100,Train Accuracy:60.598758697509766%
2023-04-21 09:44:27,737 - Epoch:21/100,Train Accuracy:60.91079330444336%
2023-04-21 09:44:30,137 - Epoch:22/100,Train Accuracy:60.7443733215332%
2023-04-21 09:44:32,532 - Epoch:23/100,Train Accuracy:60.83278274536133%
2023-04-21 09:44:34,928 - Epoch:24/100,Train Accuracy:61.05120849609375%
2023-04-21 09:44:37,324 - Epoch:25/100,Train Accuracy:60.93333053588867%
2023-04-21 09:44:39,724 - Epoch:26/100,Train Accuracy:61.148284912109375%
2023-04-21 09:44:42,156 - Epoch:27/100,Train Accuracy:61.10668182373047%
2023-04-21 09:44:44,577 - Epoch:28/100,Train Accuracy:61.11881637573242%
2023-04-21 09:44:46,985 - Epoch:29/100,Train Accuracy:61.09627914428711%
2023-04-21 09:44:49,383 - Epoch:30/100,Train Accuracy:61.15522003173828%
2023-04-21 09:44:51,799 - Epoch:31/100,Train Accuracy:61.177757263183594%
2023-04-21 09:44:54,229 - Epoch:32/100,Train Accuracy:60.90385818481445%
2023-04-21 09:44:56,631 - Epoch:33/100,Train Accuracy:60.77210998535156%
2023-04-21 09:44:59,026 - Epoch:34/100,Train Accuracy:61.07374572753906%
2023-04-21 09:45:01,420 - Epoch:35/100,Train Accuracy:61.08241271972656%
2023-04-21 09:45:03,803 - Epoch:36/100,Train Accuracy:60.94199752807617%
2023-04-21 09:45:06,185 - Epoch:37/100,Train Accuracy:60.81024932861328%
2023-04-21 09:45:08,591 - Epoch:38/100,Train Accuracy:60.67503356933594%
2023-04-21 09:45:10,977 - Epoch:39/100,Train Accuracy:60.82758331298828%
2023-04-21 09:45:13,386 - Epoch:40/100,Train Accuracy:60.68716812133789%
2023-04-21 09:45:15,789 - Epoch:41/100,Train Accuracy:61.00613784790039%
2023-04-21 09:45:18,174 - Epoch:42/100,Train Accuracy:60.99747085571289%
2023-04-21 09:45:20,551 - Epoch:43/100,Train Accuracy:60.97840118408203%
2023-04-21 09:45:22,953 - Epoch:44/100,Train Accuracy:61.13788604736328%
2023-04-21 09:45:25,343 - Epoch:45/100,Train Accuracy:60.971466064453125%
2023-04-21 09:45:27,716 - Epoch:46/100,Train Accuracy:60.616092681884766%
2023-04-21 09:45:30,090 - Epoch:47/100,Train Accuracy:60.66116714477539%
2023-04-21 09:45:32,481 - Epoch:48/100,Train Accuracy:60.85185241699219%
2023-04-21 09:45:34,883 - Epoch:49/100,Train Accuracy:61.02000427246094%
2023-04-21 09:45:37,269 - Epoch:50/100,Train Accuracy:61.02000427246094%
2023-04-21 09:45:39,639 - Epoch:51/100,Train Accuracy:60.924659729003906%
2023-04-21 09:45:42,015 - Epoch:52/100,Train Accuracy:60.831050872802734%
2023-04-21 09:45:44,392 - Epoch:53/100,Train Accuracy:61.00613784790039%
2023-04-21 09:45:46,764 - Epoch:54/100,Train Accuracy:61.17082214355469%
2023-04-21 09:45:49,146 - Epoch:55/100,Train Accuracy:61.16388702392578%
2023-04-21 09:45:51,524 - Epoch:56/100,Train Accuracy:61.195091247558594%
2023-04-21 09:45:53,901 - Epoch:57/100,Train Accuracy:60.857051849365234%
2023-04-21 09:45:56,269 - Epoch:58/100,Train Accuracy:61.0893440246582%
2023-04-21 09:45:58,659 - Epoch:59/100,Train Accuracy:61.3927116394043%
2023-04-21 09:46:01,044 - Epoch:60/100,Train Accuracy:60.94719696044922%
2023-04-21 09:46:03,430 - Epoch:61/100,Train Accuracy:61.30603790283203%
2023-04-21 09:46:05,825 - Epoch:62/100,Train Accuracy:61.15175247192383%
2023-04-21 09:46:08,224 - Epoch:63/100,Train Accuracy:60.69757080078125%
2023-04-21 09:46:10,599 - Epoch:64/100,Train Accuracy:61.380577087402344%
2023-04-21 09:46:12,990 - Epoch:65/100,Train Accuracy:61.177757263183594%
2023-04-21 09:46:15,369 - Epoch:66/100,Train Accuracy:60.95933151245117%
2023-04-21 09:46:17,751 - Epoch:67/100,Train Accuracy:61.195091247558594%
2023-04-21 09:46:20,128 - Epoch:68/100,Train Accuracy:61.129215240478516%
2023-04-21 09:46:22,511 - Epoch:69/100,Train Accuracy:61.0564079284668%
2023-04-21 09:46:24,938 - Epoch:70/100,Train Accuracy:61.354576110839844%
2023-04-21 09:46:27,340 - Epoch:71/100,Train Accuracy:61.212425231933594%
2023-04-21 09:46:29,738 - Epoch:72/100,Train Accuracy:61.52619171142578%
2023-04-21 09:46:32,169 - Epoch:73/100,Train Accuracy:61.10668182373047%
2023-04-21 09:46:34,547 - Epoch:74/100,Train Accuracy:61.25749588012695%
2023-04-21 09:46:36,917 - Epoch:75/100,Train Accuracy:60.97319793701172%
2023-04-21 09:46:39,297 - Epoch:76/100,Train Accuracy:61.02000427246094%
2023-04-21 09:46:41,673 - Epoch:77/100,Train Accuracy:61.23322677612305%
2023-04-21 09:46:44,045 - Epoch:78/100,Train Accuracy:60.777313232421875%
2023-04-21 09:46:46,428 - Epoch:79/100,Train Accuracy:61.07027816772461%
2023-04-21 09:46:48,801 - Epoch:80/100,Train Accuracy:61.03387451171875%
2023-04-21 09:46:51,189 - Epoch:81/100,Train Accuracy:61.20549011230469%
2023-04-21 09:46:53,565 - Epoch:82/100,Train Accuracy:60.76864242553711%
2023-04-21 09:46:55,933 - Epoch:83/100,Train Accuracy:60.87785720825195%
2023-04-21 09:46:58,305 - Epoch:84/100,Train Accuracy:60.88825607299805%
2023-04-21 09:47:00,696 - Epoch:85/100,Train Accuracy:60.91252517700195%
2023-04-21 09:47:03,089 - Epoch:86/100,Train Accuracy:61.20722579956055%
2023-04-21 09:47:05,498 - Epoch:87/100,Train Accuracy:61.30430221557617%
2023-04-21 09:47:07,883 - Epoch:88/100,Train Accuracy:60.75997543334961%
2023-04-21 09:47:10,270 - Epoch:89/100,Train Accuracy:61.290435791015625%
2023-04-21 09:47:12,666 - Epoch:90/100,Train Accuracy:61.177757263183594%
2023-04-21 09:47:15,063 - Epoch:91/100,Train Accuracy:60.90385818481445%
2023-04-21 09:47:17,470 - Epoch:92/100,Train Accuracy:60.876121520996094%
2023-04-21 09:47:19,875 - Epoch:93/100,Train Accuracy:61.0390739440918%
2023-04-21 09:47:22,274 - Epoch:94/100,Train Accuracy:61.14481735229492%
2023-04-21 09:47:24,646 - Epoch:95/100,Train Accuracy:61.13788604736328%
2023-04-21 09:47:27,029 - Epoch:96/100,Train Accuracy:60.907325744628906%
2023-04-21 09:47:29,419 - Epoch:97/100,Train Accuracy:61.21416091918945%
2023-04-21 09:47:31,813 - Epoch:98/100,Train Accuracy:60.49127960205078%
2023-04-21 09:47:34,201 - Epoch:99/100,Train Accuracy:61.14481735229492%
2023-04-21 09:47:43,100 - 
Test set: Avg. loss: 0.0168, Accuracy: 7428/12488 (59.48%)

2023-04-21 09:47:43,110 - fpr:[0.         0.48190263 1.        ],tpr:[0.         0.67152466 1.        ],threshold:[2 1 0],auc:0.5948110185778348
2023-04-21 09:47:43,110 - This is for user1
2023-04-21 09:47:54,673 - Epoch:0/100,Train Accuracy:55.29933547973633%
2023-04-21 09:47:57,546 - Epoch:1/100,Train Accuracy:58.05877685546875%
2023-04-21 09:48:00,425 - Epoch:2/100,Train Accuracy:58.347206115722656%
2023-04-21 09:48:03,303 - Epoch:3/100,Train Accuracy:58.74899673461914%
2023-04-21 09:48:06,213 - Epoch:4/100,Train Accuracy:58.881011962890625%
2023-04-21 09:48:09,097 - Epoch:5/100,Train Accuracy:59.1235237121582%
2023-04-21 09:48:11,985 - Epoch:6/100,Train Accuracy:59.368900299072266%
2023-04-21 09:48:14,897 - Epoch:7/100,Train Accuracy:59.41482162475586%
2023-04-21 09:48:17,784 - Epoch:8/100,Train Accuracy:59.12782669067383%
2023-04-21 09:48:20,683 - Epoch:9/100,Train Accuracy:59.645851135253906%
2023-04-21 09:48:23,578 - Epoch:10/100,Train Accuracy:59.373207092285156%
2023-04-21 09:48:26,466 - Epoch:11/100,Train Accuracy:59.357421875%
2023-04-21 09:48:29,369 - Epoch:12/100,Train Accuracy:59.493743896484375%
2023-04-21 09:48:32,271 - Epoch:13/100,Train Accuracy:59.84817886352539%
2023-04-21 09:48:35,169 - Epoch:14/100,Train Accuracy:59.62002182006836%
2023-04-21 09:48:38,052 - Epoch:15/100,Train Accuracy:59.63006591796875%
2023-04-21 09:48:40,947 - Epoch:16/100,Train Accuracy:59.5210075378418%
2023-04-21 09:48:43,839 - Epoch:17/100,Train Accuracy:59.5339241027832%
2023-04-21 09:48:46,750 - Epoch:18/100,Train Accuracy:59.51670455932617%
2023-04-21 09:48:49,639 - Epoch:19/100,Train Accuracy:59.61571502685547%
2023-04-21 09:48:52,528 - Epoch:20/100,Train Accuracy:59.71759796142578%
2023-04-21 09:48:55,422 - Epoch:21/100,Train Accuracy:59.419124603271484%
2023-04-21 09:48:58,332 - Epoch:22/100,Train Accuracy:59.46360778808594%
2023-04-21 09:49:01,251 - Epoch:23/100,Train Accuracy:59.66450500488281%
2023-04-21 09:49:04,155 - Epoch:24/100,Train Accuracy:59.66019821166992%
2023-04-21 09:49:07,070 - Epoch:25/100,Train Accuracy:59.635807037353516%
2023-04-21 09:49:09,974 - Epoch:26/100,Train Accuracy:59.373207092285156%
2023-04-21 09:49:12,886 - Epoch:27/100,Train Accuracy:59.43777847290039%
2023-04-21 09:49:15,801 - Epoch:28/100,Train Accuracy:59.48800277709961%
2023-04-21 09:49:18,712 - Epoch:29/100,Train Accuracy:59.26271438598633%
2023-04-21 09:49:21,628 - Epoch:30/100,Train Accuracy:59.74055862426758%
2023-04-21 09:49:24,538 - Epoch:31/100,Train Accuracy:59.443519592285156%
2023-04-21 09:49:27,437 - Epoch:32/100,Train Accuracy:59.45930480957031%
2023-04-21 09:49:30,352 - Epoch:33/100,Train Accuracy:59.40047073364258%
2023-04-21 09:49:33,258 - Epoch:34/100,Train Accuracy:59.71042251586914%
2023-04-21 09:49:36,148 - Epoch:35/100,Train Accuracy:59.70037841796875%
2023-04-21 09:49:39,063 - Epoch:36/100,Train Accuracy:59.69320297241211%
2023-04-21 09:49:41,983 - Epoch:37/100,Train Accuracy:59.38325119018555%
2023-04-21 09:49:44,896 - Epoch:38/100,Train Accuracy:59.46217346191406%
2023-04-21 09:49:47,809 - Epoch:39/100,Train Accuracy:59.48800277709961%
2023-04-21 09:49:50,730 - Epoch:40/100,Train Accuracy:59.43490982055664%
2023-04-21 09:49:53,690 - Epoch:41/100,Train Accuracy:59.31293869018555%
2023-04-21 09:49:56,662 - Epoch:42/100,Train Accuracy:59.4693489074707%
2023-04-21 09:49:59,587 - Epoch:43/100,Train Accuracy:59.84961700439453%
2023-04-21 09:50:02,514 - Epoch:44/100,Train Accuracy:59.7391242980957%
2023-04-21 09:50:05,431 - Epoch:45/100,Train Accuracy:59.4693489074707%
2023-04-21 09:50:08,351 - Epoch:46/100,Train Accuracy:59.44208526611328%
2023-04-21 09:50:11,268 - Epoch:47/100,Train Accuracy:59.66019821166992%
2023-04-21 09:50:14,180 - Epoch:48/100,Train Accuracy:59.543968200683594%
2023-04-21 09:50:17,104 - Epoch:49/100,Train Accuracy:59.691768646240234%
2023-04-21 09:50:20,027 - Epoch:50/100,Train Accuracy:59.42055892944336%
2023-04-21 09:50:22,940 - Epoch:51/100,Train Accuracy:59.57984161376953%
2023-04-21 09:50:25,870 - Epoch:52/100,Train Accuracy:59.40333938598633%
2023-04-21 09:50:28,822 - Epoch:53/100,Train Accuracy:59.43490982055664%
2023-04-21 09:50:31,736 - Epoch:54/100,Train Accuracy:59.157962799072266%
2023-04-21 09:50:34,654 - Epoch:55/100,Train Accuracy:59.566925048828125%
2023-04-21 09:50:37,573 - Epoch:56/100,Train Accuracy:59.55544662475586%
2023-04-21 09:50:40,532 - Epoch:57/100,Train Accuracy:59.45930480957031%
2023-04-21 09:50:43,436 - Epoch:58/100,Train Accuracy:59.498046875%
2023-04-21 09:50:46,359 - Epoch:59/100,Train Accuracy:59.26128005981445%
2023-04-21 09:50:49,267 - Epoch:60/100,Train Accuracy:59.628631591796875%
2023-04-21 09:50:52,194 - Epoch:61/100,Train Accuracy:59.65446090698242%
2023-04-21 09:50:55,121 - Epoch:62/100,Train Accuracy:59.546836853027344%
2023-04-21 09:50:58,042 - Epoch:63/100,Train Accuracy:59.88118362426758%
2023-04-21 09:51:00,933 - Epoch:64/100,Train Accuracy:59.54540252685547%
2023-04-21 09:51:03,823 - Epoch:65/100,Train Accuracy:59.78504180908203%
2023-04-21 09:51:06,717 - Epoch:66/100,Train Accuracy:59.93714904785156%
2023-04-21 09:51:09,612 - Epoch:67/100,Train Accuracy:59.490875244140625%
2023-04-21 09:51:12,528 - Epoch:68/100,Train Accuracy:59.41482162475586%
2023-04-21 09:51:15,420 - Epoch:69/100,Train Accuracy:59.34307098388672%
2023-04-21 09:51:18,346 - Epoch:70/100,Train Accuracy:59.786476135253906%
2023-04-21 09:51:21,249 - Epoch:71/100,Train Accuracy:59.54540252685547%
2023-04-21 09:51:24,143 - Epoch:72/100,Train Accuracy:59.80226135253906%
2023-04-21 09:51:27,043 - Epoch:73/100,Train Accuracy:59.749168395996094%
2023-04-21 09:51:29,936 - Epoch:74/100,Train Accuracy:59.58271026611328%
2023-04-21 09:51:32,816 - Epoch:75/100,Train Accuracy:59.36029052734375%
2023-04-21 09:51:35,713 - Epoch:76/100,Train Accuracy:59.41338348388672%
2023-04-21 09:51:38,611 - Epoch:77/100,Train Accuracy:59.79939270019531%
2023-04-21 09:51:41,517 - Epoch:78/100,Train Accuracy:59.694637298583984%
2023-04-21 09:51:44,411 - Epoch:79/100,Train Accuracy:59.8094367980957%
2023-04-21 09:51:47,313 - Epoch:80/100,Train Accuracy:59.964412689208984%
2023-04-21 09:51:50,221 - Epoch:81/100,Train Accuracy:59.48800277709961%
2023-04-21 09:51:53,146 - Epoch:82/100,Train Accuracy:59.4693489074707%
2023-04-21 09:51:56,084 - Epoch:83/100,Train Accuracy:59.65446090698242%
2023-04-21 09:51:58,998 - Epoch:84/100,Train Accuracy:59.78791046142578%
2023-04-21 09:52:01,932 - Epoch:85/100,Train Accuracy:59.78504180908203%
2023-04-21 09:52:04,827 - Epoch:86/100,Train Accuracy:59.56549072265625%
2023-04-21 09:52:07,718 - Epoch:87/100,Train Accuracy:59.651588439941406%
2023-04-21 09:52:10,612 - Epoch:88/100,Train Accuracy:59.02737808227539%
2023-04-21 09:52:13,523 - Epoch:89/100,Train Accuracy:59.54253387451172%
2023-04-21 09:52:16,420 - Epoch:90/100,Train Accuracy:59.546836853027344%
2023-04-21 09:52:19,326 - Epoch:91/100,Train Accuracy:59.18379211425781%
2023-04-21 09:52:22,205 - Epoch:92/100,Train Accuracy:59.71472930908203%
2023-04-21 09:52:25,094 - Epoch:93/100,Train Accuracy:59.87113952636719%
2023-04-21 09:52:28,019 - Epoch:94/100,Train Accuracy:59.94575881958008%
2023-04-21 09:52:30,958 - Epoch:95/100,Train Accuracy:59.74342727661133%
2023-04-21 09:52:33,866 - Epoch:96/100,Train Accuracy:59.66880798339844%
2023-04-21 09:52:36,775 - Epoch:97/100,Train Accuracy:59.80226135253906%
2023-04-21 09:52:39,673 - Epoch:98/100,Train Accuracy:59.984500885009766%
2023-04-21 09:52:42,572 - Epoch:99/100,Train Accuracy:60.031856536865234%
2023-04-21 09:52:51,471 - 
Test set: Avg. loss: 0.0167, Accuracy: 8560/14718 (58.16%)

2023-04-21 09:52:51,482 - fpr:[0.         0.21782851 1.        ],tpr:[0.         0.38103003 1.        ],threshold:[2 1 0],auc:0.5816007609729582
2023-04-21 09:52:51,482 - This is for user2
2023-04-21 09:53:02,829 - Epoch:0/100,Train Accuracy:52.21845245361328%
2023-04-21 09:53:05,499 - Epoch:1/100,Train Accuracy:54.19404220581055%
2023-04-21 09:53:08,171 - Epoch:2/100,Train Accuracy:54.527198791503906%
2023-04-21 09:53:10,832 - Epoch:3/100,Train Accuracy:54.268768310546875%
2023-04-21 09:53:13,511 - Epoch:4/100,Train Accuracy:54.494503021240234%
2023-04-21 09:53:16,157 - Epoch:5/100,Train Accuracy:54.701560974121094%
2023-04-21 09:53:18,826 - Epoch:6/100,Train Accuracy:54.78562927246094%
2023-04-21 09:53:21,500 - Epoch:7/100,Train Accuracy:54.8043098449707%
2023-04-21 09:53:24,163 - Epoch:8/100,Train Accuracy:54.619049072265625%
2023-04-21 09:53:26,825 - Epoch:9/100,Train Accuracy:55.05651092529297%
2023-04-21 09:53:29,488 - Epoch:10/100,Train Accuracy:54.5707893371582%
2023-04-21 09:53:32,135 - Epoch:11/100,Train Accuracy:55.36631774902344%
2023-04-21 09:53:34,797 - Epoch:12/100,Train Accuracy:54.84478759765625%
2023-04-21 09:53:37,461 - Epoch:13/100,Train Accuracy:54.13176727294922%
2023-04-21 09:53:40,132 - Epoch:14/100,Train Accuracy:54.51007080078125%
2023-04-21 09:53:42,810 - Epoch:15/100,Train Accuracy:54.33882522583008%
2023-04-21 09:53:45,486 - Epoch:16/100,Train Accuracy:54.50384521484375%
2023-04-21 09:53:48,170 - Epoch:17/100,Train Accuracy:54.30768585205078%
2023-04-21 09:53:50,881 - Epoch:18/100,Train Accuracy:54.48983383178711%
2023-04-21 09:53:53,547 - Epoch:19/100,Train Accuracy:54.44624328613281%
2023-04-21 09:53:56,220 - Epoch:20/100,Train Accuracy:55.0051383972168%
2023-04-21 09:53:58,892 - Epoch:21/100,Train Accuracy:54.41510772705078%
2023-04-21 09:54:01,565 - Epoch:22/100,Train Accuracy:54.90238952636719%
2023-04-21 09:54:04,264 - Epoch:23/100,Train Accuracy:54.77317428588867%
2023-04-21 09:54:06,984 - Epoch:24/100,Train Accuracy:54.4369010925293%
2023-04-21 09:54:09,672 - Epoch:25/100,Train Accuracy:54.87281036376953%
2023-04-21 09:54:12,344 - Epoch:26/100,Train Accuracy:54.72024154663086%
2023-04-21 09:54:15,045 - Epoch:27/100,Train Accuracy:54.416664123535156%
2023-04-21 09:54:17,733 - Epoch:28/100,Train Accuracy:54.78251266479492%
2023-04-21 09:54:20,394 - Epoch:29/100,Train Accuracy:55.058067321777344%
2023-04-21 09:54:23,048 - Epoch:30/100,Train Accuracy:55.204410552978516%
2023-04-21 09:54:25,694 - Epoch:31/100,Train Accuracy:54.91017150878906%
2023-04-21 09:54:28,346 - Epoch:32/100,Train Accuracy:54.477378845214844%
2023-04-21 09:54:31,016 - Epoch:33/100,Train Accuracy:54.9179573059082%
2023-04-21 09:54:33,665 - Epoch:34/100,Train Accuracy:54.647071838378906%
2023-04-21 09:54:36,313 - Epoch:35/100,Train Accuracy:54.732696533203125%
2023-04-21 09:54:38,977 - Epoch:36/100,Train Accuracy:54.5707893371582%
2023-04-21 09:54:41,638 - Epoch:37/100,Train Accuracy:54.746707916259766%
2023-04-21 09:54:44,305 - Epoch:38/100,Train Accuracy:55.059627532958984%
2023-04-21 09:54:46,988 - Epoch:39/100,Train Accuracy:54.66108322143555%
2023-04-21 09:54:49,656 - Epoch:40/100,Train Accuracy:54.704673767089844%
2023-04-21 09:54:52,330 - Epoch:41/100,Train Accuracy:55.0051383972168%
2023-04-21 09:54:54,989 - Epoch:42/100,Train Accuracy:54.44468688964844%
2023-04-21 09:54:57,641 - Epoch:43/100,Train Accuracy:54.68132019042969%
2023-04-21 09:55:00,297 - Epoch:44/100,Train Accuracy:54.941307067871094%
2023-04-21 09:55:02,985 - Epoch:45/100,Train Accuracy:55.08453369140625%
2023-04-21 09:55:05,655 - Epoch:46/100,Train Accuracy:54.986454010009766%
2023-04-21 09:55:08,319 - Epoch:47/100,Train Accuracy:54.52564239501953%
2023-04-21 09:55:10,987 - Epoch:48/100,Train Accuracy:54.85879898071289%
2023-04-21 09:55:13,645 - Epoch:49/100,Train Accuracy:54.88526153564453%
2023-04-21 09:55:16,306 - Epoch:50/100,Train Accuracy:54.90550231933594%
2023-04-21 09:55:18,968 - Epoch:51/100,Train Accuracy:54.55522155761719%
2023-04-21 09:55:21,619 - Epoch:52/100,Train Accuracy:54.93663787841797%
2023-04-21 09:55:24,275 - Epoch:53/100,Train Accuracy:55.20596694946289%
2023-04-21 09:55:26,954 - Epoch:54/100,Train Accuracy:55.230873107910156%
2023-04-21 09:55:29,618 - Epoch:55/100,Train Accuracy:55.11255645751953%
2023-04-21 09:55:32,292 - Epoch:56/100,Train Accuracy:54.849456787109375%
2023-04-21 09:55:34,950 - Epoch:57/100,Train Accuracy:55.01914978027344%
2023-04-21 09:55:37,617 - Epoch:58/100,Train Accuracy:54.7778434753418%
2023-04-21 09:55:40,299 - Epoch:59/100,Train Accuracy:54.50384521484375%
2023-04-21 09:55:42,960 - Epoch:60/100,Train Accuracy:54.977115631103516%
2023-04-21 09:55:45,643 - Epoch:61/100,Train Accuracy:55.165489196777344%
2023-04-21 09:55:48,337 - Epoch:62/100,Train Accuracy:54.93041229248047%
2023-04-21 09:55:50,990 - Epoch:63/100,Train Accuracy:55.000465393066406%
2023-04-21 09:55:53,651 - Epoch:64/100,Train Accuracy:55.12812423706055%
2023-04-21 09:55:56,320 - Epoch:65/100,Train Accuracy:54.8914909362793%
2023-04-21 09:55:58,988 - Epoch:66/100,Train Accuracy:54.6844367980957%
2023-04-21 09:56:01,664 - Epoch:67/100,Train Accuracy:54.99268341064453%
2023-04-21 09:56:04,339 - Epoch:68/100,Train Accuracy:54.89616012573242%
2023-04-21 09:56:07,012 - Epoch:69/100,Train Accuracy:54.508514404296875%
2023-04-21 09:56:09,691 - Epoch:70/100,Train Accuracy:54.45869827270508%
2023-04-21 09:56:12,353 - Epoch:71/100,Train Accuracy:54.79341125488281%
2023-04-21 09:56:15,009 - Epoch:72/100,Train Accuracy:55.068965911865234%
2023-04-21 09:56:17,684 - Epoch:73/100,Train Accuracy:54.81209182739258%
2023-04-21 09:56:20,360 - Epoch:74/100,Train Accuracy:55.072078704833984%
2023-04-21 09:56:23,027 - Epoch:75/100,Train Accuracy:54.480491638183594%
2023-04-21 09:56:25,689 - Epoch:76/100,Train Accuracy:54.44935607910156%
2023-04-21 09:56:28,353 - Epoch:77/100,Train Accuracy:54.536537170410156%
2023-04-21 09:56:31,035 - Epoch:78/100,Train Accuracy:55.09543228149414%
2023-04-21 09:56:33,708 - Epoch:79/100,Train Accuracy:54.64240264892578%
2023-04-21 09:56:36,379 - Epoch:80/100,Train Accuracy:54.23140335083008%
2023-04-21 09:56:39,051 - Epoch:81/100,Train Accuracy:54.69377517700195%
2023-04-21 09:56:41,727 - Epoch:82/100,Train Accuracy:54.52564239501953%
2023-04-21 09:56:44,399 - Epoch:83/100,Train Accuracy:54.69377517700195%
2023-04-21 09:56:47,078 - Epoch:84/100,Train Accuracy:54.67198181152344%
2023-04-21 09:56:49,796 - Epoch:85/100,Train Accuracy:54.42756271362305%
2023-04-21 09:56:52,527 - Epoch:86/100,Train Accuracy:54.72802734375%
2023-04-21 09:56:55,245 - Epoch:87/100,Train Accuracy:54.724910736083984%
2023-04-21 09:56:57,917 - Epoch:88/100,Train Accuracy:54.90083312988281%
2023-04-21 09:57:00,591 - Epoch:89/100,Train Accuracy:54.729583740234375%
2023-04-21 09:57:03,297 - Epoch:90/100,Train Accuracy:54.97867202758789%
2023-04-21 09:57:05,980 - Epoch:91/100,Train Accuracy:55.29781723022461%
2023-04-21 09:57:08,659 - Epoch:92/100,Train Accuracy:55.202850341796875%
2023-04-21 09:57:11,335 - Epoch:93/100,Train Accuracy:55.31182861328125%
2023-04-21 09:57:14,026 - Epoch:94/100,Train Accuracy:55.02693176269531%
2023-04-21 09:57:16,703 - Epoch:95/100,Train Accuracy:54.974002838134766%
2023-04-21 09:57:19,379 - Epoch:96/100,Train Accuracy:54.66263961791992%
2023-04-21 09:57:22,058 - Epoch:97/100,Train Accuracy:54.19871139526367%
2023-04-21 09:57:24,753 - Epoch:98/100,Train Accuracy:54.78251266479492%
2023-04-21 09:57:27,437 - Epoch:99/100,Train Accuracy:54.860355377197266%
2023-04-21 09:57:36,359 - 
Test set: Avg. loss: 0.0173, Accuracy: 7235/13804 (52.41%)

2023-04-21 09:57:36,369 - fpr:[0.         0.11996523 1.        ],tpr:[0.         0.16821211 1.        ],threshold:[2 1 0],auc:0.5241234424804404
2023-04-21 09:57:36,370 - This is for user3
2023-04-21 09:57:48,699 - Epoch:0/100,Train Accuracy:56.251522064208984%
2023-04-21 09:57:52,479 - Epoch:1/100,Train Accuracy:57.57817077636719%
2023-04-21 09:57:56,226 - Epoch:2/100,Train Accuracy:58.01522445678711%
2023-04-21 09:58:00,001 - Epoch:3/100,Train Accuracy:58.413551330566406%
2023-04-21 09:58:03,792 - Epoch:4/100,Train Accuracy:58.63595199584961%
2023-04-21 09:58:07,598 - Epoch:5/100,Train Accuracy:58.70123291015625%
2023-04-21 09:58:11,377 - Epoch:6/100,Train Accuracy:58.74327850341797%
2023-04-21 09:58:15,183 - Epoch:7/100,Train Accuracy:58.42129898071289%
2023-04-21 09:58:18,957 - Epoch:8/100,Train Accuracy:58.75876998901367%
2023-04-21 09:58:22,744 - Epoch:9/100,Train Accuracy:58.73331832885742%
2023-04-21 09:58:26,532 - Epoch:10/100,Train Accuracy:58.804134368896484%
2023-04-21 09:58:30,331 - Epoch:11/100,Train Accuracy:58.924739837646484%
2023-04-21 09:58:34,128 - Epoch:12/100,Train Accuracy:58.869415283203125%
2023-04-21 09:58:37,905 - Epoch:13/100,Train Accuracy:58.783111572265625%
2023-04-21 09:58:41,710 - Epoch:14/100,Train Accuracy:58.97452926635742%
2023-04-21 09:58:45,501 - Epoch:15/100,Train Accuracy:58.72446823120117%
2023-04-21 09:58:49,320 - Epoch:16/100,Train Accuracy:58.95350646972656%
2023-04-21 09:58:53,134 - Epoch:17/100,Train Accuracy:58.934696197509766%
2023-04-21 09:58:56,952 - Epoch:18/100,Train Accuracy:58.826263427734375%
2023-04-21 09:59:00,742 - Epoch:19/100,Train Accuracy:58.924739837646484%
2023-04-21 09:59:04,546 - Epoch:20/100,Train Accuracy:58.96125030517578%
2023-04-21 09:59:08,338 - Epoch:21/100,Train Accuracy:58.954612731933594%
2023-04-21 09:59:12,157 - Epoch:22/100,Train Accuracy:58.913673400878906%
2023-04-21 09:59:15,969 - Epoch:23/100,Train Accuracy:58.456703186035156%
2023-04-21 09:59:19,778 - Epoch:24/100,Train Accuracy:58.63484573364258%
2023-04-21 09:59:23,566 - Epoch:25/100,Train Accuracy:59.03649139404297%
2023-04-21 09:59:27,342 - Epoch:26/100,Train Accuracy:59.00440216064453%
2023-04-21 09:59:31,131 - Epoch:27/100,Train Accuracy:59.055301666259766%
2023-04-21 09:59:34,916 - Epoch:28/100,Train Accuracy:58.90703582763672%
2023-04-21 09:59:38,747 - Epoch:29/100,Train Accuracy:58.869415283203125%
2023-04-21 09:59:42,579 - Epoch:30/100,Train Accuracy:59.08849334716797%
2023-04-21 09:59:46,400 - Epoch:31/100,Train Accuracy:58.70787048339844%
2023-04-21 09:59:50,227 - Epoch:32/100,Train Accuracy:58.74327850341797%
2023-04-21 09:59:54,031 - Epoch:33/100,Train Accuracy:58.749916076660156%
2023-04-21 09:59:57,863 - Epoch:34/100,Train Accuracy:58.87162780761719%
2023-04-21 10:00:01,689 - Epoch:35/100,Train Accuracy:59.00883102416992%
2023-04-21 10:00:05,497 - Epoch:36/100,Train Accuracy:58.902610778808594%
2023-04-21 10:00:09,299 - Epoch:37/100,Train Accuracy:58.911460876464844%
2023-04-21 10:00:13,091 - Epoch:38/100,Train Accuracy:58.718936920166016%
2023-04-21 10:00:16,900 - Epoch:39/100,Train Accuracy:58.76872634887695%
2023-04-21 10:00:20,747 - Epoch:40/100,Train Accuracy:58.95793151855469%
2023-04-21 10:00:24,590 - Epoch:41/100,Train Accuracy:58.9667854309082%
2023-04-21 10:00:28,429 - Epoch:42/100,Train Accuracy:58.95793151855469%
2023-04-21 10:00:32,240 - Epoch:43/100,Train Accuracy:58.89265060424805%
2023-04-21 10:00:36,066 - Epoch:44/100,Train Accuracy:58.692378997802734%
2023-04-21 10:00:39,885 - Epoch:45/100,Train Accuracy:58.748809814453125%
2023-04-21 10:00:43,691 - Epoch:46/100,Train Accuracy:58.79417419433594%
2023-04-21 10:00:47,496 - Epoch:47/100,Train Accuracy:58.69459533691406%
2023-04-21 10:00:51,302 - Epoch:48/100,Train Accuracy:58.8306884765625%
2023-04-21 10:00:55,116 - Epoch:49/100,Train Accuracy:58.80081558227539%
2023-04-21 10:00:58,916 - Epoch:50/100,Train Accuracy:58.90703582763672%
2023-04-21 10:01:02,737 - Epoch:51/100,Train Accuracy:58.73442840576172%
2023-04-21 10:01:06,564 - Epoch:52/100,Train Accuracy:58.697914123535156%
2023-04-21 10:01:10,399 - Epoch:53/100,Train Accuracy:58.83732604980469%
2023-04-21 10:01:14,229 - Epoch:54/100,Train Accuracy:58.554073333740234%
2023-04-21 10:01:18,043 - Epoch:55/100,Train Accuracy:58.704551696777344%
2023-04-21 10:01:21,854 - Epoch:56/100,Train Accuracy:58.94022750854492%
2023-04-21 10:01:25,727 - Epoch:57/100,Train Accuracy:58.75876998901367%
2023-04-21 10:01:29,588 - Epoch:58/100,Train Accuracy:58.675785064697266%
2023-04-21 10:01:33,426 - Epoch:59/100,Train Accuracy:58.85834884643555%
2023-04-21 10:01:37,230 - Epoch:60/100,Train Accuracy:58.88490676879883%
2023-04-21 10:01:41,043 - Epoch:61/100,Train Accuracy:58.81962585449219%
2023-04-21 10:01:44,902 - Epoch:62/100,Train Accuracy:58.628204345703125%
2023-04-21 10:01:48,742 - Epoch:63/100,Train Accuracy:58.75102233886719%
2023-04-21 10:01:52,554 - Epoch:64/100,Train Accuracy:58.86277770996094%
2023-04-21 10:01:56,389 - Epoch:65/100,Train Accuracy:58.619354248046875%
2023-04-21 10:02:00,229 - Epoch:66/100,Train Accuracy:58.80855941772461%
2023-04-21 10:02:04,086 - Epoch:67/100,Train Accuracy:58.921417236328125%
2023-04-21 10:02:07,941 - Epoch:68/100,Train Accuracy:58.783111572265625%
2023-04-21 10:02:11,799 - Epoch:69/100,Train Accuracy:58.79417419433594%
2023-04-21 10:02:15,640 - Epoch:70/100,Train Accuracy:58.882694244384766%
2023-04-21 10:02:19,489 - Epoch:71/100,Train Accuracy:58.7255744934082%
2023-04-21 10:02:23,308 - Epoch:72/100,Train Accuracy:58.793067932128906%
2023-04-21 10:02:27,137 - Epoch:73/100,Train Accuracy:58.90592956542969%
2023-04-21 10:02:30,963 - Epoch:74/100,Train Accuracy:58.997764587402344%
2023-04-21 10:02:34,796 - Epoch:75/100,Train Accuracy:58.89486312866211%
2023-04-21 10:02:38,630 - Epoch:76/100,Train Accuracy:58.93912124633789%
2023-04-21 10:02:42,448 - Epoch:77/100,Train Accuracy:58.80192184448242%
2023-04-21 10:02:46,264 - Epoch:78/100,Train Accuracy:58.848392486572266%
2023-04-21 10:02:50,092 - Epoch:79/100,Train Accuracy:58.611610412597656%
2023-04-21 10:02:53,898 - Epoch:80/100,Train Accuracy:58.88933181762695%
2023-04-21 10:02:57,713 - Epoch:81/100,Train Accuracy:58.93801498413086%
2023-04-21 10:03:01,554 - Epoch:82/100,Train Accuracy:58.84507369995117%
2023-04-21 10:03:05,376 - Epoch:83/100,Train Accuracy:58.5374755859375%
2023-04-21 10:03:09,187 - Epoch:84/100,Train Accuracy:58.5042839050293%
2023-04-21 10:03:13,008 - Epoch:85/100,Train Accuracy:58.706764221191406%
2023-04-21 10:03:16,841 - Epoch:86/100,Train Accuracy:58.63484573364258%
2023-04-21 10:03:20,674 - Epoch:87/100,Train Accuracy:58.89265060424805%
2023-04-21 10:03:24,545 - Epoch:88/100,Train Accuracy:58.73664093017578%
2023-04-21 10:03:28,473 - Epoch:89/100,Train Accuracy:58.78089904785156%
2023-04-21 10:03:32,459 - Epoch:90/100,Train Accuracy:58.74327850341797%
2023-04-21 10:03:36,516 - Epoch:91/100,Train Accuracy:59.12500762939453%
2023-04-21 10:03:40,647 - Epoch:92/100,Train Accuracy:58.90924835205078%
2023-04-21 10:03:44,853 - Epoch:93/100,Train Accuracy:58.77647399902344%
2023-04-21 10:03:49,111 - Epoch:94/100,Train Accuracy:58.73110580444336%
2023-04-21 10:03:53,407 - Epoch:95/100,Train Accuracy:58.59280014038086%
2023-04-21 10:03:57,732 - Epoch:96/100,Train Accuracy:58.75323486328125%
2023-04-21 10:04:02,065 - Epoch:97/100,Train Accuracy:58.77647399902344%
2023-04-21 10:04:06,371 - Epoch:98/100,Train Accuracy:58.882694244384766%
2023-04-21 10:04:10,704 - Epoch:99/100,Train Accuracy:58.762088775634766%
2023-04-21 10:04:19,563 - 
Test set: Avg. loss: 0.0170, Accuracy: 10775/18820 (57.25%)

2023-04-21 10:04:19,576 - fpr:[0.         0.52837407 1.        ],tpr:[0.         0.67343252 1.        ],threshold:[2 1 0],auc:0.572529224229543
2023-04-21 10:04:19,576 - This is for user4
2023-04-21 10:04:31,540 - Epoch:0/100,Train Accuracy:60.785282135009766%
2023-04-21 10:04:34,875 - Epoch:1/100,Train Accuracy:62.249324798583984%
2023-04-21 10:04:38,199 - Epoch:2/100,Train Accuracy:62.9100341796875%
2023-04-21 10:04:41,555 - Epoch:3/100,Train Accuracy:63.08030319213867%
2023-04-21 10:04:44,930 - Epoch:4/100,Train Accuracy:63.21710205078125%
2023-04-21 10:04:48,320 - Epoch:5/100,Train Accuracy:63.26803970336914%
2023-04-21 10:04:51,710 - Epoch:6/100,Train Accuracy:63.193817138671875%
2023-04-21 10:04:55,101 - Epoch:7/100,Train Accuracy:63.583839416503906%
2023-04-21 10:04:58,486 - Epoch:8/100,Train Accuracy:63.399017333984375%
2023-04-21 10:05:01,855 - Epoch:9/100,Train Accuracy:63.48051452636719%
2023-04-21 10:05:05,236 - Epoch:10/100,Train Accuracy:63.51689529418945%
2023-04-21 10:05:08,595 - Epoch:11/100,Train Accuracy:63.49361038208008%
2023-04-21 10:05:11,956 - Epoch:12/100,Train Accuracy:63.66679382324219%
2023-04-21 10:05:15,316 - Epoch:13/100,Train Accuracy:63.6347770690918%
2023-04-21 10:05:18,681 - Epoch:14/100,Train Accuracy:63.748291015625%
2023-04-21 10:05:22,048 - Epoch:15/100,Train Accuracy:63.7279167175293%
2023-04-21 10:05:25,418 - Epoch:16/100,Train Accuracy:63.43830871582031%
2023-04-21 10:05:28,802 - Epoch:17/100,Train Accuracy:63.660972595214844%
2023-04-21 10:05:32,166 - Epoch:18/100,Train Accuracy:63.57947540283203%
2023-04-21 10:05:35,556 - Epoch:19/100,Train Accuracy:63.69444274902344%
2023-04-21 10:05:38,935 - Epoch:20/100,Train Accuracy:63.659515380859375%
2023-04-21 10:05:42,333 - Epoch:21/100,Train Accuracy:63.55910110473633%
2023-04-21 10:05:45,704 - Epoch:22/100,Train Accuracy:63.803592681884766%
2023-04-21 10:05:49,068 - Epoch:23/100,Train Accuracy:63.64350891113281%
2023-04-21 10:05:52,432 - Epoch:24/100,Train Accuracy:63.50088882446289%
2023-04-21 10:05:55,806 - Epoch:25/100,Train Accuracy:63.82978820800781%
2023-04-21 10:05:59,200 - Epoch:26/100,Train Accuracy:63.42375564575195%
2023-04-21 10:06:02,568 - Epoch:27/100,Train Accuracy:63.59111785888672%
2023-04-21 10:06:05,936 - Epoch:28/100,Train Accuracy:63.58820724487305%
2023-04-21 10:06:09,303 - Epoch:29/100,Train Accuracy:63.706085205078125%
2023-04-21 10:06:12,803 - Epoch:30/100,Train Accuracy:63.69444274902344%
2023-04-21 10:06:16,133 - Epoch:31/100,Train Accuracy:63.847251892089844%
2023-04-21 10:06:19,457 - Epoch:32/100,Train Accuracy:63.56201171875%
2023-04-21 10:06:22,711 - Epoch:33/100,Train Accuracy:63.71481704711914%
2023-04-21 10:06:25,977 - Epoch:34/100,Train Accuracy:63.64787292480469%
2023-04-21 10:06:29,285 - Epoch:35/100,Train Accuracy:63.72209548950195%
2023-04-21 10:06:32,593 - Epoch:36/100,Train Accuracy:63.8021354675293%
2023-04-21 10:06:35,981 - Epoch:37/100,Train Accuracy:63.57656478881836%
2023-04-21 10:06:39,367 - Epoch:38/100,Train Accuracy:63.77885055541992%
2023-04-21 10:06:42,748 - Epoch:39/100,Train Accuracy:63.45722961425781%
2023-04-21 10:06:46,554 - Epoch:40/100,Train Accuracy:63.860347747802734%
2023-04-21 10:06:49,930 - Epoch:41/100,Train Accuracy:63.91273880004883%
2023-04-21 10:06:53,307 - Epoch:42/100,Train Accuracy:63.76429748535156%
2023-04-21 10:06:56,718 - Epoch:43/100,Train Accuracy:64.00151062011719%
2023-04-21 10:07:00,112 - Epoch:44/100,Train Accuracy:63.710453033447266%
2023-04-21 10:07:03,510 - Epoch:45/100,Train Accuracy:63.94912338256836%
2023-04-21 10:07:06,920 - Epoch:46/100,Train Accuracy:63.84870529174805%
2023-04-21 10:07:10,297 - Epoch:47/100,Train Accuracy:63.76575469970703%
2023-04-21 10:07:13,596 - Epoch:48/100,Train Accuracy:63.88363265991211%
2023-04-21 10:07:16,876 - Epoch:49/100,Train Accuracy:63.78321838378906%
2023-04-21 10:07:20,162 - Epoch:50/100,Train Accuracy:63.91856002807617%
2023-04-21 10:07:23,437 - Epoch:51/100,Train Accuracy:63.738101959228516%
2023-04-21 10:07:26,737 - Epoch:52/100,Train Accuracy:63.88508987426758%
2023-04-21 10:07:30,146 - Epoch:53/100,Train Accuracy:63.70317459106445%
2023-04-21 10:07:33,579 - Epoch:54/100,Train Accuracy:63.720638275146484%
2023-04-21 10:07:36,871 - Epoch:55/100,Train Accuracy:63.68425750732422%
2023-04-21 10:07:40,178 - Epoch:56/100,Train Accuracy:63.78321838378906%
2023-04-21 10:07:43,560 - Epoch:57/100,Train Accuracy:63.800682067871094%
2023-04-21 10:07:46,947 - Epoch:58/100,Train Accuracy:63.893821716308594%
2023-04-21 10:07:50,333 - Epoch:59/100,Train Accuracy:63.695899963378906%
2023-04-21 10:07:53,746 - Epoch:60/100,Train Accuracy:63.71190643310547%
2023-04-21 10:07:57,146 - Epoch:61/100,Train Accuracy:63.847251892089844%
2023-04-21 10:08:00,488 - Epoch:62/100,Train Accuracy:63.799224853515625%
2023-04-21 10:08:03,801 - Epoch:63/100,Train Accuracy:63.88654327392578%
2023-04-21 10:08:07,166 - Epoch:64/100,Train Accuracy:63.957855224609375%
2023-04-21 10:08:10,473 - Epoch:65/100,Train Accuracy:63.80795669555664%
2023-04-21 10:08:13,753 - Epoch:66/100,Train Accuracy:63.56055450439453%
2023-04-21 10:08:17,072 - Epoch:67/100,Train Accuracy:63.537269592285156%
2023-04-21 10:08:20,429 - Epoch:68/100,Train Accuracy:63.70463180541992%
2023-04-21 10:08:23,786 - Epoch:69/100,Train Accuracy:63.76429748535156%
2023-04-21 10:08:27,058 - Epoch:70/100,Train Accuracy:63.58966064453125%
2023-04-21 10:08:30,340 - Epoch:71/100,Train Accuracy:63.96221923828125%
2023-04-21 10:08:33,629 - Epoch:72/100,Train Accuracy:63.860347747802734%
2023-04-21 10:08:37,078 - Epoch:73/100,Train Accuracy:63.799224853515625%
2023-04-21 10:08:40,393 - Epoch:74/100,Train Accuracy:63.748291015625%
2023-04-21 10:08:43,673 - Epoch:75/100,Train Accuracy:63.79340362548828%
2023-04-21 10:08:46,983 - Epoch:76/100,Train Accuracy:63.56055450439453%
2023-04-21 10:08:50,389 - Epoch:77/100,Train Accuracy:63.65078353881836%
2023-04-21 10:08:53,674 - Epoch:78/100,Train Accuracy:63.8210563659668%
2023-04-21 10:08:56,960 - Epoch:79/100,Train Accuracy:63.85307312011719%
2023-04-21 10:09:00,248 - Epoch:80/100,Train Accuracy:63.85889434814453%
2023-04-21 10:09:03,663 - Epoch:81/100,Train Accuracy:63.88508987426758%
2023-04-21 10:09:07,112 - Epoch:82/100,Train Accuracy:63.6566047668457%
2023-04-21 10:09:10,469 - Epoch:83/100,Train Accuracy:63.813777923583984%
2023-04-21 10:09:13,770 - Epoch:84/100,Train Accuracy:63.69881057739258%
2023-04-21 10:09:17,071 - Epoch:85/100,Train Accuracy:63.8210563659668%
2023-04-21 10:09:20,368 - Epoch:86/100,Train Accuracy:63.71481704711914%
2023-04-21 10:09:23,655 - Epoch:87/100,Train Accuracy:63.692989349365234%
2023-04-21 10:09:26,939 - Epoch:88/100,Train Accuracy:63.968040466308594%
2023-04-21 10:09:30,226 - Epoch:89/100,Train Accuracy:63.822509765625%
2023-04-21 10:09:33,514 - Epoch:90/100,Train Accuracy:63.77739715576172%
2023-04-21 10:09:36,802 - Epoch:91/100,Train Accuracy:63.735191345214844%
2023-04-21 10:09:40,079 - Epoch:92/100,Train Accuracy:63.877811431884766%
2023-04-21 10:09:43,392 - Epoch:93/100,Train Accuracy:64.06991577148438%
2023-04-21 10:09:46,809 - Epoch:94/100,Train Accuracy:63.69444274902344%
2023-04-21 10:09:50,158 - Epoch:95/100,Train Accuracy:63.72209548950195%
2023-04-21 10:09:53,553 - Epoch:96/100,Train Accuracy:63.55910110473633%
2023-04-21 10:09:56,958 - Epoch:97/100,Train Accuracy:63.73228073120117%
2023-04-21 10:10:00,364 - Epoch:98/100,Train Accuracy:63.938934326171875%
2023-04-21 10:10:03,774 - Epoch:99/100,Train Accuracy:63.82396697998047%
2023-04-21 10:10:12,679 - 
Test set: Avg. loss: 0.0160, Accuracy: 9234/14554 (63.45%)

2023-04-21 10:10:12,689 - fpr:[0.         0.27607531 1.        ],tpr:[0.         0.54500481 1.        ],threshold:[2 1 0],auc:0.6344647519582245
2023-04-21 10:10:12,690 - This is for user5
2023-04-21 10:10:24,180 - Epoch:0/100,Train Accuracy:51.43429183959961%
2023-04-21 10:10:26,985 - Epoch:1/100,Train Accuracy:53.0480842590332%
2023-04-21 10:10:29,784 - Epoch:2/100,Train Accuracy:52.98249816894531%
2023-04-21 10:10:32,576 - Epoch:3/100,Train Accuracy:52.45262145996094%
2023-04-21 10:10:35,393 - Epoch:4/100,Train Accuracy:52.56653594970703%
2023-04-21 10:10:38,209 - Epoch:5/100,Train Accuracy:52.340431213378906%
2023-04-21 10:10:41,019 - Epoch:6/100,Train Accuracy:52.83233642578125%
2023-04-21 10:10:43,816 - Epoch:7/100,Train Accuracy:52.718421936035156%
2023-04-21 10:10:46,617 - Epoch:8/100,Train Accuracy:52.35769271850586%
2023-04-21 10:10:49,434 - Epoch:9/100,Train Accuracy:52.1937255859375%
2023-04-21 10:10:52,261 - Epoch:10/100,Train Accuracy:52.65974044799805%
2023-04-21 10:10:55,086 - Epoch:11/100,Train Accuracy:52.81853103637695%
2023-04-21 10:10:57,917 - Epoch:12/100,Train Accuracy:52.53374481201172%
2023-04-21 10:11:00,754 - Epoch:13/100,Train Accuracy:53.338050842285156%
2023-04-21 10:11:03,587 - Epoch:14/100,Train Accuracy:52.9376220703125%
2023-04-21 10:11:06,420 - Epoch:15/100,Train Accuracy:53.065345764160156%
2023-04-21 10:11:09,242 - Epoch:16/100,Train Accuracy:52.63557434082031%
2023-04-21 10:11:12,066 - Epoch:17/100,Train Accuracy:53.31734085083008%
2023-04-21 10:11:14,863 - Epoch:18/100,Train Accuracy:53.089508056640625%
2023-04-21 10:11:17,693 - Epoch:19/100,Train Accuracy:52.813350677490234%
2023-04-21 10:11:20,506 - Epoch:20/100,Train Accuracy:51.99351119995117%
2023-04-21 10:11:23,318 - Epoch:21/100,Train Accuracy:52.8892936706543%
2023-04-21 10:11:26,130 - Epoch:22/100,Train Accuracy:53.27073669433594%
2023-04-21 10:11:28,935 - Epoch:23/100,Train Accuracy:53.2845458984375%
2023-04-21 10:11:31,736 - Epoch:24/100,Train Accuracy:53.13438415527344%
2023-04-21 10:11:34,545 - Epoch:25/100,Train Accuracy:52.751216888427734%
2023-04-21 10:11:37,349 - Epoch:26/100,Train Accuracy:52.60450744628906%
2023-04-21 10:11:40,156 - Epoch:27/100,Train Accuracy:52.97386932373047%
2023-04-21 10:11:42,978 - Epoch:28/100,Train Accuracy:53.04290771484375%
2023-04-21 10:11:45,802 - Epoch:29/100,Train Accuracy:53.06879806518555%
2023-04-21 10:11:48,628 - Epoch:30/100,Train Accuracy:53.43125534057617%
2023-04-21 10:11:51,437 - Epoch:31/100,Train Accuracy:53.51755142211914%
2023-04-21 10:11:54,249 - Epoch:32/100,Train Accuracy:53.35358428955078%
2023-04-21 10:11:57,081 - Epoch:33/100,Train Accuracy:53.34840774536133%
2023-04-21 10:11:59,918 - Epoch:34/100,Train Accuracy:53.41572189331055%
2023-04-21 10:12:02,832 - Epoch:35/100,Train Accuracy:53.18616485595703%
2023-04-21 10:12:05,564 - Epoch:36/100,Train Accuracy:53.439884185791016%
2023-04-21 10:12:08,293 - Epoch:37/100,Train Accuracy:52.93416976928711%
2023-04-21 10:12:11,109 - Epoch:38/100,Train Accuracy:52.89619827270508%
2023-04-21 10:12:13,892 - Epoch:39/100,Train Accuracy:53.11194610595703%
2023-04-21 10:12:16,627 - Epoch:40/100,Train Accuracy:53.051536560058594%
2023-04-21 10:12:19,364 - Epoch:41/100,Train Accuracy:52.83924102783203%
2023-04-21 10:12:22,099 - Epoch:42/100,Train Accuracy:53.11539840698242%
2023-04-21 10:12:24,993 - Epoch:43/100,Train Accuracy:53.53308868408203%
2023-04-21 10:12:27,844 - Epoch:44/100,Train Accuracy:53.1844367980957%
2023-04-21 10:12:30,685 - Epoch:45/100,Train Accuracy:53.35358428955078%
2023-04-21 10:12:33,512 - Epoch:46/100,Train Accuracy:53.65735626220703%
2023-04-21 10:12:36,248 - Epoch:47/100,Train Accuracy:54.1906852722168%
2023-04-21 10:12:38,985 - Epoch:48/100,Train Accuracy:54.40298080444336%
2023-04-21 10:12:41,726 - Epoch:49/100,Train Accuracy:53.76609420776367%
2023-04-21 10:12:44,469 - Epoch:50/100,Train Accuracy:53.56242752075195%
2023-04-21 10:12:47,206 - Epoch:51/100,Train Accuracy:53.187889099121094%
2023-04-21 10:12:49,944 - Epoch:52/100,Train Accuracy:53.1223030090332%
2023-04-21 10:12:52,692 - Epoch:53/100,Train Accuracy:53.17926025390625%
2023-04-21 10:12:55,441 - Epoch:54/100,Train Accuracy:53.3950080871582%
2023-04-21 10:12:58,175 - Epoch:55/100,Train Accuracy:53.1965217590332%
2023-04-21 10:13:00,914 - Epoch:56/100,Train Accuracy:53.705684661865234%
2023-04-21 10:13:03,666 - Epoch:57/100,Train Accuracy:53.71086502075195%
2023-04-21 10:13:06,406 - Epoch:58/100,Train Accuracy:53.4830322265625%
2023-04-21 10:13:09,172 - Epoch:59/100,Train Accuracy:52.863407135009766%
2023-04-21 10:13:11,956 - Epoch:60/100,Train Accuracy:53.18098831176758%
2023-04-21 10:13:14,695 - Epoch:61/100,Train Accuracy:53.38810348510742%
2023-04-21 10:13:17,431 - Epoch:62/100,Train Accuracy:53.52963638305664%
2023-04-21 10:13:20,279 - Epoch:63/100,Train Accuracy:53.90072250366211%
2023-04-21 10:13:23,164 - Epoch:64/100,Train Accuracy:53.881736755371094%
2023-04-21 10:13:26,021 - Epoch:65/100,Train Accuracy:53.436431884765625%
2023-04-21 10:13:28,926 - Epoch:66/100,Train Accuracy:53.776451110839844%
2023-04-21 10:13:31,814 - Epoch:67/100,Train Accuracy:53.30525588989258%
2023-04-21 10:13:34,732 - Epoch:68/100,Train Accuracy:53.163726806640625%
2023-04-21 10:13:37,624 - Epoch:69/100,Train Accuracy:53.59177017211914%
2023-04-21 10:13:40,492 - Epoch:70/100,Train Accuracy:53.03945541381836%
2023-04-21 10:13:43,371 - Epoch:71/100,Train Accuracy:52.809898376464844%
2023-04-21 10:13:46,248 - Epoch:72/100,Train Accuracy:53.156822204589844%
2023-04-21 10:13:49,156 - Epoch:73/100,Train Accuracy:53.21895980834961%
2023-04-21 10:13:52,049 - Epoch:74/100,Train Accuracy:53.15164566040039%
2023-04-21 10:13:54,929 - Epoch:75/100,Train Accuracy:53.34840774536133%
2023-04-21 10:13:57,823 - Epoch:76/100,Train Accuracy:53.28281784057617%
2023-04-21 10:14:00,810 - Epoch:77/100,Train Accuracy:53.0998649597168%
2023-04-21 10:14:03,854 - Epoch:78/100,Train Accuracy:53.25520324707031%
2023-04-21 10:14:06,659 - Epoch:79/100,Train Accuracy:53.56242752075195%
2023-04-21 10:14:09,533 - Epoch:80/100,Train Accuracy:53.51927947998047%
2023-04-21 10:14:12,424 - Epoch:81/100,Train Accuracy:53.199974060058594%
2023-04-21 10:14:15,284 - Epoch:82/100,Train Accuracy:53.536537170410156%
2023-04-21 10:14:18,162 - Epoch:83/100,Train Accuracy:54.313232421875%
2023-04-21 10:14:21,002 - Epoch:84/100,Train Accuracy:53.752288818359375%
2023-04-21 10:14:23,752 - Epoch:85/100,Train Accuracy:53.58831787109375%
2023-04-21 10:14:26,558 - Epoch:86/100,Train Accuracy:52.93071746826172%
2023-04-21 10:14:29,432 - Epoch:87/100,Train Accuracy:53.241397857666016%
2023-04-21 10:14:32,246 - Epoch:88/100,Train Accuracy:53.52963638305664%
2023-04-21 10:14:35,010 - Epoch:89/100,Train Accuracy:53.09123611450195%
2023-04-21 10:14:37,754 - Epoch:90/100,Train Accuracy:53.24484634399414%
2023-04-21 10:14:40,502 - Epoch:91/100,Train Accuracy:52.720149993896484%
2023-04-21 10:14:43,259 - Epoch:92/100,Train Accuracy:53.14646530151367%
2023-04-21 10:14:46,015 - Epoch:93/100,Train Accuracy:53.45196533203125%
2023-04-21 10:14:48,768 - Epoch:94/100,Train Accuracy:53.5313606262207%
2023-04-21 10:14:51,526 - Epoch:95/100,Train Accuracy:52.97904586791992%
2023-04-21 10:14:54,282 - Epoch:96/100,Train Accuracy:53.436431884765625%
2023-04-21 10:14:57,041 - Epoch:97/100,Train Accuracy:53.71431350708008%
2023-04-21 10:14:59,806 - Epoch:98/100,Train Accuracy:53.852394104003906%
2023-04-21 10:15:02,567 - Epoch:99/100,Train Accuracy:54.059513092041016%
2023-04-21 10:15:11,435 - 
Test set: Avg. loss: 0.0175, Accuracy: 6077/11798 (51.51%)

2023-04-21 10:15:11,444 - fpr:[0.         0.40684862 1.        ],tpr:[0.         0.43702322 1.        ],threshold:[2 1 0],auc:0.5150873029327004
2023-04-21 10:15:11,444 - This is for user6
2023-04-21 10:15:22,622 - Epoch:0/100,Train Accuracy:53.13749694824219%
2023-04-21 10:15:25,122 - Epoch:1/100,Train Accuracy:59.80643081665039%
2023-04-21 10:15:27,714 - Epoch:2/100,Train Accuracy:60.81626892089844%
2023-04-21 10:15:30,678 - Epoch:3/100,Train Accuracy:61.37617874145508%
2023-04-21 10:15:33,681 - Epoch:4/100,Train Accuracy:61.47616195678711%
2023-04-21 10:15:36,658 - Epoch:5/100,Train Accuracy:61.39017868041992%
2023-04-21 10:15:39,185 - Epoch:6/100,Train Accuracy:61.58414840698242%
2023-04-21 10:15:41,965 - Epoch:7/100,Train Accuracy:61.40617370605469%
2023-04-21 10:15:44,631 - Epoch:8/100,Train Accuracy:61.918094635009766%
2023-04-21 10:15:47,492 - Epoch:9/100,Train Accuracy:61.830108642578125%
2023-04-21 10:15:50,148 - Epoch:10/100,Train Accuracy:61.63414001464844%
2023-04-21 10:15:52,939 - Epoch:11/100,Train Accuracy:61.84010696411133%
2023-04-21 10:15:55,702 - Epoch:12/100,Train Accuracy:61.750118255615234%
2023-04-21 10:15:58,378 - Epoch:13/100,Train Accuracy:61.74811935424805%
2023-04-21 10:16:00,934 - Epoch:14/100,Train Accuracy:62.07206726074219%
2023-04-21 10:16:03,522 - Epoch:15/100,Train Accuracy:61.93608856201172%
2023-04-21 10:16:06,350 - Epoch:16/100,Train Accuracy:61.71612548828125%
2023-04-21 10:16:09,041 - Epoch:17/100,Train Accuracy:61.66813278198242%
2023-04-21 10:16:11,806 - Epoch:18/100,Train Accuracy:61.944087982177734%
2023-04-21 10:16:14,321 - Epoch:19/100,Train Accuracy:62.090065002441406%
2023-04-21 10:16:16,916 - Epoch:20/100,Train Accuracy:62.150054931640625%
2023-04-21 10:16:19,459 - Epoch:21/100,Train Accuracy:62.20604705810547%
2023-04-21 10:16:21,959 - Epoch:22/100,Train Accuracy:62.260040283203125%
2023-04-21 10:16:24,500 - Epoch:23/100,Train Accuracy:62.320030212402344%
2023-04-21 10:16:26,962 - Epoch:24/100,Train Accuracy:62.11406326293945%
2023-04-21 10:16:29,402 - Epoch:25/100,Train Accuracy:62.19205093383789%
2023-04-21 10:16:31,785 - Epoch:26/100,Train Accuracy:62.16405487060547%
2023-04-21 10:16:34,159 - Epoch:27/100,Train Accuracy:62.260040283203125%
2023-04-21 10:16:36,536 - Epoch:28/100,Train Accuracy:62.15805435180664%
2023-04-21 10:16:38,932 - Epoch:29/100,Train Accuracy:62.15605545043945%
2023-04-21 10:16:41,314 - Epoch:30/100,Train Accuracy:62.18804931640625%
2023-04-21 10:16:43,697 - Epoch:31/100,Train Accuracy:62.112060546875%
2023-04-21 10:16:46,098 - Epoch:32/100,Train Accuracy:62.52799606323242%
2023-04-21 10:16:48,489 - Epoch:33/100,Train Accuracy:62.08806610107422%
2023-04-21 10:16:50,895 - Epoch:34/100,Train Accuracy:62.16005325317383%
2023-04-21 10:16:53,284 - Epoch:35/100,Train Accuracy:62.10006332397461%
2023-04-21 10:16:55,691 - Epoch:36/100,Train Accuracy:62.3480224609375%
2023-04-21 10:16:58,085 - Epoch:37/100,Train Accuracy:62.19804763793945%
2023-04-21 10:17:00,597 - Epoch:38/100,Train Accuracy:62.2740364074707%
2023-04-21 10:17:03,177 - Epoch:39/100,Train Accuracy:62.138057708740234%
2023-04-21 10:17:05,880 - Epoch:40/100,Train Accuracy:62.2640380859375%
2023-04-21 10:17:08,418 - Epoch:41/100,Train Accuracy:62.05807113647461%
2023-04-21 10:17:11,396 - Epoch:42/100,Train Accuracy:62.12805938720703%
2023-04-21 10:17:14,029 - Epoch:43/100,Train Accuracy:62.05807113647461%
2023-04-21 10:17:16,503 - Epoch:44/100,Train Accuracy:62.238040924072266%
2023-04-21 10:17:18,955 - Epoch:45/100,Train Accuracy:62.044071197509766%
2023-04-21 10:17:21,416 - Epoch:46/100,Train Accuracy:62.29403305053711%
2023-04-21 10:17:23,883 - Epoch:47/100,Train Accuracy:62.15805435180664%
2023-04-21 10:17:26,347 - Epoch:48/100,Train Accuracy:61.948089599609375%
2023-04-21 10:17:28,820 - Epoch:49/100,Train Accuracy:61.95808792114258%
2023-04-21 10:17:31,278 - Epoch:50/100,Train Accuracy:62.126060485839844%
2023-04-21 10:17:33,678 - Epoch:51/100,Train Accuracy:62.014076232910156%
2023-04-21 10:17:36,082 - Epoch:52/100,Train Accuracy:61.66413497924805%
2023-04-21 10:17:38,585 - Epoch:53/100,Train Accuracy:62.092063903808594%
2023-04-21 10:17:41,031 - Epoch:54/100,Train Accuracy:62.268035888671875%
2023-04-21 10:17:43,497 - Epoch:55/100,Train Accuracy:62.12805938720703%
2023-04-21 10:17:45,917 - Epoch:56/100,Train Accuracy:62.11606216430664%
2023-04-21 10:17:48,375 - Epoch:57/100,Train Accuracy:61.94009017944336%
2023-04-21 10:17:50,832 - Epoch:58/100,Train Accuracy:61.826107025146484%
2023-04-21 10:17:53,296 - Epoch:59/100,Train Accuracy:62.28203582763672%
2023-04-21 10:17:55,766 - Epoch:60/100,Train Accuracy:62.11606216430664%
2023-04-21 10:17:58,238 - Epoch:61/100,Train Accuracy:62.08206558227539%
2023-04-21 10:18:00,725 - Epoch:62/100,Train Accuracy:62.18205261230469%
2023-04-21 10:18:03,121 - Epoch:63/100,Train Accuracy:61.99808120727539%
2023-04-21 10:18:05,530 - Epoch:64/100,Train Accuracy:62.26603698730469%
2023-04-21 10:18:08,001 - Epoch:65/100,Train Accuracy:62.14805603027344%
2023-04-21 10:18:10,475 - Epoch:66/100,Train Accuracy:61.99407958984375%
2023-04-21 10:18:12,960 - Epoch:67/100,Train Accuracy:62.28203582763672%
2023-04-21 10:18:15,439 - Epoch:68/100,Train Accuracy:62.14005661010742%
2023-04-21 10:18:17,926 - Epoch:69/100,Train Accuracy:62.284034729003906%
2023-04-21 10:18:20,413 - Epoch:70/100,Train Accuracy:62.20004653930664%
2023-04-21 10:18:22,901 - Epoch:71/100,Train Accuracy:62.044071197509766%
2023-04-21 10:18:25,382 - Epoch:72/100,Train Accuracy:62.19205093383789%
2023-04-21 10:18:27,853 - Epoch:73/100,Train Accuracy:61.90609359741211%
2023-04-21 10:18:30,320 - Epoch:74/100,Train Accuracy:62.1220588684082%
2023-04-21 10:18:32,808 - Epoch:75/100,Train Accuracy:62.06806945800781%
2023-04-21 10:18:35,329 - Epoch:76/100,Train Accuracy:61.926090240478516%
2023-04-21 10:18:37,814 - Epoch:77/100,Train Accuracy:62.314029693603516%
2023-04-21 10:18:40,286 - Epoch:78/100,Train Accuracy:62.05807113647461%
2023-04-21 10:18:42,773 - Epoch:79/100,Train Accuracy:62.15605545043945%
2023-04-21 10:18:45,244 - Epoch:80/100,Train Accuracy:62.39201736450195%
2023-04-21 10:18:47,725 - Epoch:81/100,Train Accuracy:62.51199722290039%
2023-04-21 10:18:50,215 - Epoch:82/100,Train Accuracy:62.27003860473633%
2023-04-21 10:18:52,691 - Epoch:83/100,Train Accuracy:62.33402633666992%
2023-04-21 10:18:55,165 - Epoch:84/100,Train Accuracy:62.04607391357422%
2023-04-21 10:18:57,617 - Epoch:85/100,Train Accuracy:62.35402297973633%
2023-04-21 10:19:00,110 - Epoch:86/100,Train Accuracy:62.28003692626953%
2023-04-21 10:19:02,622 - Epoch:87/100,Train Accuracy:62.260040283203125%
2023-04-21 10:19:05,166 - Epoch:88/100,Train Accuracy:62.34602355957031%
2023-04-21 10:19:07,679 - Epoch:89/100,Train Accuracy:62.27803421020508%
2023-04-21 10:19:10,164 - Epoch:90/100,Train Accuracy:62.250038146972656%
2023-04-21 10:19:12,665 - Epoch:91/100,Train Accuracy:62.24003982543945%
2023-04-21 10:19:15,160 - Epoch:92/100,Train Accuracy:62.28003692626953%
2023-04-21 10:19:17,721 - Epoch:93/100,Train Accuracy:62.4480094909668%
2023-04-21 10:19:20,323 - Epoch:94/100,Train Accuracy:62.18605041503906%
2023-04-21 10:19:22,832 - Epoch:95/100,Train Accuracy:62.284034729003906%
2023-04-21 10:19:25,328 - Epoch:96/100,Train Accuracy:62.32402801513672%
2023-04-21 10:19:28,018 - Epoch:97/100,Train Accuracy:62.29403305053711%
2023-04-21 10:19:30,514 - Epoch:98/100,Train Accuracy:62.2960319519043%
2023-04-21 10:19:33,047 - Epoch:99/100,Train Accuracy:62.08806610107422%
2023-04-21 10:19:42,025 - 
Test set: Avg. loss: 0.0166, Accuracy: 6123/10268 (59.63%)

2023-04-21 10:19:42,033 - fpr:[0.         0.53934554 1.        ],tpr:[0.         0.73198286 1.        ],threshold:[2 1 0],auc:0.5963186599142969
2023-04-21 10:19:42,033 - This is for user7
2023-04-21 10:19:54,371 - Epoch:0/100,Train Accuracy:55.216552734375%
2023-04-21 10:19:58,139 - Epoch:1/100,Train Accuracy:56.53359603881836%
2023-04-21 10:20:02,063 - Epoch:2/100,Train Accuracy:57.11865234375%
2023-04-21 10:20:05,943 - Epoch:3/100,Train Accuracy:57.11203384399414%
2023-04-21 10:20:09,767 - Epoch:4/100,Train Accuracy:57.24175262451172%
2023-04-21 10:20:13,561 - Epoch:5/100,Train Accuracy:57.577964782714844%
2023-04-21 10:20:17,322 - Epoch:6/100,Train Accuracy:57.32779312133789%
2023-04-21 10:20:21,197 - Epoch:7/100,Train Accuracy:57.73548126220703%
2023-04-21 10:20:24,861 - Epoch:8/100,Train Accuracy:57.35161590576172%
2023-04-21 10:20:28,511 - Epoch:9/100,Train Accuracy:57.35823440551758%
2023-04-21 10:20:32,157 - Epoch:10/100,Train Accuracy:57.330440521240234%
2023-04-21 10:20:35,820 - Epoch:11/100,Train Accuracy:57.28278732299805%
2023-04-21 10:20:39,468 - Epoch:12/100,Train Accuracy:57.076297760009766%
2023-04-21 10:20:43,109 - Epoch:13/100,Train Accuracy:57.17557144165039%
2023-04-21 10:20:46,742 - Epoch:14/100,Train Accuracy:57.26557922363281%
2023-04-21 10:20:50,374 - Epoch:15/100,Train Accuracy:57.14777374267578%
2023-04-21 10:20:54,161 - Epoch:16/100,Train Accuracy:57.15439224243164%
2023-04-21 10:20:58,201 - Epoch:17/100,Train Accuracy:57.15306854248047%
2023-04-21 10:21:02,078 - Epoch:18/100,Train Accuracy:57.17424774169922%
2023-04-21 10:21:05,897 - Epoch:19/100,Train Accuracy:57.338382720947266%
2023-04-21 10:21:09,695 - Epoch:20/100,Train Accuracy:57.41515350341797%
2023-04-21 10:21:13,526 - Epoch:21/100,Train Accuracy:57.26557922363281%
2023-04-21 10:21:17,360 - Epoch:22/100,Train Accuracy:57.66929626464844%
2023-04-21 10:21:21,096 - Epoch:23/100,Train Accuracy:57.38206100463867%
2023-04-21 10:21:24,844 - Epoch:24/100,Train Accuracy:57.048500061035156%
2023-04-21 10:21:28,672 - Epoch:25/100,Train Accuracy:57.05247116088867%
2023-04-21 10:21:32,292 - Epoch:26/100,Train Accuracy:57.08820724487305%
2023-04-21 10:21:35,970 - Epoch:27/100,Train Accuracy:57.35161590576172%
2023-04-21 10:21:39,616 - Epoch:28/100,Train Accuracy:57.40853500366211%
2023-04-21 10:21:43,440 - Epoch:29/100,Train Accuracy:57.34103012084961%
2023-04-21 10:21:47,209 - Epoch:30/100,Train Accuracy:57.41780090332031%
2023-04-21 10:21:50,968 - Epoch:31/100,Train Accuracy:57.16762924194336%
2023-04-21 10:21:54,794 - Epoch:32/100,Train Accuracy:57.224544525146484%
2023-04-21 10:21:58,557 - Epoch:33/100,Train Accuracy:57.225868225097656%
2023-04-21 10:22:02,406 - Epoch:34/100,Train Accuracy:57.011436462402344%
2023-04-21 10:22:06,036 - Epoch:35/100,Train Accuracy:57.25498962402344%
2023-04-21 10:22:09,826 - Epoch:36/100,Train Accuracy:57.30661392211914%
2023-04-21 10:22:13,562 - Epoch:37/100,Train Accuracy:57.58325958251953%
2023-04-21 10:22:17,295 - Epoch:38/100,Train Accuracy:57.22189712524414%
2023-04-21 10:22:21,084 - Epoch:39/100,Train Accuracy:57.18880844116211%
2023-04-21 10:22:24,838 - Epoch:40/100,Train Accuracy:57.370147705078125%
2023-04-21 10:22:28,576 - Epoch:41/100,Train Accuracy:57.093502044677734%
2023-04-21 10:22:32,300 - Epoch:42/100,Train Accuracy:57.43633270263672%
2023-04-21 10:22:36,062 - Epoch:43/100,Train Accuracy:57.28543472290039%
2023-04-21 10:22:39,838 - Epoch:44/100,Train Accuracy:57.143802642822266%
2023-04-21 10:22:43,666 - Epoch:45/100,Train Accuracy:57.4654541015625%
2023-04-21 10:22:47,788 - Epoch:46/100,Train Accuracy:57.69709396362305%
2023-04-21 10:22:51,606 - Epoch:47/100,Train Accuracy:57.507808685302734%
2023-04-21 10:22:55,566 - Epoch:48/100,Train Accuracy:57.36617660522461%
2023-04-21 10:22:59,411 - Epoch:49/100,Train Accuracy:57.42441940307617%
2023-04-21 10:23:03,425 - Epoch:50/100,Train Accuracy:57.61370086669922%
2023-04-21 10:23:07,255 - Epoch:51/100,Train Accuracy:57.35823440551758%
2023-04-21 10:23:11,073 - Epoch:52/100,Train Accuracy:57.21660232543945%
2023-04-21 10:23:14,845 - Epoch:53/100,Train Accuracy:57.64414596557617%
2023-04-21 10:23:18,794 - Epoch:54/100,Train Accuracy:57.404563903808594%
2023-04-21 10:23:22,571 - Epoch:55/100,Train Accuracy:57.22322082519531%
2023-04-21 10:23:26,382 - Epoch:56/100,Train Accuracy:57.51707458496094%
2023-04-21 10:23:30,188 - Epoch:57/100,Train Accuracy:57.348968505859375%
2023-04-21 10:23:33,992 - Epoch:58/100,Train Accuracy:57.645469665527344%
2023-04-21 10:23:37,720 - Epoch:59/100,Train Accuracy:57.61634826660156%
2023-04-21 10:23:41,494 - Epoch:60/100,Train Accuracy:57.41780090332031%
2023-04-21 10:23:45,279 - Epoch:61/100,Train Accuracy:57.38206100463867%
2023-04-21 10:23:49,369 - Epoch:62/100,Train Accuracy:57.47603988647461%
2023-04-21 10:23:53,853 - Epoch:63/100,Train Accuracy:57.756656646728516%
2023-04-21 10:23:57,474 - Epoch:64/100,Train Accuracy:57.40059280395508%
2023-04-21 10:24:01,316 - Epoch:65/100,Train Accuracy:57.27881622314453%
2023-04-21 10:24:05,075 - Epoch:66/100,Train Accuracy:56.06237030029297%
2023-04-21 10:24:08,827 - Epoch:67/100,Train Accuracy:57.02334976196289%
2023-04-21 10:24:12,669 - Epoch:68/100,Train Accuracy:57.31852722167969%
2023-04-21 10:24:16,455 - Epoch:69/100,Train Accuracy:57.217926025390625%
2023-04-21 10:24:20,273 - Epoch:70/100,Train Accuracy:57.200721740722656%
2023-04-21 10:24:24,137 - Epoch:71/100,Train Accuracy:57.10541534423828%
2023-04-21 10:24:27,897 - Epoch:72/100,Train Accuracy:57.1517448425293%
2023-04-21 10:24:31,761 - Epoch:73/100,Train Accuracy:57.29999542236328%
2023-04-21 10:24:35,564 - Epoch:74/100,Train Accuracy:57.17557144165039%
2023-04-21 10:24:39,288 - Epoch:75/100,Train Accuracy:56.943931579589844%
2023-04-21 10:24:42,894 - Epoch:76/100,Train Accuracy:57.67326736450195%
2023-04-21 10:24:46,513 - Epoch:77/100,Train Accuracy:57.32646942138672%
2023-04-21 10:24:50,366 - Epoch:78/100,Train Accuracy:56.77450180053711%
2023-04-21 10:24:54,157 - Epoch:79/100,Train Accuracy:57.29072952270508%
2023-04-21 10:24:57,816 - Epoch:80/100,Train Accuracy:57.687828063964844%
2023-04-21 10:25:01,580 - Epoch:81/100,Train Accuracy:57.57399368286133%
2023-04-21 10:25:05,195 - Epoch:82/100,Train Accuracy:57.6097297668457%
2023-04-21 10:25:09,003 - Epoch:83/100,Train Accuracy:57.53957748413086%
2023-04-21 10:25:12,660 - Epoch:84/100,Train Accuracy:57.47074890136719%
2023-04-21 10:25:16,262 - Epoch:85/100,Train Accuracy:57.317203521728516%
2023-04-21 10:25:19,869 - Epoch:86/100,Train Accuracy:57.29999542236328%
2023-04-21 10:25:23,646 - Epoch:87/100,Train Accuracy:57.11335754394531%
2023-04-21 10:25:27,439 - Epoch:88/100,Train Accuracy:57.1610107421875%
2023-04-21 10:25:31,238 - Epoch:89/100,Train Accuracy:57.11203384399414%
2023-04-21 10:25:35,005 - Epoch:90/100,Train Accuracy:57.22189712524414%
2023-04-21 10:25:38,776 - Epoch:91/100,Train Accuracy:57.32779312133789%
2023-04-21 10:25:42,472 - Epoch:92/100,Train Accuracy:57.055118560791016%
2023-04-21 10:25:46,079 - Epoch:93/100,Train Accuracy:57.43633270263672%
2023-04-21 10:25:49,694 - Epoch:94/100,Train Accuracy:57.338382720947266%
2023-04-21 10:25:53,319 - Epoch:95/100,Train Accuracy:57.10673904418945%
2023-04-21 10:25:56,935 - Epoch:96/100,Train Accuracy:57.296024322509766%
2023-04-21 10:26:00,748 - Epoch:97/100,Train Accuracy:56.92672348022461%
2023-04-21 10:26:04,552 - Epoch:98/100,Train Accuracy:57.18351364135742%
2023-04-21 10:26:08,270 - Epoch:99/100,Train Accuracy:57.38867950439453%
2023-04-21 10:26:17,105 - 
Test set: Avg. loss: 0.0170, Accuracy: 9304/16258 (57.23%)

2023-04-21 10:26:17,115 - fpr:[0.         0.33694181 1.        ],tpr:[0.         0.48148604 1.        ],threshold:[2 1 0],auc:0.5722721121909214
2023-04-21 10:26:17,115 - This is for user8
2023-04-21 10:26:28,693 - Epoch:0/100,Train Accuracy:51.081199645996094%
2023-04-21 10:26:31,486 - Epoch:1/100,Train Accuracy:58.06333923339844%
2023-04-21 10:26:34,245 - Epoch:2/100,Train Accuracy:58.92354965209961%
2023-04-21 10:26:36,995 - Epoch:3/100,Train Accuracy:59.124446868896484%
2023-04-21 10:26:39,688 - Epoch:4/100,Train Accuracy:59.25959777832031%
2023-04-21 10:26:42,292 - Epoch:5/100,Train Accuracy:59.68148422241211%
2023-04-21 10:26:44,929 - Epoch:6/100,Train Accuracy:59.480587005615234%
2023-04-21 10:26:47,541 - Epoch:7/100,Train Accuracy:59.75271224975586%
2023-04-21 10:26:50,147 - Epoch:8/100,Train Accuracy:59.677833557128906%
2023-04-21 10:26:52,760 - Epoch:9/100,Train Accuracy:59.72166442871094%
2023-04-21 10:26:55,374 - Epoch:10/100,Train Accuracy:59.977352142333984%
2023-04-21 10:26:57,991 - Epoch:11/100,Train Accuracy:59.727142333984375%
2023-04-21 10:27:00,601 - Epoch:12/100,Train Accuracy:59.81663513183594%
2023-04-21 10:27:03,216 - Epoch:13/100,Train Accuracy:59.94630432128906%
2023-04-21 10:27:05,838 - Epoch:14/100,Train Accuracy:59.97004699707031%
2023-04-21 10:27:08,442 - Epoch:15/100,Train Accuracy:59.73992919921875%
2023-04-21 10:27:11,052 - Epoch:16/100,Train Accuracy:59.928043365478516%
2023-04-21 10:27:13,656 - Epoch:17/100,Train Accuracy:60.08693313598633%
2023-04-21 10:27:16,258 - Epoch:18/100,Train Accuracy:59.9097785949707%
2023-04-21 10:27:18,866 - Epoch:19/100,Train Accuracy:59.960914611816406%
2023-04-21 10:27:21,464 - Epoch:20/100,Train Accuracy:60.1380729675293%
2023-04-21 10:27:24,211 - Epoch:21/100,Train Accuracy:60.03944778442383%
2023-04-21 10:27:26,824 - Epoch:22/100,Train Accuracy:59.750885009765625%
2023-04-21 10:27:29,439 - Epoch:23/100,Train Accuracy:60.06319046020508%
2023-04-21 10:27:32,150 - Epoch:24/100,Train Accuracy:60.201995849609375%
2023-04-21 10:27:34,755 - Epoch:25/100,Train Accuracy:60.08693313598633%
2023-04-21 10:27:37,372 - Epoch:26/100,Train Accuracy:60.43211364746094%
2023-04-21 10:27:39,980 - Epoch:27/100,Train Accuracy:60.24765396118164%
2023-04-21 10:27:42,591 - Epoch:28/100,Train Accuracy:60.43211364746094%
2023-04-21 10:27:45,207 - Epoch:29/100,Train Accuracy:60.12163543701172%
2023-04-21 10:27:47,818 - Epoch:30/100,Train Accuracy:60.26043701171875%
2023-04-21 10:27:50,440 - Epoch:31/100,Train Accuracy:60.24765396118164%
2023-04-21 10:27:53,059 - Epoch:32/100,Train Accuracy:60.11615753173828%
2023-04-21 10:27:55,685 - Epoch:33/100,Train Accuracy:60.38645553588867%
2023-04-21 10:27:58,296 - Epoch:34/100,Train Accuracy:60.40289306640625%
2023-04-21 10:28:00,918 - Epoch:35/100,Train Accuracy:60.127113342285156%
2023-04-21 10:28:03,674 - Epoch:36/100,Train Accuracy:60.41567611694336%
2023-04-21 10:28:06,380 - Epoch:37/100,Train Accuracy:60.2841796875%
2023-04-21 10:28:09,003 - Epoch:38/100,Train Accuracy:60.39193344116211%
2023-04-21 10:28:11,612 - Epoch:39/100,Train Accuracy:60.353580474853516%
2023-04-21 10:28:14,230 - Epoch:40/100,Train Accuracy:60.28965759277344%
2023-04-21 10:28:16,842 - Epoch:41/100,Train Accuracy:60.32070541381836%
2023-04-21 10:28:19,466 - Epoch:42/100,Train Accuracy:60.31340026855469%
2023-04-21 10:28:22,077 - Epoch:43/100,Train Accuracy:60.21660614013672%
2023-04-21 10:28:24,691 - Epoch:44/100,Train Accuracy:60.36819076538086%
2023-04-21 10:28:27,306 - Epoch:45/100,Train Accuracy:60.41019821166992%
2023-04-21 10:28:29,917 - Epoch:46/100,Train Accuracy:60.127113342285156%
2023-04-21 10:28:32,535 - Epoch:47/100,Train Accuracy:60.50151443481445%
2023-04-21 10:28:35,149 - Epoch:48/100,Train Accuracy:60.499691009521484%
2023-04-21 10:28:37,773 - Epoch:49/100,Train Accuracy:59.92256164550781%
2023-04-21 10:28:40,387 - Epoch:50/100,Train Accuracy:60.42298126220703%
2023-04-21 10:28:43,001 - Epoch:51/100,Train Accuracy:60.17277145385742%
2023-04-21 10:28:45,640 - Epoch:52/100,Train Accuracy:60.04492950439453%
2023-04-21 10:28:48,264 - Epoch:53/100,Train Accuracy:60.357234954833984%
2023-04-21 10:28:50,884 - Epoch:54/100,Train Accuracy:60.198341369628906%
2023-04-21 10:28:53,505 - Epoch:55/100,Train Accuracy:60.22025680541992%
2023-04-21 10:28:56,125 - Epoch:56/100,Train Accuracy:60.22391128540039%
2023-04-21 10:28:58,766 - Epoch:57/100,Train Accuracy:60.34810256958008%
2023-04-21 10:29:01,551 - Epoch:58/100,Train Accuracy:60.187381744384766%
2023-04-21 10:29:04,343 - Epoch:59/100,Train Accuracy:60.51795196533203%
2023-04-21 10:29:07,066 - Epoch:60/100,Train Accuracy:60.273223876953125%
2023-04-21 10:29:09,736 - Epoch:61/100,Train Accuracy:60.17642593383789%
2023-04-21 10:29:12,460 - Epoch:62/100,Train Accuracy:60.33531951904297%
2023-04-21 10:29:15,240 - Epoch:63/100,Train Accuracy:60.47046661376953%
2023-04-21 10:29:17,898 - Epoch:64/100,Train Accuracy:60.17277145385742%
2023-04-21 10:29:20,546 - Epoch:65/100,Train Accuracy:60.2841796875%
2023-04-21 10:29:23,210 - Epoch:66/100,Train Accuracy:60.30792236328125%
2023-04-21 10:29:25,839 - Epoch:67/100,Train Accuracy:60.055885314941406%
2023-04-21 10:29:28,472 - Epoch:68/100,Train Accuracy:60.2805290222168%
2023-04-21 10:29:31,100 - Epoch:69/100,Train Accuracy:60.459510803222656%
2023-04-21 10:29:33,734 - Epoch:70/100,Train Accuracy:60.31157684326172%
2023-04-21 10:29:36,360 - Epoch:71/100,Train Accuracy:60.07597732543945%
2023-04-21 10:29:38,994 - Epoch:72/100,Train Accuracy:60.258609771728516%
2023-04-21 10:29:41,629 - Epoch:73/100,Train Accuracy:60.38280487060547%
2023-04-21 10:29:44,261 - Epoch:74/100,Train Accuracy:60.286006927490234%
2023-04-21 10:29:46,883 - Epoch:75/100,Train Accuracy:60.20930099487305%
2023-04-21 10:29:49,502 - Epoch:76/100,Train Accuracy:60.340797424316406%
2023-04-21 10:29:52,122 - Epoch:77/100,Train Accuracy:60.435768127441406%
2023-04-21 10:29:54,769 - Epoch:78/100,Train Accuracy:60.45585632324219%
2023-04-21 10:29:57,408 - Epoch:79/100,Train Accuracy:60.25678634643555%
2023-04-21 10:30:00,085 - Epoch:80/100,Train Accuracy:60.143550872802734%
2023-04-21 10:30:02,749 - Epoch:81/100,Train Accuracy:60.2841796875%
2023-04-21 10:30:05,506 - Epoch:82/100,Train Accuracy:60.25313186645508%
2023-04-21 10:30:08,224 - Epoch:83/100,Train Accuracy:60.269569396972656%
2023-04-21 10:30:10,976 - Epoch:84/100,Train Accuracy:60.174598693847656%
2023-04-21 10:30:13,609 - Epoch:85/100,Train Accuracy:60.33714294433594%
2023-04-21 10:30:16,403 - Epoch:86/100,Train Accuracy:60.364540100097656%
2023-04-21 10:30:19,297 - Epoch:87/100,Train Accuracy:60.39923858642578%
2023-04-21 10:30:22,005 - Epoch:88/100,Train Accuracy:60.298789978027344%
2023-04-21 10:30:24,655 - Epoch:89/100,Train Accuracy:60.52891159057617%
2023-04-21 10:30:27,316 - Epoch:90/100,Train Accuracy:60.187381744384766%
2023-04-21 10:30:29,949 - Epoch:91/100,Train Accuracy:60.19651412963867%
2023-04-21 10:30:32,597 - Epoch:92/100,Train Accuracy:60.13441848754883%
2023-04-21 10:30:35,259 - Epoch:93/100,Train Accuracy:60.33531951904297%
2023-04-21 10:30:37,889 - Epoch:94/100,Train Accuracy:60.25495910644531%
2023-04-21 10:30:40,542 - Epoch:95/100,Train Accuracy:60.191036224365234%
2023-04-21 10:30:43,186 - Epoch:96/100,Train Accuracy:60.24217224121094%
2023-04-21 10:30:45,931 - Epoch:97/100,Train Accuracy:60.401065826416016%
2023-04-21 10:30:48,667 - Epoch:98/100,Train Accuracy:60.273223876953125%
2023-04-21 10:30:51,306 - Epoch:99/100,Train Accuracy:60.56543731689453%
2023-04-21 10:31:00,194 - 
Test set: Avg. loss: 0.0175, Accuracy: 6170/11348 (54.37%)

2023-04-21 10:31:00,202 - fpr:[0.         0.46968629 1.        ],tpr:[0.         0.55710257 1.        ],threshold:[2 1 0],auc:0.5437081424039478
2023-04-21 10:31:00,202 - This is for user9
2023-04-21 10:31:12,512 - Epoch:0/100,Train Accuracy:55.102294921875%
2023-04-21 10:31:15,951 - Epoch:1/100,Train Accuracy:55.933963775634766%
2023-04-21 10:31:19,388 - Epoch:2/100,Train Accuracy:56.47732162475586%
2023-04-21 10:31:22,881 - Epoch:3/100,Train Accuracy:55.745452880859375%
2023-04-21 10:31:26,523 - Epoch:4/100,Train Accuracy:56.516136169433594%
2023-04-21 10:31:30,132 - Epoch:5/100,Train Accuracy:56.24445724487305%
2023-04-21 10:31:33,568 - Epoch:6/100,Train Accuracy:56.11970520019531%
2023-04-21 10:31:37,015 - Epoch:7/100,Train Accuracy:56.1446533203125%
2023-04-21 10:31:40,448 - Epoch:8/100,Train Accuracy:54.73081588745117%
2023-04-21 10:31:43,879 - Epoch:9/100,Train Accuracy:56.09336853027344%
2023-04-21 10:31:47,311 - Epoch:10/100,Train Accuracy:55.8521842956543%
2023-04-21 10:31:50,736 - Epoch:11/100,Train Accuracy:55.910400390625%
2023-04-21 10:31:54,167 - Epoch:12/100,Train Accuracy:55.00387954711914%
2023-04-21 10:31:57,588 - Epoch:13/100,Train Accuracy:55.992183685302734%
2023-04-21 10:32:01,012 - Epoch:14/100,Train Accuracy:55.66505813598633%
2023-04-21 10:32:04,432 - Epoch:15/100,Train Accuracy:55.91733169555664%
2023-04-21 10:32:07,859 - Epoch:16/100,Train Accuracy:55.83555221557617%
2023-04-21 10:32:11,311 - Epoch:17/100,Train Accuracy:55.889610290527344%
2023-04-21 10:32:14,872 - Epoch:18/100,Train Accuracy:54.802894592285156%
2023-04-21 10:32:18,304 - Epoch:19/100,Train Accuracy:54.15419006347656%
2023-04-21 10:32:21,733 - Epoch:20/100,Train Accuracy:54.43557357788086%
2023-04-21 10:32:25,167 - Epoch:21/100,Train Accuracy:54.75853729248047%
2023-04-21 10:32:28,596 - Epoch:22/100,Train Accuracy:55.365657806396484%
2023-04-21 10:32:32,027 - Epoch:23/100,Train Accuracy:54.57695770263672%
2023-04-21 10:32:35,461 - Epoch:24/100,Train Accuracy:54.996952056884766%
2023-04-21 10:32:38,893 - Epoch:25/100,Train Accuracy:54.63517379760742%
2023-04-21 10:32:42,320 - Epoch:26/100,Train Accuracy:55.695552825927734%
2023-04-21 10:32:45,757 - Epoch:27/100,Train Accuracy:54.4854736328125%
2023-04-21 10:32:49,416 - Epoch:28/100,Train Accuracy:54.68230056762695%
2023-04-21 10:32:53,405 - Epoch:29/100,Train Accuracy:54.72804260253906%
2023-04-21 10:32:57,069 - Epoch:30/100,Train Accuracy:54.568641662597656%
2023-04-21 10:33:00,629 - Epoch:31/100,Train Accuracy:54.5866584777832%
2023-04-21 10:33:04,141 - Epoch:32/100,Train Accuracy:55.87158966064453%
2023-04-21 10:33:07,562 - Epoch:33/100,Train Accuracy:55.520904541015625%
2023-04-21 10:33:11,000 - Epoch:34/100,Train Accuracy:54.413394927978516%
2023-04-21 10:33:14,481 - Epoch:35/100,Train Accuracy:55.05794143676758%
2023-04-21 10:33:17,922 - Epoch:36/100,Train Accuracy:55.032989501953125%
2023-04-21 10:33:21,351 - Epoch:37/100,Train Accuracy:54.564483642578125%
2023-04-21 10:33:24,836 - Epoch:38/100,Train Accuracy:54.855567932128906%
2023-04-21 10:33:28,264 - Epoch:39/100,Train Accuracy:55.125858306884766%
2023-04-21 10:33:31,822 - Epoch:40/100,Train Accuracy:55.26863098144531%
2023-04-21 10:33:35,270 - Epoch:41/100,Train Accuracy:55.604068756103516%
2023-04-21 10:33:38,763 - Epoch:42/100,Train Accuracy:55.709415435791016%
2023-04-21 10:33:42,244 - Epoch:43/100,Train Accuracy:53.52766799926758%
2023-04-21 10:33:45,679 - Epoch:44/100,Train Accuracy:55.319915771484375%
2023-04-21 10:33:49,111 - Epoch:45/100,Train Accuracy:55.73297882080078%
2023-04-21 10:33:52,677 - Epoch:46/100,Train Accuracy:55.76070022583008%
2023-04-21 10:33:56,154 - Epoch:47/100,Train Accuracy:54.79734802246094%
2023-04-21 10:33:59,978 - Epoch:48/100,Train Accuracy:54.560325622558594%
2023-04-21 10:34:03,419 - Epoch:49/100,Train Accuracy:54.550621032714844%
2023-04-21 10:34:07,164 - Epoch:50/100,Train Accuracy:55.39476776123047%
2023-04-21 10:34:10,598 - Epoch:51/100,Train Accuracy:54.77933120727539%
2023-04-21 10:34:14,201 - Epoch:52/100,Train Accuracy:54.7044792175293%
2023-04-21 10:34:17,712 - Epoch:53/100,Train Accuracy:54.89299011230469%
2023-04-21 10:34:21,205 - Epoch:54/100,Train Accuracy:54.838932037353516%
2023-04-21 10:34:24,644 - Epoch:55/100,Train Accuracy:54.77933120727539%
2023-04-21 10:34:28,852 - Epoch:56/100,Train Accuracy:55.47793197631836%
2023-04-21 10:34:32,769 - Epoch:57/100,Train Accuracy:55.73159408569336%
2023-04-21 10:34:36,255 - Epoch:58/100,Train Accuracy:55.24090576171875%
2023-04-21 10:34:39,823 - Epoch:59/100,Train Accuracy:55.62347412109375%
2023-04-21 10:34:43,633 - Epoch:60/100,Train Accuracy:53.591426849365234%
2023-04-21 10:34:47,190 - Epoch:61/100,Train Accuracy:55.49040985107422%
2023-04-21 10:34:50,734 - Epoch:62/100,Train Accuracy:55.4571418762207%
2023-04-21 10:34:54,366 - Epoch:63/100,Train Accuracy:54.11676788330078%
2023-04-21 10:34:57,959 - Epoch:64/100,Train Accuracy:55.5001106262207%
2023-04-21 10:35:02,110 - Epoch:65/100,Train Accuracy:56.02406311035156%
2023-04-21 10:35:06,273 - Epoch:66/100,Train Accuracy:55.31437301635742%
2023-04-21 10:35:10,114 - Epoch:67/100,Train Accuracy:54.367652893066406%
2023-04-21 10:35:13,809 - Epoch:68/100,Train Accuracy:55.2935791015625%
2023-04-21 10:35:17,551 - Epoch:69/100,Train Accuracy:55.16189956665039%
2023-04-21 10:35:21,143 - Epoch:70/100,Train Accuracy:55.217342376708984%
2023-04-21 10:35:24,713 - Epoch:71/100,Train Accuracy:54.56586837768555%
2023-04-21 10:35:28,510 - Epoch:72/100,Train Accuracy:54.983089447021484%
2023-04-21 10:35:32,131 - Epoch:73/100,Train Accuracy:55.982479095458984%
2023-04-21 10:35:35,714 - Epoch:74/100,Train Accuracy:55.90485763549805%
2023-04-21 10:35:39,364 - Epoch:75/100,Train Accuracy:56.02406311035156%
2023-04-21 10:35:43,052 - Epoch:76/100,Train Accuracy:56.1446533203125%
2023-04-21 10:35:47,080 - Epoch:77/100,Train Accuracy:55.893768310546875%
2023-04-21 10:35:50,798 - Epoch:78/100,Train Accuracy:54.63101577758789%
2023-04-21 10:35:54,539 - Epoch:79/100,Train Accuracy:55.19932174682617%
2023-04-21 10:35:58,094 - Epoch:80/100,Train Accuracy:55.50565719604492%
2023-04-21 10:36:02,330 - Epoch:81/100,Train Accuracy:55.68169403076172%
2023-04-21 10:36:06,170 - Epoch:82/100,Train Accuracy:55.58050537109375%
2023-04-21 10:36:09,632 - Epoch:83/100,Train Accuracy:55.78703689575195%
2023-04-21 10:36:13,088 - Epoch:84/100,Train Accuracy:55.24367904663086%
2023-04-21 10:36:16,552 - Epoch:85/100,Train Accuracy:55.554168701171875%
2023-04-21 10:36:20,054 - Epoch:86/100,Train Accuracy:56.223663330078125%
2023-04-21 10:36:23,543 - Epoch:87/100,Train Accuracy:56.3705940246582%
2023-04-21 10:36:26,976 - Epoch:88/100,Train Accuracy:55.946441650390625%
2023-04-21 10:36:30,418 - Epoch:89/100,Train Accuracy:55.942283630371094%
2023-04-21 10:36:33,863 - Epoch:90/100,Train Accuracy:55.705257415771484%
2023-04-21 10:36:37,302 - Epoch:91/100,Train Accuracy:55.132789611816406%
2023-04-21 10:36:40,791 - Epoch:92/100,Train Accuracy:54.5714111328125%
2023-04-21 10:36:44,328 - Epoch:93/100,Train Accuracy:55.15081024169922%
2023-04-21 10:36:47,776 - Epoch:94/100,Train Accuracy:54.940120697021484%
2023-04-21 10:36:51,276 - Epoch:95/100,Train Accuracy:55.319915771484375%
2023-04-21 10:36:54,723 - Epoch:96/100,Train Accuracy:54.75437927246094%
2023-04-21 10:36:58,237 - Epoch:97/100,Train Accuracy:55.29635238647461%
2023-04-21 10:37:01,794 - Epoch:98/100,Train Accuracy:55.19655227661133%
2023-04-21 10:37:05,336 - Epoch:99/100,Train Accuracy:55.14803695678711%
2023-04-21 10:37:14,145 - 
Test set: Avg. loss: 0.0173, Accuracy: 8105/15092 (53.70%)

2023-04-21 10:37:14,155 - fpr:[0.         0.37715346 1.        ],tpr:[0.         0.45123244 1.        ],threshold:[2 1 0],auc:0.5370394911211238
